{
  "/Users/samhenry/patriot-heavy-ops/patriot-heavy-ops/app/api/auth/[...nextauth]/_route.ts": {
    "path": "/Users/samhenry/patriot-heavy-ops/patriot-heavy-ops/app/api/auth/[...nextauth]/_route.ts",
    "statementMap": {
      "0": {
        "start": { "line": 7, "column": 9 },
        "end": { "line": 7, "column": 20 }
      },
      "1": {
        "start": { "line": 7, "column": 25 },
        "end": { "line": 7, "column": 36 }
      },
      "2": {
        "start": { "line": 1, "column": 21 },
        "end": { "line": 1, "column": null }
      },
      "3": {
        "start": { "line": 3, "column": 28 },
        "end": { "line": 3, "column": null }
      },
      "4": {
        "start": { "line": 5, "column": 16 },
        "end": { "line": 5, "column": null }
      }
    },
    "fnMap": {},
    "branchMap": {},
    "s": { "0": 0, "1": 0, "2": 0, "3": 0, "4": 0 },
    "f": {},
    "b": {}
  },
  "/Users/samhenry/patriot-heavy-ops/patriot-heavy-ops/app/api/auth/[...nextauth]/route.ts": {
    "path": "/Users/samhenry/patriot-heavy-ops/patriot-heavy-ops/app/api/auth/[...nextauth]/route.ts",
    "statementMap": {
      "0": {
        "start": { "line": 7, "column": 9 },
        "end": { "line": 7, "column": 20 }
      },
      "1": {
        "start": { "line": 7, "column": 25 },
        "end": { "line": 7, "column": 36 }
      },
      "2": {
        "start": { "line": 1, "column": 21 },
        "end": { "line": 1, "column": null }
      },
      "3": {
        "start": { "line": 3, "column": 28 },
        "end": { "line": 3, "column": null }
      },
      "4": {
        "start": { "line": 5, "column": 16 },
        "end": { "line": 5, "column": null }
      }
    },
    "fnMap": {},
    "branchMap": {},
    "s": { "0": 0, "1": 0, "2": 0, "3": 0, "4": 0 },
    "f": {},
    "b": {}
  },
  "/Users/samhenry/patriot-heavy-ops/patriot-heavy-ops/app/api/auth/error/page.tsx": {
    "path": "/Users/samhenry/patriot-heavy-ops/patriot-heavy-ops/app/api/auth/error/page.tsx",
    "statementMap": {
      "0": {
        "start": { "line": 45, "column": 24 },
        "end": { "line": 45, "column": null }
      },
      "1": {
        "start": { "line": 3, "column": 32 },
        "end": { "line": 3, "column": null }
      },
      "2": {
        "start": { "line": 4, "column": 25 },
        "end": { "line": 4, "column": null }
      },
      "3": {
        "start": { "line": 5, "column": 17 },
        "end": { "line": 5, "column": null }
      },
      "4": {
        "start": { "line": 6, "column": 23 },
        "end": { "line": 6, "column": null }
      },
      "5": {
        "start": { "line": 9, "column": 23 },
        "end": { "line": 9, "column": null }
      },
      "6": {
        "start": { "line": 10, "column": 16 },
        "end": { "line": 10, "column": null }
      },
      "7": {
        "start": { "line": 12, "column": 24 },
        "end": { "line": 17, "column": null }
      }
    },
    "fnMap": {
      "0": {
        "name": "ErrorContent",
        "decl": {
          "start": { "line": 8, "column": 9 },
          "end": { "line": 8, "column": null }
        },
        "loc": {
          "start": { "line": 8, "column": 9 },
          "end": { "line": 43, "column": null }
        }
      },
      "1": {
        "name": "AuthErrorPage",
        "decl": {
          "start": { "line": 45, "column": 24 },
          "end": { "line": 45, "column": null }
        },
        "loc": {
          "start": { "line": 45, "column": 24 },
          "end": { "line": 51, "column": null }
        }
      }
    },
    "branchMap": {
      "0": {
        "loc": {
          "start": { "line": 27, "column": 13 },
          "end": { "line": 29, "column": 37 }
        },
        "type": "cond-expr",
        "locations": [
          {
            "start": { "line": 28, "column": 16 },
            "end": { "line": 28, "column": 66 }
          },
          {
            "start": { "line": 29, "column": 16 },
            "end": { "line": 29, "column": 37 }
          }
        ]
      },
      "1": {
        "loc": {
          "start": { "line": 27, "column": 13 },
          "end": { "line": 27, "column": null }
        },
        "type": "binary-expr",
        "locations": [
          {
            "start": { "line": 27, "column": 13 },
            "end": { "line": 27, "column": 22 }
          },
          {
            "start": { "line": 27, "column": 22 },
            "end": { "line": 27, "column": null }
          }
        ]
      }
    },
    "s": { "0": 0, "1": 0, "2": 0, "3": 0, "4": 0, "5": 0, "6": 0, "7": 0 },
    "f": { "0": 0, "1": 0 },
    "b": { "0": [0, 0], "1": [0, 0] }
  },
  "/Users/samhenry/patriot-heavy-ops/patriot-heavy-ops/app/api/auth/mobile/login/route.ts": {
    "path": "/Users/samhenry/patriot-heavy-ops/patriot-heavy-ops/app/api/auth/mobile/login/route.ts",
    "statementMap": {
      "0": {
        "start": { "line": 138, "column": 22 },
        "end": { "line": 138, "column": null }
      },
      "1": {
        "start": { "line": 39, "column": 22 },
        "end": { "line": 39, "column": null }
      },
      "2": {
        "start": { "line": 1, "column": 42 },
        "end": { "line": 1, "column": null }
      },
      "3": {
        "start": { "line": 2, "column": 18 },
        "end": { "line": 2, "column": null }
      },
      "4": {
        "start": { "line": 3, "column": 19 },
        "end": { "line": 3, "column": null }
      },
      "5": {
        "start": { "line": 8, "column": 7 },
        "end": { "line": 8, "column": null }
      },
      "6": {
        "start": { "line": 9, "column": 30 },
        "end": { "line": 9, "column": null }
      },
      "7": {
        "start": { "line": 14, "column": 26 },
        "end": { "line": 17, "column": null }
      },
      "8": {
        "start": { "line": 43, "column": 28 },
        "end": { "line": 43, "column": null }
      },
      "9": {
        "start": { "line": 44, "column": 2 },
        "end": { "line": 46, "column": null }
      },
      "10": {
        "start": { "line": 45, "column": 4 },
        "end": { "line": 45, "column": null }
      },
      "11": {
        "start": { "line": 48, "column": 2 },
        "end": { "line": 131, "column": null }
      },
      "12": {
        "start": { "line": 49, "column": 17 },
        "end": { "line": 49, "column": null }
      },
      "13": {
        "start": { "line": 50, "column": 32 },
        "end": { "line": 50, "column": null }
      },
      "14": {
        "start": { "line": 53, "column": 17 },
        "end": { "line": 62, "column": null }
      },
      "15": {
        "start": { "line": 64, "column": 4 },
        "end": { "line": 72, "column": null }
      },
      "16": {
        "start": { "line": 65, "column": 6 },
        "end": { "line": 70, "column": null }
      },
      "17": {
        "start": { "line": 75, "column": 28 },
        "end": { "line": 75, "column": null }
      },
      "18": {
        "start": { "line": 77, "column": 4 },
        "end": { "line": 85, "column": null }
      },
      "19": {
        "start": { "line": 78, "column": 6 },
        "end": { "line": 83, "column": null }
      },
      "20": {
        "start": { "line": 88, "column": 25 },
        "end": { "line": 92, "column": null }
      },
      "21": {
        "start": { "line": 94, "column": 24 },
        "end": { "line": 94, "column": null }
      },
      "22": {
        "start": { "line": 95, "column": 25 },
        "end": { "line": 95, "column": null }
      },
      "23": {
        "start": { "line": 98, "column": 4 },
        "end": { "line": 108, "column": null }
      },
      "24": {
        "start": { "line": 110, "column": 4 },
        "end": { "line": 110, "column": null }
      },
      "25": {
        "start": { "line": 113, "column": 4 },
        "end": { "line": 121, "column": null }
      },
      "26": {
        "start": { "line": 114, "column": 6 },
        "end": { "line": 119, "column": null }
      },
      "27": {
        "start": { "line": 124, "column": 4 },
        "end": { "line": 129, "column": null }
      },
      "28": {
        "start": { "line": 139, "column": 2 },
        "end": { "line": 139, "column": null }
      }
    },
    "fnMap": {
      "0": {
        "name": "POST",
        "decl": {
          "start": { "line": 39, "column": 22 },
          "end": { "line": 39, "column": null }
        },
        "loc": {
          "start": { "line": 40, "column": 18 },
          "end": { "line": 132, "column": null }
        }
      },
      "1": {
        "name": "GET",
        "decl": {
          "start": { "line": 138, "column": 22 },
          "end": { "line": 138, "column": null }
        },
        "loc": {
          "start": { "line": 138, "column": 22 },
          "end": { "line": 140, "column": null }
        }
      }
    },
    "branchMap": {
      "0": {
        "loc": {
          "start": { "line": 44, "column": 2 },
          "end": { "line": 46, "column": null }
        },
        "type": "if",
        "locations": [
          {
            "start": { "line": 44, "column": 2 },
            "end": { "line": 46, "column": null }
          },
          { "start": {}, "end": {} }
        ]
      },
      "1": {
        "loc": {
          "start": { "line": 64, "column": 4 },
          "end": { "line": 72, "column": null }
        },
        "type": "if",
        "locations": [
          {
            "start": { "line": 64, "column": 4 },
            "end": { "line": 72, "column": null }
          },
          { "start": {}, "end": {} }
        ]
      },
      "2": {
        "loc": {
          "start": { "line": 77, "column": 4 },
          "end": { "line": 85, "column": null }
        },
        "type": "if",
        "locations": [
          {
            "start": { "line": 77, "column": 4 },
            "end": { "line": 85, "column": null }
          },
          { "start": {}, "end": {} }
        ]
      },
      "3": {
        "loc": {
          "start": { "line": 90, "column": 13 },
          "end": { "line": 90, "column": null }
        },
        "type": "binary-expr",
        "locations": [
          {
            "start": { "line": 90, "column": 13 },
            "end": { "line": 90, "column": 23 }
          },
          {
            "start": { "line": 90, "column": 27 },
            "end": { "line": 90, "column": null }
          }
        ]
      },
      "4": {
        "loc": {
          "start": { "line": 91, "column": 12 },
          "end": { "line": 91, "column": null }
        },
        "type": "binary-expr",
        "locations": [
          {
            "start": { "line": 91, "column": 12 },
            "end": { "line": 91, "column": 21 }
          },
          {
            "start": { "line": 91, "column": 25 },
            "end": { "line": 91, "column": null }
          }
        ]
      },
      "5": {
        "loc": {
          "start": { "line": 104, "column": 15 },
          "end": { "line": 104, "column": null }
        },
        "type": "binary-expr",
        "locations": [
          {
            "start": { "line": 104, "column": 15 },
            "end": { "line": 104, "column": 25 }
          },
          {
            "start": { "line": 104, "column": 29 },
            "end": { "line": 104, "column": null }
          }
        ]
      },
      "6": {
        "loc": {
          "start": { "line": 105, "column": 14 },
          "end": { "line": 105, "column": null }
        },
        "type": "binary-expr",
        "locations": [
          {
            "start": { "line": 105, "column": 14 },
            "end": { "line": 105, "column": 23 }
          },
          {
            "start": { "line": 105, "column": 27 },
            "end": { "line": 105, "column": null }
          }
        ]
      },
      "7": {
        "loc": {
          "start": { "line": 106, "column": 14 },
          "end": { "line": 106, "column": null }
        },
        "type": "binary-expr",
        "locations": [
          {
            "start": { "line": 106, "column": 14 },
            "end": { "line": 106, "column": 23 }
          },
          {
            "start": { "line": 106, "column": 27 },
            "end": { "line": 106, "column": null }
          }
        ]
      },
      "8": {
        "loc": {
          "start": { "line": 113, "column": 4 },
          "end": { "line": 121, "column": null }
        },
        "type": "if",
        "locations": [
          {
            "start": { "line": 113, "column": 4 },
            "end": { "line": 121, "column": null }
          },
          { "start": {}, "end": {} }
        ]
      },
      "9": {
        "loc": {
          "start": { "line": 117, "column": 17 },
          "end": { "line": 117, "column": null }
        },
        "type": "binary-expr",
        "locations": [
          {
            "start": { "line": 117, "column": 17 },
            "end": { "line": 117, "column": 45 }
          },
          {
            "start": { "line": 117, "column": 45 },
            "end": { "line": 117, "column": null }
          }
        ]
      }
    },
    "s": {
      "0": 1,
      "1": 13,
      "2": 1,
      "3": 1,
      "4": 1,
      "5": 1,
      "6": 1,
      "7": 1,
      "8": 13,
      "9": 13,
      "10": 1,
      "11": 12,
      "12": 12,
      "13": 12,
      "14": 8,
      "15": 8,
      "16": 8,
      "17": 0,
      "18": 0,
      "19": 0,
      "20": 0,
      "21": 0,
      "22": 0,
      "23": 0,
      "24": 4,
      "25": 4,
      "26": 4,
      "27": 0,
      "28": 1
    },
    "f": { "0": 13, "1": 1 },
    "b": {
      "0": [1, 12],
      "1": [8, 0],
      "2": [0, 0],
      "3": [0, 0],
      "4": [0, 0],
      "5": [0, 0],
      "6": [0, 0],
      "7": [0, 0],
      "8": [4, 0],
      "9": [4, 0]
    }
  },
  "/Users/samhenry/patriot-heavy-ops/patriot-heavy-ops/app/api/auth/mobile/refresh/route.ts": {
    "path": "/Users/samhenry/patriot-heavy-ops/patriot-heavy-ops/app/api/auth/mobile/refresh/route.ts",
    "statementMap": {
      "0": {
        "start": { "line": 142, "column": 22 },
        "end": { "line": 142, "column": null }
      },
      "1": {
        "start": { "line": 34, "column": 22 },
        "end": { "line": 34, "column": 27 }
      },
      "2": {
        "start": { "line": 1, "column": 42 },
        "end": { "line": 1, "column": null }
      },
      "3": {
        "start": { "line": 2, "column": 18 },
        "end": { "line": 2, "column": null }
      },
      "4": {
        "start": { "line": 3, "column": 19 },
        "end": { "line": 3, "column": null }
      },
      "5": {
        "start": { "line": 4, "column": 87 },
        "end": { "line": 4, "column": null }
      },
      "6": {
        "start": { "line": 5, "column": 30 },
        "end": { "line": 5, "column": null }
      },
      "7": {
        "start": { "line": 10, "column": 27 },
        "end": { "line": 12, "column": null }
      },
      "8": {
        "start": { "line": 36, "column": 28 },
        "end": { "line": 36, "column": null }
      },
      "9": {
        "start": { "line": 37, "column": 2 },
        "end": { "line": 39, "column": null }
      },
      "10": {
        "start": { "line": 38, "column": 4 },
        "end": { "line": 38, "column": null }
      },
      "11": {
        "start": { "line": 41, "column": 2 },
        "end": { "line": 135, "column": null }
      },
      "12": {
        "start": { "line": 42, "column": 17 },
        "end": { "line": 42, "column": null }
      },
      "13": {
        "start": { "line": 43, "column": 29 },
        "end": { "line": 43, "column": null }
      },
      "14": {
        "start": { "line": 46, "column": 20 },
        "end": { "line": 46, "column": null }
      },
      "15": {
        "start": { "line": 48, "column": 4 },
        "end": { "line": 56, "column": null }
      },
      "16": {
        "start": { "line": 49, "column": 6 },
        "end": { "line": 54, "column": null }
      },
      "17": {
        "start": { "line": 59, "column": 4 },
        "end": { "line": 67, "column": null }
      },
      "18": {
        "start": { "line": 60, "column": 6 },
        "end": { "line": 65, "column": null }
      },
      "19": {
        "start": { "line": 70, "column": 17 },
        "end": { "line": 78, "column": null }
      },
      "20": {
        "start": { "line": 80, "column": 4 },
        "end": { "line": 88, "column": null }
      },
      "21": {
        "start": { "line": 81, "column": 6 },
        "end": { "line": 86, "column": null }
      },
      "22": {
        "start": { "line": 91, "column": 25 },
        "end": { "line": 95, "column": null }
      },
      "23": {
        "start": { "line": 97, "column": 27 },
        "end": { "line": 97, "column": null }
      },
      "24": {
        "start": { "line": 98, "column": 28 },
        "end": { "line": 98, "column": null }
      },
      "25": {
        "start": { "line": 101, "column": 4 },
        "end": { "line": 111, "column": null }
      },
      "26": {
        "start": { "line": 114, "column": 4 },
        "end": { "line": 114, "column": null }
      },
      "27": {
        "start": { "line": 117, "column": 4 },
        "end": { "line": 125, "column": null }
      },
      "28": {
        "start": { "line": 118, "column": 6 },
        "end": { "line": 123, "column": null }
      },
      "29": {
        "start": { "line": 128, "column": 4 },
        "end": { "line": 133, "column": null }
      },
      "30": {
        "start": { "line": 143, "column": 2 },
        "end": { "line": 145, "column": null }
      }
    },
    "fnMap": {
      "0": {
        "name": "POST",
        "decl": {
          "start": { "line": 34, "column": 22 },
          "end": { "line": 34, "column": 27 }
        },
        "loc": {
          "start": { "line": 34, "column": 43 },
          "end": { "line": 136, "column": null }
        }
      },
      "1": {
        "name": "GET",
        "decl": {
          "start": { "line": 142, "column": 22 },
          "end": { "line": 142, "column": null }
        },
        "loc": {
          "start": { "line": 142, "column": 22 },
          "end": { "line": 147, "column": null }
        }
      }
    },
    "branchMap": {
      "0": {
        "loc": {
          "start": { "line": 37, "column": 2 },
          "end": { "line": 39, "column": null }
        },
        "type": "if",
        "locations": [
          {
            "start": { "line": 37, "column": 2 },
            "end": { "line": 39, "column": null }
          },
          { "start": {}, "end": {} }
        ]
      },
      "1": {
        "loc": {
          "start": { "line": 48, "column": 4 },
          "end": { "line": 56, "column": null }
        },
        "type": "if",
        "locations": [
          {
            "start": { "line": 48, "column": 4 },
            "end": { "line": 56, "column": null }
          },
          { "start": {}, "end": {} }
        ]
      },
      "2": {
        "loc": {
          "start": { "line": 59, "column": 4 },
          "end": { "line": 67, "column": null }
        },
        "type": "if",
        "locations": [
          {
            "start": { "line": 59, "column": 4 },
            "end": { "line": 67, "column": null }
          },
          { "start": {}, "end": {} }
        ]
      },
      "3": {
        "loc": {
          "start": { "line": 80, "column": 4 },
          "end": { "line": 88, "column": null }
        },
        "type": "if",
        "locations": [
          {
            "start": { "line": 80, "column": 4 },
            "end": { "line": 88, "column": null }
          },
          { "start": {}, "end": {} }
        ]
      },
      "4": {
        "loc": {
          "start": { "line": 93, "column": 13 },
          "end": { "line": 93, "column": null }
        },
        "type": "binary-expr",
        "locations": [
          {
            "start": { "line": 93, "column": 13 },
            "end": { "line": 93, "column": 23 }
          },
          {
            "start": { "line": 93, "column": 27 },
            "end": { "line": 93, "column": null }
          }
        ]
      },
      "5": {
        "loc": {
          "start": { "line": 94, "column": 12 },
          "end": { "line": 94, "column": null }
        },
        "type": "binary-expr",
        "locations": [
          {
            "start": { "line": 94, "column": 12 },
            "end": { "line": 94, "column": 21 }
          },
          {
            "start": { "line": 94, "column": 25 },
            "end": { "line": 94, "column": null }
          }
        ]
      },
      "6": {
        "loc": {
          "start": { "line": 107, "column": 15 },
          "end": { "line": 107, "column": null }
        },
        "type": "binary-expr",
        "locations": [
          {
            "start": { "line": 107, "column": 15 },
            "end": { "line": 107, "column": 25 }
          },
          {
            "start": { "line": 107, "column": 29 },
            "end": { "line": 107, "column": null }
          }
        ]
      },
      "7": {
        "loc": {
          "start": { "line": 108, "column": 14 },
          "end": { "line": 108, "column": null }
        },
        "type": "binary-expr",
        "locations": [
          {
            "start": { "line": 108, "column": 14 },
            "end": { "line": 108, "column": 23 }
          },
          {
            "start": { "line": 108, "column": 27 },
            "end": { "line": 108, "column": null }
          }
        ]
      },
      "8": {
        "loc": {
          "start": { "line": 109, "column": 14 },
          "end": { "line": 109, "column": null }
        },
        "type": "binary-expr",
        "locations": [
          {
            "start": { "line": 109, "column": 14 },
            "end": { "line": 109, "column": 23 }
          },
          {
            "start": { "line": 109, "column": 27 },
            "end": { "line": 109, "column": null }
          }
        ]
      },
      "9": {
        "loc": {
          "start": { "line": 117, "column": 4 },
          "end": { "line": 125, "column": null }
        },
        "type": "if",
        "locations": [
          {
            "start": { "line": 117, "column": 4 },
            "end": { "line": 125, "column": null }
          },
          { "start": {}, "end": {} }
        ]
      },
      "10": {
        "loc": {
          "start": { "line": 121, "column": 17 },
          "end": { "line": 121, "column": null }
        },
        "type": "binary-expr",
        "locations": [
          {
            "start": { "line": 121, "column": 17 },
            "end": { "line": 121, "column": 45 }
          },
          {
            "start": { "line": 121, "column": 45 },
            "end": { "line": 121, "column": null }
          }
        ]
      }
    },
    "s": {
      "0": 1,
      "1": 13,
      "2": 1,
      "3": 1,
      "4": 1,
      "5": 1,
      "6": 1,
      "7": 1,
      "8": 13,
      "9": 13,
      "10": 1,
      "11": 12,
      "12": 12,
      "13": 12,
      "14": 9,
      "15": 9,
      "16": 1,
      "17": 8,
      "18": 1,
      "19": 7,
      "20": 7,
      "21": 7,
      "22": 0,
      "23": 0,
      "24": 0,
      "25": 0,
      "26": 3,
      "27": 3,
      "28": 3,
      "29": 0,
      "30": 1
    },
    "f": { "0": 13, "1": 1 },
    "b": {
      "0": [1, 12],
      "1": [1, 8],
      "2": [1, 7],
      "3": [7, 0],
      "4": [0, 0],
      "5": [0, 0],
      "6": [0, 0],
      "7": [0, 0],
      "8": [0, 0],
      "9": [3, 0],
      "10": [3, 0]
    }
  },
  "/Users/samhenry/patriot-heavy-ops/patriot-heavy-ops/app/api/auth/register/route.ts": {
    "path": "/Users/samhenry/patriot-heavy-ops/patriot-heavy-ops/app/api/auth/register/route.ts",
    "statementMap": {
      "0": {
        "start": { "line": 8, "column": 22 },
        "end": { "line": 8, "column": 27 }
      },
      "1": {
        "start": { "line": 1, "column": 42 },
        "end": { "line": 1, "column": null }
      },
      "2": {
        "start": { "line": 2, "column": 18 },
        "end": { "line": 2, "column": null }
      },
      "3": {
        "start": { "line": 4, "column": 19 },
        "end": { "line": 4, "column": null }
      },
      "4": {
        "start": { "line": 5, "column": 29 },
        "end": { "line": 5, "column": null }
      },
      "5": {
        "start": { "line": 6, "column": 35 },
        "end": { "line": 6, "column": null }
      },
      "6": {
        "start": { "line": 9, "column": 2 },
        "end": { "line": 61, "column": null }
      },
      "7": {
        "start": { "line": 10, "column": 17 },
        "end": { "line": 10, "column": null }
      },
      "8": {
        "start": { "line": 11, "column": 38 },
        "end": { "line": 11, "column": null }
      },
      "9": {
        "start": { "line": 14, "column": 25 },
        "end": { "line": 18, "column": null }
      },
      "10": {
        "start": { "line": 20, "column": 4 },
        "end": { "line": 26, "column": null }
      },
      "11": {
        "start": { "line": 22, "column": 6 },
        "end": { "line": 24, "column": null }
      },
      "12": {
        "start": { "line": 29, "column": 27 },
        "end": { "line": 29, "column": null }
      },
      "13": {
        "start": { "line": 31, "column": 17 },
        "end": { "line": 37, "column": null }
      },
      "14": {
        "start": { "line": 40, "column": 67 },
        "end": { "line": 40, "column": null }
      },
      "15": {
        "start": { "line": 42, "column": 4 },
        "end": { "line": 42, "column": null }
      },
      "16": {
        "start": { "line": 44, "column": 4 },
        "end": { "line": 47, "column": null }
      },
      "17": {
        "start": { "line": 49, "column": 4 },
        "end": { "line": 54, "column": null }
      },
      "18": {
        "start": { "line": 50, "column": 6 },
        "end": { "line": 52, "column": null }
      },
      "19": {
        "start": { "line": 57, "column": 4 },
        "end": { "line": 59, "column": null }
      }
    },
    "fnMap": {
      "0": {
        "name": "POST",
        "decl": {
          "start": { "line": 8, "column": 22 },
          "end": { "line": 8, "column": 27 }
        },
        "loc": {
          "start": { "line": 8, "column": 47 },
          "end": { "line": 62, "column": null }
        }
      }
    },
    "branchMap": {
      "0": {
        "loc": {
          "start": { "line": 20, "column": 4 },
          "end": { "line": 26, "column": null }
        },
        "type": "if",
        "locations": [
          {
            "start": { "line": 20, "column": 4 },
            "end": { "line": 26, "column": null }
          },
          { "start": {}, "end": {} }
        ]
      },
      "1": {
        "loc": {
          "start": { "line": 49, "column": 4 },
          "end": { "line": 54, "column": null }
        },
        "type": "if",
        "locations": [
          {
            "start": { "line": 49, "column": 4 },
            "end": { "line": 54, "column": null }
          },
          { "start": {}, "end": {} }
        ]
      }
    },
    "s": {
      "0": 0,
      "1": 0,
      "2": 0,
      "3": 0,
      "4": 0,
      "5": 0,
      "6": 0,
      "7": 0,
      "8": 0,
      "9": 0,
      "10": 0,
      "11": 0,
      "12": 0,
      "13": 0,
      "14": 0,
      "15": 0,
      "16": 0,
      "17": 0,
      "18": 0,
      "19": 0
    },
    "f": { "0": 0 },
    "b": { "0": [0, 0], "1": [0, 0] }
  },
  "/Users/samhenry/patriot-heavy-ops/patriot-heavy-ops/app/api/geocoding/route.ts": {
    "path": "/Users/samhenry/patriot-heavy-ops/patriot-heavy-ops/app/api/geocoding/route.ts",
    "statementMap": {
      "0": {
        "start": { "line": 3, "column": 22 },
        "end": { "line": 3, "column": 26 }
      },
      "1": {
        "start": { "line": 4, "column": 2 },
        "end": { "line": 73, "column": null }
      },
      "2": {
        "start": { "line": 5, "column": 25 },
        "end": { "line": 5, "column": 53 }
      },
      "3": {
        "start": { "line": 6, "column": 18 },
        "end": { "line": 6, "column": null }
      },
      "4": {
        "start": { "line": 8, "column": 4 },
        "end": { "line": 15, "column": null }
      },
      "5": {
        "start": { "line": 9, "column": 6 },
        "end": { "line": 14, "column": null }
      },
      "6": {
        "start": { "line": 18, "column": 25 },
        "end": { "line": 18, "column": null }
      },
      "7": {
        "start": { "line": 19, "column": 4 },
        "end": { "line": 19, "column": null }
      },
      "8": {
        "start": { "line": 20, "column": 4 },
        "end": { "line": 20, "column": null }
      },
      "9": {
        "start": { "line": 21, "column": 4 },
        "end": { "line": 21, "column": null }
      },
      "10": {
        "start": { "line": 22, "column": 4 },
        "end": { "line": 22, "column": null }
      },
      "11": {
        "start": { "line": 23, "column": 4 },
        "end": { "line": 23, "column": null }
      },
      "12": {
        "start": { "line": 25, "column": 21 },
        "end": { "line": 29, "column": null }
      },
      "13": {
        "start": { "line": 31, "column": 4 },
        "end": { "line": 39, "column": null }
      },
      "14": {
        "start": { "line": 33, "column": 6 },
        "end": { "line": 38, "column": null }
      },
      "15": {
        "start": { "line": 41, "column": 17 },
        "end": { "line": 41, "column": null }
      },
      "16": {
        "start": { "line": 44, "column": 26 },
        "end": { "line": 55, "column": null }
      },
      "17": {
        "start": { "line": 50, "column": 13 },
        "end": { "line": 55, "column": null }
      },
      "18": {
        "start": { "line": 58, "column": 4 },
        "end": { "line": 64, "column": null }
      },
      "19": {
        "start": { "line": 67, "column": 4 },
        "end": { "line": 72, "column": null }
      }
    },
    "fnMap": {
      "0": {
        "name": "GET",
        "decl": {
          "start": { "line": 3, "column": 22 },
          "end": { "line": 3, "column": 26 }
        },
        "loc": {
          "start": { "line": 3, "column": 46 },
          "end": { "line": 74, "column": null }
        }
      },
      "1": {
        "name": "(anonymous_2)",
        "decl": {
          "start": { "line": 45, "column": 6 },
          "end": { "line": 45, "column": 7 }
        },
        "loc": {
          "start": { "line": 50, "column": 13 },
          "end": { "line": 55, "column": null }
        }
      }
    },
    "branchMap": {
      "0": {
        "loc": {
          "start": { "line": 8, "column": 4 },
          "end": { "line": 15, "column": null }
        },
        "type": "if",
        "locations": [
          {
            "start": { "line": 8, "column": 4 },
            "end": { "line": 15, "column": null }
          },
          { "start": {}, "end": {} }
        ]
      },
      "1": {
        "loc": {
          "start": { "line": 8, "column": 8 },
          "end": { "line": 8, "column": 36 }
        },
        "type": "binary-expr",
        "locations": [
          {
            "start": { "line": 8, "column": 8 },
            "end": { "line": 8, "column": 18 }
          },
          {
            "start": { "line": 8, "column": 18 },
            "end": { "line": 8, "column": 36 }
          }
        ]
      },
      "2": {
        "loc": {
          "start": { "line": 31, "column": 4 },
          "end": { "line": 39, "column": null }
        },
        "type": "if",
        "locations": [
          {
            "start": { "line": 31, "column": 4 },
            "end": { "line": 39, "column": null }
          },
          { "start": {}, "end": {} }
        ]
      }
    },
    "s": {
      "0": 18,
      "1": 18,
      "2": 18,
      "3": 18,
      "4": 18,
      "5": 4,
      "6": 14,
      "7": 14,
      "8": 14,
      "9": 14,
      "10": 14,
      "11": 14,
      "12": 14,
      "13": 13,
      "14": 2,
      "15": 11,
      "16": 10,
      "17": 10,
      "18": 10,
      "19": 2
    },
    "f": { "0": 18, "1": 10 },
    "b": { "0": [4, 14], "1": [18, 16], "2": [2, 11] }
  },
  "/Users/samhenry/patriot-heavy-ops/patriot-heavy-ops/app/api/og/route.tsx": {
    "path": "/Users/samhenry/patriot-heavy-ops/patriot-heavy-ops/app/api/og/route.tsx",
    "statementMap": {
      "0": {
        "start": { "line": 15, "column": 22 },
        "end": { "line": 15, "column": 26 }
      },
      "1": {
        "start": { "line": 5, "column": 13 },
        "end": { "line": 5, "column": 23 }
      },
      "2": {
        "start": { "line": 1, "column": 30 },
        "end": { "line": 1, "column": null }
      },
      "3": {
        "start": { "line": 3, "column": 30 },
        "end": { "line": 3, "column": null }
      },
      "4": {
        "start": { "line": 5, "column": 23 },
        "end": { "line": 5, "column": null }
      },
      "5": {
        "start": { "line": 7, "column": 21 },
        "end": { "line": 9, "column": null }
      },
      "6": {
        "start": { "line": 9, "column": 16 },
        "end": { "line": 9, "column": null }
      },
      "7": {
        "start": { "line": 11, "column": 18 },
        "end": { "line": 13, "column": null }
      },
      "8": {
        "start": { "line": 13, "column": 16 },
        "end": { "line": 13, "column": null }
      },
      "9": {
        "start": { "line": 16, "column": 2 },
        "end": { "line": 147, "column": null }
      },
      "10": {
        "start": { "line": 17, "column": 24 },
        "end": { "line": 17, "column": null }
      },
      "11": {
        "start": { "line": 18, "column": 21 },
        "end": { "line": 18, "column": null }
      },
      "12": {
        "start": { "line": 20, "column": 16 },
        "end": { "line": 20, "column": null }
      },
      "13": {
        "start": { "line": 21, "column": 19 },
        "end": { "line": 21, "column": null }
      },
      "14": {
        "start": { "line": 23, "column": 6 },
        "end": { "line": 25, "column": 24 }
      },
      "15": {
        "start": { "line": 27, "column": 21 },
        "end": { "line": 27, "column": null }
      },
      "16": {
        "start": { "line": 28, "column": 18 },
        "end": { "line": 28, "column": null }
      },
      "17": {
        "start": { "line": 30, "column": 21 },
        "end": { "line": 30, "column": null }
      },
      "18": {
        "start": { "line": 32, "column": 4 },
        "end": { "line": 141, "column": null }
      },
      "19": {
        "start": { "line": 144, "column": 4 },
        "end": { "line": 146, "column": null }
      }
    },
    "fnMap": {
      "0": {
        "name": "(anonymous_3)",
        "decl": {
          "start": { "line": 9, "column": 7 },
          "end": { "line": 9, "column": 8 }
        },
        "loc": {
          "start": { "line": 9, "column": 16 },
          "end": { "line": 9, "column": null }
        }
      },
      "1": {
        "name": "(anonymous_4)",
        "decl": {
          "start": { "line": 13, "column": 7 },
          "end": { "line": 13, "column": 8 }
        },
        "loc": {
          "start": { "line": 13, "column": 16 },
          "end": { "line": 13, "column": null }
        }
      },
      "2": {
        "name": "GET",
        "decl": {
          "start": { "line": 15, "column": 22 },
          "end": { "line": 15, "column": 26 }
        },
        "loc": {
          "start": { "line": 15, "column": 38 },
          "end": { "line": 148, "column": null }
        }
      }
    },
    "branchMap": {
      "0": {
        "loc": {
          "start": { "line": 23, "column": 6 },
          "end": { "line": 25, "column": 24 }
        },
        "type": "cond-expr",
        "locations": [
          {
            "start": { "line": 24, "column": 10 },
            "end": { "line": 24, "column": 50 }
          },
          {
            "start": { "line": 25, "column": 10 },
            "end": { "line": 25, "column": 24 }
          }
        ]
      },
      "1": {
        "loc": {
          "start": { "line": 28, "column": 18 },
          "end": { "line": 28, "column": null }
        },
        "type": "cond-expr",
        "locations": [
          {
            "start": { "line": 28, "column": 36 },
            "end": { "line": 28, "column": 45 }
          },
          {
            "start": { "line": 28, "column": 45 },
            "end": { "line": 28, "column": null }
          }
        ]
      },
      "2": {
        "loc": {
          "start": { "line": 30, "column": 21 },
          "end": { "line": 30, "column": null }
        },
        "type": "cond-expr",
        "locations": [
          {
            "start": { "line": 30, "column": 44 },
            "end": { "line": 30, "column": 53 }
          },
          {
            "start": { "line": 30, "column": 53 },
            "end": { "line": 30, "column": null }
          }
        ]
      },
      "3": {
        "loc": {
          "start": { "line": 39, "column": 14 },
          "end": { "line": 41, "column": null }
        },
        "type": "cond-expr",
        "locations": [
          {
            "start": { "line": 40, "column": 18 },
            "end": { "line": 40, "column": null }
          },
          {
            "start": { "line": 41, "column": 18 },
            "end": { "line": 41, "column": null }
          }
        ]
      }
    },
    "s": {
      "0": 0,
      "1": 0,
      "2": 0,
      "3": 0,
      "4": 0,
      "5": 0,
      "6": 0,
      "7": 0,
      "8": 0,
      "9": 0,
      "10": 0,
      "11": 0,
      "12": 0,
      "13": 0,
      "14": 0,
      "15": 0,
      "16": 0,
      "17": 0,
      "18": 0,
      "19": 0
    },
    "f": { "0": 0, "1": 0, "2": 0 },
    "b": { "0": [0, 0], "1": [0, 0], "2": [0, 0], "3": [0, 0] }
  },
  "/Users/samhenry/patriot-heavy-ops/patriot-heavy-ops/app/api/posts/route.ts": {
    "path": "/Users/samhenry/patriot-heavy-ops/patriot-heavy-ops/app/api/posts/route.ts",
    "statementMap": {
      "0": {
        "start": { "line": 14, "column": 22 },
        "end": { "line": 14, "column": null }
      },
      "1": {
        "start": { "line": 41, "column": 22 },
        "end": { "line": 41, "column": 27 }
      },
      "2": {
        "start": { "line": 1, "column": 33 },
        "end": { "line": 1, "column": null }
      },
      "3": {
        "start": { "line": 2, "column": 19 },
        "end": { "line": 2, "column": null }
      },
      "4": {
        "start": { "line": 4, "column": 28 },
        "end": { "line": 4, "column": null }
      },
      "5": {
        "start": { "line": 5, "column": 19 },
        "end": { "line": 5, "column": null }
      },
      "6": {
        "start": { "line": 6, "column": 37 },
        "end": { "line": 6, "column": null }
      },
      "7": {
        "start": { "line": 7, "column": 40 },
        "end": { "line": 7, "column": null }
      },
      "8": {
        "start": { "line": 9, "column": 25 },
        "end": { "line": 12, "column": null }
      },
      "9": {
        "start": { "line": 15, "column": 2 },
        "end": { "line": 38, "column": null }
      },
      "10": {
        "start": { "line": 16, "column": 20 },
        "end": { "line": 16, "column": null }
      },
      "11": {
        "start": { "line": 18, "column": 4 },
        "end": { "line": 20, "column": null }
      },
      "12": {
        "start": { "line": 19, "column": 6 },
        "end": { "line": 19, "column": null }
      },
      "13": {
        "start": { "line": 22, "column": 21 },
        "end": { "line": 22, "column": null }
      },
      "14": {
        "start": { "line": 23, "column": 18 },
        "end": { "line": 33, "column": null }
      },
      "15": {
        "start": { "line": 35, "column": 4 },
        "end": { "line": 35, "column": null }
      },
      "16": {
        "start": { "line": 37, "column": 4 },
        "end": { "line": 37, "column": null }
      },
      "17": {
        "start": { "line": 42, "column": 2 },
        "end": { "line": 91, "column": null }
      },
      "18": {
        "start": { "line": 43, "column": 20 },
        "end": { "line": 43, "column": null }
      },
      "19": {
        "start": { "line": 45, "column": 4 },
        "end": { "line": 47, "column": null }
      },
      "20": {
        "start": { "line": 46, "column": 6 },
        "end": { "line": 46, "column": null }
      },
      "21": {
        "start": { "line": 49, "column": 21 },
        "end": { "line": 49, "column": null }
      },
      "22": {
        "start": { "line": 50, "column": 29 },
        "end": { "line": 50, "column": null }
      },
      "23": {
        "start": { "line": 54, "column": 4 },
        "end": { "line": 64, "column": null }
      },
      "24": {
        "start": { "line": 55, "column": 20 },
        "end": { "line": 59, "column": null }
      },
      "25": {
        "start": { "line": 61, "column": 6 },
        "end": { "line": 63, "column": null }
      },
      "26": {
        "start": { "line": 62, "column": 8 },
        "end": { "line": 62, "column": null }
      },
      "27": {
        "start": { "line": 66, "column": 17 },
        "end": { "line": 66, "column": null }
      },
      "28": {
        "start": { "line": 67, "column": 17 },
        "end": { "line": 67, "column": null }
      },
      "29": {
        "start": { "line": 69, "column": 17 },
        "end": { "line": 78, "column": null }
      },
      "30": {
        "start": { "line": 80, "column": 4 },
        "end": { "line": 80, "column": null }
      },
      "31": {
        "start": { "line": 82, "column": 4 },
        "end": { "line": 84, "column": null }
      },
      "32": {
        "start": { "line": 83, "column": 6 },
        "end": { "line": 83, "column": null }
      },
      "33": {
        "start": { "line": 86, "column": 4 },
        "end": { "line": 88, "column": null }
      },
      "34": {
        "start": { "line": 87, "column": 6 },
        "end": { "line": 87, "column": null }
      },
      "35": {
        "start": { "line": 90, "column": 4 },
        "end": { "line": 90, "column": null }
      }
    },
    "fnMap": {
      "0": {
        "name": "GET",
        "decl": {
          "start": { "line": 14, "column": 22 },
          "end": { "line": 14, "column": null }
        },
        "loc": {
          "start": { "line": 14, "column": 22 },
          "end": { "line": 39, "column": null }
        }
      },
      "1": {
        "name": "POST",
        "decl": {
          "start": { "line": 41, "column": 22 },
          "end": { "line": 41, "column": 27 }
        },
        "loc": {
          "start": { "line": 41, "column": 39 },
          "end": { "line": 92, "column": null }
        }
      }
    },
    "branchMap": {
      "0": {
        "loc": {
          "start": { "line": 18, "column": 4 },
          "end": { "line": 20, "column": null }
        },
        "type": "if",
        "locations": [
          {
            "start": { "line": 18, "column": 4 },
            "end": { "line": 20, "column": null }
          },
          { "start": {}, "end": {} }
        ]
      },
      "1": {
        "loc": {
          "start": { "line": 45, "column": 4 },
          "end": { "line": 47, "column": null }
        },
        "type": "if",
        "locations": [
          {
            "start": { "line": 45, "column": 4 },
            "end": { "line": 47, "column": null }
          },
          { "start": {}, "end": {} }
        ]
      },
      "2": {
        "loc": {
          "start": { "line": 54, "column": 4 },
          "end": { "line": 64, "column": null }
        },
        "type": "if",
        "locations": [
          {
            "start": { "line": 54, "column": 4 },
            "end": { "line": 64, "column": null }
          },
          { "start": {}, "end": {} }
        ]
      },
      "3": {
        "loc": {
          "start": { "line": 61, "column": 6 },
          "end": { "line": 63, "column": null }
        },
        "type": "if",
        "locations": [
          {
            "start": { "line": 61, "column": 6 },
            "end": { "line": 63, "column": null }
          },
          { "start": {}, "end": {} }
        ]
      },
      "4": {
        "loc": {
          "start": { "line": 72, "column": 12 },
          "end": { "line": 72, "column": 67 }
        },
        "type": "binary-expr",
        "locations": [
          {
            "start": { "line": 72, "column": 12 },
            "end": { "line": 72, "column": 42 }
          },
          {
            "start": { "line": 72, "column": 42 },
            "end": { "line": 72, "column": 67 }
          }
        ]
      },
      "5": {
        "loc": {
          "start": { "line": 82, "column": 4 },
          "end": { "line": 84, "column": null }
        },
        "type": "if",
        "locations": [
          {
            "start": { "line": 82, "column": 4 },
            "end": { "line": 84, "column": null }
          },
          { "start": {}, "end": {} }
        ]
      },
      "6": {
        "loc": {
          "start": { "line": 86, "column": 4 },
          "end": { "line": 88, "column": null }
        },
        "type": "if",
        "locations": [
          {
            "start": { "line": 86, "column": 4 },
            "end": { "line": 88, "column": null }
          },
          { "start": {}, "end": {} }
        ]
      }
    },
    "s": {
      "0": 0,
      "1": 0,
      "2": 0,
      "3": 0,
      "4": 0,
      "5": 0,
      "6": 0,
      "7": 0,
      "8": 0,
      "9": 0,
      "10": 0,
      "11": 0,
      "12": 0,
      "13": 0,
      "14": 0,
      "15": 0,
      "16": 0,
      "17": 0,
      "18": 0,
      "19": 0,
      "20": 0,
      "21": 0,
      "22": 0,
      "23": 0,
      "24": 0,
      "25": 0,
      "26": 0,
      "27": 0,
      "28": 0,
      "29": 0,
      "30": 0,
      "31": 0,
      "32": 0,
      "33": 0,
      "34": 0,
      "35": 0
    },
    "f": { "0": 0, "1": 0 },
    "b": {
      "0": [0, 0],
      "1": [0, 0],
      "2": [0, 0],
      "3": [0, 0],
      "4": [0, 0],
      "5": [0, 0],
      "6": [0, 0]
    }
  },
  "/Users/samhenry/patriot-heavy-ops/patriot-heavy-ops/app/api/posts/[postId]/route.ts": {
    "path": "/Users/samhenry/patriot-heavy-ops/patriot-heavy-ops/app/api/posts/[postId]/route.ts",
    "statementMap": {
      "0": {
        "start": { "line": 8, "column": 22 },
        "end": { "line": 8, "column": null }
      },
      "1": {
        "start": { "line": 38, "column": 22 },
        "end": { "line": 38, "column": null }
      },
      "2": {
        "start": { "line": 1, "column": 33 },
        "end": { "line": 1, "column": null }
      },
      "3": {
        "start": { "line": 2, "column": 18 },
        "end": { "line": 2, "column": null }
      },
      "4": {
        "start": { "line": 4, "column": 28 },
        "end": { "line": 4, "column": null }
      },
      "5": {
        "start": { "line": 5, "column": 19 },
        "end": { "line": 5, "column": null }
      },
      "6": {
        "start": { "line": 6, "column": 32 },
        "end": { "line": 6, "column": null }
      },
      "7": {
        "start": { "line": 12, "column": 2 },
        "end": { "line": 35, "column": null }
      },
      "8": {
        "start": { "line": 14, "column": 19 },
        "end": { "line": 14, "column": 39 }
      },
      "9": {
        "start": { "line": 17, "column": 4 },
        "end": { "line": 19, "column": null }
      },
      "10": {
        "start": { "line": 18, "column": 6 },
        "end": { "line": 18, "column": null }
      },
      "11": {
        "start": { "line": 22, "column": 4 },
        "end": { "line": 26, "column": null }
      },
      "12": {
        "start": { "line": 28, "column": 4 },
        "end": { "line": 28, "column": null }
      },
      "13": {
        "start": { "line": 30, "column": 4 },
        "end": { "line": 32, "column": null }
      },
      "14": {
        "start": { "line": 31, "column": 6 },
        "end": { "line": 31, "column": null }
      },
      "15": {
        "start": { "line": 34, "column": 4 },
        "end": { "line": 34, "column": null }
      },
      "16": {
        "start": { "line": 42, "column": 2 },
        "end": { "line": 74, "column": null }
      },
      "17": {
        "start": { "line": 44, "column": 19 },
        "end": { "line": 44, "column": 39 }
      },
      "18": {
        "start": { "line": 47, "column": 4 },
        "end": { "line": 49, "column": null }
      },
      "19": {
        "start": { "line": 48, "column": 6 },
        "end": { "line": 48, "column": null }
      },
      "20": {
        "start": { "line": 52, "column": 17 },
        "end": { "line": 52, "column": null }
      },
      "21": {
        "start": { "line": 53, "column": 17 },
        "end": { "line": 53, "column": null }
      },
      "22": {
        "start": { "line": 57, "column": 4 },
        "end": { "line": 65, "column": null }
      },
      "23": {
        "start": { "line": 67, "column": 4 },
        "end": { "line": 67, "column": null }
      },
      "24": {
        "start": { "line": 69, "column": 4 },
        "end": { "line": 71, "column": null }
      },
      "25": {
        "start": { "line": 70, "column": 6 },
        "end": { "line": 70, "column": null }
      },
      "26": {
        "start": { "line": 73, "column": 4 },
        "end": { "line": 73, "column": null }
      },
      "27": {
        "start": { "line": 78, "column": 18 },
        "end": { "line": 78, "column": null }
      },
      "28": {
        "start": { "line": 79, "column": 16 },
        "end": { "line": 84, "column": null }
      },
      "29": {
        "start": { "line": 86, "column": 2 },
        "end": { "line": 86, "column": null }
      }
    },
    "fnMap": {
      "0": {
        "name": "DELETE",
        "decl": {
          "start": { "line": 8, "column": 22 },
          "end": { "line": 8, "column": null }
        },
        "loc": {
          "start": { "line": 10, "column": 50 },
          "end": { "line": 36, "column": null }
        }
      },
      "1": {
        "name": "PATCH",
        "decl": {
          "start": { "line": 38, "column": 22 },
          "end": { "line": 38, "column": null }
        },
        "loc": {
          "start": { "line": 40, "column": 50 },
          "end": { "line": 75, "column": null }
        }
      },
      "2": {
        "name": "verifyCurrentUserHasAccessToPost",
        "decl": {
          "start": { "line": 77, "column": 15 },
          "end": { "line": 77, "column": 48 }
        },
        "loc": {
          "start": { "line": 77, "column": 62 },
          "end": { "line": 87, "column": null }
        }
      }
    },
    "branchMap": {
      "0": {
        "loc": {
          "start": { "line": 17, "column": 4 },
          "end": { "line": 19, "column": null }
        },
        "type": "if",
        "locations": [
          {
            "start": { "line": 17, "column": 4 },
            "end": { "line": 19, "column": null }
          },
          { "start": {}, "end": {} }
        ]
      },
      "1": {
        "loc": {
          "start": { "line": 30, "column": 4 },
          "end": { "line": 32, "column": null }
        },
        "type": "if",
        "locations": [
          {
            "start": { "line": 30, "column": 4 },
            "end": { "line": 32, "column": null }
          },
          { "start": {}, "end": {} }
        ]
      },
      "2": {
        "loc": {
          "start": { "line": 47, "column": 4 },
          "end": { "line": 49, "column": null }
        },
        "type": "if",
        "locations": [
          {
            "start": { "line": 47, "column": 4 },
            "end": { "line": 49, "column": null }
          },
          { "start": {}, "end": {} }
        ]
      },
      "3": {
        "loc": {
          "start": { "line": 62, "column": 12 },
          "end": { "line": 62, "column": 61 }
        },
        "type": "binary-expr",
        "locations": [
          {
            "start": { "line": 62, "column": 12 },
            "end": { "line": 62, "column": 40 }
          },
          {
            "start": { "line": 62, "column": 40 },
            "end": { "line": 62, "column": 61 }
          }
        ]
      },
      "4": {
        "loc": {
          "start": { "line": 63, "column": 12 },
          "end": { "line": 63, "column": 67 }
        },
        "type": "binary-expr",
        "locations": [
          {
            "start": { "line": 63, "column": 12 },
            "end": { "line": 63, "column": 42 }
          },
          {
            "start": { "line": 63, "column": 42 },
            "end": { "line": 63, "column": 67 }
          }
        ]
      },
      "5": {
        "loc": {
          "start": { "line": 69, "column": 4 },
          "end": { "line": 71, "column": null }
        },
        "type": "if",
        "locations": [
          {
            "start": { "line": 69, "column": 4 },
            "end": { "line": 71, "column": null }
          },
          { "start": {}, "end": {} }
        ]
      },
      "6": {
        "loc": {
          "start": { "line": 82, "column": 10 },
          "end": { "line": 82, "column": 59 }
        },
        "type": "binary-expr",
        "locations": [
          {
            "start": { "line": 82, "column": 10 },
            "end": { "line": 82, "column": 30 }
          },
          {
            "start": { "line": 82, "column": 30 },
            "end": { "line": 82, "column": 59 }
          }
        ]
      }
    },
    "s": {
      "0": 0,
      "1": 0,
      "2": 0,
      "3": 0,
      "4": 0,
      "5": 0,
      "6": 0,
      "7": 0,
      "8": 0,
      "9": 0,
      "10": 0,
      "11": 0,
      "12": 0,
      "13": 0,
      "14": 0,
      "15": 0,
      "16": 0,
      "17": 0,
      "18": 0,
      "19": 0,
      "20": 0,
      "21": 0,
      "22": 0,
      "23": 0,
      "24": 0,
      "25": 0,
      "26": 0,
      "27": 0,
      "28": 0,
      "29": 0
    },
    "f": { "0": 0, "1": 0, "2": 0 },
    "b": {
      "0": [0, 0],
      "1": [0, 0],
      "2": [0, 0],
      "3": [0, 0],
      "4": [0, 0],
      "5": [0, 0],
      "6": [0, 0]
    }
  },
  "/Users/samhenry/patriot-heavy-ops/patriot-heavy-ops/app/api/service-requests/route.ts": {
    "path": "/Users/samhenry/patriot-heavy-ops/patriot-heavy-ops/app/api/service-requests/route.ts",
    "statementMap": {
      "0": {
        "start": { "line": 40, "column": 22 },
        "end": { "line": 40, "column": 26 }
      },
      "1": {
        "start": { "line": 147, "column": 22 },
        "end": { "line": 147, "column": 27 }
      },
      "2": {
        "start": { "line": 1, "column": 19 },
        "end": { "line": 1, "column": null }
      },
      "3": {
        "start": { "line": 3, "column": 19 },
        "end": { "line": 3, "column": null }
      },
      "4": {
        "start": { "line": 7, "column": 7 },
        "end": { "line": 7, "column": null }
      },
      "5": {
        "start": { "line": 8, "column": 39 },
        "end": { "line": 8, "column": null }
      },
      "6": {
        "start": { "line": 9, "column": 34 },
        "end": { "line": 9, "column": null }
      },
      "7": {
        "start": { "line": 10, "column": 36 },
        "end": { "line": 10, "column": null }
      },
      "8": {
        "start": { "line": 19, "column": 21 },
        "end": { "line": 19, "column": null }
      },
      "9": {
        "start": { "line": 21, "column": 2 },
        "end": { "line": 27, "column": null }
      },
      "10": {
        "start": { "line": 22, "column": 4 },
        "end": { "line": 26, "column": null }
      },
      "11": {
        "start": { "line": 30, "column": 22 },
        "end": { "line": 30, "column": null }
      },
      "12": {
        "start": { "line": 31, "column": 2 },
        "end": { "line": 31, "column": null }
      },
      "13": {
        "start": { "line": 31, "column": 20 },
        "end": { "line": 31, "column": null }
      },
      "14": {
        "start": { "line": 33, "column": 2 },
        "end": { "line": 37, "column": null }
      },
      "15": {
        "start": { "line": 41, "column": 2 },
        "end": { "line": 144, "column": null }
      },
      "16": {
        "start": { "line": 42, "column": 17 },
        "end": { "line": 42, "column": null }
      },
      "17": {
        "start": { "line": 44, "column": 4 },
        "end": { "line": 46, "column": null }
      },
      "18": {
        "start": { "line": 45, "column": 6 },
        "end": { "line": 45, "column": null }
      },
      "19": {
        "start": { "line": 51, "column": 4 },
        "end": { "line": 138, "column": null }
      },
      "20": {
        "start": { "line": 53, "column": 6 },
        "end": { "line": 78, "column": null }
      },
      "21": {
        "start": { "line": 79, "column": 11 },
        "end": { "line": 138, "column": null }
      },
      "22": {
        "start": { "line": 81, "column": 6 },
        "end": { "line": 111, "column": null }
      },
      "23": {
        "start": { "line": 112, "column": 11 },
        "end": { "line": 138, "column": null }
      },
      "24": {
        "start": { "line": 114, "column": 6 },
        "end": { "line": 135, "column": null }
      },
      "25": {
        "start": { "line": 137, "column": 6 },
        "end": { "line": 137, "column": null }
      },
      "26": {
        "start": { "line": 140, "column": 4 },
        "end": { "line": 140, "column": null }
      },
      "27": {
        "start": { "line": 143, "column": 4 },
        "end": { "line": 143, "column": null }
      },
      "28": {
        "start": { "line": 148, "column": 2 },
        "end": { "line": 207, "column": null }
      },
      "29": {
        "start": { "line": 149, "column": 17 },
        "end": { "line": 149, "column": null }
      },
      "30": {
        "start": { "line": 151, "column": 4 },
        "end": { "line": 153, "column": null }
      },
      "31": {
        "start": { "line": 152, "column": 6 },
        "end": { "line": 152, "column": null }
      },
      "32": {
        "start": { "line": 156, "column": 4 },
        "end": { "line": 161, "column": null }
      },
      "33": {
        "start": { "line": 157, "column": 6 },
        "end": { "line": 159, "column": null }
      },
      "34": {
        "start": { "line": 162, "column": 17 },
        "end": { "line": 162, "column": null }
      },
      "35": {
        "start": { "line": 163, "column": 17 },
        "end": { "line": 163, "column": null }
      },
      "36": {
        "start": { "line": 165, "column": 23 },
        "end": { "line": 167, "column": null }
      },
      "37": {
        "start": { "line": 170, "column": 27 },
        "end": { "line": 198, "column": null }
      },
      "38": {
        "start": { "line": 200, "column": 4 },
        "end": { "line": 200, "column": null }
      },
      "39": {
        "start": { "line": 202, "column": 4 },
        "end": { "line": 204, "column": null }
      },
      "40": {
        "start": { "line": 203, "column": 6 },
        "end": { "line": 203, "column": null }
      },
      "41": {
        "start": { "line": 206, "column": 4 },
        "end": { "line": 206, "column": null }
      }
    },
    "fnMap": {
      "0": {
        "name": "getAuthenticatedUser",
        "decl": {
          "start": { "line": 15, "column": 15 },
          "end": { "line": 15, "column": null }
        },
        "loc": {
          "start": { "line": 16, "column": 18 },
          "end": { "line": 38, "column": null }
        }
      },
      "1": {
        "name": "GET",
        "decl": {
          "start": { "line": 40, "column": 22 },
          "end": { "line": 40, "column": 26 }
        },
        "loc": {
          "start": { "line": 40, "column": 42 },
          "end": { "line": 145, "column": null }
        }
      },
      "2": {
        "name": "POST",
        "decl": {
          "start": { "line": 147, "column": 22 },
          "end": { "line": 147, "column": 27 }
        },
        "loc": {
          "start": { "line": 147, "column": 43 },
          "end": { "line": 208, "column": null }
        }
      }
    },
    "branchMap": {
      "0": {
        "loc": {
          "start": { "line": 21, "column": 2 },
          "end": { "line": 27, "column": null }
        },
        "type": "if",
        "locations": [
          {
            "start": { "line": 21, "column": 2 },
            "end": { "line": 27, "column": null }
          },
          { "start": {}, "end": {} }
        ]
      },
      "1": {
        "loc": {
          "start": { "line": 21, "column": 6 },
          "end": { "line": 21, "column": 51 }
        },
        "type": "binary-expr",
        "locations": [
          {
            "start": { "line": 21, "column": 6 },
            "end": { "line": 21, "column": 32 }
          },
          {
            "start": { "line": 21, "column": 36 },
            "end": { "line": 21, "column": 51 }
          }
        ]
      },
      "2": {
        "loc": {
          "start": { "line": 25, "column": 12 },
          "end": { "line": 25, "column": null }
        },
        "type": "binary-expr",
        "locations": [
          {
            "start": { "line": 25, "column": 12 },
            "end": { "line": 25, "column": 32 }
          },
          {
            "start": { "line": 25, "column": 36 },
            "end": { "line": 25, "column": null }
          }
        ]
      },
      "3": {
        "loc": {
          "start": { "line": 31, "column": 2 },
          "end": { "line": 31, "column": null }
        },
        "type": "if",
        "locations": [
          {
            "start": { "line": 31, "column": 2 },
            "end": { "line": 31, "column": null }
          },
          { "start": {}, "end": {} }
        ]
      },
      "4": {
        "loc": {
          "start": { "line": 35, "column": 11 },
          "end": { "line": 35, "column": null }
        },
        "type": "binary-expr",
        "locations": [
          {
            "start": { "line": 35, "column": 11 },
            "end": { "line": 35, "column": 28 }
          },
          {
            "start": { "line": 35, "column": 32 },
            "end": { "line": 35, "column": null }
          }
        ]
      },
      "5": {
        "loc": {
          "start": { "line": 44, "column": 4 },
          "end": { "line": 46, "column": null }
        },
        "type": "if",
        "locations": [
          {
            "start": { "line": 44, "column": 4 },
            "end": { "line": 46, "column": null }
          },
          { "start": {}, "end": {} }
        ]
      },
      "6": {
        "loc": {
          "start": { "line": 51, "column": 4 },
          "end": { "line": 138, "column": null }
        },
        "type": "if",
        "locations": [
          {
            "start": { "line": 51, "column": 4 },
            "end": { "line": 138, "column": null }
          },
          {
            "start": { "line": 79, "column": 11 },
            "end": { "line": 138, "column": null }
          }
        ]
      },
      "7": {
        "loc": {
          "start": { "line": 79, "column": 11 },
          "end": { "line": 138, "column": null }
        },
        "type": "if",
        "locations": [
          {
            "start": { "line": 79, "column": 11 },
            "end": { "line": 138, "column": null }
          },
          {
            "start": { "line": 112, "column": 11 },
            "end": { "line": 138, "column": null }
          }
        ]
      },
      "8": {
        "loc": {
          "start": { "line": 112, "column": 11 },
          "end": { "line": 138, "column": null }
        },
        "type": "if",
        "locations": [
          {
            "start": { "line": 112, "column": 11 },
            "end": { "line": 138, "column": null }
          },
          {
            "start": { "line": 136, "column": 11 },
            "end": { "line": 138, "column": null }
          }
        ]
      },
      "9": {
        "loc": {
          "start": { "line": 151, "column": 4 },
          "end": { "line": 153, "column": null }
        },
        "type": "if",
        "locations": [
          {
            "start": { "line": 151, "column": 4 },
            "end": { "line": 153, "column": null }
          },
          { "start": {}, "end": {} }
        ]
      },
      "10": {
        "loc": {
          "start": { "line": 156, "column": 4 },
          "end": { "line": 161, "column": null }
        },
        "type": "if",
        "locations": [
          {
            "start": { "line": 156, "column": 4 },
            "end": { "line": 161, "column": null }
          },
          { "start": {}, "end": {} }
        ]
      },
      "11": {
        "loc": {
          "start": { "line": 173, "column": 21 },
          "end": { "line": 173, "column": null }
        },
        "type": "binary-expr",
        "locations": [
          {
            "start": { "line": 173, "column": 21 },
            "end": { "line": 173, "column": 37 }
          },
          {
            "start": { "line": 173, "column": 41 },
            "end": { "line": 173, "column": null }
          }
        ]
      },
      "12": {
        "loc": {
          "start": { "line": 177, "column": 17 },
          "end": { "line": 177, "column": null }
        },
        "type": "binary-expr",
        "locations": [
          {
            "start": { "line": 177, "column": 17 },
            "end": { "line": 177, "column": 29 }
          },
          {
            "start": { "line": 177, "column": 33 },
            "end": { "line": 177, "column": null }
          }
        ]
      },
      "13": {
        "loc": {
          "start": { "line": 181, "column": 17 },
          "end": { "line": 181, "column": null }
        },
        "type": "cond-expr",
        "locations": [
          {
            "start": { "line": 181, "column": 32 },
            "end": { "line": 181, "column": 57 }
          },
          {
            "start": { "line": 181, "column": 57 },
            "end": { "line": 181, "column": null }
          }
        ]
      },
      "14": {
        "loc": {
          "start": { "line": 202, "column": 4 },
          "end": { "line": 204, "column": null }
        },
        "type": "if",
        "locations": [
          {
            "start": { "line": 202, "column": 4 },
            "end": { "line": 204, "column": null }
          },
          { "start": {}, "end": {} }
        ]
      }
    },
    "s": {
      "0": 8,
      "1": 12,
      "2": 1,
      "3": 1,
      "4": 1,
      "5": 1,
      "6": 1,
      "7": 1,
      "8": 20,
      "9": 20,
      "10": 1,
      "11": 19,
      "12": 19,
      "13": 2,
      "14": 17,
      "15": 8,
      "16": 8,
      "17": 8,
      "18": 1,
      "19": 7,
      "20": 2,
      "21": 5,
      "22": 1,
      "23": 4,
      "24": 4,
      "25": 0,
      "26": 6,
      "27": 1,
      "28": 12,
      "29": 12,
      "30": 12,
      "31": 1,
      "32": 11,
      "33": 0,
      "34": 11,
      "35": 10,
      "36": 7,
      "37": 7,
      "38": 6,
      "39": 5,
      "40": 3,
      "41": 2
    },
    "f": { "0": 20, "1": 8, "2": 12 },
    "b": {
      "0": [1, 19],
      "1": [20, 1],
      "2": [1, 0],
      "3": [2, 17],
      "4": [17, 0],
      "5": [1, 7],
      "6": [2, 5],
      "7": [1, 4],
      "8": [4, 0],
      "9": [1, 11],
      "10": [0, 11],
      "11": [7, 0],
      "12": [7, 0],
      "13": [7, 0],
      "14": [3, 2]
    }
  },
  "/Users/samhenry/patriot-heavy-ops/patriot-heavy-ops/app/api/service-requests/[requestId]/route.ts": {
    "path": "/Users/samhenry/patriot-heavy-ops/patriot-heavy-ops/app/api/service-requests/[requestId]/route.ts",
    "statementMap": {
      "0": {
        "start": { "line": 153, "column": 22 },
        "end": { "line": 153, "column": null }
      },
      "1": {
        "start": { "line": 41, "column": 22 },
        "end": { "line": 41, "column": null }
      },
      "2": {
        "start": { "line": 95, "column": 22 },
        "end": { "line": 95, "column": null }
      },
      "3": {
        "start": { "line": 2, "column": 33 },
        "end": { "line": 2, "column": null }
      },
      "4": {
        "start": { "line": 3, "column": 18 },
        "end": { "line": 3, "column": null }
      },
      "5": {
        "start": { "line": 5, "column": 28 },
        "end": { "line": 5, "column": null }
      },
      "6": {
        "start": { "line": 6, "column": 19 },
        "end": { "line": 6, "column": null }
      },
      "7": {
        "start": { "line": 7, "column": 43 },
        "end": { "line": 7, "column": null }
      },
      "8": {
        "start": { "line": 8, "column": 36 },
        "end": { "line": 8, "column": null }
      },
      "9": {
        "start": { "line": 12, "column": 2 },
        "end": { "line": 23, "column": null }
      },
      "10": {
        "start": { "line": 13, "column": 23 },
        "end": { "line": 13, "column": null }
      },
      "11": {
        "start": { "line": 14, "column": 4 },
        "end": { "line": 22, "column": null }
      },
      "12": {
        "start": { "line": 15, "column": 20 },
        "end": { "line": 20, "column": null }
      },
      "13": {
        "start": { "line": 21, "column": 6 },
        "end": { "line": 21, "column": null }
      },
      "14": {
        "start": { "line": 26, "column": 18 },
        "end": { "line": 26, "column": null }
      },
      "15": {
        "start": { "line": 27, "column": 2 },
        "end": { "line": 29, "column": null }
      },
      "16": {
        "start": { "line": 28, "column": 4 },
        "end": { "line": 28, "column": null }
      },
      "17": {
        "start": { "line": 31, "column": 16 },
        "end": { "line": 36, "column": null }
      },
      "18": {
        "start": { "line": 38, "column": 2 },
        "end": { "line": 38, "column": null }
      },
      "19": {
        "start": { "line": 45, "column": 2 },
        "end": { "line": 92, "column": null }
      },
      "20": {
        "start": { "line": 46, "column": 19 },
        "end": { "line": 46, "column": 39 }
      },
      "21": {
        "start": { "line": 48, "column": 4 },
        "end": { "line": 50, "column": null }
      },
      "22": {
        "start": { "line": 49, "column": 6 },
        "end": { "line": 49, "column": null }
      },
      "23": {
        "start": { "line": 52, "column": 27 },
        "end": { "line": 83, "column": null }
      },
      "24": {
        "start": { "line": 85, "column": 4 },
        "end": { "line": 87, "column": null }
      },
      "25": {
        "start": { "line": 86, "column": 6 },
        "end": { "line": 86, "column": null }
      },
      "26": {
        "start": { "line": 89, "column": 4 },
        "end": { "line": 89, "column": null }
      },
      "27": {
        "start": { "line": 91, "column": 4 },
        "end": { "line": 91, "column": null }
      },
      "28": {
        "start": { "line": 99, "column": 2 },
        "end": { "line": 150, "column": null }
      },
      "29": {
        "start": { "line": 100, "column": 19 },
        "end": { "line": 100, "column": 39 }
      },
      "30": {
        "start": { "line": 102, "column": 4 },
        "end": { "line": 104, "column": null }
      },
      "31": {
        "start": { "line": 103, "column": 6 },
        "end": { "line": 103, "column": null }
      },
      "32": {
        "start": { "line": 106, "column": 17 },
        "end": { "line": 106, "column": null }
      },
      "33": {
        "start": { "line": 107, "column": 17 },
        "end": { "line": 107, "column": null }
      },
      "34": {
        "start": { "line": 109, "column": 27 },
        "end": { "line": 141, "column": null }
      },
      "35": {
        "start": { "line": 143, "column": 4 },
        "end": { "line": 143, "column": null }
      },
      "36": {
        "start": { "line": 145, "column": 4 },
        "end": { "line": 147, "column": null }
      },
      "37": {
        "start": { "line": 146, "column": 6 },
        "end": { "line": 146, "column": null }
      },
      "38": {
        "start": { "line": 149, "column": 4 },
        "end": { "line": 149, "column": null }
      },
      "39": {
        "start": { "line": 157, "column": 2 },
        "end": { "line": 177, "column": null }
      },
      "40": {
        "start": { "line": 158, "column": 19 },
        "end": { "line": 158, "column": 39 }
      },
      "41": {
        "start": { "line": 160, "column": 4 },
        "end": { "line": 162, "column": null }
      },
      "42": {
        "start": { "line": 161, "column": 6 },
        "end": { "line": 161, "column": null }
      },
      "43": {
        "start": { "line": 164, "column": 4 },
        "end": { "line": 168, "column": null }
      },
      "44": {
        "start": { "line": 170, "column": 4 },
        "end": { "line": 170, "column": null }
      },
      "45": {
        "start": { "line": 172, "column": 4 },
        "end": { "line": 174, "column": null }
      },
      "46": {
        "start": { "line": 173, "column": 6 },
        "end": { "line": 173, "column": null }
      },
      "47": {
        "start": { "line": 176, "column": 4 },
        "end": { "line": 176, "column": null }
      }
    },
    "fnMap": {
      "0": {
        "name": "verifyCurrentUserHasAccessToRequest",
        "decl": {
          "start": { "line": 10, "column": 15 },
          "end": { "line": 10, "column": 51 }
        },
        "loc": {
          "start": { "line": 10, "column": 87 },
          "end": { "line": 39, "column": null }
        }
      },
      "1": {
        "name": "GET",
        "decl": {
          "start": { "line": 41, "column": 22 },
          "end": { "line": 41, "column": null }
        },
        "loc": {
          "start": { "line": 43, "column": 53 },
          "end": { "line": 93, "column": null }
        }
      },
      "2": {
        "name": "PATCH",
        "decl": {
          "start": { "line": 95, "column": 22 },
          "end": { "line": 95, "column": null }
        },
        "loc": {
          "start": { "line": 97, "column": 53 },
          "end": { "line": 151, "column": null }
        }
      },
      "3": {
        "name": "DELETE",
        "decl": {
          "start": { "line": 153, "column": 22 },
          "end": { "line": 153, "column": null }
        },
        "loc": {
          "start": { "line": 155, "column": 53 },
          "end": { "line": 178, "column": null }
        }
      }
    },
    "branchMap": {
      "0": {
        "loc": {
          "start": { "line": 12, "column": 2 },
          "end": { "line": 23, "column": null }
        },
        "type": "if",
        "locations": [
          {
            "start": { "line": 12, "column": 2 },
            "end": { "line": 23, "column": null }
          },
          { "start": {}, "end": {} }
        ]
      },
      "1": {
        "loc": {
          "start": { "line": 14, "column": 4 },
          "end": { "line": 22, "column": null }
        },
        "type": "if",
        "locations": [
          {
            "start": { "line": 14, "column": 4 },
            "end": { "line": 22, "column": null }
          },
          { "start": {}, "end": {} }
        ]
      },
      "2": {
        "loc": {
          "start": { "line": 14, "column": 8 },
          "end": { "line": 14, "column": 53 }
        },
        "type": "binary-expr",
        "locations": [
          {
            "start": { "line": 14, "column": 8 },
            "end": { "line": 14, "column": 34 }
          },
          {
            "start": { "line": 14, "column": 38 },
            "end": { "line": 14, "column": 53 }
          }
        ]
      },
      "3": {
        "loc": {
          "start": { "line": 27, "column": 2 },
          "end": { "line": 29, "column": null }
        },
        "type": "if",
        "locations": [
          {
            "start": { "line": 27, "column": 2 },
            "end": { "line": 29, "column": null }
          },
          { "start": {}, "end": {} }
        ]
      },
      "4": {
        "loc": {
          "start": { "line": 48, "column": 4 },
          "end": { "line": 50, "column": null }
        },
        "type": "if",
        "locations": [
          {
            "start": { "line": 48, "column": 4 },
            "end": { "line": 50, "column": null }
          },
          { "start": {}, "end": {} }
        ]
      },
      "5": {
        "loc": {
          "start": { "line": 85, "column": 4 },
          "end": { "line": 87, "column": null }
        },
        "type": "if",
        "locations": [
          {
            "start": { "line": 85, "column": 4 },
            "end": { "line": 87, "column": null }
          },
          { "start": {}, "end": {} }
        ]
      },
      "6": {
        "loc": {
          "start": { "line": 102, "column": 4 },
          "end": { "line": 104, "column": null }
        },
        "type": "if",
        "locations": [
          {
            "start": { "line": 102, "column": 4 },
            "end": { "line": 104, "column": null }
          },
          { "start": {}, "end": {} }
        ]
      },
      "7": {
        "loc": {
          "start": { "line": 114, "column": 12 },
          "end": { "line": 114, "column": 64 }
        },
        "type": "binary-expr",
        "locations": [
          {
            "start": { "line": 114, "column": 12 },
            "end": { "line": 114, "column": 41 }
          },
          {
            "start": { "line": 114, "column": 41 },
            "end": { "line": 114, "column": 64 }
          }
        ]
      },
      "8": {
        "loc": {
          "start": { "line": 115, "column": 12 },
          "end": { "line": 115, "column": 61 }
        },
        "type": "binary-expr",
        "locations": [
          {
            "start": { "line": 115, "column": 12 },
            "end": { "line": 115, "column": 40 }
          },
          {
            "start": { "line": 115, "column": 40 },
            "end": { "line": 115, "column": 61 }
          }
        ]
      },
      "9": {
        "loc": {
          "start": { "line": 116, "column": 12 },
          "end": { "line": 118, "column": 9 }
        },
        "type": "binary-expr",
        "locations": [
          {
            "start": { "line": 116, "column": 12 },
            "end": { "line": 116, "column": 46 }
          },
          {
            "start": { "line": 116, "column": 46 },
            "end": { "line": 118, "column": 9 }
          }
        ]
      },
      "10": {
        "loc": {
          "start": { "line": 119, "column": 12 },
          "end": { "line": 119, "column": 73 }
        },
        "type": "binary-expr",
        "locations": [
          {
            "start": { "line": 119, "column": 12 },
            "end": { "line": 119, "column": 44 }
          },
          {
            "start": { "line": 119, "column": 44 },
            "end": { "line": 119, "column": 73 }
          }
        ]
      },
      "11": {
        "loc": {
          "start": { "line": 120, "column": 12 },
          "end": { "line": 122, "column": 9 }
        },
        "type": "binary-expr",
        "locations": [
          {
            "start": { "line": 120, "column": 12 },
            "end": { "line": 120, "column": 44 }
          },
          {
            "start": { "line": 120, "column": 44 },
            "end": { "line": 122, "column": 9 }
          }
        ]
      },
      "12": {
        "loc": {
          "start": { "line": 123, "column": 12 },
          "end": { "line": 123, "column": 77 }
        },
        "type": "binary-expr",
        "locations": [
          {
            "start": { "line": 123, "column": 12 },
[...]
        },
        "loc": {
          "start": { "line": 41, "column": 69 },
          "end": { "line": 44, "column": null }
        }
      }
    },
    "branchMap": {
      "0": {
        "loc": {
          "start": { "line": 10, "column": 2 },
          "end": { "line": 14, "column": null }
        },
        "type": "if",
        "locations": [
          {
            "start": { "line": 10, "column": 2 },
            "end": { "line": 14, "column": null }
          },
          { "start": {}, "end": {} }
        ]
      },
      "1": {
        "loc": {
          "start": { "line": 13, "column": 11 },
          "end": { "line": 13, "column": null }
        },
        "type": "cond-expr",
        "locations": [
          {
            "start": { "line": 13, "column": 21 },
            "end": { "line": 13, "column": 38 }
          },
          {
            "start": { "line": 13, "column": 38 },
            "end": { "line": 13, "column": null }
          }
        ]
      },
      "2": {
        "loc": {
          "start": { "line": 18, "column": 2 },
          "end": { "line": 20, "column": null }
        },
        "type": "if",
        "locations": [
          {
            "start": { "line": 18, "column": 2 },
            "end": { "line": 20, "column": null }
          },
          { "start": {}, "end": {} }
        ]
      },
      "3": {
        "loc": {
          "start": { "line": 24, "column": 2 },
          "end": { "line": 26, "column": null }
        },
        "type": "if",
        "locations": [
          {
            "start": { "line": 24, "column": 2 },
            "end": { "line": 26, "column": null }
          },
          { "start": {}, "end": {} }
        ]
      },
      "4": {
        "loc": {
          "start": { "line": 30, "column": 2 },
          "end": { "line": 32, "column": null }
        },
        "type": "if",
        "locations": [
          {
            "start": { "line": 30, "column": 2 },
            "end": { "line": 32, "column": null }
          },
          { "start": {}, "end": {} }
        ]
      }
    },
    "s": {
      "0": 0,
      "1": 0,
      "2": 0,
      "3": 0,
      "4": 0,
      "5": 0,
      "6": 0,
      "7": 0,
      "8": 0,
      "9": 0,
      "10": 0,
      "11": 0,
      "12": 0,
      "13": 0,
      "14": 0,
      "15": 0,
      "16": 0,
      "17": 0
    },
    "f": { "0": 0, "1": 0 },
    "b": { "0": [0, 0], "1": [0, 0], "2": [0, 0], "3": [0, 0], "4": [0, 0] }
  },
  "/Users/samhenry/patriot-heavy-ops/patriot-heavy-ops/lib/validations/auth.ts": {
    "path": "/Users/samhenry/patriot-heavy-ops/patriot-heavy-ops/lib/validations/auth.ts",
    "statementMap": {
      "0": {
        "start": { "line": 16, "column": 13 },
        "end": { "line": 16, "column": 30 }
      },
      "1": {
        "start": { "line": 44, "column": 13 },
        "end": { "line": 44, "column": 31 }
      },
      "2": {
        "start": { "line": 20, "column": 13 },
        "end": { "line": 20, "column": 34 }
      },
      "3": {
        "start": { "line": 1, "column": 19 },
        "end": { "line": 1, "column": null }
      },
      "4": {
        "start": { "line": 4, "column": 21 },
        "end": { "line": 10, "column": null }
      },
      "5": {
        "start": { "line": 12, "column": 26 },
        "end": { "line": 14, "column": null }
      },
      "6": {
        "start": { "line": 16, "column": 30 },
        "end": { "line": 18, "column": null }
      },
      "7": {
        "start": { "line": 20, "column": 34 },
        "end": { "line": 42, "column": null }
      },
      "8": {
        "start": { "line": 30, "column": 28 },
        "end": { "line": 30, "column": null }
      },
      "9": {
        "start": { "line": 31, "column": 6 },
        "end": { "line": 31, "column": null }
      },
      "10": {
        "start": { "line": 31, "column": 40 },
        "end": { "line": 31, "column": null }
      },
      "11": {
        "start": { "line": 34, "column": 28 },
        "end": { "line": 34, "column": null }
      },
      "12": {
        "start": { "line": 35, "column": 6 },
        "end": { "line": 35, "column": null }
      },
      "13": {
        "start": { "line": 35, "column": 48 },
        "end": { "line": 35, "column": null }
      },
      "14": {
        "start": { "line": 37, "column": 26 },
        "end": { "line": 37, "column": 55 }
      },
      "15": {
        "start": { "line": 39, "column": 20 },
        "end": { "line": 39, "column": 58 }
      },
      "16": {
        "start": { "line": 44, "column": 31 },
        "end": { "line": 47, "column": null }
      }
    },
    "fnMap": {
      "0": {
        "name": "(anonymous_7)",
        "decl": {
          "start": { "line": 29, "column": 12 },
          "end": { "line": 29, "column": 13 }
        },
        "loc": {
          "start": { "line": 29, "column": 13 },
          "end": { "line": 32, "column": 7 }
        }
      },
      "1": {
        "name": "(anonymous_8)",
        "decl": {
          "start": { "line": 31, "column": 32 },
          "end": { "line": 31, "column": 40 }
        },
        "loc": {
          "start": { "line": 31, "column": 40 },
          "end": { "line": 31, "column": null }
        }
      },
      "2": {
        "name": "(anonymous_9)",
        "decl": {
          "start": { "line": 33, "column": 12 },
          "end": { "line": 33, "column": 13 }
        },
        "loc": {
          "start": { "line": 33, "column": 13 },
          "end": { "line": 36, "column": 7 }
        }
      },
      "3": {
        "name": "(anonymous_10)",
        "decl": {
          "start": { "line": 35, "column": 37 },
          "end": { "line": 35, "column": 48 }
        },
        "loc": {
          "start": { "line": 35, "column": 48 },
          "end": { "line": 35, "column": null }
        }
      },
      "4": {
        "name": "(anonymous_11)",
        "decl": {
          "start": { "line": 37, "column": 12 },
          "end": { "line": 37, "column": 13 }
        },
        "loc": {
          "start": { "line": 37, "column": 26 },
          "end": { "line": 37, "column": 55 }
        }
      },
      "5": {
        "name": "(anonymous_12)",
        "decl": {
          "start": { "line": 39, "column": 10 },
          "end": { "line": 39, "column": 11 }
        },
        "loc": {
          "start": { "line": 39, "column": 20 },
          "end": { "line": 39, "column": 58 }
        }
      }
    },
    "branchMap": {},
    "s": {
      "0": 9,
      "1": 37,
      "2": 64,
      "3": 3,
      "4": 3,
      "5": 3,
      "6": 3,
      "7": 3,
      "8": 40,
      "9": 40,
      "10": 1035,
      "11": 40,
      "12": 40,
      "13": 222,
      "14": 40,
      "15": 39,
      "16": 3
    },
    "f": { "0": 40, "1": 1035, "2": 40, "3": 222, "4": 40, "5": 39 },
    "b": {}
  },
  "/Users/samhenry/patriot-heavy-ops/patriot-heavy-ops/lib/validations/og.ts": {
    "path": "/Users/samhenry/patriot-heavy-ops/patriot-heavy-ops/lib/validations/og.ts",
    "statementMap": {
      "0": {
        "start": { "line": 3, "column": 13 },
        "end": { "line": 3, "column": 29 }
      },
      "1": {
        "start": { "line": 1, "column": 19 },
        "end": { "line": 1, "column": null }
      },
      "2": {
        "start": { "line": 3, "column": 29 },
        "end": { "line": 7, "column": null }
      }
    },
    "fnMap": {},
    "branchMap": {},
    "s": { "0": 0, "1": 0, "2": 0 },
    "f": {},
    "b": {}
  },
  "/Users/samhenry/patriot-heavy-ops/patriot-heavy-ops/lib/validations/post.ts": {
    "path": "/Users/samhenry/patriot-heavy-ops/patriot-heavy-ops/lib/validations/post.ts",
    "statementMap": {
      "0": {
        "start": { "line": 3, "column": 13 },
        "end": { "line": 3, "column": 31 }
      },
      "1": {
        "start": { "line": 1, "column": 19 },
        "end": { "line": 1, "column": null }
      },
      "2": {
        "start": { "line": 3, "column": 31 },
        "end": { "line": 8, "column": null }
      }
    },
    "fnMap": {},
    "branchMap": {},
    "s": { "0": 49, "1": 1, "2": 1 },
    "f": {},
    "b": {}
  },
  "/Users/samhenry/patriot-heavy-ops/patriot-heavy-ops/lib/validations/service-request.ts": {
    "path": "/Users/samhenry/patriot-heavy-ops/patriot-heavy-ops/lib/validations/service-request.ts",
    "statementMap": {
      "0": {
        "start": { "line": 124, "column": 16 },
        "end": { "line": 124, "column": 36 }
      },
      "1": {
        "start": { "line": 27, "column": 13 },
        "end": { "line": 27, "column": 29 }
      },
      "2": {
        "start": { "line": 3, "column": 13 },
        "end": { "line": 3, "column": 35 }
      },
      "3": {
        "start": { "line": 140, "column": 16 },
        "end": { "line": 140, "column": 39 }
      },
      "4": {
        "start": { "line": 34, "column": 13 },
        "end": { "line": 34, "column": 25 }
      },
      "5": {
        "start": { "line": 41, "column": 13 },
        "end": { "line": 41, "column": 36 }
      },
      "6": {
        "start": { "line": 84, "column": 13 },
        "end": { "line": 84, "column": 38 }
      },
      "7": {
        "start": { "line": 93, "column": 13 },
        "end": { "line": 93, "column": 42 }
      },
      "8": {
        "start": { "line": 115, "column": 13 },
        "end": { "line": 115, "column": 34 }
      },
      "9": {
        "start": { "line": 22, "column": 13 },
        "end": { "line": 22, "column": 32 }
      },
      "10": {
        "start": { "line": 15, "column": 13 },
        "end": { "line": 15, "column": 25 }
      },
      "11": {
        "start": { "line": 1, "column": 19 },
        "end": { "line": 1, "column": null }
      },
      "12": {
        "start": { "line": 3, "column": 35 },
        "end": { "line": 13, "column": null }
      },
      "13": {
        "start": { "line": 15, "column": 25 },
        "end": { "line": 20, "column": null }
      },
      "14": {
        "start": { "line": 22, "column": 32 },
        "end": { "line": 25, "column": null }
      },
      "15": {
        "start": { "line": 27, "column": 29 },
        "end": { "line": 32, "column": null }
      },
      "16": {
        "start": { "line": 34, "column": 25 },
        "end": { "line": 39, "column": null }
      },
      "17": {
        "start": { "line": 41, "column": 36 },
        "end": { "line": 82, "column": null }
      },
      "18": {
        "start": { "line": 56, "column": 41 },
        "end": { "line": 56, "column": 67 }
      },
      "19": {
        "start": { "line": 60, "column": 4 },
        "end": { "line": 60, "column": null }
      },
      "20": {
        "start": { "line": 60, "column": 15 },
        "end": { "line": 60, "column": null }
      },
      "21": {
        "start": { "line": 61, "column": 4 },
        "end": { "line": 61, "column": null }
      },
      "22": {
        "start": { "line": 84, "column": 38 },
        "end": { "line": 91, "column": null }
      },
      "23": {
        "start": { "line": 93, "column": 42 },
        "end": { "line": 113, "column": null }
      },
      "24": {
        "start": { "line": 98, "column": 41 },
        "end": { "line": 98, "column": 67 }
      },
      "25": {
        "start": { "line": 100, "column": 4 },
        "end": { "line": 100, "column": null }
      },
      "26": {
        "start": { "line": 100, "column": 15 },
        "end": { "line": 100, "column": null }
      },
      "27": {
        "start": { "line": 101, "column": 4 },
        "end": { "line": 101, "column": null }
      },
      "28": {
        "start": { "line": 115, "column": 34 },
        "end": { "line": 121, "column": null }
      },
      "29": {
        "start": { "line": 125, "column": 2 },
        "end": { "line": 136, "column": null }
      },
      "30": {
        "start": { "line": 127, "column": 6 },
        "end": { "line": 127, "column": null }
      },
      "31": {
        "start": { "line": 129, "column": 6 },
        "end": { "line": 129, "column": null }
      },
      "32": {
        "start": { "line": 141, "column": 2 },
        "end": { "line": 152, "column": null }
      },
      "33": {
        "start": { "line": 143, "column": 6 },
        "end": { "line": 143, "column": null }
      },
      "34": {
        "start": { "line": 145, "column": 6 },
        "end": { "line": 145, "column": null }
      },
      "35": {
        "start": { "line": 147, "column": 6 },
        "end": { "line": 147, "column": null }
      },
      "36": {
        "start": { "line": 149, "column": 6 },
        "end": { "line": 149, "column": null }
      },
      "37": {
        "start": { "line": 151, "column": 6 },
        "end": { "line": 151, "column": null }
      }
    },
    "fnMap": {
      "0": {
        "name": "(anonymous_15)",
        "decl": {
          "start": { "line": 56, "column": 31 },
          "end": { "line": 56, "column": 32 }
        },
        "loc": {
          "start": { "line": 56, "column": 41 },
          "end": { "line": 56, "column": 67 }
        }
      },
      "1": {
        "name": "(anonymous_16)",
        "decl": {
          "start": { "line": 59, "column": 40 },
          "end": { "line": 59, "column": 41 }
        },
        "loc": {
          "start": { "line": 59, "column": 41 },
          "end": { "line": 62, "column": 5 }
        }
      },
      "2": {
        "name": "(anonymous_17)",
        "decl": {
          "start": { "line": 98, "column": 31 },
          "end": { "line": 98, "column": 32 }
        },
        "loc": {
          "start": { "line": 98, "column": 41 },
          "end": { "line": 98, "column": 67 }
        }
      },
      "3": {
        "name": "(anonymous_18)",
        "decl": {
          "start": { "line": 99, "column": 29 },
          "end": { "line": 99, "column": 30 }
        },
        "loc": {
          "start": { "line": 99, "column": 30 },
          "end": { "line": 102, "column": 5 }
        }
      },
      "4": {
        "name": "calculateTotalHours",
        "decl": {
          "start": { "line": 124, "column": 16 },
          "end": { "line": 124, "column": 36 }
        },
        "loc": {
          "start": { "line": 124, "column": 101 },
          "end": { "line": 137, "column": null }
        }
      },
      "5": {
        "name": "getDurationDisplayText",
        "decl": {
          "start": { "line": 140, "column": 16 },
          "end": { "line": 140, "column": 39 }
        },
        "loc": {
          "start": { "line": 140, "column": 104 },
          "end": { "line": 153, "column": null }
        }
      }
    },
    "branchMap": {
      "0": {
        "loc": {
          "start": { "line": 60, "column": 4 },
          "end": { "line": 60, "column": null }
        },
        "type": "if",
        "locations": [
          {
            "start": { "line": 60, "column": 4 },
            "end": { "line": 60, "column": null }
          },
          { "start": {}, "end": {} }
        ]
      },
      "1": {
        "loc": {
          "start": { "line": 100, "column": 4 },
          "end": { "line": 100, "column": null }
        },
        "type": "if",
        "locations": [
          {
            "start": { "line": 100, "column": 4 },
            "end": { "line": 100, "column": null }
          },
          { "start": {}, "end": {} }
        ]
      },
      "2": {
        "loc": {
          "start": { "line": 125, "column": 2 },
          "end": { "line": 136, "column": null }
        },
        "type": "switch",
        "locations": [
          {
            "start": { "line": 126, "column": 4 },
            "end": { "line": 127, "column": null }
          },
          {
            "start": { "line": 128, "column": 4 },
            "end": { "line": 129, "column": null }
          }
        ]
      },
      "3": {
        "loc": {
          "start": { "line": 141, "column": 2 },
          "end": { "line": 152, "column": null }
        },
        "type": "switch",
        "locations": [
          {
            "start": { "line": 142, "column": 4 },
            "end": { "line": 143, "column": null }
          },
          {
            "start": { "line": 144, "column": 4 },
            "end": { "line": 145, "column": null }
          },
          {
            "start": { "line": 146, "column": 4 },
            "end": { "line": 147, "column": null }
          },
          {
            "start": { "line": 148, "column": 4 },
            "end": { "line": 149, "column": null }
          },
          {
            "start": { "line": 150, "column": 4 },
            "end": { "line": 151, "column": null }
          }
        ]
      },
      "4": {
        "loc": {
          "start": { "line": 143, "column": 13 },
          "end": { "line": 143, "column": 115 }
        },
        "type": "cond-expr",
        "locations": [
          {
            "start": { "line": 143, "column": 35 },
            "end": { "line": 143, "column": 58 }
          },
          {
            "start": { "line": 143, "column": 58 },
            "end": { "line": 143, "column": 115 }
          }
        ]
      },
      "5": {
        "loc": {
          "start": { "line": 145, "column": 13 },
          "end": { "line": 145, "column": 115 }
        },
        "type": "cond-expr",
        "locations": [
          {
            "start": { "line": 145, "column": 35 },
            "end": { "line": 145, "column": 58 }
          },
          {
            "start": { "line": 145, "column": 58 },
            "end": { "line": 145, "column": 115 }
          }
        ]
      },
      "6": {
        "loc": {
          "start": { "line": 149, "column": 13 },
          "end": { "line": 149, "column": 111 }
        },
        "type": "cond-expr",
        "locations": [
          {
            "start": { "line": 149, "column": 35 },
            "end": { "line": 149, "column": 57 }
          },
          {
            "start": { "line": 149, "column": 57 },
            "end": { "line": 149, "column": 111 }
          }
        ]
      }
    },
    "s": {
      "0": 33,
      "1": 1,
      "2": 1,
      "3": 13,
      "4": 1,
      "5": 268,
      "6": 2,
      "7": 51,
      "8": 23,
      "9": 1,
      "10": 0,
      "11": 4,
      "12": 4,
      "13": 4,
      "14": 4,
      "15": 4,
      "16": 4,
      "17": 4,
      "18": 117,
      "19": 118,
      "20": 2,
      "21": 116,
      "22": 4,
      "23": 4,
      "24": 1,
      "25": 1,
      "26": 0,
      "27": 1,
      "28": 4,
      "29": 33,
      "30": 3,
      "31": 16,
      "32": 13,
      "33": 3,
      "34": 3,
      "35": 3,
      "36": 3,
      "37": 1
    },
    "f": { "0": 117, "1": 118, "2": 1, "3": 1, "4": 33, "5": 13 },
    "b": {
      "0": [2, 116],
      "1": [0, 1],
      "2": [3, 16],
      "3": [3, 3, 3, 3, 1],
      "4": [1, 2],
      "5": [1, 2],
      "6": [1, 2]
    }
  },
  "/Users/samhenry/patriot-heavy-ops/patriot-heavy-ops/lib/validations/user.ts": {
    "path": "/Users/samhenry/patriot-heavy-ops/patriot-heavy-ops/lib/validations/user.ts",
    "statementMap": {
      "0": {
        "start": { "line": 7, "column": 13 },
        "end": { "line": 7, "column": 41 }
      },
      "1": {
        "start": { "line": 3, "column": 13 },
        "end": { "line": 3, "column": 30 }
      },
      "2": {
        "start": { "line": 11, "column": 13 },
        "end": { "line": 11, "column": 32 }
      },
      "3": {
        "start": { "line": 1, "column": 19 },
        "end": { "line": 1, "column": null }
      },
      "4": {
        "start": { "line": 3, "column": 30 },
        "end": { "line": 5, "column": null }
      },
      "5": {
        "start": { "line": 7, "column": 41 },
        "end": { "line": 9, "column": null }
      },
      "6": {
        "start": { "line": 11, "column": 32 },
        "end": { "line": 16, "column": null }
      }
    },
    "fnMap": {},
    "branchMap": {},
    "s": { "0": 482, "1": 25, "2": 43, "3": 4, "4": 4, "5": 4, "6": 4 },
    "f": {},
    "b": {}
  }
}
