{"/Users/samhenry/patriot-heavy-ops/patriot-heavy-ops/app/api/auth/[...nextauth]/_route.ts": {"path":"/Users/samhenry/patriot-heavy-ops/patriot-heavy-ops/app/api/auth/[...nextauth]/_route.ts","statementMap":{"0":{"start":{"line":7,"column":9},"end":{"line":7,"column":20}},"1":{"start":{"line":7,"column":25},"end":{"line":7,"column":36}},"2":{"start":{"line":1,"column":21},"end":{"line":1,"column":null}},"3":{"start":{"line":3,"column":28},"end":{"line":3,"column":null}},"4":{"start":{"line":5,"column":16},"end":{"line":5,"column":null}}},"fnMap":{},"branchMap":{},"s":{"0":0,"1":0,"2":0,"3":0,"4":0},"f":{},"b":{}}
,"/Users/samhenry/patriot-heavy-ops/patriot-heavy-ops/app/api/auth/[...nextauth]/route.ts": {"path":"/Users/samhenry/patriot-heavy-ops/patriot-heavy-ops/app/api/auth/[...nextauth]/route.ts","statementMap":{"0":{"start":{"line":7,"column":9},"end":{"line":7,"column":20}},"1":{"start":{"line":7,"column":25},"end":{"line":7,"column":36}},"2":{"start":{"line":1,"column":21},"end":{"line":1,"column":null}},"3":{"start":{"line":3,"column":28},"end":{"line":3,"column":null}},"4":{"start":{"line":5,"column":16},"end":{"line":5,"column":null}}},"fnMap":{},"branchMap":{},"s":{"0":0,"1":0,"2":0,"3":0,"4":0},"f":{},"b":{}}
,"/Users/samhenry/patriot-heavy-ops/patriot-heavy-ops/app/api/auth/error/page.tsx": {"path":"/Users/samhenry/patriot-heavy-ops/patriot-heavy-ops/app/api/auth/error/page.tsx","statementMap":{"0":{"start":{"line":45,"column":24},"end":{"line":45,"column":null}},"1":{"start":{"line":3,"column":32},"end":{"line":3,"column":null}},"2":{"start":{"line":4,"column":25},"end":{"line":4,"column":null}},"3":{"start":{"line":5,"column":17},"end":{"line":5,"column":null}},"4":{"start":{"line":6,"column":23},"end":{"line":6,"column":null}},"5":{"start":{"line":9,"column":23},"end":{"line":9,"column":null}},"6":{"start":{"line":10,"column":16},"end":{"line":10,"column":null}},"7":{"start":{"line":12,"column":24},"end":{"line":17,"column":null}}},"fnMap":{"0":{"name":"ErrorContent","decl":{"start":{"line":8,"column":9},"end":{"line":8,"column":null}},"loc":{"start":{"line":8,"column":9},"end":{"line":43,"column":null}}},"1":{"name":"AuthErrorPage","decl":{"start":{"line":45,"column":24},"end":{"line":45,"column":null}},"loc":{"start":{"line":45,"column":24},"end":{"line":51,"column":null}}}},"branchMap":{"0":{"loc":{"start":{"line":27,"column":13},"end":{"line":29,"column":37}},"type":"cond-expr","locations":[{"start":{"line":28,"column":16},"end":{"line":28,"column":66}},{"start":{"line":29,"column":16},"end":{"line":29,"column":37}}]},"1":{"loc":{"start":{"line":27,"column":13},"end":{"line":27,"column":null}},"type":"binary-expr","locations":[{"start":{"line":27,"column":13},"end":{"line":27,"column":22}},{"start":{"line":27,"column":22},"end":{"line":27,"column":null}}]}},"s":{"0":0,"1":0,"2":0,"3":0,"4":0,"5":0,"6":0,"7":0},"f":{"0":0,"1":0},"b":{"0":[0,0],"1":[0,0]}}
,"/Users/samhenry/patriot-heavy-ops/patriot-heavy-ops/app/api/auth/register/route.ts": {"path":"/Users/samhenry/patriot-heavy-ops/patriot-heavy-ops/app/api/auth/register/route.ts","statementMap":{"0":{"start":{"line":8,"column":22},"end":{"line":8,"column":27}},"1":{"start":{"line":2,"column":18},"end":{"line":2,"column":null}},"2":{"start":{"line":4,"column":19},"end":{"line":4,"column":null}},"3":{"start":{"line":5,"column":29},"end":{"line":5,"column":null}},"4":{"start":{"line":6,"column":35},"end":{"line":6,"column":null}},"5":{"start":{"line":9,"column":2},"end":{"line":59,"column":null}},"6":{"start":{"line":10,"column":17},"end":{"line":10,"column":null}},"7":{"start":{"line":11,"column":38},"end":{"line":11,"column":null}},"8":{"start":{"line":14,"column":25},"end":{"line":18,"column":null}},"9":{"start":{"line":20,"column":4},"end":{"line":26,"column":null}},"10":{"start":{"line":22,"column":6},"end":{"line":24,"column":null}},"11":{"start":{"line":29,"column":27},"end":{"line":29,"column":null}},"12":{"start":{"line":31,"column":17},"end":{"line":37,"column":null}},"13":{"start":{"line":40,"column":52},"end":{"line":40,"column":null}},"14":{"start":{"line":42,"column":4},"end":{"line":45,"column":null}},"15":{"start":{"line":47,"column":4},"end":{"line":52,"column":null}},"16":{"start":{"line":48,"column":6},"end":{"line":50,"column":null}},"17":{"start":{"line":54,"column":4},"end":{"line":54,"column":null}},"18":{"start":{"line":55,"column":4},"end":{"line":57,"column":null}}},"fnMap":{"0":{"name":"POST","decl":{"start":{"line":8,"column":22},"end":{"line":8,"column":27}},"loc":{"start":{"line":8,"column":47},"end":{"line":60,"column":null}}}},"branchMap":{"0":{"loc":{"start":{"line":20,"column":4},"end":{"line":26,"column":null}},"type":"if","locations":[{"start":{"line":20,"column":4},"end":{"line":26,"column":null}},{"start":{},"end":{}}]},"1":{"loc":{"start":{"line":47,"column":4},"end":{"line":52,"column":null}},"type":"if","locations":[{"start":{"line":47,"column":4},"end":{"line":52,"column":null}},{"start":{},"end":{}}]}},"s":{"0":0,"1":0,"2":0,"3":0,"4":0,"5":0,"6":0,"7":0,"8":0,"9":0,"10":0,"11":0,"12":0,"13":0,"14":0,"15":0,"16":0,"17":0,"18":0},"f":{"0":0},"b":{"0":[0,0],"1":[0,0]}}
,"/Users/samhenry/patriot-heavy-ops/patriot-heavy-ops/app/api/geocoding/route.ts": {"path":"/Users/samhenry/patriot-heavy-ops/patriot-heavy-ops/app/api/geocoding/route.ts","statementMap":{"0":{"start":{"line":3,"column":22},"end":{"line":3,"column":26}},"1":{"start":{"line":4,"column":2},"end":{"line":66,"column":null}},"2":{"start":{"line":5,"column":25},"end":{"line":5,"column":53}},"3":{"start":{"line":6,"column":18},"end":{"line":6,"column":null}},"4":{"start":{"line":8,"column":4},"end":{"line":15,"column":null}},"5":{"start":{"line":9,"column":6},"end":{"line":14,"column":null}},"6":{"start":{"line":18,"column":25},"end":{"line":18,"column":null}},"7":{"start":{"line":19,"column":4},"end":{"line":19,"column":null}},"8":{"start":{"line":20,"column":4},"end":{"line":20,"column":null}},"9":{"start":{"line":21,"column":4},"end":{"line":21,"column":null}},"10":{"start":{"line":22,"column":4},"end":{"line":22,"column":null}},"11":{"start":{"line":23,"column":4},"end":{"line":23,"column":null}},"12":{"start":{"line":25,"column":21},"end":{"line":29,"column":null}},"13":{"start":{"line":31,"column":4},"end":{"line":39,"column":null}},"14":{"start":{"line":32,"column":6},"end":{"line":32,"column":null}},"15":{"start":{"line":33,"column":6},"end":{"line":38,"column":null}},"16":{"start":{"line":41,"column":17},"end":{"line":41,"column":null}},"17":{"start":{"line":44,"column":26},"end":{"line":49,"column":null}},"18":{"start":{"line":44,"column":51},"end":{"line":49,"column":null}},"19":{"start":{"line":51,"column":4},"end":{"line":57,"column":null}},"20":{"start":{"line":59,"column":4},"end":{"line":59,"column":null}},"21":{"start":{"line":60,"column":4},"end":{"line":65,"column":null}}},"fnMap":{"0":{"name":"GET","decl":{"start":{"line":3,"column":22},"end":{"line":3,"column":26}},"loc":{"start":{"line":3,"column":46},"end":{"line":67,"column":null}}},"1":{"name":"(anonymous_2)","decl":{"start":{"line":44,"column":35},"end":{"line":44,"column":36}},"loc":{"start":{"line":44,"column":51},"end":{"line":49,"column":null}}}},"branchMap":{"0":{"loc":{"start":{"line":8,"column":4},"end":{"line":15,"column":null}},"type":"if","locations":[{"start":{"line":8,"column":4},"end":{"line":15,"column":null}},{"start":{},"end":{}}]},"1":{"loc":{"start":{"line":8,"column":8},"end":{"line":8,"column":36}},"type":"binary-expr","locations":[{"start":{"line":8,"column":8},"end":{"line":8,"column":18}},{"start":{"line":8,"column":18},"end":{"line":8,"column":36}}]},"2":{"loc":{"start":{"line":31,"column":4},"end":{"line":39,"column":null}},"type":"if","locations":[{"start":{"line":31,"column":4},"end":{"line":39,"column":null}},{"start":{},"end":{}}]}},"s":{"0":18,"1":18,"2":18,"3":18,"4":18,"5":4,"6":14,"7":14,"8":14,"9":14,"10":14,"11":14,"12":14,"13":13,"14":2,"15":2,"16":11,"17":10,"18":10,"19":10,"20":2,"21":2},"f":{"0":18,"1":10},"b":{"0":[4,14],"1":[18,16],"2":[2,11]}}
,"/Users/samhenry/patriot-heavy-ops/patriot-heavy-ops/app/api/og/route.tsx": {"path":"/Users/samhenry/patriot-heavy-ops/patriot-heavy-ops/app/api/og/route.tsx","statementMap":{"0":{"start":{"line":5,"column":13},"end":{"line":5,"column":20}},"1":{"start":{"line":15,"column":22},"end":{"line":15,"column":25}},"2":{"start":{"line":1,"column":30},"end":{"line":1,"column":null}},"3":{"start":{"line":3,"column":30},"end":{"line":3,"column":null}},"4":{"start":{"line":5,"column":23},"end":{"line":5,"column":null}},"5":{"start":{"line":7,"column":21},"end":{"line":9,"column":null}},"6":{"start":{"line":9,"column":16},"end":{"line":9,"column":null}},"7":{"start":{"line":11,"column":18},"end":{"line":13,"column":null}},"8":{"start":{"line":13,"column":16},"end":{"line":13,"column":null}},"9":{"start":{"line":16,"column":2},"end":{"line":147,"column":null}},"10":{"start":{"line":17,"column":24},"end":{"line":17,"column":null}},"11":{"start":{"line":18,"column":21},"end":{"line":18,"column":null}},"12":{"start":{"line":20,"column":16},"end":{"line":20,"column":null}},"13":{"start":{"line":21,"column":19},"end":{"line":21,"column":null}},"14":{"start":{"line":23,"column":6},"end":{"line":25,"column":24}},"15":{"start":{"line":27,"column":21},"end":{"line":27,"column":null}},"16":{"start":{"line":28,"column":18},"end":{"line":28,"column":null}},"17":{"start":{"line":30,"column":21},"end":{"line":30,"column":null}},"18":{"start":{"line":32,"column":4},"end":{"line":141,"column":null}},"19":{"start":{"line":144,"column":4},"end":{"line":146,"column":null}}},"fnMap":{"0":{"name":"(anonymous_3)","decl":{"start":{"line":9,"column":7},"end":{"line":9,"column":8}},"loc":{"start":{"line":9,"column":16},"end":{"line":9,"column":null}}},"1":{"name":"(anonymous_4)","decl":{"start":{"line":13,"column":7},"end":{"line":13,"column":8}},"loc":{"start":{"line":13,"column":16},"end":{"line":13,"column":null}}},"2":{"name":"GET","decl":{"start":{"line":15,"column":22},"end":{"line":15,"column":25}},"loc":{"start":{"line":15,"column":38},"end":{"line":148,"column":null}}}},"branchMap":{"0":{"loc":{"start":{"line":23,"column":6},"end":{"line":25,"column":24}},"type":"cond-expr","locations":[{"start":{"line":24,"column":10},"end":{"line":24,"column":50}},{"start":{"line":25,"column":10},"end":{"line":25,"column":24}}]},"1":{"loc":{"start":{"line":28,"column":18},"end":{"line":28,"column":null}},"type":"cond-expr","locations":[{"start":{"line":28,"column":36},"end":{"line":28,"column":45}},{"start":{"line":28,"column":45},"end":{"line":28,"column":null}}]},"2":{"loc":{"start":{"line":30,"column":21},"end":{"line":30,"column":null}},"type":"cond-expr","locations":[{"start":{"line":30,"column":44},"end":{"line":30,"column":53}},{"start":{"line":30,"column":53},"end":{"line":30,"column":null}}]},"3":{"loc":{"start":{"line":39,"column":14},"end":{"line":41,"column":null}},"type":"cond-expr","locations":[{"start":{"line":40,"column":18},"end":{"line":40,"column":null}},{"start":{"line":41,"column":18},"end":{"line":41,"column":null}}]}},"s":{"0":0,"1":0,"2":0,"3":0,"4":0,"5":0,"6":0,"7":0,"8":0,"9":0,"10":0,"11":0,"12":0,"13":0,"14":0,"15":0,"16":0,"17":0,"18":0,"19":0},"f":{"0":0,"1":0,"2":0},"b":{"0":[0,0],"1":[0,0],"2":[0,0],"3":[0,0]}}
,"/Users/samhenry/patriot-heavy-ops/patriot-heavy-ops/app/api/posts/route.ts": {"path":"/Users/samhenry/patriot-heavy-ops/patriot-heavy-ops/app/api/posts/route.ts","statementMap":{"0":{"start":{"line":14,"column":22},"end":{"line":14,"column":25}},"1":{"start":{"line":41,"column":22},"end":{"line":41,"column":26}},"2":{"start":{"line":1,"column":33},"end":{"line":1,"column":null}},"3":{"start":{"line":2,"column":19},"end":{"line":2,"column":null}},"4":{"start":{"line":4,"column":28},"end":{"line":4,"column":null}},"5":{"start":{"line":5,"column":19},"end":{"line":5,"column":null}},"6":{"start":{"line":6,"column":37},"end":{"line":6,"column":null}},"7":{"start":{"line":7,"column":40},"end":{"line":7,"column":null}},"8":{"start":{"line":9,"column":25},"end":{"line":12,"column":null}},"9":{"start":{"line":15,"column":2},"end":{"line":38,"column":null}},"10":{"start":{"line":16,"column":20},"end":{"line":16,"column":null}},"11":{"start":{"line":18,"column":4},"end":{"line":20,"column":null}},"12":{"start":{"line":19,"column":6},"end":{"line":19,"column":null}},"13":{"start":{"line":22,"column":21},"end":{"line":22,"column":null}},"14":{"start":{"line":23,"column":18},"end":{"line":33,"column":null}},"15":{"start":{"line":35,"column":4},"end":{"line":35,"column":null}},"16":{"start":{"line":37,"column":4},"end":{"line":37,"column":null}},"17":{"start":{"line":42,"column":2},"end":{"line":91,"column":null}},"18":{"start":{"line":43,"column":20},"end":{"line":43,"column":null}},"19":{"start":{"line":45,"column":4},"end":{"line":47,"column":null}},"20":{"start":{"line":46,"column":6},"end":{"line":46,"column":null}},"21":{"start":{"line":49,"column":21},"end":{"line":49,"column":null}},"22":{"start":{"line":50,"column":29},"end":{"line":50,"column":null}},"23":{"start":{"line":54,"column":4},"end":{"line":64,"column":null}},"24":{"start":{"line":55,"column":20},"end":{"line":59,"column":null}},"25":{"start":{"line":61,"column":6},"end":{"line":63,"column":null}},"26":{"start":{"line":62,"column":8},"end":{"line":62,"column":null}},"27":{"start":{"line":66,"column":17},"end":{"line":66,"column":null}},"28":{"start":{"line":67,"column":17},"end":{"line":67,"column":null}},"29":{"start":{"line":69,"column":17},"end":{"line":78,"column":null}},"30":{"start":{"line":80,"column":4},"end":{"line":80,"column":null}},"31":{"start":{"line":82,"column":4},"end":{"line":84,"column":null}},"32":{"start":{"line":83,"column":6},"end":{"line":83,"column":null}},"33":{"start":{"line":86,"column":4},"end":{"line":88,"column":null}},"34":{"start":{"line":87,"column":6},"end":{"line":87,"column":null}},"35":{"start":{"line":90,"column":4},"end":{"line":90,"column":null}}},"fnMap":{"0":{"name":"GET","decl":{"start":{"line":14,"column":22},"end":{"line":14,"column":25}},"loc":{"start":{"line":14,"column":22},"end":{"line":39,"column":null}}},"1":{"name":"POST","decl":{"start":{"line":41,"column":22},"end":{"line":41,"column":26}},"loc":{"start":{"line":41,"column":39},"end":{"line":92,"column":null}}}},"branchMap":{"0":{"loc":{"start":{"line":18,"column":4},"end":{"line":20,"column":null}},"type":"if","locations":[{"start":{"line":18,"column":4},"end":{"line":20,"column":null}},{"start":{},"end":{}}]},"1":{"loc":{"start":{"line":45,"column":4},"end":{"line":47,"column":null}},"type":"if","locations":[{"start":{"line":45,"column":4},"end":{"line":47,"column":null}},{"start":{},"end":{}}]},"2":{"loc":{"start":{"line":54,"column":4},"end":{"line":64,"column":null}},"type":"if","locations":[{"start":{"line":54,"column":4},"end":{"line":64,"column":null}},{"start":{},"end":{}}]},"3":{"loc":{"start":{"line":61,"column":6},"end":{"line":63,"column":null}},"type":"if","locations":[{"start":{"line":61,"column":6},"end":{"line":63,"column":null}},{"start":{},"end":{}}]},"4":{"loc":{"start":{"line":72,"column":17},"end":{"line":72,"column":null}},"type":"binary-expr","locations":[{"start":{"line":72,"column":17},"end":{"line":72,"column":29}},{"start":{"line":72,"column":33},"end":{"line":72,"column":null}}]},"5":{"loc":{"start":{"line":82,"column":4},"end":{"line":84,"column":null}},"type":"if","locations":[{"start":{"line":82,"column":4},"end":{"line":84,"column":null}},{"start":{},"end":{}}]},"6":{"loc":{"start":{"line":86,"column":4},"end":{"line":88,"column":null}},"type":"if","locations":[{"start":{"line":86,"column":4},"end":{"line":88,"column":null}},{"start":{},"end":{}}]}},"s":{"0":0,"1":0,"2":0,"3":0,"4":0,"5":0,"6":0,"7":0,"8":0,"9":0,"10":0,"11":0,"12":0,"13":0,"14":0,"15":0,"16":0,"17":0,"18":0,"19":0,"20":0,"21":0,"22":0,"23":0,"24":0,"25":0,"26":0,"27":0,"28":0,"29":0,"30":0,"31":0,"32":0,"33":0,"34":0,"35":0},"f":{"0":0,"1":0},"b":{"0":[0,0],"1":[0,0],"2":[0,0],"3":[0,0],"4":[0,0],"5":[0,0],"6":[0,0]}}
,"/Users/samhenry/patriot-heavy-ops/patriot-heavy-ops/app/api/posts/[postId]/route.ts": {"path":"/Users/samhenry/patriot-heavy-ops/patriot-heavy-ops/app/api/posts/[postId]/route.ts","statementMap":{"0":{"start":{"line":14,"column":22},"end":{"line":14,"column":28}},"1":{"start":{"line":44,"column":22},"end":{"line":44,"column":27}},"2":{"start":{"line":1,"column":33},"end":{"line":1,"column":null}},"3":{"start":{"line":2,"column":19},"end":{"line":2,"column":null}},"4":{"start":{"line":4,"column":28},"end":{"line":4,"column":null}},"5":{"start":{"line":5,"column":19},"end":{"line":5,"column":null}},"6":{"start":{"line":6,"column":32},"end":{"line":6,"column":null}},"7":{"start":{"line":8,"column":27},"end":{"line":12,"column":null}},"8":{"start":{"line":18,"column":2},"end":{"line":41,"column":null}},"9":{"start":{"line":20,"column":23},"end":{"line":20,"column":null}},"10":{"start":{"line":23,"column":4},"end":{"line":25,"column":null}},"11":{"start":{"line":24,"column":6},"end":{"line":24,"column":null}},"12":{"start":{"line":28,"column":4},"end":{"line":32,"column":null}},"13":{"start":{"line":34,"column":4},"end":{"line":34,"column":null}},"14":{"start":{"line":36,"column":4},"end":{"line":38,"column":null}},"15":{"start":{"line":37,"column":6},"end":{"line":37,"column":null}},"16":{"start":{"line":40,"column":4},"end":{"line":40,"column":null}},"17":{"start":{"line":48,"column":2},"end":{"line":80,"column":null}},"18":{"start":{"line":50,"column":23},"end":{"line":50,"column":null}},"19":{"start":{"line":53,"column":4},"end":{"line":55,"column":null}},"20":{"start":{"line":54,"column":6},"end":{"line":54,"column":null}},"21":{"start":{"line":58,"column":17},"end":{"line":58,"column":null}},"22":{"start":{"line":59,"column":17},"end":{"line":59,"column":null}},"23":{"start":{"line":63,"column":4},"end":{"line":71,"column":null}},"24":{"start":{"line":73,"column":4},"end":{"line":73,"column":null}},"25":{"start":{"line":75,"column":4},"end":{"line":77,"column":null}},"26":{"start":{"line":76,"column":6},"end":{"line":76,"column":null}},"27":{"start":{"line":79,"column":4},"end":{"line":79,"column":null}},"28":{"start":{"line":84,"column":18},"end":{"line":84,"column":null}},"29":{"start":{"line":85,"column":16},"end":{"line":90,"column":null}},"30":{"start":{"line":92,"column":2},"end":{"line":92,"column":null}}},"fnMap":{"0":{"name":"DELETE","decl":{"start":{"line":14,"column":22},"end":{"line":14,"column":28}},"loc":{"start":{"line":16,"column":45},"end":{"line":42,"column":null}}},"1":{"name":"PATCH","decl":{"start":{"line":44,"column":22},"end":{"line":44,"column":27}},"loc":{"start":{"line":46,"column":45},"end":{"line":81,"column":null}}},"2":{"name":"verifyCurrentUserHasAccessToPost","decl":{"start":{"line":83,"column":15},"end":{"line":83,"column":48}},"loc":{"start":{"line":83,"column":62},"end":{"line":93,"column":null}}}},"branchMap":{"0":{"loc":{"start":{"line":23,"column":4},"end":{"line":25,"column":null}},"type":"if","locations":[{"start":{"line":23,"column":4},"end":{"line":25,"column":null}},{"start":{},"end":{}}]},"1":{"loc":{"start":{"line":36,"column":4},"end":{"line":38,"column":null}},"type":"if","locations":[{"start":{"line":36,"column":4},"end":{"line":38,"column":null}},{"start":{},"end":{}}]},"2":{"loc":{"start":{"line":53,"column":4},"end":{"line":55,"column":null}},"type":"if","locations":[{"start":{"line":53,"column":4},"end":{"line":55,"column":null}},{"start":{},"end":{}}]},"3":{"loc":{"start":{"line":75,"column":4},"end":{"line":77,"column":null}},"type":"if","locations":[{"start":{"line":75,"column":4},"end":{"line":77,"column":null}},{"start":{},"end":{}}]}},"s":{"0":0,"1":0,"2":0,"3":0,"4":0,"5":0,"6":0,"7":0,"8":0,"9":0,"10":0,"11":0,"12":0,"13":0,"14":0,"15":0,"16":0,"17":0,"18":0,"19":0,"20":0,"21":0,"22":0,"23":0,"24":0,"25":0,"26":0,"27":0,"28":0,"29":0,"30":0},"f":{"0":0,"1":0,"2":0},"b":{"0":[0,0],"1":[0,0],"2":[0,0],"3":[0,0]}}
,"/Users/samhenry/patriot-heavy-ops/patriot-heavy-ops/app/api/service-requests/route.ts": {"path":"/Users/samhenry/patriot-heavy-ops/patriot-heavy-ops/app/api/service-requests/route.ts","statementMap":{"0":{"start":{"line":10,"column":22},"end":{"line":10,"column":25}},"1":{"start":{"line":117,"column":22},"end":{"line":117,"column":26}},"2":{"start":{"line":2,"column":19},"end":{"line":2,"column":null}},"3":{"start":{"line":5,"column":19},"end":{"line":5,"column":null}},"4":{"start":{"line":6,"column":58},"end":{"line":6,"column":null}},"5":{"start":{"line":7,"column":39},"end":{"line":7,"column":null}},"6":{"start":{"line":8,"column":30},"end":{"line":8,"column":null}},"7":{"start":{"line":11,"column":2},"end":{"line":114,"column":null}},"8":{"start":{"line":12,"column":17},"end":{"line":12,"column":null}},"9":{"start":{"line":14,"column":4},"end":{"line":16,"column":null}},"10":{"start":{"line":15,"column":6},"end":{"line":15,"column":null}},"11":{"start":{"line":21,"column":4},"end":{"line":108,"column":null}},"12":{"start":{"line":23,"column":6},"end":{"line":48,"column":null}},"13":{"start":{"line":49,"column":11},"end":{"line":108,"column":null}},"14":{"start":{"line":51,"column":6},"end":{"line":81,"column":null}},"15":{"start":{"line":82,"column":11},"end":{"line":108,"column":null}},"16":{"start":{"line":84,"column":6},"end":{"line":105,"column":null}},"17":{"start":{"line":107,"column":6},"end":{"line":107,"column":null}},"18":{"start":{"line":110,"column":4},"end":{"line":110,"column":null}},"19":{"start":{"line":112,"column":4},"end":{"line":112,"column":null}},"20":{"start":{"line":113,"column":4},"end":{"line":113,"column":null}},"21":{"start":{"line":118,"column":2},"end":{"line":171,"column":null}},"22":{"start":{"line":119,"column":17},"end":{"line":119,"column":null}},"23":{"start":{"line":121,"column":4},"end":{"line":123,"column":null}},"24":{"start":{"line":122,"column":6},"end":{"line":122,"column":null}},"25":{"start":{"line":126,"column":4},"end":{"line":128,"column":null}},"26":{"start":{"line":127,"column":6},"end":{"line":127,"column":null}},"27":{"start":{"line":129,"column":17},"end":{"line":129,"column":null}},"28":{"start":{"line":130,"column":17},"end":{"line":130,"column":null}},"29":{"start":{"line":132,"column":23},"end":{"line":132,"column":null}},"30":{"start":{"line":134,"column":27},"end":{"line":162,"column":null}},"31":{"start":{"line":164,"column":4},"end":{"line":164,"column":null}},"32":{"start":{"line":166,"column":4},"end":{"line":168,"column":null}},"33":{"start":{"line":167,"column":6},"end":{"line":167,"column":null}},"34":{"start":{"line":170,"column":4},"end":{"line":170,"column":null}}},"fnMap":{"0":{"name":"GET","decl":{"start":{"line":10,"column":22},"end":{"line":10,"column":25}},"loc":{"start":{"line":10,"column":22},"end":{"line":115,"column":null}}},"1":{"name":"POST","decl":{"start":{"line":117,"column":22},"end":{"line":117,"column":26}},"loc":{"start":{"line":117,"column":39},"end":{"line":172,"column":null}}}},"branchMap":{"0":{"loc":{"start":{"line":14,"column":4},"end":{"line":16,"column":null}},"type":"if","locations":[{"start":{"line":14,"column":4},"end":{"line":16,"column":null}},{"start":{},"end":{}}]},"1":{"loc":{"start":{"line":21,"column":4},"end":{"line":108,"column":null}},"type":"if","locations":[{"start":{"line":21,"column":4},"end":{"line":108,"column":null}},{"start":{"line":49,"column":11},"end":{"line":108,"column":null}}]},"2":{"loc":{"start":{"line":49,"column":11},"end":{"line":108,"column":null}},"type":"if","locations":[{"start":{"line":49,"column":11},"end":{"line":108,"column":null}},{"start":{"line":82,"column":11},"end":{"line":108,"column":null}}]},"3":{"loc":{"start":{"line":82,"column":11},"end":{"line":108,"column":null}},"type":"if","locations":[{"start":{"line":82,"column":11},"end":{"line":108,"column":null}},{"start":{"line":106,"column":11},"end":{"line":108,"column":null}}]},"4":{"loc":{"start":{"line":121,"column":4},"end":{"line":123,"column":null}},"type":"if","locations":[{"start":{"line":121,"column":4},"end":{"line":123,"column":null}},{"start":{},"end":{}}]},"5":{"loc":{"start":{"line":126,"column":4},"end":{"line":128,"column":null}},"type":"if","locations":[{"start":{"line":126,"column":4},"end":{"line":128,"column":null}},{"start":{},"end":{}}]},"6":{"loc":{"start":{"line":137,"column":21},"end":{"line":137,"column":null}},"type":"binary-expr","locations":[{"start":{"line":137,"column":21},"end":{"line":137,"column":37}},{"start":{"line":137,"column":41},"end":{"line":137,"column":null}}]},"7":{"loc":{"start":{"line":141,"column":17},"end":{"line":141,"column":null}},"type":"binary-expr","locations":[{"start":{"line":141,"column":17},"end":{"line":141,"column":29}},{"start":{"line":141,"column":33},"end":{"line":141,"column":null}}]},"8":{"loc":{"start":{"line":145,"column":17},"end":{"line":145,"column":null}},"type":"cond-expr","locations":[{"start":{"line":145,"column":32},"end":{"line":145,"column":57}},{"start":{"line":145,"column":57},"end":{"line":145,"column":null}}]},"9":{"loc":{"start":{"line":166,"column":4},"end":{"line":168,"column":null}},"type":"if","locations":[{"start":{"line":166,"column":4},"end":{"line":168,"column":null}},{"start":{},"end":{}}]}},"s":{"0":6,"1":12,"2":1,"3":1,"4":1,"5":1,"6":1,"7":6,"8":6,"9":6,"10":1,"11":5,"12":2,"13":3,"14":1,"15":2,"16":2,"17":0,"18":4,"19":1,"20":1,"21":12,"22":12,"23":12,"24":1,"25":11,"26":0,"27":11,"28":10,"29":7,"30":7,"31":6,"32":5,"33":3,"34":2},"f":{"0":6,"1":12},"b":{"0":[1,5],"1":[2,3],"2":[1,2],"3":[2,0],"4":[1,11],"5":[0,11],"6":[7,0],"7":[7,0],"8":[7,0],"9":[3,2]}}
,"/Users/samhenry/patriot-heavy-ops/patriot-heavy-ops/app/api/service-requests/[requestId]/route.ts": {"path":"/Users/samhenry/patriot-heavy-ops/patriot-heavy-ops/app/api/service-requests/[requestId]/route.ts","statementMap":{"0":{"start":{"line":32,"column":22},"end":{"line":32,"column":25}},"1":{"start":{"line":86,"column":22},"end":{"line":86,"column":27}},"2":{"start":{"line":128,"column":22},"end":{"line":128,"column":28}},"3":{"start":{"line":1,"column":33},"end":{"line":1,"column":null}},"4":{"start":{"line":2,"column":19},"end":{"line":2,"column":null}},"5":{"start":{"line":4,"column":28},"end":{"line":4,"column":null}},"6":{"start":{"line":5,"column":19},"end":{"line":5,"column":null}},"7":{"start":{"line":6,"column":43},"end":{"line":6,"column":null}},"8":{"start":{"line":10,"column":27},"end":{"line":14,"column":null}},"9":{"start":{"line":17,"column":18},"end":{"line":17,"column":null}},"10":{"start":{"line":18,"column":2},"end":{"line":20,"column":null}},"11":{"start":{"line":19,"column":4},"end":{"line":19,"column":null}},"12":{"start":{"line":22,"column":16},"end":{"line":27,"column":null}},"13":{"start":{"line":29,"column":2},"end":{"line":29,"column":null}},"14":{"start":{"line":36,"column":2},"end":{"line":83,"column":null}},"15":{"start":{"line":37,"column":23},"end":{"line":37,"column":null}},"16":{"start":{"line":39,"column":4},"end":{"line":41,"column":null}},"17":{"start":{"line":40,"column":6},"end":{"line":40,"column":null}},"18":{"start":{"line":43,"column":27},"end":{"line":74,"column":null}},"19":{"start":{"line":76,"column":4},"end":{"line":78,"column":null}},"20":{"start":{"line":77,"column":6},"end":{"line":77,"column":null}},"21":{"start":{"line":80,"column":4},"end":{"line":80,"column":null}},"22":{"start":{"line":82,"column":4},"end":{"line":82,"column":null}},"23":{"start":{"line":90,"column":2},"end":{"line":125,"column":null}},"24":{"start":{"line":91,"column":23},"end":{"line":91,"column":null}},"25":{"start":{"line":93,"column":4},"end":{"line":95,"column":null}},"26":{"start":{"line":94,"column":6},"end":{"line":94,"column":null}},"27":{"start":{"line":97,"column":17},"end":{"line":97,"column":null}},"28":{"start":{"line":98,"column":17},"end":{"line":98,"column":null}},"29":{"start":{"line":100,"column":27},"end":{"line":116,"column":null}},"30":{"start":{"line":118,"column":4},"end":{"line":118,"column":null}},"31":{"start":{"line":120,"column":4},"end":{"line":122,"column":null}},"32":{"start":{"line":121,"column":6},"end":{"line":121,"column":null}},"33":{"start":{"line":124,"column":4},"end":{"line":124,"column":null}},"34":{"start":{"line":132,"column":2},"end":{"line":152,"column":null}},"35":{"start":{"line":133,"column":23},"end":{"line":133,"column":null}},"36":{"start":{"line":135,"column":4},"end":{"line":137,"column":null}},"37":{"start":{"line":136,"column":6},"end":{"line":136,"column":null}},"38":{"start":{"line":139,"column":4},"end":{"line":143,"column":null}},"39":{"start":{"line":145,"column":4},"end":{"line":145,"column":null}},"40":{"start":{"line":147,"column":4},"end":{"line":149,"column":null}},"41":{"start":{"line":148,"column":6},"end":{"line":148,"column":null}},"42":{"start":{"line":151,"column":4},"end":{"line":151,"column":null}}},"fnMap":{"0":{"name":"verifyCurrentUserHasAccessToRequest","decl":{"start":{"line":16,"column":15},"end":{"line":16,"column":51}},"loc":{"start":{"line":16,"column":68},"end":{"line":30,"column":null}}},"1":{"name":"GET","decl":{"start":{"line":32,"column":22},"end":{"line":32,"column":25}},"loc":{"start":{"line":34,"column":45},"end":{"line":84,"column":null}}},"2":{"name":"PATCH","decl":{"start":{"line":86,"column":22},"end":{"line":86,"column":27}},"loc":{"start":{"line":88,"column":45},"end":{"line":126,"column":null}}},"3":{"name":"DELETE","decl":{"start":{"line":128,"column":22},"end":{"line":128,"column":28}},"loc":{"start":{"line":130,"column":45},"end":{"line":153,"column":null}}}},"branchMap":{"0":{"loc":{"start":{"line":18,"column":2},"end":{"line":20,"column":null}},"type":"if","locations":[{"start":{"line":18,"column":2},"end":{"line":20,"column":null}},{"start":{},"end":{}}]},"1":{"loc":{"start":{"line":39,"column":4},"end":{"line":41,"column":null}},"type":"if","locations":[{"start":{"line":39,"column":4},"end":{"line":41,"column":null}},{"start":{},"end":{}}]},"2":{"loc":{"start":{"line":76,"column":4},"end":{"line":78,"column":null}},"type":"if","locations":[{"start":{"line":76,"column":4},"end":{"line":78,"column":null}},{"start":{},"end":{}}]},"3":{"loc":{"start":{"line":93,"column":4},"end":{"line":95,"column":null}},"type":"if","locations":[{"start":{"line":93,"column":4},"end":{"line":95,"column":null}},{"start":{},"end":{}}]},"4":{"loc":{"start":{"line":106,"column":19},"end":{"line":106,"column":null}},"type":"cond-expr","locations":[{"start":{"line":106,"column":36},"end":{"line":106,"column":63}},{"start":{"line":106,"column":63},"end":{"line":106,"column":null}}]},"5":{"loc":{"start":{"line":107,"column":17},"end":{"line":107,"column":null}},"type":"cond-expr","locations":[{"start":{"line":107,"column":32},"end":{"line":107,"column":57}},{"start":{"line":107,"column":57},"end":{"line":107,"column":null}}]},"6":{"loc":{"start":{"line":120,"column":4},"end":{"line":122,"column":null}},"type":"if","locations":[{"start":{"line":120,"column":4},"end":{"line":122,"column":null}},{"start":{},"end":{}}]},"7":{"loc":{"start":{"line":135,"column":4},"end":{"line":137,"column":null}},"type":"if","locations":[{"start":{"line":135,"column":4},"end":{"line":137,"column":null}},{"start":{},"end":{}}]},"8":{"loc":{"start":{"line":147,"column":4},"end":{"line":149,"column":null}},"type":"if","locations":[{"start":{"line":147,"column":4},"end":{"line":149,"column":null}},{"start":{},"end":{}}]}},"s":{"0":6,"1":6,"2":4,"3":1,"4":1,"5":1,"6":1,"7":1,"8":1,"9":15,"10":15,"11":1,"12":14,"13":13,"14":6,"15":6,"16":6,"17":2,"18":3,"19":3,"20":1,"21":2,"22":1,"23":6,"24":6,"25":6,"26":1,"27":5,"28":4,"29":3,"30":2,"31":3,"32":1,"33":2,"34":4,"35":4,"36":3,"37":1,"38":2,"39":1,"40":2,"41":1,"42":1},"f":{"0":15,"1":6,"2":6,"3":4},"b":{"0":[1,14],"1":[2,3],"2":[1,2],"3":[1,5],"4":[1,2],"5":[1,2],"6":[1,2],"7":[1,2],"8":[1,1]}}
,"/Users/samhenry/patriot-heavy-ops/patriot-heavy-ops/app/api/users/[userId]/route.ts": {"path":"/Users/samhenry/patriot-heavy-ops/patriot-heavy-ops/app/api/users/[userId]/route.ts","statementMap":{"0":{"start":{"line":14,"column":22},"end":{"line":14,"column":null}},"1":{"start":{"line":1,"column":33},"end":{"line":1,"column":null}},"2":{"start":{"line":2,"column":18},"end":{"line":2,"column":null}},"3":{"start":{"line":4,"column":28},"end":{"line":4,"column":null}},"4":{"start":{"line":5,"column":19},"end":{"line":5,"column":null}},"5":{"start":{"line":6,"column":31},"end":{"line":6,"column":null}},"6":{"start":{"line":8,"column":27},"end":{"line":12,"column":null}},"7":{"start":{"line":18,"column":2},"end":{"line":49,"column":null}},"8":{"start":{"line":20,"column":23},"end":{"line":20,"column":null}},"9":{"start":{"line":23,"column":20},"end":{"line":23,"column":null}},"10":{"start":{"line":24,"column":4},"end":{"line":26,"column":null}},"11":{"start":{"line":25,"column":6},"end":{"line":25,"column":null}},"12":{"start":{"line":29,"column":17},"end":{"line":29,"column":null}},"13":{"start":{"line":30,"column":20},"end":{"line":30,"column":null}},"14":{"start":{"line":33,"column":4},"end":{"line":40,"column":null}},"15":{"start":{"line":42,"column":4},"end":{"line":42,"column":null}},"16":{"start":{"line":44,"column":4},"end":{"line":46,"column":null}},"17":{"start":{"line":45,"column":6},"end":{"line":45,"column":null}},"18":{"start":{"line":48,"column":4},"end":{"line":48,"column":null}}},"fnMap":{"0":{"name":"PATCH","decl":{"start":{"line":14,"column":22},"end":{"line":14,"column":null}},"loc":{"start":{"line":16,"column":45},"end":{"line":50,"column":null}}}},"branchMap":{"0":{"loc":{"start":{"line":24,"column":4},"end":{"line":26,"column":null}},"type":"if","locations":[{"start":{"line":24,"column":4},"end":{"line":26,"column":null}},{"start":{},"end":{}}]},"1":{"loc":{"start":{"line":24,"column":8},"end":{"line":24,"column":62}},"type":"binary-expr","locations":[{"start":{"line":24,"column":8},"end":{"line":24,"column":26}},{"start":{"line":24,"column":26},"end":{"line":24,"column":62}}]},"2":{"loc":{"start":{"line":44,"column":4},"end":{"line":46,"column":null}},"type":"if","locations":[{"start":{"line":44,"column":4},"end":{"line":46,"column":null}},{"start":{},"end":{}}]}},"s":{"0":15,"1":1,"2":1,"3":1,"4":1,"5":1,"6":1,"7":15,"8":15,"9":14,"10":13,"11":3,"12":10,"13":9,"14":6,"15":5,"16":7,"17":4,"18":3},"f":{"0":15},"b":{"0":[3,10],"1":[13,12],"2":[4,3]}}
,"/Users/samhenry/patriot-heavy-ops/patriot-heavy-ops/app/api/users/[userId]/operator-application/route.ts": {"path":"/Users/samhenry/patriot-heavy-ops/patriot-heavy-ops/app/api/users/[userId]/operator-application/route.ts","statementMap":{"0":{"start":{"line":14,"column":22},"end":{"line":14,"column":null}},"1":{"start":{"line":1,"column":33},"end":{"line":1,"column":null}},"2":{"start":{"line":2,"column":18},"end":{"line":2,"column":null}},"3":{"start":{"line":4,"column":28},"end":{"line":4,"column":null}},"4":{"start":{"line":5,"column":19},"end":{"line":5,"column":null}},"5":{"start":{"line":6,"column":42},"end":{"line":6,"column":null}},"6":{"start":{"line":8,"column":27},"end":{"line":12,"column":null}},"7":{"start":{"line":18,"column":2},"end":{"line":79,"column":null}},"8":{"start":{"line":20,"column":23},"end":{"line":20,"column":null}},"9":{"start":{"line":23,"column":20},"end":{"line":23,"column":null}},"10":{"start":{"line":24,"column":4},"end":{"line":26,"column":null}},"11":{"start":{"line":25,"column":6},"end":{"line":25,"column":null}},"12":{"start":{"line":29,"column":17},"end":{"line":29,"column":null}},"13":{"start":{"line":30,"column":20},"end":{"line":30,"column":null}},"14":{"start":{"line":34,"column":24},"end":{"line":43,"column":null}},"15":{"start":{"line":45,"column":4},"end":{"line":48,"column":null}},"16":{"start":{"line":50,"column":4},"end":{"line":63,"column":null}},"17":{"start":{"line":65,"column":4},"end":{"line":67,"column":null}},"18":{"start":{"line":66,"column":6},"end":{"line":66,"column":null}},"19":{"start":{"line":69,"column":4},"end":{"line":69,"column":null}},"20":{"start":{"line":70,"column":4},"end":{"line":78,"column":null}}},"fnMap":{"0":{"name":"POST","decl":{"start":{"line":14,"column":22},"end":{"line":14,"column":null}},"loc":{"start":{"line":16,"column":45},"end":{"line":80,"column":null}}}},"branchMap":{"0":{"loc":{"start":{"line":24,"column":4},"end":{"line":26,"column":null}},"type":"if","locations":[{"start":{"line":24,"column":4},"end":{"line":26,"column":null}},{"start":{},"end":{}}]},"1":{"loc":{"start":{"line":24,"column":8},"end":{"line":24,"column":62}},"type":"binary-expr","locations":[{"start":{"line":24,"column":8},"end":{"line":24,"column":26}},{"start":{"line":24,"column":26},"end":{"line":24,"column":62}}]},"2":{"loc":{"start":{"line":65,"column":4},"end":{"line":67,"column":null}},"type":"if","locations":[{"start":{"line":65,"column":4},"end":{"line":67,"column":null}},{"start":{},"end":{}}]}},"s":{"0":17,"1":1,"2":1,"3":1,"4":1,"5":1,"6":1,"7":17,"8":17,"9":16,"10":15,"11":3,"12":12,"13":11,"14":9,"15":8,"16":8,"17":6,"18":3,"19":3,"20":3},"f":{"0":17},"b":{"0":[3,12],"1":[15,14],"2":[3,3]}}
,"/Users/samhenry/patriot-heavy-ops/patriot-heavy-ops/app/api/users/stripe/route.ts": {"path":"/Users/samhenry/patriot-heavy-ops/patriot-heavy-ops/app/api/users/stripe/route.ts","statementMap":{"0":{"start":{"line":12,"column":22},"end":{"line":12,"column":26}},"1":{"start":{"line":1,"column":33},"end":{"line":1,"column":null}},"2":{"start":{"line":2,"column":18},"end":{"line":2,"column":null}},"3":{"start":{"line":4,"column":24},"end":{"line":4,"column":null}},"4":{"start":{"line":5,"column":28},"end":{"line":5,"column":null}},"5":{"start":{"line":6,"column":23},"end":{"line":6,"column":null}},"6":{"start":{"line":7,"column":40},"end":{"line":7,"column":null}},"7":{"start":{"line":8,"column":28},"end":{"line":8,"column":null}},"8":{"start":{"line":10,"column":19},"end":{"line":10,"column":null}},"9":{"start":{"line":13,"column":2},"end":{"line":60,"column":null}},"10":{"start":{"line":14,"column":20},"end":{"line":14,"column":null}},"11":{"start":{"line":16,"column":4},"end":{"line":18,"column":null}},"12":{"start":{"line":17,"column":6},"end":{"line":17,"column":null}},"13":{"start":{"line":20,"column":29},"end":{"line":20,"column":null}},"14":{"start":{"line":24,"column":4},"end":{"line":31,"column":null}},"15":{"start":{"line":25,"column":28},"end":{"line":28,"column":null}},"16":{"start":{"line":30,"column":6},"end":{"line":30,"column":null}},"17":{"start":{"line":35,"column":26},"end":{"line":51,"column":null}},"18":{"start":{"line":53,"column":4},"end":{"line":53,"column":null}},"19":{"start":{"line":55,"column":4},"end":{"line":57,"column":null}},"20":{"start":{"line":56,"column":6},"end":{"line":56,"column":null}},"21":{"start":{"line":59,"column":4},"end":{"line":59,"column":null}}},"fnMap":{"0":{"name":"GET","decl":{"start":{"line":12,"column":22},"end":{"line":12,"column":26}},"loc":{"start":{"line":12,"column":38},"end":{"line":61,"column":null}}}},"branchMap":{"0":{"loc":{"start":{"line":16,"column":4},"end":{"line":18,"column":null}},"type":"if","locations":[{"start":{"line":16,"column":4},"end":{"line":18,"column":null}},{"start":{},"end":{}}]},"1":{"loc":{"start":{"line":16,"column":8},"end":{"line":16,"column":48}},"type":"binary-expr","locations":[{"start":{"line":16,"column":8},"end":{"line":16,"column":26}},{"start":{"line":16,"column":26},"end":{"line":16,"column":48}}]},"2":{"loc":{"start":{"line":24,"column":4},"end":{"line":31,"column":null}},"type":"if","locations":[{"start":{"line":24,"column":4},"end":{"line":31,"column":null}},{"start":{},"end":{}}]},"3":{"loc":{"start":{"line":24,"column":8},"end":{"line":24,"column":67}},"type":"binary-expr","locations":[{"start":{"line":24,"column":8},"end":{"line":24,"column":30}},{"start":{"line":24,"column":34},"end":{"line":24,"column":67}}]},"4":{"loc":{"start":{"line":55,"column":4},"end":{"line":57,"column":null}},"type":"if","locations":[{"start":{"line":55,"column":4},"end":{"line":57,"column":null}},{"start":{},"end":{}}]}},"s":{"0":13,"1":1,"2":1,"3":1,"4":1,"5":1,"6":1,"7":1,"8":1,"9":13,"10":13,"11":12,"12":3,"13":9,"14":7,"15":2,"16":1,"17":5,"18":4,"19":5,"20":0,"21":5},"f":{"0":13},"b":{"0":[3,9],"1":[12,10],"2":[2,5],"3":[7,4],"4":[0,5]}}
,"/Users/samhenry/patriot-heavy-ops/patriot-heavy-ops/app/api/webhooks/stripe/route.ts": {"path":"/Users/samhenry/patriot-heavy-ops/patriot-heavy-ops/app/api/webhooks/stripe/route.ts","statementMap":{"0":{"start":{"line":8,"column":22},"end":{"line":8,"column":27}},"1":{"start":{"line":1,"column":24},"end":{"line":1,"column":null}},"2":{"start":{"line":4,"column":20},"end":{"line":4,"column":null}},"3":{"start":{"line":5,"column":19},"end":{"line":5,"column":null}},"4":{"start":{"line":6,"column":23},"end":{"line":6,"column":null}},"5":{"start":{"line":9,"column":15},"end":{"line":9,"column":null}},"6":{"start":{"line":10,"column":20},"end":{"line":10,"column":null}},"7":{"start":{"line":14,"column":2},"end":{"line":25,"column":null}},"8":{"start":{"line":15,"column":4},"end":{"line":17,"column":null}},"9":{"start":{"line":16,"column":6},"end":{"line":16,"column":null}},"10":{"start":{"line":18,"column":4},"end":{"line":21,"column":null}},"11":{"start":{"line":24,"column":4},"end":{"line":24,"column":null}},"12":{"start":{"line":27,"column":18},"end":{"line":27,"column":35}},"13":{"start":{"line":29,"column":2},"end":{"line":51,"column":null}},"14":{"start":{"line":31,"column":25},"end":{"line":32,"column":null}},"15":{"start":{"line":38,"column":4},"end":{"line":50,"column":null}},"16":{"start":{"line":53,"column":2},"end":{"line":71,"column":null}},"17":{"start":{"line":55,"column":25},"end":{"line":56,"column":null}},"18":{"start":{"line":60,"column":4},"end":{"line":70,"column":null}},"19":{"start":{"line":73,"column":2},"end":{"line":73,"column":null}}},"fnMap":{"0":{"name":"POST","decl":{"start":{"line":8,"column":22},"end":{"line":8,"column":27}},"loc":{"start":{"line":8,"column":39},"end":{"line":74,"column":null}}}},"branchMap":{"0":{"loc":{"start":{"line":15,"column":4},"end":{"line":17,"column":null}},"type":"if","locations":[{"start":{"line":15,"column":4},"end":{"line":17,"column":null}},{"start":{},"end":{}}]},"1":{"loc":{"start":{"line":29,"column":2},"end":{"line":51,"column":null}},"type":"if","locations":[{"start":{"line":29,"column":2},"end":{"line":51,"column":null}},{"start":{},"end":{}}]},"2":{"loc":{"start":{"line":53,"column":2},"end":{"line":71,"column":null}},"type":"if","locations":[{"start":{"line":53,"column":2},"end":{"line":71,"column":null}},{"start":{},"end":{}}]}},"s":{"0":13,"1":1,"2":1,"3":1,"4":1,"5":13,"6":13,"7":13,"8":13,"9":0,"10":13,"11":4,"12":9,"13":9,"14":6,"15":5,"16":7,"17":2,"18":1,"19":6},"f":{"0":13},"b":{"0":[0,13],"1":[6,3],"2":[2,5]}}
,"/Users/samhenry/patriot-heavy-ops/patriot-heavy-ops/components/analytics.tsx": {"path":"/Users/samhenry/patriot-heavy-ops/patriot-heavy-ops/components/analytics.tsx","statementMap":{"0":{"start":{"line":5,"column":16},"end":{"line":5,"column":null}},"1":{"start":{"line":3,"column":45},"end":{"line":3,"column":null}},"2":{"start":{"line":6,"column":2},"end":{"line":6,"column":null}}},"fnMap":{"0":{"name":"Analytics","decl":{"start":{"line":5,"column":16},"end":{"line":5,"column":null}},"loc":{"start":{"line":5,"column":16},"end":{"line":7,"column":null}}}},"branchMap":{},"s":{"0":0,"1":0,"2":0},"f":{"0":0},"b":{}}
,"/Users/samhenry/patriot-heavy-ops/patriot-heavy-ops/components/billing-form.tsx": {"path":"/Users/samhenry/patriot-heavy-ops/patriot-heavy-ops/components/billing-form.tsx","statementMap":{"0":{"start":{"line":25,"column":16},"end":{"line":25,"column":28}},"1":{"start":{"line":3,"column":23},"end":{"line":3,"column":null}},"2":{"start":{"line":6,"column":31},"end":{"line":6,"column":null}},"3":{"start":{"line":7,"column":31},"end":{"line":7,"column":null}},"4":{"start":{"line":15,"column":7},"end":{"line":15,"column":null}},"5":{"start":{"line":16,"column":22},"end":{"line":16,"column":null}},"6":{"start":{"line":17,"column":22},"end":{"line":17,"column":null}},"7":{"start":{"line":30,"column":36},"end":{"line":30,"column":null}},"8":{"start":{"line":33,"column":4},"end":{"line":33,"column":null}},"9":{"start":{"line":34,"column":4},"end":{"line":34,"column":null}},"10":{"start":{"line":37,"column":21},"end":{"line":37,"column":null}},"11":{"start":{"line":39,"column":4},"end":{"line":46,"column":null}},"12":{"start":{"line":40,"column":6},"end":{"line":44,"column":null}},"13":{"start":{"line":45,"column":6},"end":{"line":45,"column":null}},"14":{"start":{"line":51,"column":20},"end":{"line":51,"column":null}},"15":{"start":{"line":52,"column":4},"end":{"line":54,"column":null}},"16":{"start":{"line":53,"column":6},"end":{"line":53,"column":null}}},"fnMap":{"0":{"name":"BillingForm","decl":{"start":{"line":25,"column":16},"end":{"line":25,"column":28}},"loc":{"start":{"line":29,"column":19},"end":{"line":91,"column":null}}},"1":{"name":"onSubmit","decl":{"start":{"line":32,"column":17},"end":{"line":32,"column":26}},"loc":{"start":{"line":32,"column":65},"end":{"line":55,"column":null}}}},"branchMap":{"0":{"loc":{"start":{"line":39,"column":4},"end":{"line":46,"column":null}},"type":"if","locations":[{"start":{"line":39,"column":4},"end":{"line":46,"column":null}},{"start":{},"end":{}}]},"1":{"loc":{"start":{"line":52,"column":4},"end":{"line":54,"column":null}},"type":"if","locations":[{"start":{"line":52,"column":4},"end":{"line":54,"column":null}},{"start":{},"end":{}}]},"2":{"loc":{"start":{"line":74,"column":13},"end":{"line":74,"column":null}},"type":"binary-expr","locations":[{"start":{"line":74,"column":13},"end":{"line":74,"column":null}}]},"3":{"loc":{"start":{"line":77,"column":13},"end":{"line":77,"column":null}},"type":"cond-expr","locations":[{"start":{"line":77,"column":38},"end":{"line":77,"column":62}},{"start":{"line":77,"column":62},"end":{"line":77,"column":null}}]},"4":{"loc":{"start":{"line":79,"column":11},"end":{"line":86,"column":null}},"type":"cond-expr","locations":[{"start":{"line":80,"column":12},"end":{"line":86,"column":null}},{"start":{"line":86,"column":14},"end":{"line":86,"column":null}}]},"5":{"loc":{"start":{"line":81,"column":15},"end":{"line":83,"column":null}},"type":"cond-expr","locations":[{"start":{"line":82,"column":18},"end":{"line":82,"column":null}},{"start":{"line":83,"column":18},"end":{"line":83,"column":null}}]}},"s":{"0":0,"1":0,"2":0,"3":0,"4":0,"5":0,"6":0,"7":0,"8":0,"9":0,"10":0,"11":0,"12":0,"13":0,"14":0,"15":0,"16":0},"f":{"0":0,"1":0},"b":{"0":[0,0],"1":[0,0],"2":[0],"3":[0,0],"4":[0,0],"5":[0,0]}}
,"/Users/samhenry/patriot-heavy-ops/patriot-heavy-ops/components/callout.tsx": {"path":"/Users/samhenry/patriot-heavy-ops/patriot-heavy-ops/components/callout.tsx","statementMap":{"0":{"start":{"line":9,"column":16},"end":{"line":9,"column":24}},"1":{"start":{"line":1,"column":19},"end":{"line":1,"column":null}}},"fnMap":{"0":{"name":"Callout","decl":{"start":{"line":9,"column":16},"end":{"line":9,"column":24}},"loc":{"start":{"line":14,"column":15},"end":{"line":27,"column":null}}}},"branchMap":{"0":{"loc":{"start":{"line":12,"column":2},"end":{"line":12,"column":18}},"type":"default-arg","locations":[{"start":{"line":12,"column":9},"end":{"line":12,"column":18}}]},"1":{"loc":{"start":{"line":23,"column":7},"end":{"line":23,"column":15}},"type":"binary-expr","locations":[{"start":{"line":23,"column":7},"end":{"line":23,"column":15}}]}},"s":{"0":0,"1":0},"f":{"0":0},"b":{"0":[0],"1":[0]}}
,"/Users/samhenry/patriot-heavy-ops/patriot-heavy-ops/components/card-skeleton.tsx": {"path":"/Users/samhenry/patriot-heavy-ops/patriot-heavy-ops/components/card-skeleton.tsx","statementMap":{"0":{"start":{"line":4,"column":16},"end":{"line":4,"column":null}},"1":{"start":{"line":1,"column":58},"end":{"line":1,"column":null}},"2":{"start":{"line":2,"column":25},"end":{"line":2,"column":null}}},"fnMap":{"0":{"name":"CardSkeleton","decl":{"start":{"line":4,"column":16},"end":{"line":4,"column":null}},"loc":{"start":{"line":4,"column":16},"end":{"line":17,"column":null}}}},"branchMap":{},"s":{"0":0,"1":0,"2":0},"f":{"0":0},"b":{}}
,"/Users/samhenry/patriot-heavy-ops/patriot-heavy-ops/components/empty-placeholder.tsx": {"path":"/Users/samhenry/patriot-heavy-ops/patriot-heavy-ops/components/empty-placeholder.tsx","statementMap":{"0":{"start":{"line":8,"column":16},"end":{"line":8,"column":33}},"1":{"start":{"line":1,"column":23},"end":{"line":1,"column":null}},"2":{"start":{"line":3,"column":19},"end":{"line":3,"column":null}},"3":{"start":{"line":4,"column":22},"end":{"line":4,"column":null}},"4":{"start":{"line":33,"column":0},"end":{"line":49,"column":null}},"5":{"start":{"line":38,"column":15},"end":{"line":38,"column":26}},"6":{"start":{"line":40,"column":2},"end":{"line":42,"column":null}},"7":{"start":{"line":41,"column":4},"end":{"line":41,"column":null}},"8":{"start":{"line":54,"column":0},"end":{"line":61,"column":null}},"9":{"start":{"line":66,"column":0},"end":{"line":79,"column":null}}},"fnMap":{"0":{"name":"EmptyPlaceholder","decl":{"start":{"line":8,"column":16},"end":{"line":8,"column":33}},"loc":{"start":{"line":12,"column":24},"end":{"line":26,"column":null}}},"1":{"name":"EmptyPlaceHolderIcon","decl":{"start":{"line":33,"column":33},"end":{"line":33,"column":54}},"loc":{"start":{"line":37,"column":28},"end":{"line":49,"column":null}}},"2":{"name":"EmptyPlaceholderTitle","decl":{"start":{"line":54,"column":34},"end":{"line":54,"column":56}},"loc":{"start":{"line":57,"column":28},"end":{"line":61,"column":null}}},"3":{"name":"EmptyPlaceholderDescription","decl":{"start":{"line":66,"column":40},"end":{"line":66,"column":68}},"loc":{"start":{"line":69,"column":34},"end":{"line":79,"column":null}}}},"branchMap":{"0":{"loc":{"start":{"line":40,"column":2},"end":{"line":42,"column":null}},"type":"if","locations":[{"start":{"line":40,"column":2},"end":{"line":42,"column":null}},{"start":{},"end":{}}]}},"s":{"0":0,"1":0,"2":0,"3":0,"4":0,"5":0,"6":0,"7":0,"8":0,"9":0},"f":{"0":0,"1":0,"2":0,"3":0},"b":{"0":[0,0]}}
,"/Users/samhenry/patriot-heavy-ops/patriot-heavy-ops/components/header.tsx": {"path":"/Users/samhenry/patriot-heavy-ops/patriot-heavy-ops/components/header.tsx","statementMap":{"0":{"start":{"line":7,"column":16},"end":{"line":7,"column":32}}},"fnMap":{"0":{"name":"DashboardHeader","decl":{"start":{"line":7,"column":16},"end":{"line":7,"column":32}},"loc":{"start":{"line":11,"column":23},"end":{"line":21,"column":null}}}},"branchMap":{"0":{"loc":{"start":{"line":16,"column":9},"end":{"line":16,"column":17}},"type":"binary-expr","locations":[{"start":{"line":16,"column":9},"end":{"line":16,"column":17}}]}},"s":{"0":0},"f":{"0":0},"b":{"0":[0]}}
,"/Users/samhenry/patriot-heavy-ops/patriot-heavy-ops/components/icons.tsx": {"path":"/Users/samhenry/patriot-heavy-ops/patriot-heavy-ops/components/icons.tsx","statementMap":{"0":{"start":{"line":33,"column":13},"end":{"line":33,"column":21}},"1":{"start":{"line":28,"column":7},"end":{"line":28,"column":null}},"2":{"start":{"line":29,"column":22},"end":{"line":29,"column":null}},"3":{"start":{"line":33,"column":21},"end":{"line":101,"column":null}}},"fnMap":{},"branchMap":{"0":{"loc":{"start":{"line":73,"column":15},"end":{"line":73,"column":25}},"type":"default-arg","locations":[{"start":{"line":73,"column":23},"end":{"line":73,"column":25}}]},"1":{"loc":{"start":{"line":73,"column":27},"end":{"line":73,"column":38}},"type":"default-arg","locations":[{"start":{"line":73,"column":36},"end":{"line":73,"column":38}}]}},"s":{"0":62,"1":1,"2":1,"3":1},"f":{},"b":{"0":[0],"1":[0]}}
,"/Users/samhenry/patriot-heavy-ops/patriot-heavy-ops/components/main-nav.tsx": {"path":"/Users/samhenry/patriot-heavy-ops/patriot-heavy-ops/components/main-nav.tsx","statementMap":{"0":{"start":{"line":18,"column":16},"end":{"line":18,"column":24}},"1":{"start":{"line":3,"column":23},"end":{"line":3,"column":null}},"2":{"start":{"line":5,"column":41},"end":{"line":5,"column":null}},"3":{"start":{"line":10,"column":22},"end":{"line":10,"column":null}},"4":{"start":{"line":11,"column":26},"end":{"line":11,"column":null}},"5":{"start":{"line":19,"column":18},"end":{"line":19,"column":null}},"6":{"start":{"line":20,"column":46},"end":{"line":20,"column":null}},"7":{"start":{"line":27,"column":23},"end":{"line":27,"column":null}},"8":{"start":{"line":34,"column":48},"end":{"line":34,"column":null}}},"fnMap":{"0":{"name":"MainNav","decl":{"start":{"line":18,"column":16},"end":{"line":18,"column":24}},"loc":{"start":{"line":18,"column":57},"end":{"line":40,"column":null}}},"1":{"name":"(anonymous_5)","decl":{"start":{"line":27,"column":17},"end":{"line":27,"column":23}},"loc":{"start":{"line":27,"column":23},"end":{"line":27,"column":null}}},"2":{"name":"(anonymous_6)","decl":{"start":{"line":34,"column":42},"end":{"line":34,"column":48}},"loc":{"start":{"line":34,"column":48},"end":{"line":34,"column":null}}}},"branchMap":{"0":{"loc":{"start":{"line":29,"column":9},"end":{"line":29,"column":null}},"type":"cond-expr","locations":[{"start":{"line":29,"column":26},"end":{"line":29,"column":44}},{"start":{"line":29,"column":44},"end":{"line":29,"column":null}}]},"1":{"loc":{"start":{"line":33,"column":7},"end":{"line":33,"column":25}},"type":"binary-expr","locations":[{"start":{"line":33,"column":7},"end":{"line":33,"column":25}},{"start":{"line":33,"column":25},"end":{"line":33,"column":null}}]}},"s":{"0":0,"1":0,"2":0,"3":0,"4":0,"5":0,"6":0,"7":0,"8":0},"f":{"0":0,"1":0,"2":0},"b":{"0":[0,0],"1":[0,0]}}
,"/Users/samhenry/patriot-heavy-ops/patriot-heavy-ops/components/mobile-nav.tsx": {"path":"/Users/samhenry/patriot-heavy-ops/patriot-heavy-ops/components/mobile-nav.tsx","statementMap":{"0":{"start":{"line":18,"column":16},"end":{"line":18,"column":26}},"1":{"start":{"line":1,"column":23},"end":{"line":1,"column":null}},"2":{"start":{"line":2,"column":17},"end":{"line":2,"column":null}},"3":{"start":{"line":3,"column":18},"end":{"line":3,"column":null}},"4":{"start":{"line":7,"column":19},"end":{"line":7,"column":null}},"5":{"start":{"line":8,"column":28},"end":{"line":8,"column":null}},"6":{"start":{"line":9,"column":22},"end":{"line":9,"column":null}},"7":{"start":{"line":10,"column":31},"end":{"line":10,"column":null}},"8":{"start":{"line":19,"column":2},"end":{"line":19,"column":null}},"9":{"start":{"line":57,"column":16},"end":{"line":58,"column":null}},"10":{"start":{"line":77,"column":16},"end":{"line":78,"column":null}}},"fnMap":{"0":{"name":"MobileNav","decl":{"start":{"line":18,"column":16},"end":{"line":18,"column":26}},"loc":{"start":{"line":18,"column":70},"end":{"line":121,"column":null}}},"1":{"name":"(anonymous_6)","decl":{"start":{"line":56,"column":37},"end":{"line":56,"column":38}},"loc":{"start":{"line":57,"column":16},"end":{"line":58,"column":null}}},"2":{"name":"(anonymous_7)","decl":{"start":{"line":76,"column":37},"end":{"line":76,"column":38}},"loc":{"start":{"line":77,"column":16},"end":{"line":78,"column":null}}}},"branchMap":{"0":{"loc":{"start":{"line":59,"column":24},"end":{"line":59,"column":55}},"type":"cond-expr","locations":[{"start":{"line":59,"column":40},"end":{"line":59,"column":46}},{"start":{"line":59,"column":46},"end":{"line":59,"column":55}}]},"1":{"loc":{"start":{"line":62,"column":20},"end":{"line":62,"column":null}},"type":"binary-expr","locations":[{"start":{"line":62,"column":20},"end":{"line":62,"column":33}},{"start":{"line":62,"column":37},"end":{"line":62,"column":null}}]},"2":{"loc":{"start":{"line":79,"column":24},"end":{"line":79,"column":55}},"type":"cond-expr","locations":[{"start":{"line":79,"column":40},"end":{"line":79,"column":46}},{"start":{"line":79,"column":46},"end":{"line":79,"column":55}}]},"3":{"loc":{"start":{"line":82,"column":20},"end":{"line":82,"column":null}},"type":"binary-expr","locations":[{"start":{"line":82,"column":20},"end":{"line":82,"column":33}},{"start":{"line":82,"column":37},"end":{"line":82,"column":null}}]}},"s":{"0":0,"1":0,"2":0,"3":0,"4":0,"5":0,"6":0,"7":0,"8":0,"9":0,"10":0},"f":{"0":0,"1":0,"2":0},"b":{"0":[0,0],"1":[0,0],"2":[0,0],"3":[0,0]}}
,"/Users/samhenry/patriot-heavy-ops/patriot-heavy-ops/components/mode-toggle.tsx": {"path":"/Users/samhenry/patriot-heavy-ops/patriot-heavy-ops/components/mode-toggle.tsx","statementMap":{"0":{"start":{"line":15,"column":16},"end":{"line":15,"column":null}},"1":{"start":{"line":3,"column":23},"end":{"line":3,"column":null}},"2":{"start":{"line":4,"column":25},"end":{"line":4,"column":null}},"3":{"start":{"line":6,"column":23},"end":{"line":6,"column":null}},"4":{"start":{"line":12,"column":7},"end":{"line":12,"column":null}},"5":{"start":{"line":13,"column":22},"end":{"line":13,"column":null}},"6":{"start":{"line":16,"column":23},"end":{"line":16,"column":null}},"7":{"start":{"line":28,"column":41},"end":{"line":28,"column":null}},"8":{"start":{"line":32,"column":41},"end":{"line":32,"column":null}},"9":{"start":{"line":36,"column":41},"end":{"line":36,"column":null}}},"fnMap":{"0":{"name":"ModeToggle","decl":{"start":{"line":15,"column":16},"end":{"line":15,"column":null}},"loc":{"start":{"line":15,"column":16},"end":{"line":43,"column":null}}},"1":{"name":"(anonymous_5)","decl":{"start":{"line":28,"column":35},"end":{"line":28,"column":41}},"loc":{"start":{"line":28,"column":41},"end":{"line":28,"column":null}}},"2":{"name":"(anonymous_6)","decl":{"start":{"line":32,"column":35},"end":{"line":32,"column":41}},"loc":{"start":{"line":32,"column":41},"end":{"line":32,"column":null}}},"3":{"name":"(anonymous_7)","decl":{"start":{"line":36,"column":35},"end":{"line":36,"column":41}},"loc":{"start":{"line":36,"column":41},"end":{"line":36,"column":null}}}},"branchMap":{},"s":{"0":0,"1":0,"2":0,"3":0,"4":0,"5":0,"6":0,"7":0,"8":0,"9":0},"f":{"0":0,"1":0,"2":0,"3":0},"b":{}}
,"/Users/samhenry/patriot-heavy-ops/patriot-heavy-ops/components/nav.tsx": {"path":"/Users/samhenry/patriot-heavy-ops/patriot-heavy-ops/components/nav.tsx","statementMap":{"0":{"start":{"line":14,"column":16},"end":{"line":14,"column":29}},"1":{"start":{"line":3,"column":17},"end":{"line":3,"column":null}},"2":{"start":{"line":4,"column":28},"end":{"line":4,"column":null}},"3":{"start":{"line":7,"column":19},"end":{"line":7,"column":null}},"4":{"start":{"line":8,"column":22},"end":{"line":8,"column":null}},"5":{"start":{"line":15,"column":15},"end":{"line":15,"column":null}},"6":{"start":{"line":17,"column":2},"end":{"line":19,"column":null}},"7":{"start":{"line":18,"column":4},"end":{"line":18,"column":null}},"8":{"start":{"line":24,"column":21},"end":{"line":24,"column":53}},"9":{"start":{"line":25,"column":8},"end":{"line":27,"column":30}}},"fnMap":{"0":{"name":"DashboardNav","decl":{"start":{"line":14,"column":16},"end":{"line":14,"column":29}},"loc":{"start":{"line":14,"column":57},"end":{"line":44,"column":null}}},"1":{"name":"(anonymous_3)","decl":{"start":{"line":23,"column":17},"end":{"line":23,"column":18}},"loc":{"start":{"line":23,"column":24},"end":{"line":41,"column":null}}}},"branchMap":{"0":{"loc":{"start":{"line":17,"column":2},"end":{"line":19,"column":null}},"type":"if","locations":[{"start":{"line":17,"column":2},"end":{"line":19,"column":null}},{"start":{},"end":{}}]},"1":{"loc":{"start":{"line":24,"column":27},"end":{"line":24,"column":53}},"type":"binary-expr","locations":[{"start":{"line":24,"column":27},"end":{"line":24,"column":36}},{"start":{"line":24,"column":40},"end":{"line":24,"column":53}}]},"2":{"loc":{"start":{"line":26,"column":10},"end":{"line":27,"column":30}},"type":"binary-expr","locations":[{"start":{"line":26,"column":10},"end":{"line":26,"column":19}},{"start":{"line":27,"column":12},"end":{"line":27,"column":30}}]},"3":{"loc":{"start":{"line":27,"column":36},"end":{"line":27,"column":67}},"type":"cond-expr","locations":[{"start":{"line":27,"column":52},"end":{"line":27,"column":58}},{"start":{"line":27,"column":58},"end":{"line":27,"column":67}}]},"4":{"loc":{"start":{"line":31,"column":18},"end":{"line":31,"column":null}},"type":"cond-expr","locations":[{"start":{"line":31,"column":39},"end":{"line":31,"column":53}},{"start":{"line":31,"column":53},"end":{"line":31,"column":null}}]},"5":{"loc":{"start":{"line":32,"column":18},"end":{"line":32,"column":null}},"type":"binary-expr","locations":[{"start":{"line":32,"column":18},"end":{"line":32,"column":31}},{"start":{"line":32,"column":35},"end":{"line":32,"column":null}}]}},"s":{"0":0,"1":0,"2":0,"3":0,"4":0,"5":0,"6":0,"7":0,"8":0,"9":0},"f":{"0":0,"1":0},"b":{"0":[0,0],"1":[0,0],"2":[0,0],"3":[0,0],"4":[0,0],"5":[0,0]}}
,"/Users/samhenry/patriot-heavy-ops/patriot-heavy-ops/components/operator-application-form.tsx": {"path":"/Users/samhenry/patriot-heavy-ops/patriot-heavy-ops/components/operator-application-form.tsx","statementMap":{"0":{"start":{"line":39,"column":16},"end":{"line":39,"column":40}},"1":{"start":{"line":3,"column":23},"end":{"line":3,"column":null}},"2":{"start":{"line":4,"column":26},"end":{"line":4,"column":null}},"3":{"start":{"line":5,"column":28},"end":{"line":5,"column":null}},"4":{"start":{"line":7,"column":24},"end":{"line":7,"column":null}},"5":{"start":{"line":10,"column":19},"end":{"line":10,"column":null}},"6":{"start":{"line":11,"column":42},"end":{"line":11,"column":null}},"7":{"start":{"line":12,"column":31},"end":{"line":12,"column":null}},"8":{"start":{"line":20,"column":7},"end":{"line":20,"column":null}},"9":{"start":{"line":21,"column":22},"end":{"line":21,"column":null}},"10":{"start":{"line":22,"column":22},"end":{"line":22,"column":null}},"11":{"start":{"line":23,"column":22},"end":{"line":23,"column":null}},"12":{"start":{"line":24,"column":22},"end":{"line":24,"column":null}},"13":{"start":{"line":40,"column":17},"end":{"line":40,"column":null}},"14":{"start":{"line":46,"column":6},"end":{"line":51,"column":null}},"15":{"start":{"line":52,"column":34},"end":{"line":52,"column":null}},"16":{"start":{"line":53,"column":38},"end":{"line":53,"column":null}},"17":{"start":{"line":54,"column":40},"end":{"line":54,"column":null}},"18":{"start":{"line":55,"column":36},"end":{"line":55,"column":null}},"19":{"start":{"line":56,"column":22},"end":{"line":56,"column":null}},"20":{"start":{"line":58,"column":27},"end":{"line":58,"column":null}},"21":{"start":{"line":61,"column":26},"end":{"line":81,"column":null}},"22":{"start":{"line":62,"column":4},"end":{"line":65,"column":null}},"23":{"start":{"line":63,"column":6},"end":{"line":63,"column":null}},"24":{"start":{"line":64,"column":6},"end":{"line":64,"column":null}},"25":{"start":{"line":67,"column":4},"end":{"line":67,"column":null}},"26":{"start":{"line":68,"column":4},"end":{"line":80,"column":null}},"27":{"start":{"line":69,"column":18},"end":{"line":69,"column":65}},"28":{"start":{"line":71,"column":23},"end":{"line":71,"column":null}},"29":{"start":{"line":72,"column":19},"end":{"line":72,"column":null}},"30":{"start":{"line":74,"column":6},"end":{"line":74,"column":null}},"31":{"start":{"line":76,"column":6},"end":{"line":76,"column":null}},"32":{"start":{"line":77,"column":6},"end":{"line":77,"column":null}},"33":{"start":{"line":79,"column":6},"end":{"line":79,"column":null}},"34":{"start":{"line":84,"column":28},"end":{"line":94,"column":null}},"35":{"start":{"line":85,"column":4},"end":{"line":85,"column":null}},"36":{"start":{"line":87,"column":4},"end":{"line":89,"column":null}},"37":{"start":{"line":88,"column":6},"end":{"line":88,"column":null}},"38":{"start":{"line":91,"column":4},"end":{"line":93,"column":null}},"39":{"start":{"line":92,"column":6},"end":{"line":92,"column":null}},"40":{"start":{"line":97,"column":30},"end":{"line":102,"column":null}},"41":{"start":{"line":98,"column":29},"end":{"line":98,"column":52}},"42":{"start":{"line":99,"column":4},"end":{"line":99,"column":null}},"43":{"start":{"line":100,"column":4},"end":{"line":100,"column":null}},"44":{"start":{"line":105,"column":4},"end":{"line":105,"column":null}},"45":{"start":{"line":107,"column":21},"end":{"line":115,"column":null}},"46":{"start":{"line":117,"column":4},"end":{"line":117,"column":null}},"47":{"start":{"line":119,"column":4},"end":{"line":125,"column":null}},"48":{"start":{"line":120,"column":6},"end":{"line":124,"column":null}},"49":{"start":{"line":127,"column":4},"end":{"line":129,"column":null}},"50":{"start":{"line":131,"column":4},"end":{"line":131,"column":null}},"51":{"start":{"line":155,"column":33},"end":{"line":155,"column":null}},"52":{"start":{"line":158,"column":18},"end":{"line":158,"column":null}},"53":{"start":{"line":158,"column":35},"end":{"line":158,"column":55}},"54":{"start":{"line":169,"column":20},"end":{"line":170,"column":null}},"55":{"start":{"line":171,"column":37},"end":{"line":171,"column":null}}},"fnMap":{"0":{"name":"OperatorApplicationForm","decl":{"start":{"line":39,"column":16},"end":{"line":39,"column":40}},"loc":{"start":{"line":39,"column":99},"end":{"line":205,"column":null}}},"1":{"name":"(anonymous_5)","decl":{"start":{"line":61,"column":44},"end":{"line":61,"column":51}},"loc":{"start":{"line":61,"column":51},"end":{"line":81,"column":5}}},"2":{"name":"(anonymous_6)","decl":{"start":{"line":84,"column":28},"end":{"line":84,"column":29}},"loc":{"start":{"line":84,"column":29},"end":{"line":94,"column":null}}},"3":{"name":"(anonymous_7)","decl":{"start":{"line":91,"column":37},"end":{"line":91,"column":null}},"loc":{"start":{"line":91,"column":37},"end":{"line":93,"column":7}}},"4":{"name":"(anonymous_8)","decl":{"start":{"line":97,"column":30},"end":{"line":97,"column":31}},"loc":{"start":{"line":97,"column":31},"end":{"line":102,"column":null}}},"5":{"name":"onSubmit","decl":{"start":{"line":104,"column":17},"end":{"line":104,"column":26}},"loc":{"start":{"line":104,"column":40},"end":{"line":132,"column":null}}},"6":{"name":"(anonymous_10)","decl":{"start":{"line":155,"column":26},"end":{"line":155,"column":27}},"loc":{"start":{"line":155,"column":33},"end":{"line":155,"column":null}}},"7":{"name":"(anonymous_11)","decl":{"start":{"line":156,"column":24},"end":{"line":156,"column":null}},"loc":{"start":{"line":156,"column":24},"end":{"line":159,"column":null}}},"8":{"name":"(anonymous_12)","decl":{"start":{"line":158,"column":29},"end":{"line":158,"column":35}},"loc":{"start":{"line":158,"column":35},"end":{"line":158,"column":55}}},"9":{"name":"(anonymous_13)","decl":{"start":{"line":168,"column":35},"end":{"line":168,"column":36}},"loc":{"start":{"line":169,"column":20},"end":{"line":170,"column":null}}},"10":{"name":"(anonymous_14)","decl":{"start":{"line":171,"column":31},"end":{"line":171,"column":37}},"loc":{"start":{"line":171,"column":37},"end":{"line":171,"column":null}}}},"branchMap":{"0":{"loc":{"start":{"line":62,"column":4},"end":{"line":65,"column":null}},"type":"if","locations":[{"start":{"line":62,"column":4},"end":{"line":65,"column":null}},{"start":{},"end":{}}]},"1":{"loc":{"start":{"line":74,"column":21},"end":{"line":74,"column":31}},"type":"binary-expr","locations":[{"start":{"line":74,"column":21},"end":{"line":74,"column":29}},{"start":{"line":74,"column":29},"end":{"line":74,"column":31}}]},"2":{"loc":{"start":{"line":87,"column":4},"end":{"line":89,"column":null}},"type":"if","locations":[{"start":{"line":87,"column":4},"end":{"line":89,"column":null}},{"start":{},"end":{}}]},"3":{"loc":{"start":{"line":119,"column":4},"end":{"line":125,"column":null}},"type":"if","locations":[{"start":{"line":119,"column":4},"end":{"line":125,"column":null}},{"start":{},"end":{}}]},"4":{"loc":{"start":{"line":163,"column":15},"end":{"line":163,"column":null}},"type":"binary-expr","locations":[{"start":{"line":163,"column":15},"end":{"line":163,"column":null}}]},"5":{"loc":{"start":{"line":166,"column":15},"end":{"line":166,"column":null}},"type":"binary-expr","locations":[{"start":{"line":166,"column":15},"end":{"line":166,"column":null}}]},"6":{"loc":{"start":{"line":185,"column":13},"end":{"line":185,"column":null}},"type":"binary-expr","locations":[{"start":{"line":185,"column":13},"end":{"line":185,"column":null}}]},"7":{"loc":{"start":{"line":196,"column":13},"end":{"line":196,"column":null}},"type":"binary-expr","locations":[{"start":{"line":196,"column":13},"end":{"line":196,"column":null}}]}},"s":{"0":0,"1":0,"2":0,"3":0,"4":0,"5":0,"6":0,"7":0,"8":0,"9":0,"10":0,"11":0,"12":0,"13":0,"14":0,"15":0,"16":0,"17":0,"18":0,"19":0,"20":0,"21":0,"22":0,"23":0,"24":0,"25":0,"26":0,"27":0,"28":0,"29":0,"30":0,"31":0,"32":0,"33":0,"34":0,"35":0,"36":0,"37":0,"38":0,"39":0,"40":0,"41":0,"42":0,"43":0,"44":0,"45":0,"46":0,"47":0,"48":0,"49":0,"50":0,"51":0,"52":0,"53":0,"54":0,"55":0},"f":{"0":0,"1":0,"2":0,"3":0,"4":0,"5":0,"6":0,"7":0,"8":0,"9":0,"10":0},"b":{"0":[0,0],"1":[0,0],"2":[0,0],"3":[0,0],"4":[0],"5":[0],"6":[0],"7":[0]}}
,"/Users/samhenry/patriot-heavy-ops/patriot-heavy-ops/components/page-header.tsx": {"path":"/Users/samhenry/patriot-heavy-ops/patriot-heavy-ops/components/page-header.tsx","statementMap":{"0":{"start":{"line":8,"column":16},"end":{"line":8,"column":31}},"1":{"start":{"line":1,"column":19},"end":{"line":1,"column":null}}},"fnMap":{"0":{"name":"DocsPageHeader","decl":{"start":{"line":8,"column":16},"end":{"line":8,"column":31}},"loc":{"start":{"line":13,"column":22},"end":{"line":25,"column":null}}}},"branchMap":{"0":{"loc":{"start":{"line":20,"column":9},"end":{"line":20,"column":17}},"type":"binary-expr","locations":[{"start":{"line":20,"column":9},"end":{"line":20,"column":17}}]}},"s":{"0":0,"1":0},"f":{"0":0},"b":{"0":[0]}}
,"/Users/samhenry/patriot-heavy-ops/patriot-heavy-ops/components/post-create-button.tsx": {"path":"/Users/samhenry/patriot-heavy-ops/patriot-heavy-ops/components/post-create-button.tsx","statementMap":{"0":{"start":{"line":13,"column":16},"end":{"line":13,"column":33}},"1":{"start":{"line":3,"column":23},"end":{"line":3,"column":null}},"2":{"start":{"line":4,"column":26},"end":{"line":4,"column":null}},"3":{"start":{"line":6,"column":19},"end":{"line":6,"column":null}},"4":{"start":{"line":7,"column":44},"end":{"line":7,"column":null}},"5":{"start":{"line":8,"column":22},"end":{"line":8,"column":null}},"6":{"start":{"line":9,"column":22},"end":{"line":9,"column":null}},"7":{"start":{"line":18,"column":17},"end":{"line":18,"column":null}},"8":{"start":{"line":19,"column":36},"end":{"line":19,"column":null}},"9":{"start":{"line":22,"column":4},"end":{"line":22,"column":null}},"10":{"start":{"line":24,"column":21},"end":{"line":32,"column":null}},"11":{"start":{"line":34,"column":4},"end":{"line":34,"column":null}},"12":{"start":{"line":36,"column":4},"end":{"line":50,"column":null}},"13":{"start":{"line":37,"column":6},"end":{"line":43,"column":null}},"14":{"start":{"line":38,"column":8},"end":{"line":42,"column":null}},"15":{"start":{"line":45,"column":6},"end":{"line":49,"column":null}},"16":{"start":{"line":52,"column":17},"end":{"line":52,"column":null}},"17":{"start":{"line":55,"column":4},"end":{"line":55,"column":null}},"18":{"start":{"line":57,"column":4},"end":{"line":57,"column":null}}},"fnMap":{"0":{"name":"PostCreateButton","decl":{"start":{"line":13,"column":16},"end":{"line":13,"column":33}},"loc":{"start":{"line":17,"column":24},"end":{"line":81,"column":null}}},"1":{"name":"onClick","decl":{"start":{"line":21,"column":17},"end":{"line":21,"column":null}},"loc":{"start":{"line":21,"column":17},"end":{"line":58,"column":null}}}},"branchMap":{"0":{"loc":{"start":{"line":36,"column":4},"end":{"line":50,"column":null}},"type":"if","locations":[{"start":{"line":36,"column":4},"end":{"line":50,"column":null}},{"start":{},"end":{}}]},"1":{"loc":{"start":{"line":37,"column":6},"end":{"line":43,"column":null}},"type":"if","locations":[{"start":{"line":37,"column":6},"end":{"line":43,"column":null}},{"start":{},"end":{}}]},"2":{"loc":{"start":{"line":74,"column":8},"end":{"line":76,"column":9}},"type":"cond-expr","locations":[{"start":{"line":74,"column":8},"end":{"line":76,"column":9}}]}},"s":{"0":0,"1":0,"2":0,"3":0,"4":0,"5":0,"6":0,"7":0,"8":0,"9":0,"10":0,"11":0,"12":0,"13":0,"14":0,"15":0,"16":0,"17":0,"18":0},"f":{"0":0,"1":0},"b":{"0":[0,0],"1":[0,0],"2":[0]}}
,"/Users/samhenry/patriot-heavy-ops/patriot-heavy-ops/components/post-item.tsx": {"path":"/Users/samhenry/patriot-heavy-ops/patriot-heavy-ops/components/post-item.tsx","statementMap":{"0":{"start":{"line":12,"column":16},"end":{"line":12,"column":25}},"1":{"start":{"line":1,"column":17},"end":{"line":1,"column":null}},"2":{"start":{"line":4,"column":27},"end":{"line":4,"column":null}},"3":{"start":{"line":5,"column":25},"end":{"line":5,"column":null}},"4":{"start":{"line":6,"column":31},"end":{"line":6,"column":null}},"5":{"start":{"line":33,"column":0},"end":{"line":42,"column":null}}},"fnMap":{"0":{"name":"PostItem","decl":{"start":{"line":12,"column":16},"end":{"line":12,"column":25}},"loc":{"start":{"line":12,"column":48},"end":{"line":31,"column":null}}},"1":{"name":"PostItemSkeleton","decl":{"start":{"line":33,"column":29},"end":{"line":33,"column":null}},"loc":{"start":{"line":33,"column":29},"end":{"line":42,"column":null}}}},"branchMap":{},"s":{"0":0,"1":0,"2":0,"3":0,"4":0,"5":0},"f":{"0":0,"1":0},"b":{}}
,"/Users/samhenry/patriot-heavy-ops/patriot-heavy-ops/components/post-operations.tsx": {"path":"/Users/samhenry/patriot-heavy-ops/patriot-heavy-ops/components/post-operations.tsx","statementMap":{"0":{"start":{"line":48,"column":16},"end":{"line":48,"column":31}},"1":{"start":{"line":3,"column":23},"end":{"line":3,"column":null}},"2":{"start":{"line":4,"column":17},"end":{"line":4,"column":null}},"3":{"start":{"line":5,"column":26},"end":{"line":5,"column":null}},"4":{"start":{"line":17,"column":7},"end":{"line":17,"column":null}},"5":{"start":{"line":24,"column":7},"end":{"line":24,"column":null}},"6":{"start":{"line":25,"column":22},"end":{"line":25,"column":null}},"7":{"start":{"line":26,"column":22},"end":{"line":26,"column":null}},"8":{"start":{"line":29,"column":19},"end":{"line":31,"column":null}},"9":{"start":{"line":33,"column":2},"end":{"line":39,"column":null}},"10":{"start":{"line":34,"column":4},"end":{"line":38,"column":null}},"11":{"start":{"line":41,"column":2},"end":{"line":41,"column":null}},"12":{"start":{"line":49,"column":17},"end":{"line":49,"column":null}},"13":{"start":{"line":50,"column":48},"end":{"line":50,"column":null}},"14":{"start":{"line":51,"column":48},"end":{"line":51,"column":null}},"15":{"start":{"line":69,"column":28},"end":{"line":69,"column":null}},"16":{"start":{"line":89,"column":16},"end":{"line":89,"column":null}},"17":{"start":{"line":90,"column":16},"end":{"line":90,"column":null}},"18":{"start":{"line":92,"column":32},"end":{"line":92,"column":null}},"19":{"start":{"line":94,"column":16},"end":{"line":98,"column":null}},"20":{"start":{"line":95,"column":18},"end":{"line":95,"column":null}},"21":{"start":{"line":96,"column":18},"end":{"line":96,"column":null}},"22":{"start":{"line":97,"column":18},"end":{"line":97,"column":null}}},"fnMap":{"0":{"name":"deletePost","decl":{"start":{"line":28,"column":15},"end":{"line":28,"column":26}},"loc":{"start":{"line":28,"column":40},"end":{"line":42,"column":null}}},"1":{"name":"PostOperations","decl":{"start":{"line":48,"column":16},"end":{"line":48,"column":31}},"loc":{"start":{"line":48,"column":60},"end":{"line":114,"column":null}}},"2":{"name":"(anonymous_7)","decl":{"start":{"line":69,"column":22},"end":{"line":69,"column":28}},"loc":{"start":{"line":69,"column":28},"end":{"line":69,"column":null}}},"3":{"name":"(anonymous_8)","decl":{"start":{"line":88,"column":23},"end":{"line":88,"column":30}},"loc":{"start":{"line":88,"column":30},"end":{"line":99,"column":null}}}},"branchMap":{"0":{"loc":{"start":{"line":33,"column":2},"end":{"line":39,"column":null}},"type":"if","locations":[{"start":{"line":33,"column":2},"end":{"line":39,"column":null}},{"start":{},"end":{}}]},"1":{"loc":{"start":{"line":94,"column":16},"end":{"line":98,"column":null}},"type":"if","locations":[{"start":{"line":94,"column":16},"end":{"line":98,"column":null}},{"start":{},"end":{}}]},"2":{"loc":{"start":{"line":103,"column":16},"end":{"line":105,"column":17}},"type":"cond-expr","locations":[{"start":{"line":103,"column":16},"end":{"line":105,"column":17}}]}},"s":{"0":0,"1":0,"2":0,"3":0,"4":0,"5":0,"6":0,"7":0,"8":0,"9":0,"10":0,"11":0,"12":0,"13":0,"14":0,"15":0,"16":0,"17":0,"18":0,"19":0,"20":0,"21":0,"22":0},"f":{"0":0,"1":0,"2":0,"3":0},"b":{"0":[0,0],"1":[0,0],"2":[0]}}
,"/Users/samhenry/patriot-heavy-ops/patriot-heavy-ops/components/search.tsx": {"path":"/Users/samhenry/patriot-heavy-ops/patriot-heavy-ops/components/search.tsx","statementMap":{"0":{"start":{"line":11,"column":16},"end":{"line":11,"column":27}},"1":{"start":{"line":3,"column":23},"end":{"line":3,"column":null}},"2":{"start":{"line":5,"column":19},"end":{"line":5,"column":null}},"3":{"start":{"line":6,"column":22},"end":{"line":6,"column":null}},"4":{"start":{"line":7,"column":22},"end":{"line":7,"column":null}},"5":{"start":{"line":13,"column":4},"end":{"line":13,"column":null}},"6":{"start":{"line":15,"column":4},"end":{"line":18,"column":null}}},"fnMap":{"0":{"name":"DocsSearch","decl":{"start":{"line":11,"column":16},"end":{"line":11,"column":27}},"loc":{"start":{"line":11,"column":67},"end":{"line":37,"column":null}}},"1":{"name":"onSubmit","decl":{"start":{"line":12,"column":11},"end":{"line":12,"column":20}},"loc":{"start":{"line":12,"column":47},"end":{"line":19,"column":null}}}},"branchMap":{},"s":{"0":0,"1":0,"2":0,"3":0,"4":0,"5":0,"6":0},"f":{"0":0,"1":0},"b":{}}
,"/Users/samhenry/patriot-heavy-ops/patriot-heavy-ops/components/service-request-create-button.tsx": {"path":"/Users/samhenry/patriot-heavy-ops/patriot-heavy-ops/components/service-request-create-button.tsx","statementMap":{"0":{"start":{"line":13,"column":16},"end":{"line":13,"column":43}},"1":{"start":{"line":3,"column":23},"end":{"line":3,"column":null}},"2":{"start":{"line":4,"column":26},"end":{"line":4,"column":null}},"3":{"start":{"line":6,"column":19},"end":{"line":6,"column":null}},"4":{"start":{"line":7,"column":44},"end":{"line":7,"column":null}},"5":{"start":{"line":8,"column":22},"end":{"line":8,"column":null}},"6":{"start":{"line":9,"column":22},"end":{"line":9,"column":null}},"7":{"start":{"line":18,"column":17},"end":{"line":18,"column":null}},"8":{"start":{"line":19,"column":36},"end":{"line":19,"column":null}},"9":{"start":{"line":22,"column":4},"end":{"line":22,"column":null}},"10":{"start":{"line":24,"column":4},"end":{"line":37,"column":null}},"11":{"start":{"line":26,"column":6},"end":{"line":26,"column":null}},"12":{"start":{"line":28,"column":6},"end":{"line":28,"column":null}},"13":{"start":{"line":29,"column":6},"end":{"line":33,"column":null}}},"fnMap":{"0":{"name":"ServiceRequestCreateButton","decl":{"start":{"line":13,"column":16},"end":{"line":13,"column":43}},"loc":{"start":{"line":17,"column":34},"end":{"line":61,"column":null}}},"1":{"name":"onClick","decl":{"start":{"line":21,"column":17},"end":{"line":21,"column":null}},"loc":{"start":{"line":21,"column":17},"end":{"line":38,"column":null}}}},"branchMap":{"0":{"loc":{"start":{"line":54,"column":8},"end":{"line":56,"column":9}},"type":"cond-expr","locations":[{"start":{"line":54,"column":8},"end":{"line":56,"column":9}}]}},"s":{"0":0,"1":0,"2":0,"3":0,"4":0,"5":0,"6":0,"7":0,"8":0,"9":0,"10":0,"11":0,"12":0,"13":0},"f":{"0":0,"1":0},"b":{"0":[0]}}
[...]
,"/Users/samhenry/patriot-heavy-ops/patriot-heavy-ops/lib/subscription.ts": {"path":"/Users/samhenry/patriot-heavy-ops/patriot-heavy-ops/lib/subscription.ts","statementMap":{"0":{"start":{"line":7,"column":22},"end":{"line":7,"column":null}},"1":{"start":{"line":4,"column":34},"end":{"line":4,"column":null}},"2":{"start":{"line":5,"column":19},"end":{"line":5,"column":null}},"3":{"start":{"line":10,"column":15},"end":{"line":20,"column":null}},"4":{"start":{"line":22,"column":2},"end":{"line":24,"column":null}},"5":{"start":{"line":23,"column":4},"end":{"line":23,"column":null}},"6":{"start":{"line":28,"column":4},"end":{"line":29,"column":null}},"7":{"start":{"line":31,"column":15},"end":{"line":31,"column":41}},"8":{"start":{"line":33,"column":2},"end":{"line":38,"column":null}}},"fnMap":{"0":{"name":"getUserSubscriptionPlan","decl":{"start":{"line":7,"column":22},"end":{"line":7,"column":null}},"loc":{"start":{"line":8,"column":16},"end":{"line":39,"column":null}}}},"branchMap":{"0":{"loc":{"start":{"line":22,"column":2},"end":{"line":24,"column":null}},"type":"if","locations":[{"start":{"line":22,"column":2},"end":{"line":24,"column":null}},{"start":{},"end":{}}]},"1":{"loc":{"start":{"line":28,"column":4},"end":{"line":29,"column":null}},"type":"binary-expr","locations":[{"start":{"line":28,"column":4},"end":{"line":28,"column":22}},{"start":{"line":29,"column":4},"end":{"line":29,"column":null}}]},"2":{"loc":{"start":{"line":31,"column":15},"end":{"line":31,"column":41}},"type":"cond-expr","locations":[{"start":{"line":31,"column":23},"end":{"line":31,"column":30}},{"start":{"line":31,"column":33},"end":{"line":31,"column":41}}]}},"s":{"0":1,"1":1,"2":1,"3":0,"4":0,"5":0,"6":0,"7":0,"8":0},"f":{"0":0},"b":{"0":[0,0],"1":[0,0],"2":[0,0]}}
,"/Users/samhenry/patriot-heavy-ops/patriot-heavy-ops/lib/utils.ts": {"path":"/Users/samhenry/patriot-heavy-ops/patriot-heavy-ops/lib/utils.ts","statementMap":{"0":{"start":{"line":6,"column":16},"end":{"line":6,"column":18}},"1":{"start":{"line":10,"column":16},"end":{"line":10,"column":26}},"2":{"start":{"line":19,"column":16},"end":{"line":19,"column":27}},"3":{"start":{"line":1,"column":33},"end":{"line":1,"column":null}},"4":{"start":{"line":2,"column":24},"end":{"line":2,"column":null}},"5":{"start":{"line":4,"column":20},"end":{"line":4,"column":null}},"6":{"start":{"line":7,"column":2},"end":{"line":7,"column":null}},"7":{"start":{"line":11,"column":15},"end":{"line":11,"column":null}},"8":{"start":{"line":12,"column":2},"end":{"line":16,"column":null}},"9":{"start":{"line":20,"column":2},"end":{"line":20,"column":null}}},"fnMap":{"0":{"name":"cn","decl":{"start":{"line":6,"column":16},"end":{"line":6,"column":18}},"loc":{"start":{"line":6,"column":42},"end":{"line":8,"column":null}}},"1":{"name":"formatDate","decl":{"start":{"line":10,"column":16},"end":{"line":10,"column":26}},"loc":{"start":{"line":10,"column":49},"end":{"line":17,"column":null}}},"2":{"name":"absoluteUrl","decl":{"start":{"line":19,"column":16},"end":{"line":19,"column":27}},"loc":{"start":{"line":19,"column":40},"end":{"line":21,"column":null}}}},"branchMap":{},"s":{"0":529,"1":0,"2":1,"3":2,"4":2,"5":2,"6":529,"7":0,"8":0,"9":1},"f":{"0":529,"1":0,"2":1},"b":{}}
,"/Users/samhenry/patriot-heavy-ops/patriot-heavy-ops/lib/middleware/security.ts": {"path":"/Users/samhenry/patriot-heavy-ops/patriot-heavy-ops/lib/middleware/security.ts","statementMap":{"0":{"start":{"line":62,"column":22},"end":{"line":62,"column":35}},"1":{"start":{"line":103,"column":16},"end":{"line":103,"column":38}},"2":{"start":{"line":110,"column":16},"end":{"line":110,"column":32}},"3":{"start":{"line":19,"column":19},"end":{"line":21,"column":null}},"4":{"start":{"line":23,"column":2},"end":{"line":23,"column":null}},"5":{"start":{"line":30,"column":17},"end":{"line":30,"column":null}},"6":{"start":{"line":31,"column":22},"end":{"line":31,"column":47}},"7":{"start":{"line":33,"column":2},"end":{"line":33,"column":null}},"8":{"start":{"line":40,"column":21},"end":{"line":40,"column":41}},"9":{"start":{"line":41,"column":2},"end":{"line":41,"column":null}},"10":{"start":{"line":68,"column":2},"end":{"line":73,"column":null}},"11":{"start":{"line":69,"column":4},"end":{"line":72,"column":null}},"12":{"start":{"line":76,"column":2},"end":{"line":81,"column":null}},"13":{"start":{"line":77,"column":4},"end":{"line":80,"column":null}},"14":{"start":{"line":84,"column":2},"end":{"line":89,"column":null}},"15":{"start":{"line":85,"column":4},"end":{"line":88,"column":null}},"16":{"start":{"line":92,"column":2},"end":{"line":95,"column":null}},"17":{"start":{"line":97,"column":2},"end":{"line":97,"column":null}},"18":{"start":{"line":104,"column":2},"end":{"line":104,"column":null}},"19":{"start":{"line":111,"column":19},"end":{"line":113,"column":null}},"20":{"start":{"line":115,"column":2},"end":{"line":115,"column":null}}},"fnMap":{"0":{"name":"isAllowedIP","decl":{"start":{"line":18,"column":9},"end":{"line":18,"column":21}},"loc":{"start":{"line":18,"column":63},"end":{"line":24,"column":null}}},"1":{"name":"hasValidApiKey","decl":{"start":{"line":29,"column":9},"end":{"line":29,"column":24}},"loc":{"start":{"line":29,"column":44},"end":{"line":34,"column":null}}},"2":{"name":"isAllowedEnvironment","decl":{"start":{"line":39,"column":9},"end":{"line":39,"column":30}},"loc":{"start":{"line":39,"column":51},"end":{"line":42,"column":null}}},"3":{"name":"checkSecurity","decl":{"start":{"line":62,"column":22},"end":{"line":62,"column":35}},"loc":{"start":{"line":64,"column":24},"end":{"line":98,"column":null}}},"4":{"name":"requireDevelopmentOnly","decl":{"start":{"line":103,"column":16},"end":{"line":103,"column":38}},"loc":{"start":{"line":103,"column":16},"end":{"line":105,"column":null}}},"5":{"name":"requireLocalhost","decl":{"start":{"line":110,"column":16},"end":{"line":110,"column":32}},"loc":{"start":{"line":110,"column":53},"end":{"line":116,"column":null}}}},"branchMap":{"0":{"loc":{"start":{"line":19,"column":19},"end":{"line":21,"column":null}},"type":"binary-expr","locations":[{"start":{"line":19,"column":19},"end":{"line":19,"column":null}},{"start":{"line":20,"column":19},"end":{"line":20,"column":null}},{"start":{"line":21,"column":19},"end":{"line":21,"column":null}}]},"1":{"loc":{"start":{"line":41,"column":30},"end":{"line":41,"column":null}},"type":"binary-expr","locations":[{"start":{"line":41,"column":30},"end":{"line":41,"column":44}},{"start":{"line":41,"column":44},"end":{"line":41,"column":null}}]},"2":{"loc":{"start":{"line":68,"column":2},"end":{"line":73,"column":null}},"type":"if","locations":[{"start":{"line":68,"column":2},"end":{"line":73,"column":null}},{"start":{},"end":{}}]},"3":{"loc":{"start":{"line":68,"column":6},"end":{"line":68,"column":79}},"type":"binary-expr","locations":[{"start":{"line":68,"column":6},"end":{"line":68,"column":28}},{"start":{"line":68,"column":32},"end":{"line":68,"column":79}}]},"4":{"loc":{"start":{"line":76,"column":2},"end":{"line":81,"column":null}},"type":"if","locations":[{"start":{"line":76,"column":2},"end":{"line":81,"column":null}},{"start":{},"end":{}}]},"5":{"loc":{"start":{"line":76,"column":6},"end":{"line":76,"column":69}},"type":"binary-expr","locations":[{"start":{"line":76,"column":6},"end":{"line":76,"column":23}},{"start":{"line":76,"column":27},"end":{"line":76,"column":69}}]},"6":{"loc":{"start":{"line":84,"column":2},"end":{"line":89,"column":null}},"type":"if","locations":[{"start":{"line":84,"column":2},"end":{"line":89,"column":null}},{"start":{},"end":{}}]},"7":{"loc":{"start":{"line":84,"column":6},"end":{"line":84,"column":56}},"type":"binary-expr","locations":[{"start":{"line":84,"column":6},"end":{"line":84,"column":26}},{"start":{"line":84,"column":30},"end":{"line":84,"column":56}}]},"8":{"loc":{"start":{"line":92,"column":2},"end":{"line":95,"column":null}},"type":"if","locations":[{"start":{"line":92,"column":2},"end":{"line":95,"column":null}},{"start":{},"end":{}}]},"9":{"loc":{"start":{"line":111,"column":19},"end":{"line":113,"column":null}},"type":"binary-expr","locations":[{"start":{"line":111,"column":19},"end":{"line":111,"column":null}},{"start":{"line":112,"column":19},"end":{"line":112,"column":null}},{"start":{"line":113,"column":19},"end":{"line":113,"column":null}}]},"10":{"loc":{"start":{"line":115,"column":9},"end":{"line":115,"column":null}},"type":"binary-expr","locations":[{"start":{"line":115,"column":9},"end":{"line":115,"column":37}},{"start":{"line":115,"column":37},"end":{"line":115,"column":59}},{"start":{"line":115,"column":59},"end":{"line":115,"column":null}}]}},"s":{"0":0,"1":0,"2":0,"3":0,"4":0,"5":0,"6":0,"7":0,"8":0,"9":0,"10":0,"11":0,"12":0,"13":0,"14":0,"15":0,"16":0,"17":0,"18":0,"19":0,"20":0},"f":{"0":0,"1":0,"2":0,"3":0,"4":0,"5":0},"b":{"0":[0,0,0],"1":[0,0],"2":[0,0],"3":[0,0],"4":[0,0],"5":[0,0],"6":[0,0],"7":[0,0],"8":[0,0],"9":[0,0,0],"10":[0,0,0]}}
,"/Users/samhenry/patriot-heavy-ops/patriot-heavy-ops/lib/validations/auth.ts": {"path":"/Users/samhenry/patriot-heavy-ops/patriot-heavy-ops/lib/validations/auth.ts","statementMap":{"0":{"start":{"line":16,"column":13},"end":{"line":16,"column":27}},"1":{"start":{"line":20,"column":13},"end":{"line":20,"column":31}},"2":{"start":{"line":44,"column":13},"end":{"line":44,"column":28}},"3":{"start":{"line":1,"column":19},"end":{"line":1,"column":null}},"4":{"start":{"line":4,"column":21},"end":{"line":10,"column":null}},"5":{"start":{"line":12,"column":26},"end":{"line":14,"column":null}},"6":{"start":{"line":16,"column":30},"end":{"line":18,"column":null}},"7":{"start":{"line":20,"column":34},"end":{"line":42,"column":null}},"8":{"start":{"line":30,"column":28},"end":{"line":30,"column":null}},"9":{"start":{"line":31,"column":6},"end":{"line":31,"column":null}},"10":{"start":{"line":31,"column":40},"end":{"line":31,"column":null}},"11":{"start":{"line":34,"column":28},"end":{"line":34,"column":null}},"12":{"start":{"line":35,"column":6},"end":{"line":35,"column":null}},"13":{"start":{"line":35,"column":48},"end":{"line":35,"column":null}},"14":{"start":{"line":37,"column":26},"end":{"line":37,"column":55}},"15":{"start":{"line":39,"column":20},"end":{"line":39,"column":58}},"16":{"start":{"line":44,"column":31},"end":{"line":47,"column":null}}},"fnMap":{"0":{"name":"(anonymous_7)","decl":{"start":{"line":29,"column":12},"end":{"line":29,"column":13}},"loc":{"start":{"line":29,"column":13},"end":{"line":32,"column":7}}},"1":{"name":"(anonymous_8)","decl":{"start":{"line":31,"column":32},"end":{"line":31,"column":40}},"loc":{"start":{"line":31,"column":40},"end":{"line":31,"column":null}}},"2":{"name":"(anonymous_9)","decl":{"start":{"line":33,"column":12},"end":{"line":33,"column":13}},"loc":{"start":{"line":33,"column":13},"end":{"line":36,"column":7}}},"3":{"name":"(anonymous_10)","decl":{"start":{"line":35,"column":37},"end":{"line":35,"column":48}},"loc":{"start":{"line":35,"column":48},"end":{"line":35,"column":null}}},"4":{"name":"(anonymous_11)","decl":{"start":{"line":37,"column":12},"end":{"line":37,"column":13}},"loc":{"start":{"line":37,"column":26},"end":{"line":37,"column":55}}},"5":{"name":"(anonymous_12)","decl":{"start":{"line":39,"column":10},"end":{"line":39,"column":11}},"loc":{"start":{"line":39,"column":20},"end":{"line":39,"column":58}}}},"branchMap":{},"s":{"0":9,"1":62,"2":35,"3":2,"4":2,"5":2,"6":2,"7":2,"8":40,"9":40,"10":1035,"11":40,"12":40,"13":222,"14":40,"15":39,"16":2},"f":{"0":40,"1":1035,"2":40,"3":222,"4":40,"5":39},"b":{}}
,"/Users/samhenry/patriot-heavy-ops/patriot-heavy-ops/lib/validations/og.ts": {"path":"/Users/samhenry/patriot-heavy-ops/patriot-heavy-ops/lib/validations/og.ts","statementMap":{"0":{"start":{"line":3,"column":13},"end":{"line":3,"column":29}},"1":{"start":{"line":1,"column":19},"end":{"line":1,"column":null}},"2":{"start":{"line":3,"column":29},"end":{"line":7,"column":null}}},"fnMap":{},"branchMap":{},"s":{"0":0,"1":0,"2":0},"f":{},"b":{}}
,"/Users/samhenry/patriot-heavy-ops/patriot-heavy-ops/lib/validations/post.ts": {"path":"/Users/samhenry/patriot-heavy-ops/patriot-heavy-ops/lib/validations/post.ts","statementMap":{"0":{"start":{"line":3,"column":13},"end":{"line":3,"column":31}},"1":{"start":{"line":1,"column":19},"end":{"line":1,"column":null}},"2":{"start":{"line":3,"column":31},"end":{"line":8,"column":null}}},"fnMap":{},"branchMap":{},"s":{"0":0,"1":0,"2":0},"f":{},"b":{}}
,"/Users/samhenry/patriot-heavy-ops/patriot-heavy-ops/lib/validations/service-request.ts": {"path":"/Users/samhenry/patriot-heavy-ops/patriot-heavy-ops/lib/validations/service-request.ts","statementMap":{"0":{"start":{"line":3,"column":13},"end":{"line":3,"column":32}},"1":{"start":{"line":15,"column":13},"end":{"line":15,"column":22}},"2":{"start":{"line":22,"column":13},"end":{"line":22,"column":29}},"3":{"start":{"line":27,"column":13},"end":{"line":27,"column":26}},"4":{"start":{"line":34,"column":13},"end":{"line":34,"column":22}},"5":{"start":{"line":41,"column":13},"end":{"line":41,"column":33}},"6":{"start":{"line":84,"column":13},"end":{"line":84,"column":35}},"7":{"start":{"line":93,"column":13},"end":{"line":93,"column":39}},"8":{"start":{"line":115,"column":13},"end":{"line":115,"column":31}},"9":{"start":{"line":124,"column":16},"end":{"line":124,"column":35}},"10":{"start":{"line":140,"column":16},"end":{"line":140,"column":38}},"11":{"start":{"line":1,"column":19},"end":{"line":1,"column":null}},"12":{"start":{"line":3,"column":35},"end":{"line":13,"column":null}},"13":{"start":{"line":15,"column":25},"end":{"line":20,"column":null}},"14":{"start":{"line":22,"column":32},"end":{"line":25,"column":null}},"15":{"start":{"line":27,"column":29},"end":{"line":32,"column":null}},"16":{"start":{"line":34,"column":25},"end":{"line":39,"column":null}},"17":{"start":{"line":41,"column":36},"end":{"line":82,"column":null}},"18":{"start":{"line":56,"column":41},"end":{"line":56,"column":67}},"19":{"start":{"line":60,"column":4},"end":{"line":60,"column":null}},"20":{"start":{"line":60,"column":15},"end":{"line":60,"column":null}},"21":{"start":{"line":61,"column":4},"end":{"line":61,"column":null}},"22":{"start":{"line":84,"column":38},"end":{"line":91,"column":null}},"23":{"start":{"line":93,"column":42},"end":{"line":113,"column":null}},"24":{"start":{"line":98,"column":41},"end":{"line":98,"column":67}},"25":{"start":{"line":100,"column":4},"end":{"line":100,"column":null}},"26":{"start":{"line":100,"column":15},"end":{"line":100,"column":null}},"27":{"start":{"line":101,"column":4},"end":{"line":101,"column":null}},"28":{"start":{"line":115,"column":34},"end":{"line":121,"column":null}},"29":{"start":{"line":125,"column":2},"end":{"line":136,"column":null}},"30":{"start":{"line":127,"column":6},"end":{"line":127,"column":null}},"31":{"start":{"line":129,"column":6},"end":{"line":129,"column":null}},"32":{"start":{"line":141,"column":2},"end":{"line":152,"column":null}},"33":{"start":{"line":143,"column":6},"end":{"line":143,"column":null}},"34":{"start":{"line":145,"column":6},"end":{"line":145,"column":null}},"35":{"start":{"line":147,"column":6},"end":{"line":147,"column":null}},"36":{"start":{"line":149,"column":6},"end":{"line":149,"column":null}},"37":{"start":{"line":151,"column":6},"end":{"line":151,"column":null}}},"fnMap":{"0":{"name":"(anonymous_15)","decl":{"start":{"line":56,"column":31},"end":{"line":56,"column":32}},"loc":{"start":{"line":56,"column":41},"end":{"line":56,"column":67}}},"1":{"name":"(anonymous_16)","decl":{"start":{"line":59,"column":40},"end":{"line":59,"column":41}},"loc":{"start":{"line":59,"column":41},"end":{"line":62,"column":5}}},"2":{"name":"(anonymous_17)","decl":{"start":{"line":98,"column":31},"end":{"line":98,"column":32}},"loc":{"start":{"line":98,"column":41},"end":{"line":98,"column":67}}},"3":{"name":"(anonymous_18)","decl":{"start":{"line":99,"column":29},"end":{"line":99,"column":30}},"loc":{"start":{"line":99,"column":30},"end":{"line":102,"column":5}}},"4":{"name":"calculateTotalHours","decl":{"start":{"line":124,"column":16},"end":{"line":124,"column":35}},"loc":{"start":{"line":124,"column":101},"end":{"line":137,"column":null}}},"5":{"name":"getDurationDisplayText","decl":{"start":{"line":140,"column":16},"end":{"line":140,"column":38}},"loc":{"start":{"line":140,"column":104},"end":{"line":153,"column":null}}}},"branchMap":{"0":{"loc":{"start":{"line":60,"column":4},"end":{"line":60,"column":null}},"type":"if","locations":[{"start":{"line":60,"column":4},"end":{"line":60,"column":null}},{"start":{},"end":{}}]},"1":{"loc":{"start":{"line":100,"column":4},"end":{"line":100,"column":null}},"type":"if","locations":[{"start":{"line":100,"column":4},"end":{"line":100,"column":null}},{"start":{},"end":{}}]},"2":{"loc":{"start":{"line":125,"column":2},"end":{"line":136,"column":null}},"type":"switch","locations":[{"start":{"line":126,"column":4},"end":{"line":127,"column":null}},{"start":{"line":128,"column":4},"end":{"line":129,"column":null}}]},"3":{"loc":{"start":{"line":141,"column":2},"end":{"line":152,"column":null}},"type":"switch","locations":[{"start":{"line":142,"column":4},"end":{"line":143,"column":null}},{"start":{"line":144,"column":4},"end":{"line":145,"column":null}},{"start":{"line":146,"column":4},"end":{"line":147,"column":null}},{"start":{"line":148,"column":4},"end":{"line":149,"column":null}},{"start":{"line":150,"column":4},"end":{"line":151,"column":null}}]},"4":{"loc":{"start":{"line":143,"column":13},"end":{"line":143,"column":115}},"type":"cond-expr","locations":[{"start":{"line":143,"column":35},"end":{"line":143,"column":58}},{"start":{"line":143,"column":58},"end":{"line":143,"column":115}}]},"5":{"loc":{"start":{"line":145,"column":13},"end":{"line":145,"column":115}},"type":"cond-expr","locations":[{"start":{"line":145,"column":35},"end":{"line":145,"column":58}},{"start":{"line":145,"column":58},"end":{"line":145,"column":115}}]},"6":{"loc":{"start":{"line":149,"column":13},"end":{"line":149,"column":111}},"type":"cond-expr","locations":[{"start":{"line":149,"column":35},"end":{"line":149,"column":57}},{"start":{"line":149,"column":57},"end":{"line":149,"column":111}}]}},"s":{"0":0,"1":0,"2":0,"3":0,"4":0,"5":10,"6":0,"7":4,"8":0,"9":7,"10":0,"11":2,"12":2,"13":2,"14":2,"15":2,"16":2,"17":2,"18":10,"19":10,"20":1,"21":9,"22":2,"23":2,"24":1,"25":1,"26":0,"27":1,"28":2,"29":7,"30":0,"31":0,"32":0,"33":0,"34":0,"35":0,"36":0,"37":0},"f":{"0":10,"1":10,"2":1,"3":1,"4":7,"5":0},"b":{"0":[1,9],"1":[0,1],"2":[0,0],"3":[0,0,0,0,0],"4":[0,0],"5":[0,0],"6":[0,0]}}
,"/Users/samhenry/patriot-heavy-ops/patriot-heavy-ops/lib/validations/user.ts": {"path":"/Users/samhenry/patriot-heavy-ops/patriot-heavy-ops/lib/validations/user.ts","statementMap":{"0":{"start":{"line":3,"column":13},"end":{"line":3,"column":27}},"1":{"start":{"line":7,"column":13},"end":{"line":7,"column":38}},"2":{"start":{"line":11,"column":13},"end":{"line":11,"column":29}},"3":{"start":{"line":1,"column":19},"end":{"line":1,"column":null}},"4":{"start":{"line":3,"column":30},"end":{"line":5,"column":null}},"5":{"start":{"line":7,"column":41},"end":{"line":9,"column":null}},"6":{"start":{"line":11,"column":32},"end":{"line":16,"column":null}}},"fnMap":{},"branchMap":{},"s":{"0":9,"1":11,"2":0,"3":2,"4":2,"5":2,"6":2},"f":{},"b":{}}
}
