TN:
SF:app/api/auth/[...nextauth]/_route.ts
FNF:0
FNH:0
DA:1,0
DA:3,0
DA:5,0
DA:7,0
LF:4
LH:0
BRF:0
BRH:0
end_of_record
TN:
SF:app/api/auth/[...nextauth]/route.ts
FNF:0
FNH:0
DA:1,0
DA:3,0
DA:5,0
DA:7,0
LF:4
LH:0
BRF:0
BRH:0
end_of_record
TN:
SF:app/api/auth/error/page.tsx
FN:8,ErrorContent
FN:45,AuthErrorPage
FNF:2
FNH:0
FNDA:0,ErrorContent
FNDA:0,AuthErrorPage
DA:3,0
DA:4,0
DA:5,0
DA:6,0
DA:9,0
DA:10,0
DA:12,0
DA:45,0
LF:8
LH:0
BRDA:27,0,0,0
BRDA:27,0,1,0
BRDA:27,1,0,0
BRDA:27,1,1,0
BRF:4
BRH:0
end_of_record
TN:
SF:app/api/auth/mobile/login/route.ts
FN:39,POST
FN:138,GET
FNF:2
FNH:2
FNDA:13,POST
FNDA:1,GET
DA:1,1
DA:2,1
DA:3,1
DA:8,1
DA:9,1
DA:14,1
DA:39,13
DA:43,13
DA:44,13
DA:45,1
DA:48,12
DA:49,12
DA:50,12
DA:53,8
DA:64,8
DA:65,8
DA:75,0
DA:77,0
DA:78,0
DA:88,0
DA:94,0
DA:95,0
DA:98,0
DA:110,4
DA:113,4
DA:114,4
DA:124,0
DA:138,1
DA:139,1
LF:29
LH:21
BRDA:44,0,0,1
BRDA:44,0,1,12
BRDA:64,1,0,8
BRDA:64,1,1,0
BRDA:77,2,0,0
BRDA:77,2,1,0
BRDA:90,3,0,0
BRDA:90,3,1,0
BRDA:91,4,0,0
BRDA:91,4,1,0
BRDA:104,5,0,0
BRDA:104,5,1,0
BRDA:105,6,0,0
BRDA:105,6,1,0
BRDA:106,7,0,0
BRDA:106,7,1,0
BRDA:113,8,0,4
BRDA:113,8,1,0
BRDA:117,9,0,4
BRDA:117,9,1,0
BRF:20
BRH:5
end_of_record
TN:
SF:app/api/auth/mobile/refresh/route.ts
FN:34,POST
FN:142,GET
FNF:2
FNH:2
FNDA:13,POST
FNDA:1,GET
DA:1,1
DA:2,1
DA:3,1
DA:4,1
DA:5,1
DA:10,1
DA:34,13
DA:36,13
DA:37,13
DA:38,1
DA:41,12
DA:42,12
DA:43,12
DA:46,9
DA:48,9
DA:49,1
DA:59,8
DA:60,1
DA:70,7
DA:80,7
DA:81,7
DA:91,0
DA:97,0
DA:98,0
DA:101,0
DA:114,3
DA:117,3
DA:118,3
DA:128,0
DA:142,1
DA:143,1
LF:31
LH:26
BRDA:37,0,0,1
BRDA:37,0,1,12
BRDA:48,1,0,1
BRDA:48,1,1,8
BRDA:59,2,0,1
BRDA:59,2,1,7
BRDA:80,3,0,7
BRDA:80,3,1,0
BRDA:93,4,0,0
BRDA:93,4,1,0
BRDA:94,5,0,0
BRDA:94,5,1,0
BRDA:107,6,0,0
BRDA:107,6,1,0
BRDA:108,7,0,0
BRDA:108,7,1,0
BRDA:109,8,0,0
BRDA:109,8,1,0
BRDA:117,9,0,3
BRDA:117,9,1,0
BRDA:121,10,0,3
BRDA:121,10,1,0
BRF:22
BRH:9
end_of_record
TN:
SF:app/api/auth/register/route.ts
FN:8,POST
FNF:1
FNH:0
FNDA:0,POST
DA:1,0
DA:2,0
DA:4,0
DA:5,0
DA:6,0
DA:8,0
DA:9,0
DA:10,0
DA:11,0
DA:14,0
DA:20,0
DA:22,0
DA:29,0
DA:31,0
DA:40,0
DA:42,0
DA:44,0
DA:49,0
DA:50,0
DA:57,0
LF:20
LH:0
BRDA:20,0,0,0
BRDA:20,0,1,0
BRDA:49,1,0,0
BRDA:49,1,1,0
BRF:4
BRH:0
end_of_record
TN:
SF:app/api/geocoding/route.ts
FN:3,GET
FN:45,(anonymous_2)
FNF:2
FNH:2
FNDA:18,GET
FNDA:10,(anonymous_2)
DA:3,18
DA:4,18
DA:5,18
DA:6,18
DA:8,18
DA:9,4
DA:18,14
DA:19,14
DA:20,14
DA:21,14
DA:22,14
DA:23,14
DA:25,14
DA:31,13
DA:33,2
DA:41,11
DA:44,10
DA:50,10
DA:58,10
DA:67,2
LF:20
LH:20
BRDA:8,0,0,4
BRDA:8,0,1,14
BRDA:8,1,0,18
BRDA:8,1,1,16
BRDA:31,2,0,2
BRDA:31,2,1,11
BRF:6
BRH:6
end_of_record
TN:
SF:app/api/og/route.tsx
FN:9,(anonymous_3)
FN:13,(anonymous_4)
FN:15,GET
FNF:3
FNH:0
FNDA:0,(anonymous_3)
FNDA:0,(anonymous_4)
FNDA:0,GET
DA:1,0
DA:3,0
DA:5,0
DA:7,0
DA:9,0
DA:11,0
DA:13,0
DA:15,0
DA:16,0
DA:17,0
DA:18,0
DA:20,0
DA:21,0
DA:23,0
DA:27,0
DA:28,0
DA:30,0
DA:32,0
DA:144,0
LF:19
LH:0
BRDA:23,0,0,0
BRDA:23,0,1,0
BRDA:28,1,0,0
BRDA:28,1,1,0
BRDA:30,2,0,0
BRDA:30,2,1,0
BRDA:39,3,0,0
BRDA:39,3,1,0
BRF:8
BRH:0
end_of_record
TN:
SF:app/api/posts/route.ts
FN:14,GET
FN:41,POST
FNF:2
FNH:0
FNDA:0,GET
FNDA:0,POST
DA:1,0
DA:2,0
DA:4,0
DA:5,0
DA:6,0
DA:7,0
DA:9,0
DA:14,0
DA:15,0
DA:16,0
DA:18,0
DA:19,0
DA:22,0
DA:23,0
DA:35,0
DA:37,0
DA:41,0
DA:42,0
DA:43,0
DA:45,0
DA:46,0
DA:49,0
DA:50,0
DA:54,0
DA:55,0
DA:61,0
DA:62,0
DA:66,0
DA:67,0
DA:69,0
DA:80,0
DA:82,0
DA:83,0
DA:86,0
DA:87,0
DA:90,0
LF:36
LH:0
BRDA:18,0,0,0
BRDA:18,0,1,0
BRDA:45,1,0,0
BRDA:45,1,1,0
BRDA:54,2,0,0
BRDA:54,2,1,0
BRDA:61,3,0,0
BRDA:61,3,1,0
BRDA:72,4,0,0
BRDA:72,4,1,0
BRDA:82,5,0,0
BRDA:82,5,1,0
BRDA:86,6,0,0
BRDA:86,6,1,0
BRF:14
BRH:0
end_of_record
TN:
SF:app/api/posts/[postId]/route.ts
FN:8,DELETE
FN:38,PATCH
FN:77,verifyCurrentUserHasAccessToPost
FNF:3
FNH:0
FNDA:0,DELETE
FNDA:0,PATCH
FNDA:0,verifyCurrentUserHasAccessToPost
DA:1,0
DA:2,0
DA:4,0
DA:5,0
DA:6,0
DA:8,0
DA:12,0
DA:14,0
DA:17,0
DA:18,0
DA:22,0
DA:28,0
DA:30,0
DA:31,0
DA:34,0
DA:38,0
DA:42,0
DA:44,0
DA:47,0
DA:48,0
DA:52,0
DA:53,0
DA:57,0
DA:67,0
DA:69,0
DA:70,0
DA:73,0
DA:78,0
DA:79,0
DA:86,0
LF:30
LH:0
BRDA:17,0,0,0
BRDA:17,0,1,0
BRDA:30,1,0,0
BRDA:30,1,1,0
BRDA:47,2,0,0
BRDA:47,2,1,0
BRDA:62,3,0,0
BRDA:62,3,1,0
BRDA:63,4,0,0
BRDA:63,4,1,0
BRDA:69,5,0,0
BRDA:69,5,1,0
BRDA:82,6,0,0
BRDA:82,6,1,0
BRF:14
BRH:0
end_of_record
TN:
SF:app/api/service-requests/route.ts
FN:15,getAuthenticatedUser
FN:40,GET
FN:147,POST
FNF:3
FNH:3
FNDA:20,getAuthenticatedUser
FNDA:8,GET
FNDA:12,POST
DA:1,1
DA:3,1
DA:7,1
DA:8,1
DA:9,1
DA:10,1
DA:19,20
DA:21,20
DA:22,1
DA:30,19
DA:31,19
DA:33,17
DA:40,8
DA:41,8
DA:42,8
DA:44,8
DA:45,1
DA:51,7
DA:53,2
DA:79,5
DA:81,1
DA:112,4
DA:114,4
DA:137,0
DA:140,6
DA:143,1
DA:147,12
DA:148,12
DA:149,12
DA:151,12
DA:152,1
DA:156,11
DA:157,0
DA:162,11
DA:163,10
DA:165,7
DA:170,7
DA:200,6
DA:202,5
DA:203,3
DA:206,2
LF:41
LH:39
BRDA:21,0,0,1
BRDA:21,0,1,19
BRDA:21,1,0,20
BRDA:21,1,1,1
BRDA:25,2,0,1
BRDA:25,2,1,0
BRDA:31,3,0,2
BRDA:31,3,1,17
BRDA:35,4,0,17
BRDA:35,4,1,0
BRDA:44,5,0,1
BRDA:44,5,1,7
BRDA:51,6,0,2
BRDA:51,6,1,5
BRDA:79,7,0,1
BRDA:79,7,1,4
BRDA:112,8,0,4
BRDA:112,8,1,0
BRDA:151,9,0,1
BRDA:151,9,1,11
BRDA:156,10,0,0
BRDA:156,10,1,11
BRDA:173,11,0,7
BRDA:173,11,1,0
BRDA:177,12,0,7
BRDA:177,12,1,0
BRDA:181,13,0,7
BRDA:181,13,1,0
BRDA:202,14,0,3
BRDA:202,14,1,2
BRF:30
BRH:23
end_of_record
TN:
SF:app/api/service-requests/[requestId]/route.ts
FN:10,verifyCurrentUserHasAccessToRequest
FN:41,GET
FN:95,PATCH
FN:153,DELETE
FNF:4
FNH:4
FNDA:16,verifyCurrentUserHasAccessToRequest
FNDA:6,GET
FNDA:6,PATCH
FNDA:4,DELETE
DA:2,1
DA:3,1
DA:5,1
DA:6,1
DA:7,1
DA:8,1
DA:12,16
DA:13,16
DA:14,16
DA:15,15
DA:21,14
DA:26,1
DA:27,1
DA:28,1
DA:31,0
DA:38,0
DA:41,6
DA:45,6
DA:46,6
DA:48,6
DA:49,2
DA:52,3
DA:85,3
DA:86,1
DA:89,2
DA:91,1
DA:95,6
DA:99,6
DA:100,6
DA:102,6
DA:103,1
DA:106,5
DA:107,4
DA:109,3
DA:143,2
DA:145,3
DA:146,1
DA:149,2
DA:153,4
DA:157,4
DA:158,4
DA:160,4
DA:161,1
DA:164,3
DA:170,1
DA:172,2
DA:173,0
DA:176,2
LF:48
LH:45
BRDA:12,0,0,16
BRDA:12,0,1,0
BRDA:14,1,0,15
BRDA:14,1,1,1
BRDA:14,2,0,16
BRDA:14,2,1,15
BRDA:27,3,0,1
BRDA:27,3,1,0
BRDA:48,4,0,2
BRDA:48,4,1,3
BRDA:85,5,0,1
BRDA:85,5,1,2
BRDA:102,6,0,1
BRDA:102,6,1,5
BRDA:114,7,0,3
BRDA:114,7,1,2
BRDA:115,8,0,3
BRDA:115,8,1,2
BRDA:116,9,0,3
BRDA:116,9,1,2
BRDA:119,10,0,3
BRDA:119,10,1,0
BRDA:120,11,0,3
BRDA:120,11,1,1
BRDA:123,12,0,3
BRDA:123,12,1,1
BRDA:124,13,0,3
BRDA:124,13,1,0
BRDA:127,14,0,3
BRDA:127,14,1,0
BRDA:130,15,0,3
BRDA:130,15,1,0
BRDA:145,16,0,1
BRDA:145,16,1,2
BRDA:160,17,0,1
BRDA:160,17,1,3
BRDA:172,18,0,0
BRDA:172,18,1,2
BRF:38
BRH:31
end_of_record
TN:
SF:app/api/users/[userId]/route.ts
FN:10,PATCH
FNF:1
FNH:1
FNDA:15,PATCH
DA:2,1
DA:3,1
DA:5,1
DA:6,1
DA:7,1
DA:8,1
DA:10,15
DA:14,15
DA:16,15
DA:19,15
DA:22,15
DA:23,13
DA:26,2
DA:27,1
DA:31,14
DA:32,3
DA:36,11
DA:37,10
DA:40,7
DA:49,6
DA:51,6
DA:52,3
DA:55,3
LF:23
LH:23
BRDA:22,0,0,13
BRDA:22,0,1,2
BRDA:22,1,0,15
BRDA:22,1,1,13
BRDA:31,2,0,3
BRDA:31,2,1,11
BRDA:31,3,0,14
BRDA:31,3,1,13
BRDA:51,4,0,3
BRDA:51,4,1,3
BRF:10
BRH:10
end_of_record
TN:
SF:app/api/users/[userId]/operator-application/route.ts
FN:8,POST
FNF:1
FNH:1
FNDA:17,POST
DA:1,1
DA:2,1
DA:4,1
DA:5,1
DA:6,1
DA:8,17
DA:12,17
DA:14,17
DA:17,17
DA:18,16
DA:19,3
DA:23,13
DA:24,12
DA:28,10
DA:41,9
DA:56,5
DA:57,2
DA:61,3
LF:18
LH:18
BRDA:18,0,0,3
BRDA:18,0,1,13
BRDA:18,1,0,16
BRDA:18,1,1,15
BRDA:56,2,0,2
BRDA:56,2,1,3
BRF:6
BRH:6
end_of_record
TN:
SF:app/api/users/stripe/route.ts
FN:12,GET
FNF:1
FNH:1
FNDA:13,GET
DA:1,1
DA:2,1
DA:4,1
DA:5,1
DA:6,1
DA:7,1
DA:8,1
DA:10,1
DA:12,13
DA:13,13
DA:14,13
DA:16,12
DA:17,3
DA:20,9
DA:24,7
DA:25,2
DA:30,1
DA:35,5
DA:53,4
DA:55,5
DA:56,0
DA:59,5
LF:22
LH:21
BRDA:16,0,0,3
BRDA:16,0,1,9
BRDA:16,1,0,12
BRDA:16,1,1,10
BRDA:24,2,0,2
BRDA:24,2,1,5
BRDA:24,3,0,7
BRDA:24,3,1,4
BRDA:55,4,0,0
BRDA:55,4,1,5
BRF:10
BRH:9
end_of_record
TN:
SF:app/api/webhooks/github/route.ts
FN:8,POST
FNF:1
FNH:0
FNDA:0,POST
DA:1,0
DA:2,0
DA:3,0
DA:5,0
DA:6,0
DA:8,0
DA:9,0
DA:10,0
DA:11,0
DA:14,0
DA:15,0
DA:21,0
DA:26,0
DA:32,0
DA:35,0
DA:36,0
DA:39,0
DA:40,0
DA:41,0
DA:42,0
DA:45,0
DA:51,0
DA:52,0
DA:60,0
DA:63,0
DA:64,0
DA:73,0
DA:74,0
DA:75,0
DA:78,0
DA:83,0
DA:84,0
DA:92,0
DA:95,0
DA:96,0
DA:104,0
LF:36
LH:0
BRDA:14,0,0,0
BRDA:14,0,1,0
BRDA:14,1,0,0
BRDA:14,1,1,0
BRDA:26,2,0,0
BRDA:26,2,1,0
BRDA:39,3,0,0
BRDA:39,3,1,0
BRDA:39,4,0,0
BRDA:39,4,1,0
BRDA:45,5,0,0
BRDA:45,5,1,0
BRDA:46,6,0,0
BRDA:46,6,1,0
BRDA:46,6,2,0
BRDA:46,6,3,0
BRDA:46,6,4,0
BRDA:73,7,0,0
BRDA:73,7,1,0
BRDA:73,8,0,0
BRDA:73,8,1,0
BRDA:78,9,0,0
BRDA:78,9,1,0
BRDA:79,10,0,0
BRDA:79,10,1,0
BRDA:79,10,2,0
BRF:26
BRH:0
end_of_record
TN:
SF:app/api/webhooks/stripe/route.ts
FN:8,POST
FNF:1
FNH:1
FNDA:13,POST
DA:1,1
DA:4,1
DA:5,1
DA:6,1
DA:8,13
DA:9,13
DA:10,13
DA:11,13
DA:15,13
DA:16,13
DA:17,0
DA:19,13
DA:25,4
DA:28,9
DA:30,9
DA:32,6
DA:39,5
DA:40,4
DA:56,7
DA:58,2
DA:63,1
DA:76,6
LF:22
LH:21
BRDA:16,0,0,0
BRDA:16,0,1,13
BRDA:25,1,0,4
BRDA:25,1,1,0
BRDA:30,2,0,6
BRDA:30,2,1,3
BRDA:39,3,0,4
BRDA:39,3,1,1
BRDA:47,4,0,4
BRDA:47,4,1,4
BRDA:56,5,0,2
BRDA:56,5,1,5
BRDA:68,6,0,1
BRDA:68,6,1,1
BRF:14
BRH:12
end_of_record
TN:
SF:components/analytics.tsx
FN:5,Analytics
FNF:1
FNH:0
FNDA:0,Analytics
DA:3,0
DA:5,0
DA:6,0
LF:3
LH:0
BRF:0
BRH:0
end_of_record
TN:
SF:components/billing-form.tsx
FN:25,BillingForm
FN:32,onSubmit
FNF:2
FNH:0
FNDA:0,BillingForm
FNDA:0,onSubmit
DA:3,0
DA:6,0
DA:7,0
DA:15,0
DA:16,0
DA:17,0
DA:25,0
DA:30,0
DA:33,0
DA:34,0
DA:37,0
DA:39,0
DA:40,0
DA:45,0
DA:51,0
DA:52,0
DA:53,0
LF:17
LH:0
BRDA:39,0,0,0
BRDA:39,0,1,0
BRDA:52,1,0,0
BRDA:52,1,1,0
BRDA:74,2,0,0
BRDA:77,3,0,0
BRDA:77,3,1,0
BRDA:79,4,0,0
BRDA:79,4,1,0
BRDA:81,5,0,0
BRDA:81,5,1,0
BRF:11
BRH:0
end_of_record
TN:
SF:components/callout.tsx
FN:9,Callout
FNF:1
FNH:0
FNDA:0,Callout
DA:1,0
DA:9,0
LF:2
LH:0
BRDA:12,0,0,0
BRDA:23,1,0,0
BRF:2
BRH:0
end_of_record
TN:
SF:components/card-skeleton.tsx
FN:4,CardSkeleton
FNF:1
FNH:1
FNDA:1,CardSkeleton
DA:1,1
DA:2,1
DA:4,1
LF:3
LH:3
BRF:0
BRH:0
end_of_record
TN:
SF:components/empty-placeholder.tsx
FN:8,EmptyPlaceholder
FN:32,EmptyPlaceHolderIcon
FN:52,EmptyPlaceholderTitle
FN:65,EmptyPlaceholderDescription
FNF:4
FNH:0
FNDA:0,EmptyPlaceholder
FNDA:0,EmptyPlaceHolderIcon
FNDA:0,EmptyPlaceholderTitle
FNDA:0,EmptyPlaceholderDescription
DA:1,0
DA:3,0
DA:4,0
DA:8,0
DA:32,0
DA:37,0
DA:39,0
DA:40,0
DA:52,0
DA:65,0
LF:10
LH:0
BRDA:39,0,0,0
BRDA:39,0,1,0
BRF:2
BRH:0
end_of_record
TN:
SF:components/header.tsx
FN:7,DashboardHeader
FNF:1
FNH:0
FNDA:0,DashboardHeader
DA:7,0
LF:1
LH:0
BRDA:16,0,0,0
BRF:1
BRH:0
end_of_record
TN:
SF:components/icons.tsx
FNF:0
FNH:0
DA:26,6
DA:27,6
DA:31,267
LF:3
LH:3
BRDA:72,0,0,0
BRDA:73,1,0,0
BRF:2
BRH:0
end_of_record
TN:
SF:components/main-nav.tsx
FN:17,MainNav
FN:26,(anonymous_5)
FN:33,(anonymous_6)
FNF:3
FNH:0
FNDA:0,MainNav
FNDA:0,(anonymous_5)
FNDA:0,(anonymous_6)
DA:3,0
DA:9,0
DA:10,0
DA:17,0
DA:19,0
DA:26,0
DA:33,0
LF:7
LH:0
BRDA:28,0,0,0
BRDA:28,0,1,0
BRDA:32,1,0,0
BRDA:32,1,1,0
BRF:4
BRH:0
end_of_record
TN:
SF:components/mobile-nav.tsx
FN:18,MobileNav
FN:31,(anonymous_6)
FN:59,(anonymous_7)
FN:79,(anonymous_8)
FNF:4
FNH:0
FNDA:0,MobileNav
FNDA:0,(anonymous_6)
FNDA:0,(anonymous_7)
FNDA:0,(anonymous_8)
DA:1,0
DA:2,0
DA:3,0
DA:7,0
DA:8,0
DA:9,0
DA:10,0
DA:18,0
DA:19,0
DA:31,0
DA:60,0
DA:80,0
LF:12
LH:0
BRDA:31,0,0,0
BRDA:31,0,1,0
BRDA:62,1,0,0
BRDA:62,1,1,0
BRDA:65,2,0,0
BRDA:65,2,1,0
BRDA:82,3,0,0
BRDA:82,3,1,0
BRDA:85,4,0,0
BRDA:85,4,1,0
BRF:10
BRH:0
end_of_record
TN:
SF:components/mode-toggle.tsx
FN:15,ModeToggle
FN:28,(anonymous_5)
FN:32,(anonymous_6)
FN:36,(anonymous_7)
FNF:4
FNH:0
FNDA:0,ModeToggle
FNDA:0,(anonymous_5)
FNDA:0,(anonymous_6)
FNDA:0,(anonymous_7)
DA:3,0
DA:4,0
DA:6,0
DA:12,0
DA:13,0
DA:15,0
DA:16,0
DA:28,0
DA:32,0
DA:36,0
LF:10
LH:0
BRF:0
BRH:0
end_of_record
TN:
SF:components/nav.tsx
FN:14,DashboardNav
FN:23,(anonymous_3)
FNF:2
FNH:0
FNDA:0,DashboardNav
FNDA:0,(anonymous_3)
DA:3,0
DA:4,0
DA:7,0
DA:8,0
DA:14,0
DA:15,0
DA:17,0
DA:18,0
DA:24,0
DA:25,0
LF:10
LH:0
BRDA:17,0,0,0
BRDA:17,0,1,0
BRDA:24,1,0,0
BRDA:24,1,1,0
BRDA:26,2,0,0
BRDA:26,2,1,0
BRDA:27,3,0,0
BRDA:27,3,1,0
BRDA:31,4,0,0
BRDA:31,4,1,0
BRDA:32,5,0,0
BRDA:32,5,1,0
BRF:12
BRH:0
end_of_record
TN:
SF:components/operator-application-form.tsx
FN:40,OperatorApplicationForm
FN:65,(anonymous_5)
FN:87,(anonymous_6)
FN:95,(anonymous_7)
FN:101,(anonymous_8)
FN:108,onSubmit
FN:160,(anonymous_10)
FN:161,(anonymous_11)
FN:163,(anonymous_12)
FN:173,(anonymous_13)
FN:178,(anonymous_14)
FN:179,(anonymous_15)
FNF:12
FNH:11
FNDA:458,OperatorApplicationForm
FNDA:21,(anonymous_5)
FNDA:382,(anonymous_6)
FNDA:21,(anonymous_7)
FNDA:1,(anonymous_8)
FNDA:9,onSubmit
FNDA:382,(anonymous_10)
FNDA:10,(anonymous_11)
FNDA:10,(anonymous_12)
FNDA:5,(anonymous_13)
FNDA:1,(anonymous_14)
FNDA:0,(anonymous_15)
DA:3,1
DA:4,1
DA:5,1
DA:7,1
DA:10,1
DA:11,1
DA:12,1
DA:20,1
DA:21,1
DA:22,1
DA:23,1
DA:24,1
DA:40,29
DA:45,458
DA:50,458
DA:56,458
DA:57,458
DA:58,458
DA:59,458
DA:60,458
DA:65,458
DA:66,21
DA:67,1
DA:68,1
DA:71,20
DA:72,20
DA:73,20
DA:75,20
DA:76,20
DA:78,12
DA:80,8
DA:82,20
DA:87,458
DA:88,382
DA:89,382
DA:91,382
DA:92,360
DA:95,382
DA:96,21
DA:101,458
DA:102,1
DA:103,1
DA:104,1
DA:105,1
DA:109,9
DA:111,9
DA:121,9
DA:123,9
DA:124,5
DA:129,5
DA:132,4
DA:136,4
DA:137,4
DA:160,382
DA:163,10
DA:174,5
DA:178,1
DA:180,0
DA:181,0
DA:182,0
LF:60
LH:57
BRDA:66,0,0,1
BRDA:66,0,1,20
BRDA:78,1,0,12
BRDA:78,1,1,0
BRDA:91,2,0,360
BRDA:91,2,1,22
BRDA:123,3,0,5
BRDA:123,3,1,4
BRDA:168,4,0,458
BRDA:171,5,0,458
BRDA:180,6,0,0
BRDA:180,6,1,0
BRDA:180,7,0,0
BRDA:180,7,1,0
BRDA:198,8,0,458
BRDA:211,9,0,458
BRF:16
BRH:11
end_of_record
TN:
SF:components/page-header.tsx
FN:8,DocsPageHeader
FNF:1
FNH:0
FNDA:0,DocsPageHeader
DA:1,0
DA:8,0
LF:2
LH:0
BRDA:20,0,0,0
BRF:1
BRH:0
end_of_record
TN:
SF:components/post-create-button.tsx
FN:13,PostCreateButton
FN:21,onClick
FNF:2
FNH:0
FNDA:0,PostCreateButton
FNDA:0,onClick
DA:3,0
DA:4,0
DA:6,0
DA:7,0
DA:8,0
DA:9,0
DA:13,0
DA:18,0
DA:19,0
DA:22,0
DA:24,0
DA:34,0
DA:36,0
DA:37,0
DA:38,0
DA:43,0
DA:46,0
DA:51,0
DA:54,0
DA:57,0
DA:59,0
DA:60,0
LF:22
LH:0
BRDA:36,0,0,0
BRDA:36,0,1,0
BRDA:37,1,0,0
BRDA:37,1,1,0
BRDA:77,2,0,0
BRF:5
BRH:0
end_of_record
TN:
SF:components/post-item.tsx
FN:12,PostItem
FN:33,PostItemSkeleton
FNF:2
FNH:0
FNDA:0,PostItem
FNDA:0,PostItemSkeleton
DA:1,0
DA:4,0
DA:5,0
DA:6,0
DA:12,0
DA:33,0
LF:6
LH:0
BRF:0
BRH:0
end_of_record
TN:
SF:components/post-operations.tsx
FN:28,deletePost
FN:48,PostOperations
FN:69,(anonymous_7)
FN:88,(anonymous_8)
FNF:4
FNH:0
FNDA:0,deletePost
FNDA:0,PostOperations
FNDA:0,(anonymous_7)
FNDA:0,(anonymous_8)
DA:3,0
DA:4,0
DA:5,0
DA:17,0
DA:24,0
DA:25,0
DA:26,0
DA:29,0
DA:33,0
DA:34,0
DA:41,0
DA:48,0
DA:49,0
DA:50,0
DA:51,0
DA:69,0
DA:89,0
DA:90,0
DA:92,0
DA:94,0
DA:95,0
DA:96,0
DA:97,0
LF:23
LH:0
BRDA:33,0,0,0
BRDA:33,0,1,0
BRDA:94,1,0,0
BRDA:94,1,1,0
BRDA:103,2,0,0
BRF:5
BRH:0
end_of_record
TN:
SF:components/search.tsx
FN:11,DocsSearch
FN:12,onSubmit
FNF:2
FNH:0
FNDA:0,DocsSearch
FNDA:0,onSubmit
DA:3,0
DA:5,0
DA:6,0
DA:7,0
DA:11,0
DA:13,0
DA:15,0
LF:7
LH:0
BRF:0
BRH:0
end_of_record
TN:
SF:components/service-request-create-button.tsx
FN:13,ServiceRequestCreateButton
FN:21,onClick
FNF:2
FNH:2
FNDA:42,ServiceRequestCreateButton
FNDA:17,onClick
DA:3,1
DA:4,1
DA:6,1
DA:7,1
DA:8,1
DA:9,1
DA:13,25
DA:18,42
DA:19,42
DA:22,17
DA:24,17
DA:26,17
DA:29,5
LF:13
LH:13
BRDA:54,0,0,17
BRF:1
BRH:1
end_of_record
TN:
SF:components/service-request-form.tsx
FN:40,ServiceRequestForm
FN:82,(anonymous_5)
FN:88,(anonymous_6)
FN:126,(anonymous_7)
FN:134,(anonymous_8)
FN:140,(anonymous_9)
FN:147,onSubmit
FN:333,(anonymous_11)
FN:341,(anonymous_12)
FN:344,(anonymous_13)
FN:345,(anonymous_14)
FN:372,(anonymous_15)
FN:423,(anonymous_16)
FN:470,(anonymous_17)
FN:512,(anonymous_18)
FNF:15
FNH:10
FNDA:150,ServiceRequestForm
FNDA:13,(anonymous_5)
FNDA:12,(anonymous_6)
FNDA:111,(anonymous_7)
FNDA:12,(anonymous_8)
FNDA:2,(anonymous_9)
FNDA:0,onSubmit
FNDA:111,(anonymous_11)
FNDA:12,(anonymous_12)
FNDA:1,(anonymous_13)
FNDA:1,(anonymous_14)
FNDA:0,(anonymous_15)
FNDA:0,(anonymous_16)
FNDA:0,(anonymous_17)
FNDA:0,(anonymous_18)
DA:3,1
DA:4,1
DA:5,1
DA:6,1
DA:9,1
DA:10,1
DA:11,1
DA:12,1
DA:20,1
DA:21,1
DA:22,1
DA:23,1
DA:24,1
DA:25,1
DA:26,1
DA:40,13
DA:41,150
DA:48,150
DA:71,150
DA:72,150
DA:73,150
DA:74,150
DA:75,150
DA:76,150
DA:78,150
DA:79,150
DA:82,150
DA:83,13
DA:84,13
DA:88,150
DA:89,12
DA:90,1
DA:91,1
DA:94,11
DA:95,11
DA:96,11
DA:101,10
DA:102,8
DA:105,2
DA:106,2
DA:114,1
DA:115,1
DA:121,11
DA:126,150
DA:127,111
DA:128,111
DA:130,111
DA:131,99
DA:134,111
DA:135,12
DA:140,150
DA:141,2
DA:142,2
DA:143,2
DA:144,2
DA:148,0
DA:150,0
DA:151,0
DA:159,0
DA:160,0
DA:162,0
DA:163,0
DA:164,0
DA:166,0
DA:167,0
DA:168,0
DA:170,0
DA:171,0
DA:172,0
DA:173,0
DA:174,0
DA:175,0
DA:179,0
DA:180,0
DA:181,0
DA:182,0
DA:186,0
DA:191,0
DA:194,0
DA:199,0
DA:200,0
DA:201,0
DA:204,0
DA:209,0
DA:211,0
DA:333,111
DA:342,12
DA:344,1
DA:346,1
DA:347,1
DA:348,1
DA:372,0
DA:423,0
DA:470,0
DA:512,0
LF:95
LH:61
BRDA:51,0,0,150
BRDA:51,0,1,0
BRDA:52,1,0,150
BRDA:52,1,1,0
BRDA:89,2,0,1
BRDA:89,2,1,11
BRDA:101,3,0,8
BRDA:101,3,1,2
BRDA:102,4,0,8
BRDA:102,4,1,0
BRDA:108,5,0,2
BRDA:108,5,1,0
BRDA:130,6,0,99
BRDA:130,6,1,12
BRDA:159,7,0,0
BRDA:159,7,1,0
BRDA:164,8,0,0
BRDA:164,8,1,0
BRDA:167,9,0,0
BRDA:167,9,1,0
BRDA:167,10,0,0
BRDA:167,10,1,0
BRDA:170,11,0,0
BRDA:170,11,1,0
BRDA:172,12,0,0
BRDA:172,12,1,0
BRDA:174,13,0,0
BRDA:174,13,1,0
BRDA:179,14,0,0
BRDA:179,14,1,0
BRDA:181,15,0,0
BRDA:181,15,1,0
BRDA:239,16,0,150
BRDA:251,17,0,150
BRDA:264,18,0,150
BRDA:275,19,0,150
BRDA:299,20,0,150
BRDA:311,21,0,150
BRDA:336,22,0,150
BRDA:339,23,0,150
BRDA:346,24,0,1
BRDA:346,24,1,0
BRDA:346,25,0,1
BRDA:346,25,1,0
BRDA:366,26,0,150
BRDA:381,27,0,150
BRDA:393,28,0,150
BRDA:404,29,0,150
BRDA:439,30,0,150
BRDA:451,31,0,150
BRDA:481,32,0,150
BRDA:494,33,0,150
BRDA:523,34,0,150
BRDA:537,35,0,150
BRDA:553,36,0,150
BRF:55
BRH:31
end_of_record
TN:
SF:components/service-request-item.tsx
FN:12,ServiceRequestItem
FN:53,ServiceRequestItemSkeleton
FN:72,getStatusColor
FN:95,formatStatus
FN:96,(anonymous_6)
FN:99,formatEquipmentCategory
FN:120,(anonymous_8)
FNF:7
FNH:0
FNDA:0,ServiceRequestItem
FNDA:0,ServiceRequestItemSkeleton
FNDA:0,getStatusColor
FNDA:0,formatStatus
FNDA:0,(anonymous_6)
FNDA:0,formatEquipmentCategory
FNDA:0,(anonymous_8)
DA:1,0
DA:4,0
DA:5,0
DA:6,0
DA:12,0
DA:53,0
DA:73,0
DA:75,0
DA:77,0
DA:79,0
DA:81,0
DA:83,0
DA:85,0
DA:87,0
DA:89,0
DA:91,0
DA:96,0
DA:100,0
DA:102,0
DA:104,0
DA:106,0
DA:108,0
DA:110,0
DA:112,0
DA:114,0
DA:116,0
DA:118,0
DA:120,0
LF:28
LH:0
BRDA:41,0,0,0
BRDA:41,0,1,0
BRDA:45,1,0,0
BRDA:45,1,1,0
BRDA:73,2,0,0
BRDA:73,2,1,0
BRDA:73,2,2,0
BRDA:73,2,3,0
BRDA:73,2,4,0
BRDA:73,2,5,0
BRDA:73,2,6,0
BRDA:73,2,7,0
BRDA:73,2,8,0
BRDA:100,3,0,0
BRDA:100,3,1,0
BRDA:100,3,2,0
BRDA:100,3,3,0
BRDA:100,3,4,0
BRDA:100,3,5,0
BRDA:100,3,6,0
BRDA:100,3,7,0
BRDA:100,3,8,0
BRDA:100,3,9,0
BRF:23
BRH:0
end_of_record
TN:
SF:components/service-request-operations.tsx
FN:31,ServiceRequestOperations
FN:38,deleteServiceRequest
FN:109,(anonymous_7)
FN:129,(anonymous_8)
FNF:4
FNH:4
FNDA:78,ServiceRequestOperations
FNDA:14,deleteServiceRequest
FNDA:23,(anonymous_7)
FNDA:14,(anonymous_8)
DA:3,1
DA:4,1
DA:5,1
DA:16,1
DA:23,1
DA:24,1
DA:25,1
DA:31,29
DA:34,78
DA:35,78
DA:36,78
DA:39,14
DA:40,14
DA:47,13
DA:49,7
DA:51,7
DA:52,1
DA:54,6
DA:55,1
DA:57,5
DA:58,4
DA:61,7
DA:66,7
DA:69,6
DA:72,1
DA:78,1
DA:109,23
DA:130,14
DA:131,14
DA:133,14
DA:135,14
DA:136,6
DA:137,6
DA:138,6
DA:139,6
DA:143,8
LF:36
LH:36
BRDA:47,0,0,7
BRDA:47,0,1,6
BRDA:51,1,0,1
BRDA:51,1,1,6
BRDA:54,2,0,1
BRDA:54,2,1,5
BRDA:57,3,0,4
BRDA:57,3,1,1
BRDA:135,4,0,6
BRDA:135,4,1,8
BRDA:149,5,0,14
BRF:11
BRH:11
end_of_record
TN:
SF:components/shell.tsx
FN:7,DashboardShell
FNF:1
FNH:0
FNDA:0,DashboardShell
DA:1,0
DA:3,0
DA:7,0
LF:3
LH:0
BRF:0
BRH:0
end_of_record
TN:
SF:components/sidebar-nav.tsx
FN:13,DocsSidebarNav
FN:18,(anonymous_5)
FN:37,DocsSidebarNavItems
FNF:3
FNH:0
FNDA:0,DocsSidebarNav
FNDA:0,(anonymous_5)
FNDA:0,DocsSidebarNavItems
DA:3,0
DA:4,0
DA:7,0
DA:13,0
DA:14,0
DA:16,0
DA:19,0
DA:37,0
DA:41,0
LF:9
LH:0
BRDA:16,0,0,0
BRDA:16,0,1,0
BRDA:23,1,0,0
BRDA:23,1,1,0
BRDA:41,2,0,0
BRDA:41,2,1,0
BRDA:45,3,0,0
BRDA:44,4,0,0
BRDA:44,4,1,0
BRDA:54,5,0,0
BRDA:54,5,1,0
BRDA:55,6,0,0
BRDA:55,6,1,0
BRF:13
BRH:0
end_of_record
TN:
SF:components/site-footer.tsx
FN:9,SiteFooter
FNF:1
FNH:0
FNDA:0,SiteFooter
DA:1,0
DA:2,0
DA:3,0
DA:6,0
DA:7,0
DA:9,0
LF:6
LH:0
BRF:0
BRH:0
end_of_record
TN:
SF:components/tailwind-indicator.tsx
FN:1,TailwindIndicator
FNF:1
FNH:0
FNDA:0,TailwindIndicator
DA:1,0
DA:2,0
LF:2
LH:0
BRDA:2,0,0,0
BRDA:2,0,1,0
BRF:2
BRH:0
end_of_record
TN:
SF:components/theme-provider.tsx
FN:7,ThemeProvider
FNF:1
FNH:0
FNDA:0,ThemeProvider
DA:3,0
DA:4,0
DA:7,0
LF:3
LH:0
BRF:0
BRH:0
end_of_record
TN:
SF:components/user-account-nav.tsx
FN:20,UserAccountNav
FN:53,(anonymous_3)
FNF:2
FNH:0
FNDA:0,UserAccountNav
FNDA:0,(anonymous_3)
DA:3,0
DA:5,0
DA:13,0
DA:14,0
DA:20,0
DA:54,0
DA:55,0
LF:7
LH:0
BRDA:25,0,0,0
BRDA:25,0,1,0
BRDA:25,1,0,0
BRDA:25,1,1,0
BRDA:32,2,0,0
BRDA:33,3,0,0
BRF:6
BRH:0
end_of_record
TN:
SF:components/user-auth-form.tsx
FN:26,UserAuthForm
FN:41,onSubmit
FN:207,(anonymous_6)
FNF:3
FNH:2
FNDA:63,UserAuthForm
FNDA:10,onSubmit
FNDA:0,(anonymous_6)
DA:3,2
DA:4,2
DA:5,2
DA:6,2
DA:7,2
DA:11,2
DA:12,2
DA:13,2
DA:14,2
DA:15,2
DA:16,2
DA:17,2
DA:26,24
DA:27,63
DA:28,63
DA:34,63
DA:37,63
DA:38,63
DA:39,63
DA:42,10
DA:44,10
DA:45,10
DA:47,5
DA:48,5
DA:59,5
DA:60,1
DA:61,1
DA:65,4
DA:72,4
DA:74,1
DA:81,5
DA:82,5
DA:89,5
DA:90,1
DA:94,2
DA:101,10
DA:208,0
DA:209,0
LF:38
LH:36
BRDA:26,0,0,2
BRDA:28,1,0,31
BRDA:28,1,1,32
BRDA:45,2,0,5
BRDA:45,2,1,5
BRDA:59,3,0,1
BRDA:59,3,1,4
BRDA:61,4,0,1
BRDA:61,4,1,0
BRDA:69,5,0,4
BRDA:69,5,1,4
BRDA:72,6,0,1
BRDA:72,6,1,3
BRDA:86,7,0,5
BRDA:86,7,1,5
BRDA:89,8,0,1
BRDA:89,8,1,4
BRDA:96,9,0,2
BRDA:96,9,1,0
BRDA:108,10,0,63
BRDA:118,11,0,31
BRDA:118,11,1,30
BRDA:121,12,0,31
BRDA:121,12,1,31
BRDA:139,13,0,63
BRDA:139,13,1,60
BRDA:142,14,0,63
BRDA:156,15,0,31
BRDA:156,15,1,32
BRDA:157,16,0,63
BRDA:157,16,1,60
BRDA:160,17,0,63
BRDA:166,18,0,63
BRDA:176,19,0,31
BRDA:176,19,1,30
BRDA:179,20,0,31
BRDA:179,20,1,31
BRDA:187,21,0,63
BRDA:190,22,0,31
BRDA:190,22,1,32
BRDA:211,23,0,63
BRDA:211,23,1,60
BRDA:214,24,0,0
BRF:43
BRH:40
end_of_record
TN:
SF:components/user-avatar.tsx
FN:11,UserAvatar
FNF:1
FNH:0
FNDA:0,UserAvatar
DA:4,0
DA:5,0
DA:11,0
LF:3
LH:0
BRDA:15,0,0,0
BRF:1
BRH:0
end_of_record
TN:
SF:components/user-name-form.tsx
FN:32,UserNameForm
FN:46,onSubmit
FNF:2
FNH:0
FNDA:0,UserNameForm
FNDA:0,onSubmit
DA:3,0
DA:4,0
DA:5,0
DA:7,0
DA:10,0
DA:11,0
DA:12,0
DA:20,0
DA:21,0
DA:22,0
DA:23,0
DA:24,0
DA:32,0
DA:33,0
DA:38,0
DA:44,0
DA:47,0
DA:49,0
DA:59,0
DA:61,0
DA:62,0
DA:67,0
DA:70,0
DA:74,0
DA:75,0
LF:25
LH:0
BRDA:41,0,0,0
BRDA:41,0,1,0
BRDA:61,1,0,0
BRDA:61,1,1,0
BRDA:103,2,0,0
BRDA:114,3,0,0
BRF:6
BRH:0
end_of_record
TN:
SF:components/ui/accordion.tsx
FNF:0
FNH:0
DA:3,0
DA:4,0
DA:5,0
DA:7,0
DA:9,0
DA:21,0
DA:41,0
DA:58,0
DA:60,0
LF:9
LH:0
BRF:0
BRH:0
end_of_record
TN:
SF:components/ui/alert-dialog.tsx
FNF:0
FNH:0
DA:3,1
DA:4,1
DA:6,1
DA:7,1
DA:9,1
DA:11,1
DA:23,1
DA:38,1
DA:56,1
DA:70,1
DA:84,1
DA:96,1
DA:108,1
DA:121,1
DA:137,1
DA:140,78
DA:141,0
DA:142,78
DA:143,78
DA:144,78
DA:145,78
DA:146,78
DA:147,78
DA:148,78
LF:24
LH:23
BRF:0
BRH:0
end_of_record
TN:
SF:components/ui/alert.tsx
FNF:0
FNH:0
DA:1,0
DA:2,0
DA:4,0
DA:6,0
DA:33,0
DA:47,0
DA:59,0
DA:61,0
LF:8
LH:0
BRF:0
BRH:0
end_of_record
TN:
SF:components/ui/aspect-ratio.tsx
FNF:0
FNH:0
DA:3,0
DA:5,0
DA:7,0
LF:3
LH:0
BRF:0
BRH:0
end_of_record
TN:
SF:components/ui/avatar.tsx
FNF:0
FNH:0
DA:3,0
DA:4,0
DA:6,0
DA:21,0
DA:33,0
DA:48,0
DA:50,0
LF:7
LH:0
BRF:0
BRH:0
end_of_record
TN:
SF:components/ui/badge.tsx
FN:30,Badge
FNF:1
FNH:0
FNDA:0,Badge
DA:1,0
DA:2,0
DA:4,0
DA:6,0
DA:36,0
LF:5
LH:0
BRF:0
BRH:0
end_of_record
TN:
SF:components/ui/button.tsx
FN:42,(anonymous_6)
FNF:1
FNH:0
FNDA:0,(anonymous_6)
DA:1,6
DA:2,6
DA:3,6
DA:5,6
DA:7,6
DA:41,6
DA:43,0
DA:53,6
DA:55,874
LF:9
LH:8
BRDA:42,0,0,0
BRDA:43,1,0,0
BRDA:43,1,1,0
BRF:3
BRH:0
end_of_record
TN:
SF:components/ui/calendar.tsx
FN:19,Calendar
FN:62,(anonymous_5)
FN:63,(anonymous_6)
FNF:3
FNH:0
FNDA:0,Calendar
FNDA:0,(anonymous_5)
FNDA:0,(anonymous_6)
DA:3,0
DA:4,0
DA:5,0
DA:7,0
DA:8,0
DA:63,0
DA:64,0
DA:66,0
DA:68,0
DA:70,0
DA:72,0
DA:74,0
DA:78,0
DA:86,0
DA:88,0
LF:15
LH:0
BRDA:22,0,0,0
BRDA:64,1,0,0
BRDA:64,1,1,0
BRDA:64,1,2,0
BRDA:64,1,3,0
BRDA:64,1,4,0
BRF:6
BRH:0
end_of_record
TN:
SF:components/ui/card.tsx
FNF:0
FNH:0
DA:1,3
DA:3,3
DA:18,3
DA:30,3
DA:47,3
DA:59,3
DA:67,3
DA:79,3
DA:81,1359
LF:9
LH:9
BRF:0
BRH:0
end_of_record
TN:
SF:components/ui/checkbox.tsx
FNF:0
FNH:0
DA:3,0
DA:4,0
DA:5,0
DA:7,0
DA:28,0
DA:30,0
LF:6
LH:0
BRF:0
BRH:0
end_of_record
TN:
SF:components/ui/collapsible.tsx
FNF:0
FNH:0
DA:3,0
DA:5,0
DA:7,0
DA:9,0
DA:11,0
LF:5
LH:0
BRF:0
BRH:0
end_of_record
TN:
SF:components/ui/command.tsx
FN:28,(anonymous_14)
FN:129,(anonymous_21)
FNF:2
FNH:0
FNDA:0,(anonymous_14)
FNDA:0,(anonymous_21)
DA:3,0
DA:5,0
DA:6,0
DA:8,0
DA:9,0
DA:24,0
DA:28,0
DA:57,0
DA:70,0
DA:83,0
DA:99,0
DA:111,0
DA:127,0
DA:129,0
DA:143,0
DA:146,0
DA:147,0
DA:148,0
DA:149,0
DA:150,0
DA:151,0
DA:152,0
DA:153,0
DA:154,0
LF:24
LH:0
BRF:0
BRH:0
end_of_record
TN:
SF:components/ui/context-menu.tsx
FN:168,(anonymous_27)
FNF:1
FNH:0
FNDA:0,(anonymous_27)
DA:3,0
DA:4,0
DA:5,0
DA:7,0
DA:9,0
DA:11,0
DA:13,0
DA:15,0
DA:17,0
DA:19,0
DA:40,0
DA:55,0
DA:72,0
DA:90,0
DA:113,0
DA:136,0
DA:154,0
DA:166,0
DA:168,0
DA:182,0
DA:185,0
DA:186,0
DA:187,0
DA:188,0
DA:189,0
DA:190,0
DA:191,0
DA:192,0
DA:193,0
DA:194,0
DA:195,0
DA:196,0
DA:197,0
DA:198,0
DA:199,0
LF:35
LH:0
BRDA:31,0,0,0
BRDA:31,0,1,0
BRDA:84,1,0,0
BRDA:84,1,1,0
BRDA:102,2,0,0
BRDA:102,2,1,0
BRDA:148,3,0,0
BRDA:148,3,1,0
BRF:8
BRH:0
end_of_record
TN:
SF:components/ui/dialog.tsx
FNF:0
FNH:0
DA:3,0
DA:4,0
DA:5,0
DA:7,0
DA:9,0
DA:11,0
DA:23,0
DA:38,0
DA:62,0
DA:76,0
DA:90,0
DA:105,0
DA:117,0
DA:120,0
DA:121,0
DA:122,0
DA:123,0
DA:124,0
DA:125,0
DA:126,0
LF:20
LH:0
BRF:0
BRH:0
end_of_record
TN:
SF:components/ui/dropdown-menu.tsx
FN:171,(anonymous_27)
FNF:1
FNH:0
FNDA:0,(anonymous_27)
DA:3,1
DA:4,1
DA:5,1
DA:7,1
DA:9,1
DA:11,1
DA:13,1
DA:15,1
DA:17,1
DA:19,1
DA:40,1
DA:56,1
DA:75,1
DA:93,1
DA:116,1
DA:139,1
DA:157,1
DA:169,1
DA:171,1
DA:182,1
DA:185,78
DA:186,78
DA:187,78
DA:188,234
DA:189,0
DA:190,0
DA:191,0
DA:192,78
DA:193,0
DA:194,0
DA:195,0
DA:196,0
DA:197,0
DA:198,0
DA:199,0
LF:35
LH:25
BRDA:31,0,0,0
BRDA:31,0,1,0
BRDA:62,1,0,78
BRDA:87,2,0,150
BRDA:87,2,1,0
BRDA:105,3,0,0
BRDA:105,3,1,0
BRDA:151,4,0,0
BRDA:151,4,1,0
BRF:9
BRH:2
end_of_record
TN:
SF:components/ui/hover-card.tsx
FNF:0
FNH:0
DA:3,0
DA:4,0
DA:6,0
DA:8,0
DA:10,0
DA:27,0
DA:29,0
LF:7
LH:0
BRDA:15,0,0,0
BRDA:15,1,0,0
BRF:2
BRH:0
end_of_record
TN:
SF:components/ui/input.tsx
FN:8,(anonymous_4)
FNF:1
FNH:1
FNDA:2296,(anonymous_4)
DA:1,4
DA:3,4
DA:7,4
DA:22,4
DA:24,2296
LF:5
LH:5
BRF:0
BRH:0
end_of_record
TN:
SF:components/ui/label.tsx
FNF:0
FNH:0
DA:3,4
DA:4,4
DA:5,4
DA:7,4
DA:9,4
DA:24,4
DA:26,3196
LF:7
LH:7
BRF:0
BRH:0
end_of_record
TN:
SF:components/ui/menubar.tsx
FN:203,(anonymous_30)
FNF:1
FNH:0
FNDA:0,(anonymous_30)
DA:3,0
DA:4,0
DA:5,0
DA:7,0
DA:9,0
DA:11,0
DA:13,0
DA:15,0
DA:17,0
DA:32,0
DA:47,0
DA:68,0
DA:83,0
DA:108,0
DA:126,0
DA:149,0
DA:171,0
DA:189,0
DA:201,0
DA:203,0
DA:217,0
DA:220,0
DA:221,0
DA:222,0
DA:223,0
DA:224,0
DA:225,0
DA:226,0
DA:227,0
DA:228,0
DA:229,0
DA:230,0
DA:231,0
DA:232,0
DA:233,0
DA:234,0
DA:235,0
LF:37
LH:0
BRDA:59,0,0,0
BRDA:59,0,1,0
BRDA:90,1,0,0
BRDA:90,2,0,0
BRDA:90,3,0,0
BRDA:120,4,0,0
BRDA:120,4,1,0
BRDA:138,5,0,0
BRDA:138,5,1,0
BRDA:183,6,0,0
BRDA:183,6,1,0
BRF:11
BRH:0
end_of_record
TN:
SF:components/ui/navigation-menu.tsx
FNF:0
FNH:0
DA:1,0
DA:2,0
DA:3,0
DA:4,0
DA:6,0
DA:24,0
DA:39,0
DA:41,0
DA:43,0
DA:63,0
DA:78,0
DA:80,0
DA:97,0
DA:115,0
DA:119,0
DA:120,0
DA:121,0
DA:122,0
DA:123,0
DA:124,0
DA:125,0
DA:126,0
DA:127,0
LF:23
LH:0
BRF:0
BRH:0
end_of_record
TN:
SF:components/ui/popover.tsx
FNF:0
FNH:0
DA:3,0
DA:4,0
DA:6,0
DA:8,0
DA:10,0
DA:29,0
DA:31,0
LF:7
LH:0
BRDA:15,0,0,0
BRDA:15,1,0,0
BRF:2
BRH:0
end_of_record
TN:
SF:components/ui/progress.tsx
FNF:0
FNH:0
DA:3,0
DA:4,0
DA:6,0
DA:26,0
DA:28,0
LF:5
LH:0
BRDA:22,0,0,0
BRDA:22,0,1,0
BRF:2
BRH:0
end_of_record
TN:
SF:components/ui/radio-group.tsx
FN:12,(anonymous_6)
FN:26,(anonymous_7)
FNF:2
FNH:0
FNDA:0,(anonymous_6)
FNDA:0,(anonymous_7)
DA:3,0
DA:4,0
DA:5,0
DA:7,0
DA:9,0
DA:21,0
DA:23,0
DA:42,0
DA:44,0
LF:9
LH:0
BRF:0
BRH:0
end_of_record
TN:
SF:components/ui/scroll-area.tsx
FNF:0
FNH:0
DA:3,0
DA:4,0
DA:6,0
DA:24,0
DA:46,0
DA:48,0
LF:6
LH:0
BRDA:29,0,0,0
BRDA:35,1,0,0
BRDA:35,1,1,0
BRDA:37,2,0,0
BRDA:37,2,1,0
BRF:5
BRH:0
end_of_record
TN:
SF:components/ui/select.tsx
FNF:0
FNH:0
DA:3,1
DA:4,1
DA:5,1
DA:7,1
DA:9,1
DA:11,1
DA:13,1
DA:33,1
DA:62,1
DA:74,1
DA:97,1
DA:109,1
DA:112,600
DA:113,0
DA:114,600
DA:115,600
DA:116,600
DA:117,0
DA:118,2850
DA:119,0
LF:20
LH:17
BRDA:38,0,0,600
BRDA:44,1,0,600
BRDA:44,1,1,600
BRDA:53,2,0,600
BRDA:53,2,1,600
BRF:5
BRH:5
end_of_record
TN:
SF:components/ui/separator.tsx
FNF:0
FNH:0
DA:3,0
DA:4,0
DA:6,0
DA:29,0
DA:31,0
LF:5
LH:0
BRDA:13,0,0,0
BRDA:13,1,0,0
BRDA:22,2,0,0
BRDA:22,2,1,0
BRF:4
BRH:0
end_of_record
TN:
SF:components/ui/sheet.tsx
FNF:0
FNH:0
DA:3,0
DA:4,0
DA:5,0
DA:6,0
DA:8,0
DA:10,0
DA:12,0
DA:14,0
DA:39,0
DA:54,0
DA:56,0
DA:167,0
DA:181,0
DA:195,0
DA:207,0
DA:219,0
DA:222,0
DA:223,0
DA:224,0
DA:225,0
DA:226,0
DA:227,0
DA:228,0
LF:23
LH:0
BRF:0
BRH:0
end_of_record
TN:
SF:components/ui/skeleton.tsx
FN:3,Skeleton
FNF:1
FNH:1
FNDA:3,Skeleton
DA:1,1
DA:15,3
LF:2
LH:2
BRF:0
BRH:0
end_of_record
TN:
SF:components/ui/slider.tsx
FNF:0
FNH:0
DA:3,0
DA:4,0
DA:6,0
DA:26,0
DA:28,0
LF:5
LH:0
BRF:0
BRH:0
end_of_record
TN:
SF:components/ui/switch.tsx
FNF:0
FNH:0
DA:3,0
DA:4,0
DA:6,0
DA:27,0
DA:29,0
LF:5
LH:0
BRF:0
BRH:0
end_of_record
TN:
SF:components/ui/tabs.tsx
FNF:0
FNH:0
DA:3,0
DA:4,0
DA:6,0
DA:8,0
DA:23,0
DA:38,0
DA:53,0
DA:55,0
LF:8
LH:0
BRF:0
BRH:0
end_of_record
TN:
SF:components/ui/textarea.tsx
FN:8,(anonymous_4)
FNF:1
FNH:1
FNDA:300,(anonymous_4)
DA:1,1
DA:3,1
DA:7,1
DA:21,1
DA:23,300
LF:5
LH:5
BRF:0
BRH:0
end_of_record
TN:
SF:components/ui/toast.tsx
FN:45,(anonymous_12)
FNF:1
FNH:0
FNDA:0,(anonymous_12)
DA:1,0
DA:2,0
DA:3,0
DA:4,0
DA:6,0
DA:8,0
DA:23,0
DA:25,0
DA:41,0
DA:54,0
DA:69,0
DA:87,0
DA:99,0
DA:111,0
DA:120,0
DA:121,0
DA:122,0
DA:123,0
DA:124,0
DA:125,0
DA:126,0
LF:21
LH:0
BRF:0
BRH:0
end_of_record
TN:
SF:components/ui/toaster.tsx
FN:13,Toaster
FN:18,(anonymous_2)
FNF:2
FNH:0
FNDA:0,Toaster
FNDA:0,(anonymous_2)
DA:10,0
DA:11,0
DA:13,0
DA:14,0
DA:19,0
LF:5
LH:0
BRDA:22,0,0,0
BRDA:23,1,0,0
BRF:2
BRH:0
end_of_record
TN:
SF:components/ui/toggle.tsx
FNF:0
FNH:0
DA:3,0
DA:4,0
DA:5,0
DA:7,0
DA:9,0
DA:43,0
DA:45,0
LF:7
LH:0
BRF:0
BRH:0
end_of_record
TN:
SF:components/ui/tooltip.tsx
FNF:0
FNH:0
DA:3,0
DA:4,0
DA:6,0
DA:8,0
DA:10,0
DA:12,0
DA:28,0
DA:30,0
LF:8
LH:0
BRDA:17,0,0,0
BRF:1
BRH:0
end_of_record
TN:
SF:components/ui/use-toast.ts
FN:20,genId
FN:51,(anonymous_8)
FN:56,(anonymous_9)
FN:67,(anonymous_10)
FN:78,(anonymous_11)
FN:91,(anonymous_12)
FN:98,(anonymous_13)
FN:117,(anonymous_14)
FN:128,dispatch
FN:130,(anonymous_16)
FN:137,toast
FN:140,(anonymous_18)
FN:145,(anonymous_19)
FN:153,(anonymous_20)
FN:166,useToast
FN:169,(anonymous_22)
FN:171,(anonymous_23)
FN:182,(anonymous_24)
FNF:18
FNH:0
FNDA:0,genId
FNDA:0,(anonymous_8)
FNDA:0,(anonymous_9)
FNDA:0,(anonymous_10)
FNDA:0,(anonymous_11)
FNDA:0,(anonymous_12)
FNDA:0,(anonymous_13)
FNDA:0,(anonymous_14)
FNDA:0,dispatch
FNDA:0,(anonymous_16)
FNDA:0,toast
FNDA:0,(anonymous_18)
FNDA:0,(anonymous_19)
FNDA:0,(anonymous_20)
FNDA:0,useToast
FNDA:0,(anonymous_22)
FNDA:0,(anonymous_23)
FNDA:0,(anonymous_24)
DA:2,1
DA:6,1
DA:7,1
DA:18,1
DA:21,0
DA:22,0
DA:49,1
DA:51,1
DA:52,0
DA:53,0
DA:56,0
DA:57,0
DA:58,0
DA:64,0
DA:67,1
DA:68,0
DA:70,0
DA:76,0
DA:79,0
DA:84,0
DA:88,0
DA:89,0
DA:91,0
DA:92,0
DA:96,0
DA:99,0
DA:109,0
DA:110,0
DA:115,0
DA:117,0
DA:120,0
DA:124,1
DA:126,1
DA:129,0
DA:130,0
DA:131,0
DA:138,0
DA:140,0
DA:141,0
DA:145,0
DA:147,0
DA:154,0
DA:159,0
DA:167,0
DA:169,0
DA:170,0
DA:171,0
DA:172,0
DA:173,0
DA:174,0
DA:179,0
DA:183,0
DA:190,0
LF:53
LH:9
BRDA:52,0,0,0
BRDA:52,0,1,0
BRDA:68,1,0,0
BRDA:68,1,1,0
BRDA:68,1,2,0
BRDA:68,1,3,0
BRDA:68,1,4,0
BRDA:79,2,0,0
BRDA:79,2,1,0
BRDA:88,3,0,0
BRDA:88,3,1,0
BRDA:99,4,0,0
BRDA:99,4,1,0
BRDA:99,5,0,0
BRDA:99,5,1,0
BRDA:109,6,0,0
BRDA:109,6,1,0
BRDA:154,7,0,0
BRDA:154,7,1,0
BRDA:173,8,0,0
BRDA:173,8,1,0
BRDA:185,9,0,0
BRDA:185,9,1,0
BRF:23
BRH:0
end_of_record
TN:
SF:lib/auth-utils.ts
FN:20,hashPassword
FN:28,verifyPassword
FN:35,generateAccessToken
FN:50,generateRefreshToken
FN:65,verifyToken
FN:82,extractBearerToken
FN:93,isTokenExpired
FNF:7
FNH:7
FNDA:3,hashPassword
FNDA:2,verifyPassword
FNDA:6,generateAccessToken
FNDA:3,generateRefreshToken
FNDA:10,verifyToken
FNDA:36,extractBearerToken
FNDA:6,isTokenExpired
DA:1,13
DA:2,13
DA:3,13
DA:9,13
DA:20,6
DA:21,3
DA:22,3
DA:28,5
DA:29,2
DA:35,9
DA:36,6
DA:50,6
DA:51,3
DA:65,13
DA:66,10
DA:67,10
DA:72,7
DA:75,3
DA:82,39
DA:83,36
DA:84,34
DA:93,9
DA:94,6
DA:96,5
DA:98,5
LF:25
LH:25
BRDA:83,0,0,34
BRDA:83,0,1,2
BRDA:94,1,0,1
BRDA:94,1,1,5
BRF:4
BRH:4
end_of_record
TN:
SF:lib/auth.ts
FN:32,(anonymous_2)
FN:96,(anonymous_3)
FN:107,(anonymous_4)
FNF:3
FNH:1
FNDA:0,(anonymous_2)
FNDA:6,(anonymous_3)
FNDA:0,(anonymous_4)
DA:2,10
DA:4,10
DA:5,10
DA:6,10
DA:8,117
DA:33,0
DA:34,0
DA:35,0
DA:39,0
DA:51,0
DA:52,0
DA:56,0
DA:65,0
DA:66,0
DA:69,0
DA:74,0
DA:75,0
DA:78,0
DA:85,0
DA:97,6
DA:98,6
DA:99,6
DA:100,6
DA:101,6
DA:102,6
DA:105,6
DA:108,0
DA:123,0
DA:124,0
DA:125,0
DA:127,0
DA:129,0
DA:132,0
LF:33
LH:12
BRDA:34,0,0,0
BRDA:34,0,1,0
BRDA:34,1,0,0
BRDA:34,1,1,0
BRDA:51,2,0,0
BRDA:51,2,1,0
BRDA:65,3,0,0
BRDA:65,3,1,0
BRDA:74,4,0,0
BRDA:74,4,1,0
BRDA:97,5,0,6
BRDA:97,5,1,0
BRDA:99,6,0,6
BRDA:99,6,1,2
BRDA:100,7,0,6
BRDA:100,7,1,2
BRDA:101,8,0,6
BRDA:101,8,1,4
BRDA:108,9,0,0
BRDA:108,9,1,0
BRDA:123,10,0,0
BRDA:123,10,1,0
BRDA:124,11,0,0
BRDA:124,11,1,0
BRF:24
BRH:7
end_of_record
TN:
SF:lib/db.ts
FNF:0
FNH:0
DA:1,0
DA:9,0
DA:10,0
DA:12,0
DA:13,0
DA:15,0
DA:18,0
LF:7
LH:0
BRDA:9,0,0,0
BRDA:9,0,1,0
BRDA:12,1,0,0
BRDA:12,1,1,0
BRF:4
BRH:0
end_of_record
TN:
SF:lib/exceptions.ts
FN:2,(anonymous_1)
FNF:1
FNH:0
FNDA:0,(anonymous_1)
DA:1,0
DA:3,0
LF:2
LH:0
BRDA:2,0,0,0
BRF:1
BRH:0
end_of_record
TN:
SF:lib/permissions.ts
FN:51,isValidUserRole
FN:58,hasPermissionSafe
FN:159,hasPermission
FN:166,getUserPermissions
FN:173,canAccessRoute
FN:211,(anonymous_18)
FN:227,hasHigherRole
FN:234,hasEqualOrHigherRole
FN:241,getLowerRoles
FN:244,(anonymous_22)
FN:245,(anonymous_23)
FN:251,canManageUser
FN:267,getAvailableDashboardRoutes
FNF:13
FNH:13
FNDA:27,isValidUserRole
FNDA:27,hasPermissionSafe
FNDA:91,hasPermission
FNDA:10,getUserPermissions
FNDA:51,canAccessRoute
FNDA:35,(anonymous_18)
FNDA:16,hasHigherRole
FNDA:16,hasEqualOrHigherRole
FNDA:6,getLowerRoles
FNDA:24,(anonymous_22)
FNDA:11,(anonymous_23)
FNDA:16,canManageUser
FNDA:13,getAvailableDashboardRoutes
DA:51,0
DA:52,27
DA:58,27
DA:59,27
DA:60,0
DA:62,27
DA:65,28
DA:159,29
DA:160,91
DA:166,10
DA:167,10
DA:173,51
DA:175,51
DA:204,51
DA:208,43
DA:211,35
DA:217,10
DA:227,16
DA:228,16
DA:234,16
DA:235,16
DA:241,6
DA:242,6
DA:243,6
DA:244,24
DA:245,11
DA:251,16
DA:253,16
DA:256,12
DA:257,4
DA:261,8
DA:267,13
DA:273,13
DA:299,13
DA:363,13
LF:35
LH:33
BRDA:52,0,0,27
BRDA:52,0,1,27
BRDA:52,0,2,27
BRDA:59,1,0,0
BRDA:59,1,1,27
BRDA:160,2,0,91
BRDA:160,2,1,35
BRDA:167,3,0,10
BRDA:167,3,1,2
BRDA:208,4,0,8
BRDA:208,4,1,35
BRDA:253,5,0,4
BRDA:253,5,1,12
BRDA:256,6,0,4
BRDA:256,6,1,8
BRDA:257,7,0,4
BRDA:257,7,1,3
BRF:17
BRH:16
end_of_record
TN:
SF:lib/session.ts
FN:5,getCurrentUser
FN:11,getCurrentUserWithRole
FN:24,requireAuth
FN:34,requireRole
FNF:4
FNH:4
FNDA:11,getCurrentUser
FNDA:15,getCurrentUserWithRole
FNDA:4,requireAuth
FNDA:9,requireRole
DA:1,2
DA:3,2
DA:5,8
DA:6,11
DA:8,10
DA:11,7
DA:12,15
DA:14,15
DA:15,3
DA:18,12
DA:24,5
DA:25,4
DA:27,4
DA:28,2
DA:31,2
DA:34,10
DA:35,9
DA:37,9
DA:38,1
DA:41,8
DA:43,8
DA:44,4
DA:47,4
LF:23
LH:23
BRDA:14,0,0,3
BRDA:14,0,1,12
BRDA:20,1,0,12
BRDA:20,1,1,3
BRDA:27,2,0,2
BRDA:27,2,1,2
BRDA:37,3,0,1
BRDA:37,3,1,8
BRDA:41,4,0,4
BRDA:41,4,1,4
BRDA:43,5,0,4
BRDA:43,5,1,4
BRF:12
BRH:12
end_of_record
TN:
SF:lib/stripe.ts
FNF:0
FNH:0
DA:1,0
DA:3,0
DA:5,0
LF:3
LH:0
BRDA:5,0,0,0
BRDA:5,0,1,0
BRF:2
BRH:0
end_of_record
TN:
SF:lib/subscription.ts
FN:9,getUserSubscriptionPlan
FNF:1
FNH:0
FNDA:0,getUserSubscriptionPlan
DA:4,1
DA:5,1
DA:7,1
DA:9,1
DA:12,0
DA:24,0
DA:25,0
DA:29,0
DA:35,0
DA:37,0
LF:10
LH:4
BRDA:24,0,0,0
BRDA:24,0,1,0
BRDA:30,1,0,0
BRDA:30,1,1,0
BRDA:30,1,2,0
BRDA:35,2,0,0
BRDA:35,2,1,0
BRDA:41,3,0,0
BRDA:41,3,1,0
BRF:9
BRH:0
end_of_record
TN:
SF:lib/utils.ts
FN:6,cn
FN:10,formatDate
FN:19,absoluteUrl
FNF:3
FNH:3
FNDA:20179,cn
FNDA:1022,formatDate
FNDA:1022,absoluteUrl
DA:1,9
DA:2,9
DA:4,9
DA:6,20179
DA:7,20179
DA:10,1022
DA:11,1022
DA:12,1022
DA:19,1022
DA:21,1022
DA:22,3
DA:26,1019
DA:27,1019
LF:13
LH:13
BRDA:21,0,0,3
BRDA:21,0,1,1019
BRDA:26,1,0,1016
BRDA:26,1,1,3
BRF:4
BRH:4
end_of_record
TN:
SF:lib/background-agents/automated-fixer.ts
FN:23,(anonymous_1)
FN:30,(anonymous_2)
FN:81,(anonymous_3)
FN:120,(anonymous_4)
FN:143,(anonymous_5)
FN:160,(anonymous_6)
FN:193,(anonymous_7)
FN:211,(anonymous_8)
FN:230,(anonymous_9)
FN:247,(anonymous_10)
FN:254,(anonymous_11)
FN:260,(anonymous_12)
FN:267,(anonymous_13)
FN:279,(anonymous_14)
FN:284,(anonymous_15)
FN:289,(anonymous_16)
FN:294,(anonymous_17)
FN:299,(anonymous_18)
FN:304,(anonymous_19)
FN:309,(anonymous_20)
FN:315,(anonymous_21)
FNF:21
FNH:0
FNDA:0,(anonymous_1)
FNDA:0,(anonymous_2)
FNDA:0,(anonymous_3)
FNDA:0,(anonymous_4)
FNDA:0,(anonymous_5)
FNDA:0,(anonymous_6)
FNDA:0,(anonymous_7)
FNDA:0,(anonymous_8)
FNDA:0,(anonymous_9)
FNDA:0,(anonymous_10)
FNDA:0,(anonymous_11)
FNDA:0,(anonymous_12)
FNDA:0,(anonymous_13)
FNDA:0,(anonymous_14)
FNDA:0,(anonymous_15)
FNDA:0,(anonymous_16)
FNDA:0,(anonymous_17)
FNDA:0,(anonymous_18)
FNDA:0,(anonymous_19)
FNDA:0,(anonymous_20)
FNDA:0,(anonymous_21)
DA:17,0
DA:24,0
DA:25,0
DA:26,0
DA:27,0
DA:31,0
DA:36,0
DA:38,0
DA:39,0
DA:41,0
DA:42,0
DA:44,0
DA:45,0
DA:47,0
DA:48,0
DA:50,0
DA:51,0
DA:53,0
DA:61,0
DA:62,0
DA:63,0
DA:66,0
DA:70,0
DA:73,0
DA:82,0
DA:83,0
DA:90,0
DA:92,0
DA:93,0
DA:95,0
DA:96,0
DA:99,0
DA:104,0
DA:105,0
DA:117,0
DA:122,0
DA:125,0
DA:126,0
DA:127,0
DA:130,0
DA:131,0
DA:132,0
DA:135,0
DA:136,0
DA:137,0
DA:140,0
DA:144,0
DA:147,0
DA:148,0
DA:149,0
DA:152,0
DA:153,0
DA:154,0
DA:157,0
DA:161,0
DA:162,0
DA:165,0
DA:167,0
DA:168,0
DA:169,0
DA:170,0
DA:172,0
DA:177,0
DA:178,0
DA:190,0
DA:194,0
DA:197,0
DA:198,0
DA:199,0
DA:202,0
DA:203,0
DA:204,0
DA:207,0
DA:212,0
DA:213,0
DA:220,0
DA:221,0
DA:223,0
DA:226,0
DA:232,0
DA:235,0
DA:236,0
DA:237,0
DA:238,0
DA:240,0
DA:244,0
DA:249,0
DA:252,0
DA:253,0
DA:254,0
DA:258,0
DA:259,0
DA:260,0
DA:264,0
DA:268,0
DA:269,0
DA:273,0
DA:275,0
DA:286,0
DA:291,0
DA:296,0
DA:301,0
DA:306,0
DA:311,0
DA:316,0
DA:340,0
DA:343,0
LF:107
LH:0
BRDA:36,0,0,0
BRDA:36,0,1,0
BRDA:36,0,2,0
BRDA:36,0,3,0
BRDA:36,0,4,0
BRDA:36,0,5,0
BRDA:61,1,0,0
BRDA:61,1,1,0
BRDA:61,2,0,0
BRDA:61,2,1,0
BRDA:63,3,0,0
BRDA:63,3,1,0
BRDA:76,4,0,0
BRDA:76,4,1,0
BRDA:82,5,0,0
BRDA:82,5,1,0
BRDA:82,6,0,0
BRDA:82,6,1,0
BRDA:96,7,0,0
BRDA:96,7,1,0
BRDA:104,8,0,0
BRDA:104,8,1,0
BRDA:109,9,0,0
BRDA:109,9,1,0
BRDA:125,10,0,0
BRDA:125,10,1,0
BRDA:127,11,0,0
BRDA:127,11,1,0
BRDA:130,12,0,0
BRDA:130,12,1,0
BRDA:135,13,0,0
BRDA:135,13,1,0
BRDA:147,14,0,0
BRDA:147,14,1,0
BRDA:149,15,0,0
BRDA:149,15,1,0
BRDA:152,16,0,0
BRDA:152,16,1,0
BRDA:161,17,0,0
BRDA:161,17,1,0
BRDA:161,18,0,0
BRDA:161,18,1,0
BRDA:170,19,0,0
BRDA:170,19,1,0
BRDA:177,20,0,0
BRDA:177,20,1,0
BRDA:182,21,0,0
BRDA:182,21,1,0
BRDA:197,22,0,0
BRDA:197,22,1,0
BRDA:202,23,0,0
BRDA:202,23,1,0
BRDA:220,24,0,0
BRDA:220,24,1,0
BRDA:235,25,0,0
BRDA:235,25,1,0
BRDA:237,26,0,0
BRDA:237,26,1,0
BRDA:252,27,0,0
BRDA:252,27,1,0
BRDA:254,28,0,0
BRDA:254,28,1,0
BRDA:258,29,0,0
BRDA:258,29,1,0
BRDA:345,30,0,0
BRDA:345,30,1,0
BRF:66
BRH:0
end_of_record
TN:
SF:lib/background-agents/config.ts
FNF:0
FNH:0
DA:1,0
LF:1
LH:0
BRF:0
BRH:0
end_of_record
TN:
SF:lib/background-agents/enhanced-todo-manager.ts
FN:28,(anonymous_4)
FN:37,(anonymous_5)
FN:40,(anonymous_6)
FN:60,(anonymous_7)
FN:70,(anonymous_8)
FN:92,(anonymous_9)
FN:103,(anonymous_10)
FN:108,(anonymous_11)
FN:110,(anonymous_12)
FN:111,(anonymous_13)
FN:134,(anonymous_14)
FN:140,(anonymous_15)
FN:150,(anonymous_16)
FN:151,(anonymous_17)
FN:172,(anonymous_18)
FN:173,(anonymous_19)
FN:179,(anonymous_20)
FN:180,(anonymous_21)
FN:194,(anonymous_22)
FN:197,(anonymous_23)
FN:203,(anonymous_24)
FN:206,(anonymous_25)
FN:212,(anonymous_26)
FN:221,(anonymous_27)
FN:223,(anonymous_28)
FN:225,(anonymous_29)
FN:226,(anonymous_30)
FN:242,(anonymous_31)
FN:255,(anonymous_32)
FN:264,(anonymous_33)
FN:275,(anonymous_34)
FN:291,(anonymous_35)
FN:292,(anonymous_36)
FN:293,(anonymous_37)
FN:294,(anonymous_38)
FN:295,(anonymous_39)
FN:304,(anonymous_40)
FN:355,(anonymous_41)
FN:363,(anonymous_42)
FN:376,getEnhancedTodoManager
FNF:40
FNH:0
FNDA:0,(anonymous_4)
FNDA:0,(anonymous_5)
FNDA:0,(anonymous_6)
FNDA:0,(anonymous_7)
FNDA:0,(anonymous_8)
FNDA:0,(anonymous_9)
FNDA:0,(anonymous_10)
FNDA:0,(anonymous_11)
FNDA:0,(anonymous_12)
FNDA:0,(anonymous_13)
FNDA:0,(anonymous_14)
FNDA:0,(anonymous_15)
FNDA:0,(anonymous_16)
FNDA:0,(anonymous_17)
FNDA:0,(anonymous_18)
FNDA:0,(anonymous_19)
FNDA:0,(anonymous_20)
FNDA:0,(anonymous_21)
FNDA:0,(anonymous_22)
FNDA:0,(anonymous_23)
FNDA:0,(anonymous_24)
FNDA:0,(anonymous_25)
FNDA:0,(anonymous_26)
FNDA:0,(anonymous_27)
FNDA:0,(anonymous_28)
FNDA:0,(anonymous_29)
FNDA:0,(anonymous_30)
FNDA:0,(anonymous_31)
FNDA:0,(anonymous_32)
FNDA:0,(anonymous_33)
FNDA:0,(anonymous_34)
FNDA:0,(anonymous_35)
FNDA:0,(anonymous_36)
FNDA:0,(anonymous_37)
FNDA:0,(anonymous_38)
FNDA:0,(anonymous_39)
FNDA:0,(anonymous_40)
FNDA:0,(anonymous_41)
FNDA:0,(anonymous_42)
FNDA:0,getEnhancedTodoManager
DA:10,0
DA:11,0
DA:12,0
DA:24,0
DA:26,0
DA:29,0
DA:31,0
DA:38,0
DA:40,0
DA:49,0
DA:52,0
DA:54,0
DA:62,0
DA:68,0
DA:70,0
DA:81,0
DA:84,0
DA:86,0
DA:98,0
DA:99,0
DA:100,0
DA:103,0
DA:104,0
DA:108,0
DA:109,0
DA:110,0
DA:111,0
DA:112,0
DA:115,0
DA:116,0
DA:118,0
DA:123,0
DA:135,0
DA:137,0
DA:140,0
DA:141,0
DA:142,0
DA:144,0
DA:151,0
DA:152,0
DA:154,0
DA:155,0
DA:156,0
DA:159,0
DA:160,0
DA:164,0
DA:166,0
DA:173,0
DA:174,0
DA:179,0
DA:180,0
DA:181,0
DA:184,0
DA:197,0
DA:206,0
DA:220,0
DA:221,0
DA:222,0
DA:223,0
DA:225,0
DA:226,0
DA:227,0
DA:229,0
DA:243,0
DA:251,0
DA:252,0
DA:254,0
DA:255,0
DA:258,0
DA:265,0
DA:268,0
DA:271,0
DA:274,0
DA:275,0
DA:276,0
DA:277,0
DA:278,0
DA:279,0
DA:280,0
DA:281,0
DA:292,0
DA:293,0
DA:294,0
DA:295,0
DA:296,0
DA:298,0
DA:309,0
DA:344,0
DA:347,0
DA:349,0
DA:356,0
DA:357,0
DA:364,0
DA:365,0
DA:376,0
DA:377,0
DA:378,0
DA:380,0
DA:384,0
LF:99
LH:0
BRDA:63,0,0,0
BRDA:63,0,1,0
BRDA:109,1,0,0
BRDA:109,1,1,0
BRDA:115,2,0,0
BRDA:115,2,1,0
BRDA:137,3,0,0
BRDA:137,3,1,0
BRDA:144,4,0,0
BRDA:144,4,1,0
BRDA:152,5,0,0
BRDA:152,5,1,0
BRDA:159,6,0,0
BRDA:159,6,1,0
BRDA:159,7,0,0
BRDA:159,7,1,0
BRDA:174,8,0,0
BRDA:174,8,1,0
BRDA:175,9,0,0
BRDA:175,9,1,0
BRDA:184,10,0,0
BRDA:184,10,1,0
BRDA:227,11,0,0
BRDA:227,11,1,0
BRDA:251,12,0,0
BRDA:251,12,1,0
BRDA:252,13,0,0
BRDA:252,13,1,0
BRDA:254,14,0,0
BRDA:254,14,1,0
BRDA:274,15,0,0
BRDA:274,15,1,0
BRDA:276,16,0,0
BRDA:276,16,1,0
BRDA:277,17,0,0
BRDA:277,17,1,0
BRDA:278,18,0,0
BRDA:278,18,1,0
BRDA:279,19,0,0
BRDA:279,19,1,0
BRDA:280,20,0,0
BRDA:280,20,1,0
BRDA:281,21,0,0
BRDA:281,21,1,0
BRDA:292,22,0,0
BRDA:292,22,1,0
BRDA:293,23,0,0
BRDA:293,23,1,0
BRDA:294,24,0,0
BRDA:294,24,1,0
BRDA:295,25,0,0
BRDA:295,25,1,0
BRDA:306,26,0,0
BRDA:307,27,0,0
BRDA:377,28,0,0
BRDA:377,28,1,0
BRF:56
BRH:0
end_of_record
TN:
SF:lib/background-agents/git-operations.ts
FN:16,(anonymous_1)
FN:23,(anonymous_2)
FN:97,(anonymous_3)
FN:104,(anonymous_4)
FN:141,(anonymous_5)
FN:142,(anonymous_6)
FN:164,(anonymous_7)
FN:192,(anonymous_8)
FN:219,(anonymous_9)
FNF:9
FNH:0
FNDA:0,(anonymous_1)
FNDA:0,(anonymous_2)
FNDA:0,(anonymous_3)
FNDA:0,(anonymous_4)
FNDA:0,(anonymous_5)
FNDA:0,(anonymous_6)
FNDA:0,(anonymous_7)
FNDA:0,(anonymous_8)
FNDA:0,(anonymous_9)
DA:10,0
DA:17,0
DA:18,0
DA:19,0
DA:20,0
DA:24,0
DA:25,0
DA:28,0
DA:34,0
DA:35,0
DA:36,0
DA:38,0
DA:41,0
DA:49,0
DA:52,0
DA:60,0
DA:61,0
DA:74,0
DA:81,0
DA:83,0
DA:89,0
DA:90,0
DA:101,0
DA:104,0
DA:106,0
DA:107,0
DA:108,0
DA:118,0
DA:119,0
DA:120,0
DA:127,0
DA:134,0
DA:138,0
DA:142,0
DA:145,0
DA:153,0
DA:154,0
DA:156,0
DA:165,0
DA:166,0
DA:169,0
DA:176,0
DA:183,0
DA:184,0
DA:187,0
DA:188,0
DA:193,0
DA:195,0
DA:203,0
DA:210,0
DA:211,0
DA:214,0
DA:215,0
DA:220,0
DA:222,0
DA:224,0
DA:225,0
DA:226,0
DA:230,0
DA:231,0
DA:232,0
DA:236,0
DA:237,0
DA:238,0
DA:242,0
DA:245,0
DA:246,0
LF:67
LH:0
BRDA:35,0,0,0
BRDA:35,0,1,0
BRDA:92,1,0,0
BRDA:92,1,1,0
BRDA:107,2,0,0
BRDA:107,2,1,0
BRDA:107,3,0,0
BRDA:107,3,1,0
BRDA:153,4,0,0
BRDA:153,4,1,0
BRDA:224,5,0,0
BRDA:224,5,1,0
BRDA:224,6,0,0
BRDA:224,6,1,0
BRDA:230,7,0,0
BRDA:230,7,1,0
BRDA:236,8,0,0
BRDA:236,8,1,0
BRF:18
BRH:0
end_of_record
TN:
SF:lib/background-agents/github-integration.ts
FN:36,(anonymous_1)
FN:45,(anonymous_2)
FN:54,(anonymous_3)
FN:75,(anonymous_4)
FN:94,(anonymous_5)
FN:139,(anonymous_6)
FN:143,(anonymous_7)
FN:156,(anonymous_8)
FN:173,(anonymous_9)
FNF:9
FNH:0
FNDA:0,(anonymous_1)
FNDA:0,(anonymous_2)
FNDA:0,(anonymous_3)
FNDA:0,(anonymous_4)
FNDA:0,(anonymous_5)
FNDA:0,(anonymous_6)
FNDA:0,(anonymous_7)
FNDA:0,(anonymous_8)
FNDA:0,(anonymous_9)
DA:1,0
DA:31,0
DA:37,0
DA:38,0
DA:39,0
DA:46,0
DA:48,0
DA:54,0
DA:67,0
DA:68,0
DA:76,0
DA:78,0
DA:80,0
DA:82,0
DA:83,0
DA:84,0
DA:88,0
DA:95,0
DA:98,0
DA:99,0
DA:103,0
DA:104,0
DA:105,0
DA:106,0
DA:107,0
DA:111,0
DA:112,0
DA:113,0
DA:114,0
DA:115,0
DA:116,0
DA:117,0
DA:118,0
DA:119,0
DA:120,0
DA:121,0
DA:122,0
DA:125,0
DA:141,0
DA:142,0
DA:144,0
DA:150,0
DA:157,0
DA:158,0
DA:159,0
DA:162,0
DA:163,0
DA:164,0
DA:167,0
DA:174,0
DA:175,0
LF:51
LH:0
BRDA:58,0,0,0
BRDA:58,0,1,0
BRDA:59,1,0,0
BRDA:59,1,1,0
BRDA:63,2,0,0
BRDA:63,2,1,0
BRDA:64,3,0,0
BRDA:64,3,1,0
BRDA:80,4,0,0
BRDA:80,4,1,0
BRDA:83,5,0,0
BRDA:83,5,1,0
BRDA:103,6,0,0
BRDA:103,6,1,0
BRDA:103,7,0,0
BRDA:103,7,1,0
BRDA:107,8,0,0
BRDA:107,8,1,0
BRDA:108,9,0,0
BRDA:108,9,1,0
BRDA:114,10,0,0
BRDA:114,10,1,0
BRDA:114,11,0,0
BRDA:114,11,1,0
BRDA:117,12,0,0
BRDA:117,12,1,0
BRDA:117,13,0,0
BRDA:117,13,1,0
BRDA:120,14,0,0
BRDA:120,14,1,0
BRDA:120,15,0,0
BRDA:120,15,1,0
BRDA:130,16,0,0
BRDA:130,16,1,0
BRDA:131,17,0,0
BRDA:131,17,1,0
BRDA:132,18,0,0
BRDA:132,18,1,0
BRDA:144,19,0,0
BRDA:144,19,1,0
BRDA:144,19,2,0
BRDA:144,19,3,0
BRDA:150,20,0,0
BRDA:150,20,1,0
BRDA:158,21,0,0
BRDA:158,21,1,0
BRDA:163,22,0,0
BRDA:163,22,1,0
BRF:48
BRH:0
end_of_record
TN:
SF:lib/background-agents/mock-background-agent.ts
FN:33,(anonymous_3)
FN:91,(anonymous_4)
FN:118,(anonymous_5)
FN:138,(anonymous_6)
FN:147,(anonymous_7)
FN:150,(anonymous_8)
FN:151,(anonymous_9)
FN:153,(anonymous_10)
FN:154,(anonymous_11)
FN:162,(anonymous_12)
FN:164,(anonymous_13)
FN:165,(anonymous_14)
FN:167,(anonymous_15)
FN:169,(anonymous_16)
FN:181,(anonymous_17)
FN:182,(anonymous_18)
FN:208,(anonymous_19)
FN:215,(anonymous_20)
FN:222,(anonymous_21)
FN:223,(anonymous_22)
FN:234,(anonymous_23)
FN:235,(anonymous_24)
FN:239,(anonymous_25)
FN:240,(anonymous_26)
FN:249,(anonymous_27)
FN:254,(anonymous_28)
FNF:26
FNH:0
FNDA:0,(anonymous_3)
FNDA:0,(anonymous_4)
FNDA:0,(anonymous_5)
FNDA:0,(anonymous_6)
FNDA:0,(anonymous_7)
FNDA:0,(anonymous_8)
FNDA:0,(anonymous_9)
FNDA:0,(anonymous_10)
FNDA:0,(anonymous_11)
FNDA:0,(anonymous_12)
FNDA:0,(anonymous_13)
FNDA:0,(anonymous_14)
FNDA:0,(anonymous_15)
FNDA:0,(anonymous_16)
FNDA:0,(anonymous_17)
FNDA:0,(anonymous_18)
FNDA:0,(anonymous_19)
FNDA:0,(anonymous_20)
FNDA:0,(anonymous_21)
FNDA:0,(anonymous_22)
FNDA:0,(anonymous_23)
FNDA:0,(anonymous_24)
FNDA:0,(anonymous_25)
FNDA:0,(anonymous_26)
FNDA:0,(anonymous_27)
FNDA:0,(anonymous_28)
DA:26,0
DA:27,0
DA:28,0
DA:35,0
DA:38,0
DA:52,0
DA:66,0
DA:76,0
DA:85,0
DA:94,0
DA:96,0
DA:97,0
DA:108,0
DA:112,0
DA:121,0
DA:123,0
DA:125,0
DA:127,0
DA:129,0
DA:131,0
DA:142,0
DA:145,0
DA:147,0
DA:149,0
DA:151,0
DA:153,0
DA:154,0
DA:155,0
DA:160,0
DA:162,0
DA:164,0
DA:165,0
DA:167,0
DA:168,0
DA:169,0
DA:171,0
DA:175,0
DA:182,0
DA:184,0
DA:185,0
DA:188,0
DA:189,0
DA:192,0
DA:193,0
DA:196,0
DA:197,0
DA:201,0
DA:209,0
DA:216,0
DA:223,0
DA:224,0
DA:225,0
DA:226,0
DA:228,0
DA:235,0
DA:236,0
DA:239,0
DA:240,0
DA:241,0
DA:250,0
DA:251,0
DA:254,0
DA:256,0
DA:261,0
LF:64
LH:0
BRDA:104,0,0,0
BRDA:104,0,1,0
BRDA:105,1,0,0
BRDA:105,1,1,0
BRDA:106,2,0,0
BRDA:106,2,1,0
BRDA:121,3,0,0
BRDA:121,3,1,0
BRDA:121,3,2,0
BRDA:121,3,3,0
BRDA:121,3,4,0
BRDA:145,4,0,0
BRDA:145,4,1,0
BRDA:146,5,0,0
BRDA:146,5,1,0
BRDA:151,6,0,0
BRDA:151,6,1,0
BRDA:155,7,0,0
BRDA:155,7,1,0
BRDA:160,8,0,0
BRDA:160,8,1,0
BRDA:161,9,0,0
BRDA:161,9,1,0
BRDA:171,10,0,0
BRDA:171,10,1,0
BRDA:184,11,0,0
BRDA:184,11,1,0
BRDA:184,12,0,0
BRDA:184,12,1,0
BRDA:185,13,0,0
BRDA:185,13,1,0
BRDA:185,14,0,0
BRDA:185,14,1,0
BRDA:188,15,0,0
BRDA:188,15,1,0
BRDA:188,16,0,0
BRDA:188,16,1,0
BRDA:189,17,0,0
BRDA:189,17,1,0
BRDA:189,18,0,0
BRDA:189,18,1,0
BRDA:192,19,0,0
BRDA:192,19,1,0
BRDA:192,20,0,0
BRDA:192,20,1,0
BRDA:193,21,0,0
BRDA:193,21,1,0
BRDA:193,22,0,0
BRDA:193,22,1,0
BRDA:196,23,0,0
BRDA:196,23,1,0
BRDA:224,24,0,0
BRDA:224,24,1,0
BRDA:236,25,0,0
BRDA:236,25,1,0
BRF:55
BRH:0
end_of_record
TN:
SF:lib/background-agents/pr-monitor.ts
FN:29,processPRWebhook
FN:71,detectIssues
FN:111,detectCopilotComment
FN:134,detectNewComments
FN:172,detectCIFailures
FN:208,detectVercelFailures
FN:233,(anonymous_7)
FN:252,detectLintErrors
FN:291,processIssue
FN:347,respondToPR
FN:389,extractCodeFromComment
FN:394,generateCIFix
FN:399,generateVercelFix
FNF:13
FNH:0
FNDA:0,processPRWebhook
FNDA:0,detectIssues
FNDA:0,detectCopilotComment
FNDA:0,detectNewComments
FNDA:0,detectCIFailures
FNDA:0,detectVercelFailures
FNDA:0,(anonymous_7)
FNDA:0,detectLintErrors
FNDA:0,processIssue
FNDA:0,respondToPR
FNDA:0,extractCodeFromComment
FNDA:0,generateCIFix
FNDA:0,generateVercelFix
DA:1,0
DA:2,0
DA:3,0
DA:4,0
DA:29,0
DA:30,0
DA:32,0
DA:36,0
DA:38,0
DA:39,0
DA:40,0
DA:42,0
DA:49,0
DA:57,0
DA:58,0
DA:61,0
DA:62,0
DA:66,0
DA:67,0
DA:78,0
DA:80,0
DA:82,0
DA:83,0
DA:84,0
DA:85,0
DA:90,0
DA:91,0
DA:94,0
DA:95,0
DA:98,0
DA:99,0
DA:102,0
DA:103,0
DA:105,0
DA:108,0
DA:114,0
DA:115,0
DA:118,0
DA:123,0
DA:131,0
DA:140,0
DA:142,0
DA:144,0
DA:151,0
DA:153,0
DA:157,0
DA:166,0
DA:169,0
DA:178,0
DA:180,0
DA:182,0
DA:188,0
DA:189,0
DA:193,0
DA:202,0
DA:205,0
DA:213,0
DA:215,0
DA:216,0
DA:217,0
DA:221,0
DA:230,0
DA:231,0
DA:232,0
DA:233,0
DA:236,0
DA:237,0
DA:246,0
DA:249,0
DA:258,0
DA:260,0
DA:262,0
DA:268,0
DA:269,0
DA:274,0
DA:285,0
DA:288,0
DA:298,0
DA:300,0
DA:301,0
DA:302,0
DA:305,0
DA:307,0
DA:309,0
DA:311,0
DA:313,0
DA:318,0
DA:320,0
DA:323,0
DA:332,0
DA:335,0
DA:338,0
DA:340,0
DA:343,0
DA:355,0
DA:356,0
DA:362,0
DA:374,0
DA:375,0
DA:382,0
DA:384,0
DA:390,0
DA:391,0
DA:396,0
DA:401,0
LF:105
LH:0
BRDA:39,0,0,0
BRDA:39,0,1,0
BRDA:39,1,0,0
BRDA:39,1,1,0
BRDA:57,2,0,0
BRDA:57,2,1,0
BRDA:82,3,0,0
BRDA:82,3,1,0
BRDA:84,4,0,0
BRDA:84,4,1,0
BRDA:114,5,0,0
BRDA:114,5,1,0
BRDA:115,6,0,0
BRDA:115,6,1,0
BRDA:118,7,0,0
BRDA:118,7,1,0
BRDA:119,8,0,0
BRDA:119,8,1,0
BRDA:119,8,2,0
BRDA:119,8,3,0
BRDA:153,9,0,0
BRDA:153,9,1,0
BRDA:154,10,0,0
BRDA:154,10,1,0
BRDA:154,10,2,0
BRDA:161,11,0,0
BRDA:161,11,1,0
BRDA:189,12,0,0
BRDA:189,12,1,0
BRDA:190,13,0,0
BRDA:190,13,1,0
BRDA:190,13,2,0
BRDA:216,14,0,0
BRDA:216,14,1,0
BRDA:230,15,0,0
BRDA:230,15,1,0
BRDA:236,16,0,0
BRDA:236,16,1,0
BRDA:236,17,0,0
BRDA:236,17,1,0
BRDA:269,18,0,0
BRDA:269,18,1,0
BRDA:270,19,0,0
BRDA:270,19,1,0
BRDA:270,19,2,0
BRDA:280,20,0,0
BRDA:280,20,1,0
BRDA:307,21,0,0
BRDA:307,21,1,0
BRDA:307,22,0,0
BRDA:307,22,1,0
BRDA:311,23,0,0
BRDA:311,23,1,0
BRDA:318,24,0,0
BRDA:318,24,1,0
BRDA:318,25,0,0
BRDA:318,25,1,0
BRDA:355,26,0,0
BRDA:355,26,1,0
BRDA:356,27,0,0
BRDA:356,27,1,0
BRDA:359,28,0,0
BRDA:359,28,1,0
BRDA:369,29,0,0
BRDA:369,29,1,0
BRDA:391,30,0,0
BRDA:391,30,1,0
BRF:67
BRH:0
end_of_record
TN:
SF:lib/background-agents/real-background-agent.ts
FN:14,(anonymous_3)
FN:21,(anonymous_4)
FN:36,(anonymous_5)
FN:55,(anonymous_6)
FN:75,(anonymous_7)
FN:95,(anonymous_8)
FN:104,(anonymous_9)
FN:107,(anonymous_10)
FN:108,(anonymous_11)
FN:110,(anonymous_12)
FN:111,(anonymous_13)
FN:119,(anonymous_14)
FN:121,(anonymous_15)
FN:122,(anonymous_16)
FN:124,(anonymous_17)
FN:126,(anonymous_18)
FN:138,(anonymous_19)
FN:145,(anonymous_20)
FN:152,(anonymous_21)
FN:157,(anonymous_22)
FN:161,(anonymous_23)
FN:162,(anonymous_24)
FN:167,(anonymous_25)
FN:169,(anonymous_26)
FN:170,(anonymous_27)
FN:185,(anonymous_28)
FN:186,(anonymous_29)
FN:197,(anonymous_30)
FN:204,(anonymous_31)
FNF:29
FNH:0
FNDA:0,(anonymous_3)
FNDA:0,(anonymous_4)
FNDA:0,(anonymous_5)
FNDA:0,(anonymous_6)
FNDA:0,(anonymous_7)
FNDA:0,(anonymous_8)
FNDA:0,(anonymous_9)
FNDA:0,(anonymous_10)
FNDA:0,(anonymous_11)
FNDA:0,(anonymous_12)
FNDA:0,(anonymous_13)
FNDA:0,(anonymous_14)
FNDA:0,(anonymous_15)
FNDA:0,(anonymous_16)
FNDA:0,(anonymous_17)
FNDA:0,(anonymous_18)
FNDA:0,(anonymous_19)
FNDA:0,(anonymous_20)
FNDA:0,(anonymous_21)
FNDA:0,(anonymous_22)
FNDA:0,(anonymous_23)
FNDA:0,(anonymous_24)
FNDA:0,(anonymous_25)
FNDA:0,(anonymous_26)
FNDA:0,(anonymous_27)
FNDA:0,(anonymous_28)
FNDA:0,(anonymous_29)
FNDA:0,(anonymous_30)
FNDA:0,(anonymous_31)
DA:6,0
DA:9,0
DA:11,0
DA:12,0
DA:15,0
DA:22,0
DA:23,0
DA:24,0
DA:25,0
DA:26,0
DA:28,0
DA:29,0
DA:37,0
DA:39,0
DA:40,0
DA:51,0
DA:55,0
DA:57,0
DA:58,0
DA:61,0
DA:62,0
DA:65,0
DA:66,0
DA:68,0
DA:78,0
DA:80,0
DA:82,0
DA:84,0
DA:86,0
DA:88,0
DA:99,0
DA:102,0
DA:104,0
DA:106,0
DA:108,0
DA:110,0
DA:111,0
DA:112,0
DA:117,0
DA:119,0
DA:121,0
DA:122,0
DA:124,0
DA:125,0
DA:126,0
DA:128,0
DA:132,0
DA:139,0
DA:146,0
DA:157,0
DA:158,0
DA:161,0
DA:162,0
DA:163,0
DA:167,0
DA:168,0
DA:169,0
DA:170,0
DA:171,0
DA:175,0
DA:186,0
DA:187,0
DA:188,0
DA:189,0
DA:191,0
DA:198,0
DA:200,0
DA:201,0
DA:204,0
DA:206,0
DA:207,0
DA:212,0
LF:72
LH:0
BRDA:47,0,0,0
BRDA:47,0,1,0
BRDA:48,1,0,0
BRDA:48,1,1,0
BRDA:49,2,0,0
BRDA:49,2,1,0
BRDA:57,3,0,0
BRDA:57,3,1,0
BRDA:57,4,0,0
BRDA:57,4,1,0
BRDA:58,5,0,0
BRDA:58,5,1,0
BRDA:58,6,0,0
BRDA:58,6,1,0
BRDA:61,7,0,0
BRDA:61,7,1,0
BRDA:61,8,0,0
BRDA:61,8,1,0
BRDA:62,9,0,0
BRDA:62,9,1,0
BRDA:62,10,0,0
BRDA:62,10,1,0
BRDA:65,11,0,0
BRDA:65,11,1,0
BRDA:65,12,0,0
BRDA:65,12,1,0
BRDA:66,13,0,0
BRDA:66,13,1,0
BRDA:66,14,0,0
BRDA:66,14,1,0
BRDA:78,15,0,0
BRDA:78,15,1,0
BRDA:78,15,2,0
BRDA:78,15,3,0
BRDA:78,15,4,0
BRDA:102,16,0,0
BRDA:102,16,1,0
BRDA:103,17,0,0
BRDA:103,17,1,0
BRDA:108,18,0,0
BRDA:108,18,1,0
BRDA:112,19,0,0
BRDA:112,19,1,0
BRDA:117,20,0,0
BRDA:117,20,1,0
BRDA:118,21,0,0
BRDA:118,21,1,0
BRDA:128,22,0,0
BRDA:128,22,1,0
BRDA:158,23,0,0
BRDA:158,23,1,0
BRDA:168,24,0,0
BRDA:168,24,1,0
BRDA:187,25,0,0
BRDA:187,25,1,0
BRDA:213,26,0,0
BRDA:213,26,1,0
BRF:57
BRH:0
end_of_record
TN:
SF:lib/background-agents/todo-persistence.ts
FN:15,(anonymous_1)
FN:26,(anonymous_2)
FN:36,(anonymous_3)
FN:50,(anonymous_4)
FNF:4
FNH:0
FNDA:0,(anonymous_1)
FNDA:0,(anonymous_2)
FNDA:0,(anonymous_3)
FNDA:0,(anonymous_4)
DA:5,0
DA:6,0
DA:9,0
DA:11,0
DA:16,0
DA:17,0
DA:19,0
DA:27,0
DA:28,0
DA:29,0
DA:32,0
DA:33,0
DA:36,0
DA:42,0
DA:43,0
DA:51,0
DA:52,0
DA:53,0
DA:56,0
LF:19
LH:0
BRDA:28,0,0,0
BRDA:28,0,1,0
BRDA:52,1,0,0
BRDA:52,1,1,0
BRF:4
BRH:0
end_of_record
TN:
SF:lib/middleware/mobile-auth.ts
FN:25,authenticateRequest
FN:65,authenticateWithJWT
FN:114,requireAuth
FN:133,hasRole
FN:141,requireRole
FNF:5
FNH:4
FNDA:44,authenticateRequest
FNDA:0,authenticateWithJWT
FNDA:5,requireAuth
FNDA:6,hasRole
FNDA:3,requireRole
DA:2,4
DA:3,4
DA:4,4
DA:5,4
DA:25,40
DA:27,44
DA:28,44
DA:30,44
DA:31,0
DA:32,0
DA:33,0
DA:38,44
DA:39,44
DA:41,43
DA:42,31
DA:53,1
DA:56,13
DA:66,0
DA:68,0
DA:69,0
DA:76,0
DA:77,0
DA:86,0
DA:87,0
DA:93,0
DA:102,0
DA:103,0
DA:114,3
DA:115,5
DA:117,5
DA:118,5
DA:127,0
DA:133,7
DA:134,6
DA:135,4
DA:141,4
DA:142,3
DA:144,0
DA:145,0
DA:154,0
LF:40
LH:23
BRDA:30,0,0,0
BRDA:30,0,1,44
BRDA:32,1,0,0
BRDA:32,1,1,0
BRDA:41,2,0,31
BRDA:41,2,1,12
BRDA:46,3,0,31
BRDA:46,3,1,27
BRDA:68,4,0,0
BRDA:68,4,1,0
BRDA:86,5,0,0
BRDA:86,5,1,0
BRDA:97,6,0,0
BRDA:97,6,1,0
BRDA:98,7,0,0
BRDA:98,7,1,0
BRDA:117,8,0,5
BRDA:117,8,1,0
BRDA:117,9,0,5
BRDA:117,9,1,0
BRDA:119,10,0,5
BRDA:119,10,1,0
BRDA:134,11,0,2
BRDA:134,11,1,4
BRDA:135,12,0,4
BRDA:135,12,1,3
BRDA:144,13,0,0
BRDA:144,13,1,0
BRF:28
BRH:12
end_of_record
TN:
SF:lib/middleware/rate-limit.ts
FN:52,(anonymous_6)
FN:58,(anonymous_7)
FN:62,(anonymous_8)
FN:66,(anonymous_9)
FN:88,(anonymous_11)
FN:92,(anonymous_12)
FN:102,(anonymous_13)
FN:113,(anonymous_14)
FN:130,createRedisRateLimitStore
FN:137,defaultKeyGenerator
FN:144,rateLimit
FN:153,(anonymous_18)
FN:206,(anonymous_19)
FN:217,(anonymous_20)
FN:223,withRateLimit
FN:227,(anonymous_22)
FNF:16
FNH:1
FNDA:0,(anonymous_6)
FNDA:0,(anonymous_7)
FNDA:0,(anonymous_8)
FNDA:0,(anonymous_9)
FNDA:0,(anonymous_11)
FNDA:0,(anonymous_12)
FNDA:0,(anonymous_13)
FNDA:0,(anonymous_14)
FNDA:0,createRedisRateLimitStore
FNDA:0,defaultKeyGenerator
FNDA:4,rateLimit
FNDA:0,(anonymous_18)
FNDA:0,(anonymous_19)
FNDA:0,(anonymous_20)
FNDA:0,withRateLimit
FNDA:0,(anonymous_22)
DA:1,2
DA:2,2
DA:48,2
DA:49,2
DA:50,2
DA:54,0
DA:55,0
DA:59,0
DA:63,0
DA:67,0
DA:68,0
DA:69,0
DA:72,0
DA:73,0
DA:74,0
DA:75,0
DA:89,0
DA:93,0
DA:94,0
DA:95,0
DA:97,0
DA:98,0
DA:103,0
DA:104,0
DA:105,0
DA:106,0
DA:109,0
DA:114,0
DA:115,0
DA:117,0
DA:125,2
DA:130,2
DA:131,0
DA:138,0
DA:144,2
DA:151,4
DA:153,4
DA:154,0
DA:155,0
DA:156,0
DA:158,0
DA:160,0
DA:162,0
DA:166,0
DA:170,0
DA:172,0
DA:191,0
DA:192,0
DA:202,2
DA:206,0
DA:213,2
DA:217,0
DA:223,2
DA:227,0
DA:228,0
DA:230,0
DA:231,0
DA:234,0
LF:58
LH:13
BRDA:55,0,0,0
BRDA:55,0,1,0
BRDA:68,1,0,0
BRDA:68,1,1,0
BRDA:74,2,0,0
BRDA:74,2,1,0
BRDA:95,3,0,0
BRDA:95,3,1,0
BRDA:105,4,0,0
BRDA:105,4,1,0
BRDA:148,5,0,0
BRDA:149,6,0,0
BRDA:150,7,0,4
BRDA:160,8,0,0
BRDA:160,8,1,0
BRDA:160,9,0,0
BRDA:160,9,1,0
BRDA:170,10,0,0
BRDA:170,10,1,0
BRDA:230,11,0,0
BRDA:230,11,1,0
BRF:21
BRH:1
end_of_record
TN:
SF:lib/middleware/security.ts
FN:18,isAllowedIP
FN:29,hasValidApiKey
FN:39,isAllowedEnvironment
FN:62,checkSecurity
FN:103,requireDevelopmentOnly
FN:110,requireLocalhost
FNF:6
FNH:0
FNDA:0,isAllowedIP
FNDA:0,hasValidApiKey
FNDA:0,isAllowedEnvironment
FNDA:0,checkSecurity
FNDA:0,requireDevelopmentOnly
FNDA:0,requireLocalhost
DA:1,0
DA:19,0
DA:23,0
DA:30,0
DA:31,0
DA:33,0
DA:40,0
DA:41,0
DA:62,0
DA:68,0
DA:69,0
DA:76,0
DA:77,0
DA:84,0
DA:85,0
DA:92,0
DA:97,0
DA:103,0
DA:104,0
DA:110,0
DA:111,0
DA:115,0
LF:22
LH:0
BRDA:19,0,0,0
BRDA:19,0,1,0
BRDA:19,0,2,0
BRDA:41,1,0,0
BRDA:41,1,1,0
BRDA:68,2,0,0
BRDA:68,2,1,0
BRDA:68,3,0,0
BRDA:68,3,1,0
BRDA:76,4,0,0
BRDA:76,4,1,0
BRDA:76,5,0,0
BRDA:76,5,1,0
BRDA:84,6,0,0
BRDA:84,6,1,0
BRDA:84,7,0,0
BRDA:84,7,1,0
BRDA:92,8,0,0
BRDA:92,8,1,0
BRDA:111,9,0,0
BRDA:111,9,1,0
BRDA:111,9,2,0
BRDA:115,10,0,0
BRDA:115,10,1,0
BRDA:115,10,2,0
BRF:25
BRH:0
end_of_record
TN:
SF:lib/repositories/base-repository.ts
FN:56,(anonymous_1)
FN:74,(anonymous_2)
FN:100,(anonymous_3)
FN:114,(anonymous_4)
FN:145,(anonymous_5)
FN:149,(anonymous_6)
FN:167,(anonymous_7)
FN:174,(anonymous_8)
FN:191,(anonymous_9)
FN:219,(anonymous_10)
FN:244,(anonymous_11)
FN:251,(anonymous_12)
FN:258,(anonymous_13)
FN:265,(anonymous_14)
FNF:14
FNH:14
FNDA:85,(anonymous_1)
FNDA:18,(anonymous_2)
FNDA:59,(anonymous_3)
FNDA:36,(anonymous_4)
FNDA:38,(anonymous_5)
FNDA:72,(anonymous_6)
FNDA:35,(anonymous_7)
FNDA:3,(anonymous_8)
FNDA:2,(anonymous_9)
FNDA:2,(anonymous_10)
FNDA:2,(anonymous_11)
FNDA:5,(anonymous_12)
FNDA:2,(anonymous_13)
FNDA:1,(anonymous_14)
DA:15,4
DA:50,5
DA:61,85
DA:62,85
DA:63,85
DA:64,85
DA:79,18
DA:86,18
DA:91,18
DA:104,59
DA:120,36
DA:121,36
DA:122,34
DA:125,36
DA:126,29
DA:128,7
DA:138,7
DA:149,38
DA:150,72
DA:153,38
DA:154,10
DA:161,28
DA:168,35
DA:179,3
DA:195,2
DA:197,2
DA:198,2
DA:201,2
DA:202,1
DA:205,2
DA:206,1
DA:209,2
DA:210,1
DA:213,2
DA:223,2
DA:225,2
DA:226,2
DA:229,2
DA:230,1
DA:233,2
DA:234,1
DA:235,1
DA:238,2
DA:245,2
DA:252,5
DA:259,2
DA:266,1
LF:47
LH:47
BRDA:59,0,0,62
BRDA:63,1,0,85
BRDA:63,1,1,63
BRDA:82,2,0,18
BRDA:82,2,1,18
BRDA:107,3,0,59
BRDA:107,3,1,1
BRDA:121,4,0,34
BRDA:121,4,1,2
BRDA:128,5,0,7
BRDA:128,5,1,0
BRDA:132,6,0,7
BRDA:132,6,1,1
BRDA:132,6,2,1
BRDA:150,7,0,72
BRDA:150,7,1,70
BRDA:150,7,2,69
BRDA:153,8,0,10
BRDA:153,8,1,28
BRDA:197,9,0,2
BRDA:197,9,1,0
BRDA:201,10,0,1
BRDA:201,10,1,1
BRDA:205,11,0,1
BRDA:205,11,1,1
BRDA:209,12,0,1
BRDA:209,12,1,1
BRDA:225,13,0,2
BRDA:225,13,1,0
BRDA:229,14,0,1
BRDA:229,14,1,1
BRDA:229,15,0,2
BRDA:229,15,1,1
BRDA:233,16,0,1
BRDA:233,16,1,1
BRDA:252,17,0,5
BRDA:252,17,1,2
BRF:37
BRH:34
end_of_record
TN:
SF:lib/repositories/index.ts
FN:51,(anonymous_6)
FN:60,(anonymous_7)
FN:67,(anonymous_8)
FN:79,(anonymous_9)
FN:89,(anonymous_10)
FN:96,(anonymous_11)
FN:106,(anonymous_12)
FN:114,(anonymous_13)
FN:135,(anonymous_14)
FN:164,(anonymous_15)
FN:173,(anonymous_16)
FN:180,(anonymous_17)
FN:187,(anonymous_18)
FN:194,(anonymous_19)
FN:201,(anonymous_20)
FN:208,(anonymous_21)
FNF:16
FNH:16
FNDA:6,(anonymous_6)
FNDA:23,(anonymous_7)
FNDA:12,(anonymous_8)
FNDA:8,(anonymous_9)
FNDA:3,(anonymous_10)
FNDA:2,(anonymous_11)
FNDA:56,(anonymous_12)
FNDA:2,(anonymous_13)
FNDA:3,(anonymous_14)
FNDA:1,(anonymous_15)
FNDA:1,(anonymous_16)
FNDA:1,(anonymous_17)
FNDA:1,(anonymous_18)
FNDA:1,(anonymous_19)
FNDA:1,(anonymous_20)
FNDA:1,(anonymous_21)
DA:10,1
DA:14,0
DA:20,1
DA:24,0
DA:28,1
DA:32,0
DA:36,1
DA:42,88
DA:43,1
DA:45,1
DA:46,1
DA:52,6
DA:54,6
DA:61,23
DA:68,12
DA:69,10
DA:73,12
DA:80,8
DA:81,6
DA:83,8
DA:93,3
DA:100,2
DA:107,56
DA:108,56
DA:116,2
DA:117,2
DA:120,2
DA:121,2
DA:124,1
DA:128,1
DA:136,3
DA:137,3
DA:138,3
DA:140,0
DA:144,0
DA:146,3
DA:160,7
DA:165,1
DA:174,1
DA:181,1
DA:188,1
DA:195,1
DA:202,1
DA:212,1
LF:44
LH:39
BRDA:61,0,0,23
BRDA:61,0,1,5
BRDA:68,1,0,10
BRDA:68,1,1,2
BRDA:80,2,0,6
BRDA:80,2,1,2
BRDA:93,3,0,3
BRDA:93,3,1,2
BRDA:100,4,0,2
BRDA:100,4,1,1
BRDA:137,5,0,3
BRDA:137,5,1,0
BRF:12
BRH:11
end_of_record
TN:
SF:lib/repositories/service-request-repository.ts
FN:80,(anonymous_1)
FN:87,(anonymous_2)
FN:97,(anonymous_3)
FN:142,(anonymous_4)
FN:156,(anonymous_5)
FN:206,(anonymous_6)
FN:211,(anonymous_7)
FN:246,(anonymous_8)
FN:259,(anonymous_9)
FN:280,(anonymous_10)
FN:290,(anonymous_11)
FN:306,(anonymous_12)
FN:316,(anonymous_13)
FN:331,(anonymous_14)
FN:333,(anonymous_15)
FN:351,(anonymous_16)
FN:367,(anonymous_17)
FN:379,(anonymous_18)
FN:413,(anonymous_19)
FN:453,(anonymous_20)
FNF:20
FNH:18
FNDA:32,(anonymous_1)
FNDA:3,(anonymous_2)
FNDA:2,(anonymous_3)
FNDA:5,(anonymous_4)
FNDA:5,(anonymous_5)
FNDA:0,(anonymous_6)
FNDA:0,(anonymous_7)
FNDA:2,(anonymous_8)
FNDA:1,(anonymous_9)
FNDA:2,(anonymous_10)
FNDA:1,(anonymous_11)
FNDA:2,(anonymous_12)
FNDA:1,(anonymous_13)
FNDA:2,(anonymous_14)
FNDA:2,(anonymous_15)
FNDA:3,(anonymous_16)
FNDA:2,(anonymous_17)
FNDA:1,(anonymous_18)
FNDA:5,(anonymous_19)
FNDA:5,(anonymous_20)
DA:17,2
DA:78,38
DA:81,32
DA:88,3
DA:89,3
DA:90,1
DA:96,2
DA:97,2
DA:147,5
DA:148,5
DA:149,0
DA:155,5
DA:157,5
DA:158,5
DA:160,5
DA:189,5
DA:190,0
DA:195,5
DA:210,0
DA:212,0
DA:227,0
DA:228,0
DA:231,0
DA:232,0
DA:235,0
DA:247,2
DA:251,2
DA:252,1
DA:258,1
DA:259,1
DA:281,2
DA:282,2
DA:283,1
DA:289,1
DA:290,1
DA:307,2
DA:308,2
DA:309,1
DA:315,1
DA:317,1
DA:320,1
DA:332,2
DA:334,2
DA:336,2
DA:337,1
DA:340,2
DA:358,3
DA:359,3
DA:360,1
DA:366,2
DA:369,2
DA:374,2
DA:375,1
DA:379,1
DA:381,1
DA:390,1
DA:401,1
DA:414,5
DA:416,5
DA:420,2
DA:424,1
DA:442,2
DA:454,5
DA:455,4
DA:458,1
DA:460,1
DA:461,1
DA:464,1
DA:465,0
DA:468,1
DA:469,1
DA:472,1
DA:473,0
DA:476,1
DA:477,0
DA:478,0
DA:479,0
DA:481,0
DA:482,0
DA:487,1
DA:488,0
DA:491,1
DA:493,0
DA:501,1
LF:84
LH:66
BRDA:89,0,0,1
BRDA:89,0,1,2
BRDA:148,1,0,0
BRDA:148,1,1,5
BRDA:189,2,0,0
BRDA:189,2,1,5
BRDA:227,3,0,0
BRDA:227,3,1,0
BRDA:231,4,0,0
BRDA:231,4,1,0
BRDA:251,5,0,1
BRDA:251,5,1,1
BRDA:282,6,0,1
BRDA:282,6,1,1
BRDA:308,7,0,1
BRDA:308,7,1,1
BRDA:336,8,0,1
BRDA:336,8,1,1
BRDA:359,9,0,1
BRDA:359,9,1,2
BRDA:374,10,0,1
BRDA:374,10,1,1
BRDA:396,11,0,1
BRDA:396,11,1,0
BRDA:397,12,0,1
BRDA:397,12,1,0
BRDA:416,13,0,1
BRDA:416,13,1,2
BRDA:416,13,2,1
BRDA:416,13,3,2
BRDA:416,13,4,2
BRDA:454,14,0,4
BRDA:454,14,1,1
BRDA:460,15,0,1
BRDA:460,15,1,0
BRDA:464,16,0,0
BRDA:464,16,1,1
BRDA:468,17,0,1
BRDA:468,17,1,0
BRDA:472,18,0,0
BRDA:472,18,1,1
BRDA:476,19,0,0
BRDA:476,19,1,1
BRDA:476,20,0,1
BRDA:476,20,1,1
BRDA:478,21,0,0
BRDA:478,21,1,0
BRDA:481,22,0,0
BRDA:481,22,1,0
BRDA:487,23,0,0
BRDA:487,23,1,1
BRDA:491,24,0,0
BRDA:491,24,1,1
BRF:53
BRH:34
end_of_record
TN:
SF:lib/repositories/user-repository.ts
FN:77,(anonymous_1)
FN:84,(anonymous_2)
FN:94,(anonymous_3)
FN:114,(anonymous_4)
FN:124,(anonymous_5)
FN:144,(anonymous_6)
FN:149,(anonymous_7)
FN:188,(anonymous_8)
FN:193,(anonymous_9)
FN:247,(anonymous_10)
FN:257,(anonymous_11)
FN:279,(anonymous_12)
FN:289,(anonymous_13)
FN:315,(anonymous_14)
FN:325,(anonymous_15)
FN:340,(anonymous_16)
FN:342,(anonymous_17)
FN:360,(anonymous_18)
FN:376,(anonymous_19)
FN:409,(anonymous_20)
FN:422,(anonymous_21)
FN:462,(anonymous_22)
FN:480,(anonymous_23)
FN:504,(anonymous_24)
FN:514,(anonymous_25)
FN:547,(anonymous_26)
FN:557,(anonymous_27)
FNF:27
FNH:25
FNDA:30,(anonymous_1)
FNDA:3,(anonymous_2)
FNDA:2,(anonymous_3)
FNDA:2,(anonymous_4)
FNDA:2,(anonymous_5)
FNDA:0,(anonymous_6)
FNDA:0,(anonymous_7)
FNDA:3,(anonymous_8)
FNDA:3,(anonymous_9)
FNDA:3,(anonymous_10)
FNDA:2,(anonymous_11)
FNDA:1,(anonymous_12)
FNDA:1,(anonymous_13)
FNDA:1,(anonymous_14)
FNDA:1,(anonymous_15)
FNDA:1,(anonymous_16)
FNDA:1,(anonymous_17)
FNDA:2,(anonymous_18)
FNDA:1,(anonymous_19)
FNDA:3,(anonymous_20)
FNDA:3,(anonymous_21)
FNDA:1,(anonymous_22)
FNDA:1,(anonymous_23)
FNDA:1,(anonymous_24)
FNDA:1,(anonymous_25)
FNDA:1,(anonymous_26)
FNDA:1,(anonymous_27)
DA:17,2
DA:75,34
DA:78,30
DA:85,3
DA:86,3
DA:87,1
DA:93,2
DA:94,2
DA:115,2
DA:116,2
DA:117,0
DA:123,2
DA:124,2
DA:148,0
DA:150,0
DA:169,0
DA:170,0
DA:173,0
DA:174,0
DA:177,0
DA:192,3
DA:194,3
DA:200,3
DA:201,1
DA:207,3
DA:208,1
DA:213,3
DA:232,3
DA:233,0
DA:236,3
DA:248,3
DA:249,3
DA:250,1
DA:256,2
DA:257,2
DA:280,1
DA:281,1
DA:282,0
DA:288,1
DA:289,1
DA:316,1
DA:317,1
DA:318,0
DA:324,1
DA:326,1
DA:329,1
DA:341,1
DA:343,1
DA:345,1
DA:346,0
DA:349,1
DA:364,2
DA:368,2
DA:369,1
DA:375,1
DA:376,1
DA:413,3
DA:414,3
DA:415,0
DA:421,3
DA:424,3
DA:429,3
DA:430,1
DA:433,2
DA:434,1
DA:438,1
DA:471,1
DA:472,1
DA:473,0
DA:479,1
DA:480,1
DA:505,1
DA:506,1
DA:507,0
DA:513,1
DA:515,1
DA:532,1
DA:533,0
DA:536,1
DA:548,1
DA:549,1
DA:550,0
DA:556,1
DA:557,1
LF:84
LH:67
BRDA:86,0,0,1
BRDA:86,0,1,2
BRDA:116,1,0,0
BRDA:116,1,1,2
BRDA:169,2,0,0
BRDA:169,2,1,0
BRDA:173,3,0,0
BRDA:173,3,1,0
BRDA:200,4,0,1
BRDA:200,4,1,2
BRDA:200,5,0,3
BRDA:200,5,1,1
BRDA:207,6,0,1
BRDA:207,6,1,2
BRDA:207,7,0,3
BRDA:207,7,1,1
BRDA:232,8,0,0
BRDA:232,8,1,3
BRDA:249,9,0,1
BRDA:249,9,1,2
BRDA:260,10,0,2
BRDA:260,10,1,1
BRDA:281,11,0,0
BRDA:281,11,1,1
BRDA:317,12,0,0
BRDA:317,12,1,1
BRDA:345,13,0,0
BRDA:345,13,1,1
BRDA:368,14,0,1
BRDA:368,14,1,1
BRDA:382,15,0,1
BRDA:382,15,1,0
BRDA:383,16,0,1
BRDA:383,16,1,0
BRDA:414,17,0,0
BRDA:414,17,1,3
BRDA:429,18,0,1
BRDA:429,18,1,2
BRDA:433,19,0,1
BRDA:433,19,1,1
BRDA:472,20,0,0
BRDA:472,20,1,1
BRDA:506,21,0,0
BRDA:506,21,1,1
BRDA:532,22,0,0
BRDA:532,22,1,1
BRDA:549,23,0,0
BRDA:549,23,1,1
BRF:48
BRH:32
end_of_record
TN:
SF:lib/services/auth-service.ts
FN:53,(anonymous_1)
FN:61,(anonymous_2)
FN:78,(anonymous_3)
FN:124,(anonymous_4)
FN:139,(anonymous_5)
FN:182,(anonymous_6)
FN:194,(anonymous_7)
FN:223,(anonymous_8)
FN:235,(anonymous_9)
FN:263,(anonymous_10)
FN:278,(anonymous_11)
FN:303,(anonymous_12)
FN:319,(anonymous_13)
FN:364,(anonymous_14)
FN:382,(anonymous_15)
FN:401,(anonymous_16)
FNF:16
FNH:16
FNDA:26,(anonymous_1)
FNDA:6,(anonymous_2)
FNDA:5,(anonymous_3)
FNDA:4,(anonymous_4)
FNDA:3,(anonymous_5)
FNDA:3,(anonymous_6)
FNDA:2,(anonymous_7)
FNDA:2,(anonymous_8)
FNDA:2,(anonymous_9)
FNDA:2,(anonymous_10)
FNDA:1,(anonymous_11)
FNDA:3,(anonymous_12)
FNDA:3,(anonymous_13)
FNDA:8,(anonymous_14)
FNDA:10,(anonymous_15)
FNDA:10,(anonymous_16)
DA:14,1
DA:15,1
DA:16,1
DA:17,1
DA:52,26
DA:54,26
DA:64,6
DA:66,6
DA:70,6
DA:71,1
DA:77,5
DA:80,5
DA:94,5
DA:95,1
DA:98,4
DA:99,1
DA:103,3
DA:107,3
DA:108,1
DA:113,2
DA:114,2
DA:125,4
DA:127,4
DA:131,4
DA:132,1
DA:138,3
DA:141,3
DA:147,3
DA:148,1
DA:152,2
DA:155,2
DA:171,2
DA:183,3
DA:185,3
DA:186,3
DA:187,1
DA:193,2
DA:195,2
DA:208,2
DA:209,1
DA:212,1
DA:224,2
DA:226,2
DA:227,2
DA:228,0
DA:234,2
DA:236,2
DA:249,2
DA:250,1
DA:253,1
DA:267,2
DA:269,2
DA:270,2
DA:271,1
DA:277,1
DA:279,1
DA:293,1
DA:308,3
DA:310,3
DA:314,3
DA:315,0
DA:318,3
DA:321,3
DA:330,3
DA:331,1
DA:335,2
DA:336,2
DA:337,1
DA:341,1
DA:344,1
DA:353,1
DA:365,8
DA:366,2
DA:369,6
DA:371,6
DA:383,10
DA:384,2
DA:387,8
DA:389,8
DA:402,10
LF:80
LH:78
BRDA:70,0,0,1
BRDA:70,0,1,5
BRDA:73,1,0,1
BRDA:73,1,1,0
BRDA:94,2,0,1
BRDA:94,2,1,4
BRDA:98,3,0,1
BRDA:98,3,1,3
BRDA:107,4,0,1
BRDA:107,4,1,2
BRDA:131,5,0,1
BRDA:131,5,1,3
BRDA:134,6,0,1
BRDA:134,6,1,0
BRDA:147,7,0,1
BRDA:147,7,1,2
BRDA:159,8,0,2
BRDA:159,8,1,1
BRDA:186,9,0,1
BRDA:186,9,1,2
BRDA:189,10,0,1
BRDA:189,10,1,0
BRDA:208,11,0,1
BRDA:208,11,1,1
BRDA:227,12,0,0
BRDA:227,12,1,2
BRDA:230,13,0,0
BRDA:230,13,1,0
BRDA:249,14,0,1
BRDA:249,14,1,1
BRDA:270,15,0,1
BRDA:270,15,1,1
BRDA:273,16,0,1
BRDA:273,16,1,0
BRDA:314,17,0,0
BRDA:314,17,1,3
BRDA:330,18,0,1
BRDA:330,18,1,2
BRDA:336,19,0,1
BRDA:336,19,1,1
BRDA:365,20,0,2
BRDA:365,20,1,6
BRDA:365,21,0,8
BRDA:365,21,1,6
BRDA:372,22,0,6
BRDA:372,22,1,3
BRDA:372,22,2,2
BRDA:372,22,3,1
BRDA:383,23,0,2
BRDA:383,23,1,8
BRDA:383,24,0,10
BRDA:383,24,1,8
BRDA:390,25,0,8
BRDA:390,25,1,5
BRDA:390,25,2,4
BRDA:390,25,3,3
BRDA:390,25,4,4
BRDA:390,25,5,0
BRDA:390,25,6,4
BRF:59
BRH:50
end_of_record
TN:
SF:lib/services/base-service.ts
FN:39,(anonymous_3)
FN:44,(anonymous_4)
FN:49,(anonymous_5)
FN:54,(anonymous_6)
FN:70,(anonymous_7)
FN:78,(anonymous_8)
FN:104,(anonymous_9)
FN:114,(anonymous_10)
FN:134,(anonymous_11)
FN:138,(anonymous_12)
FN:156,(anonymous_13)
FN:163,(anonymous_14)
FNF:12
FNH:12
FNDA:34,(anonymous_3)
FNDA:1,(anonymous_4)
FNDA:14,(anonymous_5)
FNDA:2,(anonymous_6)
FNDA:58,(anonymous_7)
FNDA:33,(anonymous_8)
FNDA:172,(anonymous_9)
FNDA:19,(anonymous_10)
FNDA:102,(anonymous_11)
FNDA:129,(anonymous_12)
FNDA:173,(anonymous_13)
FNDA:5,(anonymous_14)
DA:38,68
DA:41,34
DA:46,1
DA:51,14
DA:55,2
DA:57,1
DA:66,3
DA:71,58
DA:72,58
DA:83,33
DA:90,33
DA:95,33
DA:105,172
DA:119,19
DA:120,19
DA:121,9
DA:123,10
DA:127,10
DA:138,102
DA:139,129
DA:142,102
DA:143,9
DA:150,93
DA:157,173
DA:164,5
LF:25
LH:25
BRDA:41,0,0,1
BRDA:41,0,1,33
BRDA:46,1,0,0
BRDA:46,1,1,1
BRDA:51,2,0,14
BRDA:51,2,1,0
BRDA:55,3,0,1
BRDA:55,3,1,1
BRDA:57,4,0,0
BRDA:57,4,1,1
BRDA:72,5,0,58
BRDA:72,5,1,1
BRDA:86,6,0,33
BRDA:86,6,1,23
BRDA:123,7,0,9
BRDA:123,7,1,1
BRDA:139,8,0,129
BRDA:139,8,1,126
BRDA:139,8,2,125
BRDA:142,9,0,9
BRDA:142,9,1,93
BRF:21
BRH:18
end_of_record
TN:
SF:lib/services/geocoding-service.ts
FN:71,(anonymous_4)
FN:101,(anonymous_5)
FN:174,(anonymous_6)
FN:261,(anonymous_7)
FN:278,(anonymous_9)
FN:289,(anonymous_10)
FN:297,(anonymous_11)
FN:312,(anonymous_13)
FN:322,(anonymous_14)
FN:330,(anonymous_15)
FN:407,(anonymous_16)
FN:487,(anonymous_17)
FN:495,(anonymous_18)
FN:503,(anonymous_19)
FN:514,(anonymous_20)
FN:528,(anonymous_21)
FN:543,(anonymous_22)
FNF:17
FNH:17
FNDA:66,(anonymous_4)
FNDA:2,(anonymous_5)
FNDA:5,(anonymous_6)
FNDA:70,(anonymous_7)
FNDA:1,(anonymous_9)
FNDA:1,(anonymous_10)
FNDA:3,(anonymous_11)
FNDA:15,(anonymous_13)
FNDA:1,(anonymous_14)
FNDA:72,(anonymous_15)
FNDA:5,(anonymous_16)
FNDA:16,(anonymous_17)
FNDA:4,(anonymous_18)
FNDA:75,(anonymous_19)
FNDA:2072,(anonymous_20)
FNDA:70,(anonymous_21)
FNDA:65,(anonymous_22)
DA:14,1
DA:66,7
DA:67,22
DA:68,22
DA:69,22
DA:75,66
DA:76,1
DA:79,65
DA:80,65
DA:81,65
DA:82,65
DA:83,65
DA:85,65
DA:86,1
DA:89,65
DA:95,65
DA:96,1
DA:99,64
DA:101,64
DA:102,2
DA:119,2
DA:128,2
DA:136,1
DA:138,1
DA:139,1
DA:141,1
DA:142,1
DA:144,1
DA:149,1
DA:155,1
DA:156,1
DA:158,1
DA:159,1
DA:161,1
DA:162,1
DA:165,1
DA:166,1
DA:170,2
DA:177,5
DA:178,5
DA:179,5
DA:180,5
DA:181,5
DA:183,5
DA:189,5
DA:190,1
DA:193,4
DA:210,4
DA:211,1
DA:214,3
DA:223,3
DA:231,1
DA:233,1
DA:234,1
DA:236,1
DA:237,1
DA:239,1
DA:240,1
DA:243,1
DA:244,1
DA:246,1
DA:247,1
DA:249,1
DA:250,1
DA:253,1
DA:254,1
DA:258,3
DA:262,70
DA:263,70
DA:267,69
DA:269,1
DA:275,2
DA:276,17
DA:286,1
DA:294,1
DA:299,3
DA:304,15
DA:316,15
DA:323,1
DA:324,1
DA:335,72
DA:336,72
DA:337,1
DA:342,1
DA:345,71
DA:346,1
DA:350,70
DA:351,5
DA:358,65
DA:359,65
DA:360,65
DA:361,1
DA:362,1
DA:366,64
DA:367,65
DA:368,65
DA:369,2
DA:372,63
DA:377,63
DA:380,63
DA:382,63
DA:387,63
DA:389,0
DA:393,0
DA:397,1
DA:411,5
DA:415,5
DA:416,0
DA:421,0
DA:425,5
DA:426,0
DA:433,5
DA:434,5
DA:435,5
DA:436,1
DA:440,1
DA:444,4
DA:445,5
DA:446,5
DA:447,2
DA:450,3
DA:455,3
DA:458,3
DA:459,2
DA:462,3
DA:467,3
DA:469,0
DA:473,0
DA:477,1
DA:488,16
DA:489,16
DA:496,4
DA:504,75
DA:506,75
DA:507,9
DA:510,75
DA:513,75
DA:514,2072
DA:517,75
DA:518,5
DA:522,70
DA:523,70
DA:525,70
DA:529,70
DA:530,70
DA:531,68
DA:535,2
DA:536,0
DA:537,0
DA:540,2
DA:544,65
DA:551,65
DA:554,65
DA:555,0
DA:556,0
DA:557,0
LF:156
LH:144
BRDA:73,0,0,2
BRDA:75,1,0,1
BRDA:75,1,1,65
BRDA:83,2,0,65
BRDA:83,2,1,64
BRDA:85,3,0,1
BRDA:85,3,1,64
BRDA:95,4,0,1
BRDA:95,4,1,64
BRDA:128,5,0,1
BRDA:128,5,1,1
BRDA:138,6,0,1
BRDA:138,6,1,0
BRDA:141,7,0,1
BRDA:141,7,1,0
BRDA:144,8,0,1
BRDA:144,8,1,0
BRDA:145,9,0,1
BRDA:145,9,1,0
BRDA:145,9,2,0
BRDA:150,10,0,1
BRDA:150,10,1,0
BRDA:150,10,2,0
BRDA:150,10,3,0
BRDA:155,11,0,1
BRDA:155,11,1,0
BRDA:158,12,0,1
BRDA:158,12,1,0
BRDA:161,13,0,1
BRDA:161,13,1,0
BRDA:165,14,0,1
BRDA:165,14,1,0
BRDA:189,15,0,1
BRDA:189,15,1,4
BRDA:210,16,0,1
BRDA:210,16,1,3
BRDA:223,17,0,1
BRDA:223,17,1,2
BRDA:233,18,0,1
BRDA:233,18,1,0
BRDA:236,19,0,1
BRDA:236,19,1,0
BRDA:239,20,0,1
BRDA:239,20,1,0
BRDA:239,21,0,1
BRDA:239,21,1,0
BRDA:239,21,2,0
BRDA:241,22,0,1
BRDA:241,22,1,0
BRDA:241,22,2,0
BRDA:241,22,3,0
BRDA:243,23,0,1
BRDA:243,23,1,0
BRDA:246,24,0,1
BRDA:246,24,1,0
BRDA:249,25,0,1
BRDA:249,25,1,0
BRDA:253,26,0,1
BRDA:253,26,1,0
BRDA:332,27,0,72
BRDA:336,28,0,1
BRDA:336,28,1,71
BRDA:337,29,0,1
BRDA:337,29,1,0
BRDA:345,30,0,1
BRDA:345,30,1,70
BRDA:350,31,0,5
BRDA:350,31,1,65
BRDA:360,32,0,1
BRDA:360,32,1,64
BRDA:368,33,0,2
BRDA:368,33,1,63
BRDA:390,34,0,0
BRDA:390,34,1,0
BRDA:415,35,0,0
BRDA:415,35,1,5
BRDA:416,36,0,0
BRDA:416,36,1,0
BRDA:425,37,0,0
BRDA:425,37,1,5
BRDA:435,38,0,1
BRDA:435,38,1,4
BRDA:435,39,0,5
BRDA:435,39,1,1
BRDA:440,40,0,1
BRDA:440,40,1,0
BRDA:446,41,0,2
BRDA:446,41,1,3
BRDA:458,42,0,2
BRDA:458,42,1,1
BRDA:470,43,0,0
BRDA:470,43,1,0
BRDA:506,44,0,9
BRDA:506,44,1,66
BRDA:510,45,0,75
BRDA:510,45,1,0
BRDA:517,46,0,5
BRDA:517,46,1,70
BRDA:530,47,0,68
BRDA:530,47,1,2
BRDA:535,48,0,0
BRDA:535,48,1,2
BRDA:554,49,0,0
BRDA:554,49,1,65
BRDA:556,50,0,0
BRDA:556,50,1,0
BRF:106
BRH:67
end_of_record
TN:
SF:lib/services/index.ts
FN:49,(anonymous_8)
FN:59,(anonymous_9)
FN:69,(anonymous_10)
FNF:3
FNH:0
FNDA:0,(anonymous_8)
FNDA:0,(anonymous_9)
FNDA:0,(anonymous_10)
DA:10,0
DA:11,0
DA:15,0
DA:18,0
DA:20,0
DA:29,0
DA:31,0
DA:32,0
DA:33,0
DA:42,0
DA:43,0
DA:44,0
DA:50,0
DA:51,0
DA:53,0
DA:60,0
DA:61,0
DA:63,0
DA:70,0
DA:71,0
LF:20
LH:0
BRDA:50,0,0,0
BRDA:50,0,1,0
BRDA:60,1,0,0
BRDA:60,1,1,0
BRF:4
BRH:0
end_of_record
TN:
SF:lib/utils/ip-utils.ts
FN:7,extractClientIP
FN:41,generateRateLimitKey
FNF:2
FNH:0
FNDA:0,extractClientIP
FNDA:0,generateRateLimitKey
DA:7,0
DA:9,0
DA:10,0
DA:12,0
DA:13,0
DA:17,0
DA:18,0
DA:19,0
DA:23,0
DA:24,0
DA:25,0
DA:29,0
DA:30,0
DA:31,0
DA:35,0
DA:41,0
DA:42,0
DA:43,0
LF:18
LH:0
BRDA:10,0,0,0
BRDA:10,0,1,0
BRDA:13,1,0,0
BRDA:13,1,1,0
BRDA:18,2,0,0
BRDA:18,2,1,0
BRDA:24,3,0,0
BRDA:24,3,1,0
BRDA:30,4,0,0
BRDA:30,4,1,0
BRF:10
BRH:0
end_of_record
TN:
SF:lib/validations/auth.ts
FN:29,(anonymous_7)
FN:31,(anonymous_8)
FN:33,(anonymous_9)
FN:35,(anonymous_10)
FN:37,(anonymous_11)
FN:39,(anonymous_12)
FNF:6
FNH:6
FNDA:40,(anonymous_7)
FNDA:1035,(anonymous_8)
FNDA:40,(anonymous_9)
FNDA:222,(anonymous_10)
FNDA:40,(anonymous_11)
FNDA:39,(anonymous_12)
DA:1,3
DA:4,3
DA:12,3
DA:16,9
DA:20,64
DA:30,40
DA:31,1035
DA:34,40
DA:35,222
DA:37,40
DA:39,39
DA:44,37
LF:12
LH:12
BRF:0
BRH:0
end_of_record
TN:
SF:lib/validations/og.ts
FNF:0
FNH:0
DA:1,0
DA:3,0
LF:2
LH:0
BRF:0
BRH:0
end_of_record
TN:
SF:lib/validations/post.ts
FNF:0
FNH:0
DA:1,1
DA:3,49
LF:2
LH:2
BRF:0
BRH:0
end_of_record
TN:
SF:lib/validations/service-request.ts
FN:56,(anonymous_15)
FN:59,(anonymous_16)
FN:98,(anonymous_17)
FN:99,(anonymous_18)
FN:124,calculateTotalHours
FN:140,getDurationDisplayText
FNF:6
FNH:6
FNDA:117,(anonymous_15)
FNDA:118,(anonymous_16)
FNDA:1,(anonymous_17)
FNDA:1,(anonymous_18)
FNDA:33,calculateTotalHours
FNDA:13,getDurationDisplayText
DA:1,4
DA:3,4
DA:15,4
DA:22,4
DA:27,4
DA:34,4
DA:41,268
DA:56,117
DA:60,118
DA:61,116
DA:84,4
DA:93,51
DA:98,1
DA:100,1
DA:101,1
DA:115,23
DA:124,33
DA:125,33
DA:127,3
DA:129,16
DA:140,13
DA:141,13
DA:143,3
DA:145,3
DA:147,3
DA:149,3
DA:151,1
LF:27
LH:27
BRDA:60,0,0,2
BRDA:60,0,1,116
BRDA:100,1,0,0
BRDA:100,1,1,1
BRDA:125,2,0,3
BRDA:125,2,1,16
BRDA:141,3,0,3
BRDA:141,3,1,3
BRDA:141,3,2,3
BRDA:141,3,3,3
BRDA:141,3,4,1
BRDA:143,4,0,1
BRDA:143,4,1,2
BRDA:145,5,0,1
BRDA:145,5,1,2
BRDA:149,6,0,1
BRDA:149,6,1,2
BRF:17
BRH:16
end_of_record
TN:
SF:lib/validations/user.ts
FNF:0
FNH:0
DA:1,4
DA:3,25
DA:7,482
DA:11,43
LF:4
LH:4
BRF:0
BRH:0
end_of_record
