TN:
SF:app/api/auth/[...nextauth]/_route.ts
FNF:0
FNH:0
DA:1,0
DA:3,0
DA:5,0
DA:7,0
LF:4
LH:0
BRF:0
BRH:0
end_of_record
TN:
SF:app/api/auth/[...nextauth]/route.ts
FNF:0
FNH:0
DA:1,0
DA:3,0
DA:5,0
DA:7,0
LF:4
LH:0
BRF:0
BRH:0
end_of_record
TN:
SF:app/api/auth/error/page.tsx
FN:8,ErrorContent
FN:45,AuthErrorPage
FNF:2
FNH:0
FNDA:0,ErrorContent
FNDA:0,AuthErrorPage
DA:3,0
DA:4,0
DA:5,0
DA:6,0
DA:9,0
DA:10,0
DA:12,0
DA:45,0
LF:8
LH:0
BRDA:27,0,0,0
BRDA:27,0,1,0
BRDA:27,1,0,0
BRDA:27,1,1,0
BRF:4
BRH:0
end_of_record
TN:
SF:app/api/auth/register/route.ts
FN:8,POST
FNF:1
FNH:0
FNDA:0,POST
DA:2,0
DA:4,0
DA:5,0
DA:6,0
DA:8,0
DA:9,0
DA:10,0
DA:11,0
DA:14,0
DA:20,0
DA:22,0
DA:29,0
DA:31,0
DA:40,0
DA:42,0
DA:47,0
DA:48,0
DA:54,0
DA:55,0
LF:19
LH:0
BRDA:20,0,0,0
BRDA:20,0,1,0
BRDA:47,1,0,0
BRDA:47,1,1,0
BRF:4
BRH:0
end_of_record
TN:
SF:app/api/geocoding/route.ts
FN:3,GET
FN:44,(anonymous_2)
FNF:2
FNH:2
FNDA:18,GET
FNDA:10,(anonymous_2)
DA:3,18
DA:4,18
DA:5,18
DA:6,18
DA:8,18
DA:9,4
DA:18,14
DA:19,14
DA:20,14
DA:21,14
DA:22,14
DA:23,14
DA:25,14
DA:31,13
DA:32,2
DA:33,2
DA:41,11
DA:44,10
DA:51,10
DA:59,2
DA:60,2
LF:21
LH:21
BRDA:8,0,0,4
BRDA:8,0,1,14
BRDA:8,1,0,18
BRDA:8,1,1,16
BRDA:31,2,0,2
BRDA:31,2,1,11
BRF:6
BRH:6
end_of_record
TN:
SF:app/api/og/route.tsx
FN:9,(anonymous_3)
FN:13,(anonymous_4)
FN:15,GET
FNF:3
FNH:0
FNDA:0,(anonymous_3)
FNDA:0,(anonymous_4)
FNDA:0,GET
DA:1,0
DA:3,0
DA:5,0
DA:7,0
DA:9,0
DA:11,0
DA:13,0
DA:15,0
DA:16,0
DA:17,0
DA:18,0
DA:20,0
DA:21,0
DA:23,0
DA:27,0
DA:28,0
DA:30,0
DA:32,0
DA:144,0
LF:19
LH:0
BRDA:23,0,0,0
BRDA:23,0,1,0
BRDA:28,1,0,0
BRDA:28,1,1,0
BRDA:30,2,0,0
BRDA:30,2,1,0
BRDA:39,3,0,0
BRDA:39,3,1,0
BRF:8
BRH:0
end_of_record
TN:
SF:app/api/posts/route.ts
FN:14,GET
FN:41,POST
FNF:2
FNH:0
FNDA:0,GET
FNDA:0,POST
DA:1,0
DA:2,0
DA:4,0
DA:5,0
DA:6,0
DA:7,0
DA:9,0
DA:14,0
DA:15,0
DA:16,0
DA:18,0
DA:19,0
DA:22,0
DA:23,0
DA:35,0
DA:37,0
DA:41,0
DA:42,0
DA:43,0
DA:45,0
DA:46,0
DA:49,0
DA:50,0
DA:54,0
DA:55,0
DA:61,0
DA:62,0
DA:66,0
DA:67,0
DA:69,0
DA:80,0
DA:82,0
DA:83,0
DA:86,0
DA:87,0
DA:90,0
LF:36
LH:0
BRDA:18,0,0,0
BRDA:18,0,1,0
BRDA:45,1,0,0
BRDA:45,1,1,0
BRDA:54,2,0,0
BRDA:54,2,1,0
BRDA:61,3,0,0
BRDA:61,3,1,0
BRDA:72,4,0,0
BRDA:72,4,1,0
BRDA:82,5,0,0
BRDA:82,5,1,0
BRDA:86,6,0,0
BRDA:86,6,1,0
BRF:14
BRH:0
end_of_record
TN:
SF:app/api/posts/[postId]/route.ts
FN:14,DELETE
FN:44,PATCH
FN:83,verifyCurrentUserHasAccessToPost
FNF:3
FNH:0
FNDA:0,DELETE
FNDA:0,PATCH
FNDA:0,verifyCurrentUserHasAccessToPost
DA:1,0
DA:2,0
DA:4,0
DA:5,0
DA:6,0
DA:8,0
DA:14,0
DA:18,0
DA:20,0
DA:23,0
DA:24,0
DA:28,0
DA:34,0
DA:36,0
DA:37,0
DA:40,0
DA:44,0
DA:48,0
DA:50,0
DA:53,0
DA:54,0
DA:58,0
DA:59,0
DA:63,0
DA:73,0
DA:75,0
DA:76,0
DA:79,0
DA:84,0
DA:85,0
DA:92,0
LF:31
LH:0
BRDA:23,0,0,0
BRDA:23,0,1,0
BRDA:36,1,0,0
BRDA:36,1,1,0
BRDA:53,2,0,0
BRDA:53,2,1,0
BRDA:75,3,0,0
BRDA:75,3,1,0
BRF:8
BRH:0
end_of_record
TN:
SF:app/api/service-requests/route.ts
FN:10,GET
FN:117,POST
FNF:2
FNH:2
FNDA:6,GET
FNDA:12,POST
DA:2,1
DA:5,1
DA:6,1
DA:7,1
DA:8,1
DA:10,6
DA:11,6
DA:12,6
DA:14,6
DA:15,1
DA:21,5
DA:23,2
DA:49,3
DA:51,1
DA:82,2
DA:84,2
DA:107,0
DA:110,4
DA:112,1
DA:113,1
DA:117,12
DA:118,12
DA:119,12
DA:121,12
DA:122,1
DA:126,11
DA:127,0
DA:129,11
DA:130,10
DA:132,7
DA:134,7
DA:164,6
DA:166,5
DA:167,3
DA:170,2
LF:35
LH:33
BRDA:14,0,0,1
BRDA:14,0,1,5
BRDA:21,1,0,2
BRDA:21,1,1,3
BRDA:49,2,0,1
BRDA:49,2,1,2
BRDA:82,3,0,2
BRDA:82,3,1,0
BRDA:121,4,0,1
BRDA:121,4,1,11
BRDA:126,5,0,0
BRDA:126,5,1,11
BRDA:137,6,0,7
BRDA:137,6,1,0
BRDA:141,7,0,7
BRDA:141,7,1,0
BRDA:145,8,0,7
BRDA:145,8,1,0
BRDA:166,9,0,3
BRDA:166,9,1,2
BRF:20
BRH:15
end_of_record
TN:
SF:app/api/service-requests/[requestId]/route.ts
FN:16,verifyCurrentUserHasAccessToRequest
FN:32,GET
FN:86,PATCH
FN:128,DELETE
FNF:4
FNH:4
FNDA:15,verifyCurrentUserHasAccessToRequest
FNDA:6,GET
FNDA:6,PATCH
FNDA:4,DELETE
DA:1,1
DA:2,1
DA:4,1
DA:5,1
DA:6,1
DA:10,1
DA:17,15
DA:18,15
DA:19,1
DA:22,14
DA:29,13
DA:32,6
DA:36,6
DA:37,6
DA:39,6
DA:40,2
DA:43,3
DA:76,3
DA:77,1
DA:80,2
DA:82,1
DA:86,6
DA:90,6
DA:91,6
DA:93,6
DA:94,1
DA:97,5
DA:98,4
DA:100,3
DA:118,2
DA:120,3
DA:121,1
DA:124,2
DA:128,4
DA:132,4
DA:133,4
DA:135,3
DA:136,1
DA:139,2
DA:145,1
DA:147,2
DA:148,1
DA:151,1
LF:43
LH:43
BRDA:18,0,0,1
BRDA:18,0,1,14
BRDA:39,1,0,2
BRDA:39,1,1,3
BRDA:76,2,0,1
BRDA:76,2,1,2
BRDA:93,3,0,1
BRDA:93,3,1,5
BRDA:106,4,0,1
BRDA:106,4,1,2
BRDA:107,5,0,1
BRDA:107,5,1,2
BRDA:120,6,0,1
BRDA:120,6,1,2
BRDA:135,7,0,1
BRDA:135,7,1,2
BRDA:147,8,0,1
BRDA:147,8,1,1
BRF:18
BRH:18
end_of_record
TN:
SF:app/api/users/[userId]/route.ts
FN:14,PATCH
FNF:1
FNH:1
FNDA:15,PATCH
DA:1,1
DA:2,1
DA:4,1
DA:5,1
DA:6,1
DA:8,1
DA:14,15
DA:18,15
DA:20,15
DA:23,14
DA:24,13
DA:25,3
DA:29,10
DA:30,9
DA:33,6
DA:42,5
DA:44,7
DA:45,4
DA:48,3
LF:19
LH:19
BRDA:24,0,0,3
BRDA:24,0,1,10
BRDA:24,1,0,13
BRDA:24,1,1,12
BRDA:44,2,0,4
BRDA:44,2,1,3
BRF:6
BRH:6
end_of_record
TN:
SF:app/api/users/[userId]/operator-application/route.ts
FN:14,POST
FNF:1
FNH:1
FNDA:17,POST
DA:1,1
DA:2,1
DA:4,1
DA:5,1
DA:6,1
DA:8,1
DA:14,17
DA:18,17
DA:20,17
DA:23,16
DA:24,15
DA:25,3
DA:29,12
DA:30,11
DA:34,9
DA:45,8
DA:50,8
DA:65,6
DA:66,3
DA:69,3
DA:70,3
LF:21
LH:21
BRDA:24,0,0,3
BRDA:24,0,1,12
BRDA:24,1,0,15
BRDA:24,1,1,14
BRDA:65,2,0,3
BRDA:65,2,1,3
BRF:6
BRH:6
end_of_record
TN:
SF:app/api/users/stripe/route.ts
FN:12,GET
FNF:1
FNH:1
FNDA:13,GET
DA:1,1
DA:2,1
DA:4,1
DA:5,1
DA:6,1
DA:7,1
DA:8,1
DA:10,1
DA:12,13
DA:13,13
DA:14,13
DA:16,12
DA:17,3
DA:20,9
DA:24,7
DA:25,2
DA:30,1
DA:35,5
DA:53,4
DA:55,5
DA:56,0
DA:59,5
LF:22
LH:21
BRDA:16,0,0,3
BRDA:16,0,1,9
BRDA:16,1,0,12
BRDA:16,1,1,10
BRDA:24,2,0,2
BRDA:24,2,1,5
BRDA:24,3,0,7
BRDA:24,3,1,4
BRDA:55,4,0,0
BRDA:55,4,1,5
BRF:10
BRH:9
end_of_record
TN:
SF:app/api/webhooks/stripe/route.ts
FN:8,POST
FNF:1
FNH:1
FNDA:13,POST
DA:1,1
DA:4,1
DA:5,1
DA:6,1
DA:8,13
DA:9,13
DA:10,13
DA:14,13
DA:15,13
DA:16,0
DA:18,13
DA:24,4
DA:27,9
DA:29,9
DA:31,6
DA:38,5
DA:53,7
DA:55,2
DA:60,1
DA:73,6
LF:20
LH:19
BRDA:15,0,0,0
BRDA:15,0,1,13
BRDA:29,1,0,6
BRDA:29,1,1,3
BRDA:53,2,0,2
BRDA:53,2,1,5
BRF:6
BRH:5
end_of_record
TN:
SF:components/analytics.tsx
FN:5,Analytics
FNF:1
FNH:0
FNDA:0,Analytics
DA:3,0
DA:5,0
DA:6,0
LF:3
LH:0
BRF:0
BRH:0
end_of_record
TN:
SF:components/billing-form.tsx
FN:25,BillingForm
FN:32,onSubmit
FNF:2
FNH:0
FNDA:0,BillingForm
FNDA:0,onSubmit
DA:3,0
DA:6,0
DA:7,0
DA:15,0
DA:16,0
DA:17,0
DA:25,0
DA:30,0
DA:33,0
DA:34,0
DA:37,0
DA:39,0
DA:40,0
DA:45,0
DA:51,0
DA:52,0
DA:53,0
LF:17
LH:0
BRDA:39,0,0,0
BRDA:39,0,1,0
BRDA:52,1,0,0
BRDA:52,1,1,0
BRDA:74,2,0,0
BRDA:77,3,0,0
BRDA:77,3,1,0
BRDA:79,4,0,0
BRDA:79,4,1,0
BRDA:81,5,0,0
BRDA:81,5,1,0
BRF:11
BRH:0
end_of_record
TN:
SF:components/callout.tsx
FN:9,Callout
FNF:1
FNH:0
FNDA:0,Callout
DA:1,0
DA:9,0
LF:2
LH:0
BRDA:12,0,0,0
BRDA:23,1,0,0
BRF:2
BRH:0
end_of_record
TN:
SF:components/card-skeleton.tsx
FN:4,CardSkeleton
FNF:1
FNH:0
FNDA:0,CardSkeleton
DA:1,0
DA:2,0
DA:4,0
LF:3
LH:0
BRF:0
BRH:0
end_of_record
TN:
SF:components/empty-placeholder.tsx
FN:8,EmptyPlaceholder
FN:33,EmptyPlaceHolderIcon
FN:54,EmptyPlaceholderTitle
FN:66,EmptyPlaceholderDescription
FNF:4
FNH:0
FNDA:0,EmptyPlaceholder
FNDA:0,EmptyPlaceHolderIcon
FNDA:0,EmptyPlaceholderTitle
FNDA:0,EmptyPlaceholderDescription
DA:1,0
DA:3,0
DA:4,0
DA:8,0
DA:33,0
DA:38,0
DA:40,0
DA:41,0
DA:54,0
DA:66,0
LF:10
LH:0
BRDA:40,0,0,0
BRDA:40,0,1,0
BRF:2
BRH:0
end_of_record
TN:
SF:components/header.tsx
FN:7,DashboardHeader
FNF:1
FNH:0
FNDA:0,DashboardHeader
DA:7,0
LF:1
LH:0
BRDA:16,0,0,0
BRF:1
BRH:0
end_of_record
TN:
SF:components/icons.tsx
FNF:0
FNH:0
DA:28,1
DA:29,1
DA:33,62
LF:3
LH:3
BRDA:73,0,0,0
BRDA:73,1,0,0
BRF:2
BRH:0
end_of_record
TN:
SF:components/main-nav.tsx
FN:18,MainNav
FN:27,(anonymous_5)
FN:34,(anonymous_6)
FNF:3
FNH:0
FNDA:0,MainNav
FNDA:0,(anonymous_5)
FNDA:0,(anonymous_6)
DA:3,0
DA:5,0
DA:10,0
DA:11,0
DA:18,0
DA:19,0
DA:20,0
DA:27,0
DA:34,0
LF:9
LH:0
BRDA:29,0,0,0
BRDA:29,0,1,0
BRDA:33,1,0,0
BRDA:33,1,1,0
BRF:4
BRH:0
end_of_record
TN:
SF:components/mobile-nav.tsx
FN:18,MobileNav
FN:56,(anonymous_6)
FN:76,(anonymous_7)
FNF:3
FNH:0
FNDA:0,MobileNav
FNDA:0,(anonymous_6)
FNDA:0,(anonymous_7)
DA:1,0
DA:2,0
DA:3,0
DA:7,0
DA:8,0
DA:9,0
DA:10,0
DA:18,0
DA:19,0
DA:57,0
DA:77,0
LF:11
LH:0
BRDA:59,0,0,0
BRDA:59,0,1,0
BRDA:62,1,0,0
BRDA:62,1,1,0
BRDA:79,2,0,0
BRDA:79,2,1,0
BRDA:82,3,0,0
BRDA:82,3,1,0
BRF:8
BRH:0
end_of_record
TN:
SF:components/mode-toggle.tsx
FN:15,ModeToggle
FN:28,(anonymous_5)
FN:32,(anonymous_6)
FN:36,(anonymous_7)
FNF:4
FNH:0
FNDA:0,ModeToggle
FNDA:0,(anonymous_5)
FNDA:0,(anonymous_6)
FNDA:0,(anonymous_7)
DA:3,0
DA:4,0
DA:6,0
DA:12,0
DA:13,0
DA:15,0
DA:16,0
DA:28,0
DA:32,0
DA:36,0
LF:10
LH:0
BRF:0
BRH:0
end_of_record
TN:
SF:components/nav.tsx
FN:14,DashboardNav
FN:23,(anonymous_3)
FNF:2
FNH:0
FNDA:0,DashboardNav
FNDA:0,(anonymous_3)
DA:3,0
DA:4,0
DA:7,0
DA:8,0
DA:14,0
DA:15,0
DA:17,0
DA:18,0
DA:24,0
DA:25,0
LF:10
LH:0
BRDA:17,0,0,0
BRDA:17,0,1,0
BRDA:24,1,0,0
BRDA:24,1,1,0
BRDA:26,2,0,0
BRDA:26,2,1,0
BRDA:27,3,0,0
BRDA:27,3,1,0
BRDA:31,4,0,0
BRDA:31,4,1,0
BRDA:32,5,0,0
BRDA:32,5,1,0
BRF:12
BRH:0
end_of_record
TN:
SF:components/operator-application-form.tsx
FN:39,OperatorApplicationForm
FN:61,(anonymous_5)
FN:84,(anonymous_6)
FN:91,(anonymous_7)
FN:97,(anonymous_8)
FN:104,onSubmit
FN:155,(anonymous_10)
FN:156,(anonymous_11)
FN:158,(anonymous_12)
FN:168,(anonymous_13)
FN:171,(anonymous_14)
FNF:11
FNH:0
FNDA:0,OperatorApplicationForm
FNDA:0,(anonymous_5)
FNDA:0,(anonymous_6)
FNDA:0,(anonymous_7)
FNDA:0,(anonymous_8)
FNDA:0,onSubmit
FNDA:0,(anonymous_10)
FNDA:0,(anonymous_11)
FNDA:0,(anonymous_12)
FNDA:0,(anonymous_13)
FNDA:0,(anonymous_14)
DA:3,0
DA:4,0
DA:5,0
DA:7,0
DA:10,0
DA:11,0
DA:12,0
DA:20,0
DA:21,0
DA:22,0
DA:23,0
DA:24,0
DA:39,0
DA:40,0
DA:46,0
DA:52,0
DA:53,0
DA:54,0
DA:55,0
DA:56,0
DA:58,0
DA:61,0
DA:62,0
DA:63,0
DA:64,0
DA:67,0
DA:68,0
DA:69,0
DA:71,0
DA:72,0
DA:74,0
DA:76,0
DA:77,0
DA:79,0
DA:84,0
DA:85,0
DA:87,0
DA:88,0
DA:91,0
DA:92,0
DA:97,0
DA:98,0
DA:99,0
DA:100,0
DA:105,0
DA:107,0
DA:117,0
DA:119,0
DA:120,0
DA:127,0
DA:131,0
DA:155,0
DA:158,0
DA:169,0
DA:171,0
LF:55
LH:0
BRDA:62,0,0,0
BRDA:62,0,1,0
BRDA:74,1,0,0
BRDA:74,1,1,0
BRDA:87,2,0,0
BRDA:87,2,1,0
BRDA:119,3,0,0
BRDA:119,3,1,0
BRDA:163,4,0,0
BRDA:166,5,0,0
BRDA:185,6,0,0
BRDA:196,7,0,0
BRF:12
BRH:0
end_of_record
TN:
SF:components/page-header.tsx
FN:8,DocsPageHeader
FNF:1
FNH:0
FNDA:0,DocsPageHeader
DA:1,0
DA:8,0
LF:2
LH:0
BRDA:20,0,0,0
BRF:1
BRH:0
end_of_record
TN:
SF:components/post-create-button.tsx
FN:13,PostCreateButton
FN:21,onClick
FNF:2
FNH:0
FNDA:0,PostCreateButton
FNDA:0,onClick
DA:3,0
DA:4,0
DA:6,0
DA:7,0
DA:8,0
DA:9,0
DA:13,0
DA:18,0
DA:19,0
DA:22,0
DA:24,0
DA:34,0
DA:36,0
DA:37,0
DA:38,0
DA:45,0
DA:52,0
DA:55,0
DA:57,0
LF:19
LH:0
BRDA:36,0,0,0
BRDA:36,0,1,0
BRDA:37,1,0,0
BRDA:37,1,1,0
BRDA:74,2,0,0
BRF:5
BRH:0
end_of_record
TN:
SF:components/post-item.tsx
FN:12,PostItem
FN:33,PostItemSkeleton
FNF:2
FNH:0
FNDA:0,PostItem
FNDA:0,PostItemSkeleton
DA:1,0
DA:4,0
DA:5,0
DA:6,0
DA:12,0
DA:33,0
LF:6
LH:0
BRF:0
BRH:0
end_of_record
TN:
SF:components/post-operations.tsx
FN:28,deletePost
FN:48,PostOperations
FN:69,(anonymous_7)
FN:88,(anonymous_8)
FNF:4
FNH:0
FNDA:0,deletePost
FNDA:0,PostOperations
FNDA:0,(anonymous_7)
FNDA:0,(anonymous_8)
DA:3,0
DA:4,0
DA:5,0
DA:17,0
DA:24,0
DA:25,0
DA:26,0
DA:29,0
DA:33,0
DA:34,0
DA:41,0
DA:48,0
DA:49,0
DA:50,0
DA:51,0
DA:69,0
DA:89,0
DA:90,0
DA:92,0
DA:94,0
DA:95,0
DA:96,0
DA:97,0
LF:23
LH:0
BRDA:33,0,0,0
BRDA:33,0,1,0
BRDA:94,1,0,0
BRDA:94,1,1,0
BRDA:103,2,0,0
BRF:5
BRH:0
end_of_record
TN:
SF:components/search.tsx
FN:11,DocsSearch
FN:12,onSubmit
FNF:2
FNH:0
FNDA:0,DocsSearch
FNDA:0,onSubmit
DA:3,0
DA:5,0
DA:6,0
DA:7,0
DA:11,0
DA:13,0
DA:15,0
LF:7
LH:0
BRF:0
BRH:0
end_of_record
TN:
SF:components/service-request-create-button.tsx
FN:13,ServiceRequestCreateButton
FN:21,onClick
FNF:2
FNH:0
FNDA:0,ServiceRequestCreateButton
FNDA:0,onClick
DA:3,0
DA:4,0
DA:6,0
DA:7,0
DA:8,0
DA:9,0
DA:13,0
DA:18,0
DA:19,0
DA:22,0
DA:24,0
DA:26,0
DA:28,0
DA:29,0
LF:14
LH:0
BRDA:54,0,0,0
BRF:1
BRH:0
end_of_record
TN:
SF:components/service-request-form.tsx
FN:44,ServiceRequestForm
FN:85,(anonymous_5)
FN:91,(anonymous_6)
FN:122,(anonymous_7)
FN:130,(anonymous_8)
FN:136,(anonymous_9)
FN:143,onSubmit
FN:326,(anonymous_11)
FN:334,(anonymous_12)
FN:337,(anonymous_13)
FN:357,(anonymous_14)
FN:408,(anonymous_15)
FN:455,(anonymous_16)
FN:497,(anonymous_17)
FNF:14
FNH:0
FNDA:0,ServiceRequestForm
FNDA:0,(anonymous_5)
FNDA:0,(anonymous_6)
FNDA:0,(anonymous_7)
FNDA:0,(anonymous_8)
FNDA:0,(anonymous_9)
FNDA:0,onSubmit
FNDA:0,(anonymous_11)
FNDA:0,(anonymous_12)
FNDA:0,(anonymous_13)
FNDA:0,(anonymous_14)
FNDA:0,(anonymous_15)
FNDA:0,(anonymous_16)
FNDA:0,(anonymous_17)
DA:3,0
DA:4,0
DA:5,0
DA:6,0
DA:9,0
DA:10,0
DA:11,0
DA:19,0
DA:20,0
DA:21,0
DA:22,0
DA:23,0
DA:24,0
DA:25,0
DA:44,0
DA:45,0
DA:52,0
DA:75,0
DA:76,0
DA:77,0
DA:78,0
DA:79,0
DA:81,0
DA:82,0
DA:85,0
DA:86,0
DA:87,0
DA:91,0
DA:92,0
DA:93,0
DA:94,0
DA:97,0
DA:98,0
DA:99,0
DA:101,0
DA:102,0
DA:103,0
DA:105,0
DA:107,0
DA:109,0
DA:110,0
DA:111,0
DA:117,0
DA:122,0
DA:123,0
DA:124,0
DA:126,0
DA:127,0
DA:130,0
DA:131,0
DA:136,0
DA:137,0
DA:138,0
DA:139,0
DA:140,0
DA:144,0
DA:146,0
DA:147,0
DA:155,0
DA:156,0
DA:158,0
DA:159,0
DA:160,0
DA:162,0
DA:163,0
DA:164,0
DA:166,0
DA:167,0
DA:168,0
DA:169,0
DA:170,0
DA:171,0
DA:175,0
DA:176,0
DA:177,0
DA:178,0
DA:182,0
DA:189,0
DA:194,0
DA:195,0
DA:197,0
DA:198,0
DA:204,0
DA:326,0
DA:335,0
DA:337,0
DA:357,0
DA:408,0
DA:455,0
DA:497,0
LF:90
LH:0
BRDA:55,0,0,0
BRDA:55,0,1,0
BRDA:56,1,0,0
BRDA:56,1,1,0
BRDA:92,2,0,0
BRDA:92,2,1,0
BRDA:102,3,0,0
BRDA:102,3,1,0
BRDA:107,4,0,0
BRDA:107,4,1,0
BRDA:126,5,0,0
BRDA:126,5,1,0
BRDA:155,6,0,0
BRDA:155,6,1,0
BRDA:160,7,0,0
BRDA:160,7,1,0
BRDA:163,8,0,0
BRDA:163,8,1,0
BRDA:163,9,0,0
BRDA:163,9,1,0
BRDA:166,10,0,0
BRDA:166,10,1,0
BRDA:168,11,0,0
BRDA:168,11,1,0
BRDA:170,12,0,0
BRDA:170,12,1,0
BRDA:175,13,0,0
BRDA:175,13,1,0
BRDA:177,14,0,0
BRDA:177,14,1,0
BRDA:232,15,0,0
BRDA:244,16,0,0
BRDA:257,17,0,0
BRDA:268,18,0,0
BRDA:292,19,0,0
BRDA:304,20,0,0
BRDA:329,21,0,0
BRDA:332,22,0,0
BRDA:351,23,0,0
BRDA:366,24,0,0
BRDA:378,25,0,0
BRDA:389,26,0,0
BRDA:424,27,0,0
BRDA:436,28,0,0
BRDA:466,29,0,0
BRDA:479,30,0,0
BRDA:508,31,0,0
BRDA:522,32,0,0
BRDA:538,33,0,0
BRF:49
BRH:0
end_of_record
TN:
SF:components/service-request-item.tsx
FN:12,ServiceRequestItem
FN:53,ServiceRequestItemSkeleton
FN:72,getStatusColor
FN:95,formatStatus
FN:96,(anonymous_6)
FN:99,formatEquipmentCategory
FN:120,(anonymous_8)
FNF:7
FNH:0
FNDA:0,ServiceRequestItem
FNDA:0,ServiceRequestItemSkeleton
FNDA:0,getStatusColor
FNDA:0,formatStatus
FNDA:0,(anonymous_6)
FNDA:0,formatEquipmentCategory
FNDA:0,(anonymous_8)
DA:1,0
DA:4,0
DA:5,0
DA:6,0
DA:12,0
DA:53,0
DA:73,0
DA:75,0
DA:77,0
DA:79,0
DA:81,0
DA:83,0
DA:85,0
DA:87,0
DA:89,0
DA:91,0
DA:96,0
DA:100,0
DA:102,0
DA:104,0
DA:106,0
DA:108,0
DA:110,0
DA:112,0
DA:114,0
DA:116,0
DA:118,0
DA:120,0
LF:28
LH:0
BRDA:41,0,0,0
BRDA:41,0,1,0
BRDA:45,1,0,0
BRDA:45,1,1,0
BRDA:73,2,0,0
BRDA:73,2,1,0
BRDA:73,2,2,0
BRDA:73,2,3,0
BRDA:73,2,4,0
BRDA:73,2,5,0
BRDA:73,2,6,0
BRDA:73,2,7,0
BRDA:73,2,8,0
BRDA:100,3,0,0
BRDA:100,3,1,0
BRDA:100,3,2,0
BRDA:100,3,3,0
BRDA:100,3,4,0
BRDA:100,3,5,0
BRDA:100,3,6,0
BRDA:100,3,7,0
BRDA:100,3,8,0
BRDA:100,3,9,0
BRF:23
BRH:0
end_of_record
TN:
SF:components/service-request-operations.tsx
FN:31,ServiceRequestOperations
FN:38,deleteServiceRequest
FN:96,(anonymous_7)
FN:114,(anonymous_8)
FNF:4
FNH:0
FNDA:0,ServiceRequestOperations
FNDA:0,deleteServiceRequest
FNDA:0,(anonymous_7)
FNDA:0,(anonymous_8)
DA:3,0
DA:4,0
DA:5,0
DA:16,0
DA:23,0
DA:24,0
DA:25,0
DA:31,0
DA:34,0
DA:35,0
DA:36,0
DA:39,0
DA:40,0
DA:44,0
DA:45,0
DA:47,0
DA:48,0
DA:49,0
DA:50,0
DA:51,0
DA:52,0
DA:55,0
DA:60,0
DA:63,0
DA:65,0
DA:66,0
DA:71,0
DA:96,0
DA:115,0
DA:116,0
DA:118,0
DA:120,0
DA:121,0
DA:122,0
DA:123,0
DA:124,0
DA:128,0
LF:37
LH:0
BRDA:44,0,0,0
BRDA:44,0,1,0
BRDA:47,1,0,0
BRDA:47,1,1,0
BRDA:49,2,0,0
BRDA:49,2,1,0
BRDA:51,3,0,0
BRDA:51,3,1,0
BRDA:120,4,0,0
BRDA:120,4,1,0
BRDA:134,5,0,0
BRF:11
BRH:0
end_of_record
TN:
SF:components/shell.tsx
FN:7,DashboardShell
FNF:1
FNH:0
FNDA:0,DashboardShell
DA:1,0
DA:3,0
DA:7,0
LF:3
LH:0
BRF:0
BRH:0
end_of_record
TN:
SF:components/sidebar-nav.tsx
FN:13,DocsSidebarNav
FN:18,(anonymous_5)
FN:37,DocsSidebarNavItems
FNF:3
FNH:0
FNDA:0,DocsSidebarNav
FNDA:0,(anonymous_5)
FNDA:0,DocsSidebarNavItems
DA:3,0
DA:4,0
DA:7,0
DA:13,0
DA:14,0
DA:16,0
DA:19,0
DA:37,0
DA:41,0
LF:9
LH:0
BRDA:16,0,0,0
BRDA:16,0,1,0
BRDA:23,1,0,0
BRDA:23,1,1,0
BRDA:41,2,0,0
BRDA:41,2,1,0
BRDA:45,3,0,0
BRDA:44,4,0,0
BRDA:44,4,1,0
BRDA:54,5,0,0
BRDA:54,5,1,0
BRDA:55,6,0,0
BRDA:55,6,1,0
BRF:13
BRH:0
end_of_record
TN:
SF:components/site-footer.tsx
FN:9,SiteFooter
FNF:1
FNH:0
FNDA:0,SiteFooter
DA:1,0
DA:2,0
DA:3,0
DA:6,0
DA:7,0
DA:9,0
LF:6
LH:0
BRF:0
BRH:0
end_of_record
TN:
SF:components/tailwind-indicator.tsx
FN:1,TailwindIndicator
FNF:1
FNH:0
FNDA:0,TailwindIndicator
DA:1,0
DA:2,0
LF:2
LH:0
BRDA:2,0,0,0
BRDA:2,0,1,0
BRF:2
BRH:0
end_of_record
TN:
SF:components/theme-provider.tsx
FN:7,ThemeProvider
FNF:1
FNH:0
FNDA:0,ThemeProvider
DA:3,0
DA:4,0
DA:7,0
LF:3
LH:0
BRF:0
BRH:0
end_of_record
TN:
SF:components/user-account-nav.tsx
FN:20,UserAccountNav
FN:53,(anonymous_3)
FNF:2
FNH:0
FNDA:0,UserAccountNav
FNDA:0,(anonymous_3)
DA:3,0
DA:5,0
DA:13,0
DA:14,0
DA:20,0
DA:54,0
DA:55,0
LF:7
LH:0
BRDA:25,0,0,0
BRDA:25,0,1,0
BRDA:25,1,0,0
BRDA:25,1,1,0
BRDA:32,2,0,0
BRDA:33,3,0,0
BRF:6
BRH:0
end_of_record
TN:
SF:components/user-auth-form.tsx
FN:26,UserAuthForm
FN:41,onSubmit
FN:207,(anonymous_6)
FNF:3
FNH:2
FNDA:59,UserAuthForm
FNDA:10,onSubmit
FNDA:0,(anonymous_6)
DA:3,1
DA:4,1
DA:5,1
DA:6,1
DA:7,1
DA:11,1
DA:12,1
DA:13,1
DA:14,1
DA:15,1
DA:16,1
DA:17,1
DA:26,22
DA:27,59
DA:28,59
DA:34,59
DA:37,59
DA:38,59
DA:39,59
DA:42,10
DA:44,10
DA:45,10
DA:47,5
DA:48,5
DA:59,5
DA:60,1
DA:61,1
DA:65,4
DA:72,4
DA:74,1
DA:81,5
DA:82,5
DA:89,5
DA:90,1
DA:94,2
DA:101,10
DA:208,0
DA:209,0
LF:38
LH:36
BRDA:26,0,0,2
BRDA:28,1,0,29
BRDA:28,1,1,30
BRDA:45,2,0,5
BRDA:45,2,1,5
BRDA:59,3,0,1
BRDA:59,3,1,4
BRDA:61,4,0,1
BRDA:61,4,1,0
BRDA:69,5,0,4
BRDA:69,5,1,4
BRDA:72,6,0,1
BRDA:72,6,1,3
BRDA:86,7,0,5
BRDA:86,7,1,5
BRDA:89,8,0,1
BRDA:89,8,1,4
BRDA:96,9,0,2
BRDA:96,9,1,0
BRDA:108,10,0,59
BRDA:118,11,0,29
BRDA:118,11,1,28
BRDA:121,12,0,29
BRDA:121,12,1,29
BRDA:139,13,0,59
BRDA:139,13,1,56
BRDA:142,14,0,59
BRDA:156,15,0,29
BRDA:156,15,1,30
BRDA:157,16,0,59
BRDA:157,16,1,56
BRDA:160,17,0,59
BRDA:166,18,0,59
BRDA:176,19,0,29
BRDA:176,19,1,28
BRDA:179,20,0,29
BRDA:179,20,1,29
BRDA:187,21,0,59
BRDA:190,22,0,29
BRDA:190,22,1,30
BRDA:211,23,0,59
BRDA:211,23,1,56
BRDA:214,24,0,0
BRF:43
BRH:40
end_of_record
TN:
SF:components/user-avatar.tsx
FN:11,UserAvatar
FNF:1
FNH:0
FNDA:0,UserAvatar
DA:4,0
DA:5,0
DA:11,0
LF:3
LH:0
BRDA:15,0,0,0
BRF:1
BRH:0
end_of_record
TN:
SF:components/user-name-form.tsx
FN:32,UserNameForm
FN:46,onSubmit
FNF:2
FNH:0
FNDA:0,UserNameForm
FNDA:0,onSubmit
DA:3,0
DA:4,0
DA:5,0
DA:7,0
DA:10,0
DA:11,0
DA:12,0
DA:20,0
DA:21,0
DA:22,0
DA:23,0
DA:24,0
DA:32,0
DA:33,0
DA:38,0
DA:44,0
DA:47,0
DA:49,0
DA:59,0
DA:61,0
DA:62,0
DA:69,0
DA:73,0
LF:23
LH:0
BRDA:41,0,0,0
BRDA:41,0,1,0
BRDA:61,1,0,0
BRDA:61,1,1,0
BRDA:101,2,0,0
BRDA:112,3,0,0
BRF:6
BRH:0
end_of_record
TN:
SF:components/ui/accordion.tsx
FNF:0
FNH:0
DA:3,0
DA:4,0
DA:5,0
DA:7,0
DA:9,0
DA:21,0
DA:41,0
DA:58,0
DA:60,0
LF:9
LH:0
BRF:0
BRH:0
end_of_record
TN:
SF:components/ui/alert-dialog.tsx
FNF:0
FNH:0
DA:3,0
DA:4,0
DA:6,0
DA:7,0
DA:9,0
DA:11,0
DA:23,0
DA:38,0
DA:56,0
DA:70,0
DA:84,0
DA:96,0
DA:108,0
DA:121,0
DA:137,0
DA:140,0
DA:141,0
DA:142,0
DA:143,0
DA:144,0
DA:145,0
DA:146,0
DA:147,0
DA:148,0
LF:24
LH:0
BRF:0
BRH:0
end_of_record
TN:
SF:components/ui/alert.tsx
FNF:0
FNH:0
DA:1,0
DA:2,0
DA:4,0
DA:6,0
DA:33,0
DA:45,0
DA:57,0
DA:59,0
LF:8
LH:0
BRF:0
BRH:0
end_of_record
TN:
SF:components/ui/aspect-ratio.tsx
FNF:0
FNH:0
DA:3,0
DA:5,0
DA:7,0
LF:3
LH:0
BRF:0
BRH:0
end_of_record
TN:
SF:components/ui/avatar.tsx
FNF:0
FNH:0
DA:3,0
DA:4,0
DA:6,0
DA:21,0
DA:33,0
DA:48,0
DA:50,0
LF:7
LH:0
BRF:0
BRH:0
end_of_record
TN:
SF:components/ui/badge.tsx
FN:30,Badge
FNF:1
FNH:0
FNDA:0,Badge
DA:1,0
DA:2,0
DA:4,0
DA:6,0
DA:36,0
LF:5
LH:0
BRF:0
BRH:0
end_of_record
TN:
SF:components/ui/button.tsx
FN:42,(anonymous_6)
FNF:1
FNH:0
FNDA:0,(anonymous_6)
DA:1,1
DA:2,1
DA:3,1
DA:5,1
DA:7,1
DA:41,1
DA:43,0
DA:53,1
DA:55,118
LF:9
LH:8
BRDA:42,0,0,0
BRDA:43,1,0,0
BRDA:43,1,1,0
BRF:3
BRH:0
end_of_record
TN:
SF:components/ui/calendar.tsx
FN:12,Calendar
FNF:1
FNH:0
FNDA:0,Calendar
DA:3,0
DA:4,0
DA:5,0
DA:7,0
DA:8,0
DA:62,0
DA:64,0
LF:7
LH:0
BRDA:15,0,0,0
BRF:1
BRH:0
end_of_record
TN:
SF:components/ui/card.tsx
FNF:0
FNH:0
DA:1,0
DA:3,0
DA:18,0
DA:30,0
DA:45,0
DA:57,0
DA:65,0
DA:77,0
DA:79,0
LF:9
LH:0
BRF:0
BRH:0
end_of_record
TN:
SF:components/ui/checkbox.tsx
FNF:0
FNH:0
DA:3,0
DA:4,0
DA:5,0
DA:7,0
DA:28,0
DA:30,0
LF:6
LH:0
BRF:0
BRH:0
end_of_record
TN:
SF:components/ui/collapsible.tsx
FNF:0
FNH:0
DA:3,0
DA:5,0
DA:7,0
DA:9,0
DA:11,0
LF:5
LH:0
BRF:0
BRH:0
end_of_record
TN:
SF:components/ui/command.tsx
FN:28,(anonymous_14)
FN:129,(anonymous_21)
FNF:2
FNH:0
FNDA:0,(anonymous_14)
FNDA:0,(anonymous_21)
DA:3,0
DA:5,0
DA:6,0
DA:8,0
DA:9,0
DA:24,0
DA:28,0
DA:57,0
DA:70,0
DA:83,0
DA:99,0
DA:111,0
DA:127,0
DA:129,0
DA:143,0
DA:146,0
DA:147,0
DA:148,0
DA:149,0
DA:150,0
DA:151,0
DA:152,0
DA:153,0
DA:154,0
LF:24
LH:0
BRF:0
BRH:0
end_of_record
TN:
SF:components/ui/context-menu.tsx
FN:168,(anonymous_27)
FNF:1
FNH:0
FNDA:0,(anonymous_27)
DA:3,0
DA:4,0
DA:5,0
DA:7,0
DA:9,0
DA:11,0
DA:13,0
DA:15,0
DA:17,0
DA:19,0
DA:40,0
DA:55,0
DA:72,0
DA:90,0
DA:113,0
DA:136,0
DA:154,0
DA:166,0
DA:168,0
DA:182,0
DA:185,0
DA:186,0
DA:187,0
DA:188,0
DA:189,0
DA:190,0
DA:191,0
DA:192,0
DA:193,0
DA:194,0
DA:195,0
DA:196,0
DA:197,0
DA:198,0
DA:199,0
LF:35
LH:0
BRDA:31,0,0,0
BRDA:31,0,1,0
BRDA:84,1,0,0
BRDA:84,1,1,0
BRDA:148,2,0,0
BRDA:148,2,1,0
BRF:6
BRH:0
end_of_record
TN:
SF:components/ui/dialog.tsx
FNF:0
FNH:0
DA:3,0
DA:4,0
DA:5,0
DA:7,0
DA:9,0
DA:11,0
DA:23,0
DA:38,0
DA:62,0
DA:76,0
DA:90,0
DA:105,0
DA:117,0
DA:120,0
DA:121,0
DA:122,0
DA:123,0
DA:124,0
DA:125,0
DA:126,0
LF:20
LH:0
BRF:0
BRH:0
end_of_record
TN:
SF:components/ui/dropdown-menu.tsx
FN:171,(anonymous_27)
FNF:1
FNH:0
FNDA:0,(anonymous_27)
DA:3,0
DA:4,0
DA:5,0
DA:7,0
DA:9,0
DA:11,0
DA:13,0
DA:15,0
DA:17,0
DA:19,0
DA:40,0
DA:56,0
DA:75,0
DA:93,0
DA:116,0
DA:139,0
DA:157,0
DA:169,0
DA:171,0
DA:182,0
DA:185,0
DA:186,0
DA:187,0
DA:188,0
DA:189,0
DA:190,0
DA:191,0
DA:192,0
DA:193,0
DA:194,0
DA:195,0
DA:196,0
DA:197,0
DA:198,0
DA:199,0
LF:35
LH:0
BRDA:31,0,0,0
BRDA:31,0,1,0
BRDA:62,1,0,0
BRDA:87,2,0,0
BRDA:87,2,1,0
BRDA:151,3,0,0
BRDA:151,3,1,0
BRF:7
BRH:0
end_of_record
TN:
SF:components/ui/hover-card.tsx
FNF:0
FNH:0
DA:3,0
DA:4,0
DA:6,0
DA:8,0
DA:10,0
DA:27,0
DA:29,0
LF:7
LH:0
BRDA:15,0,0,0
BRDA:15,1,0,0
BRF:2
BRH:0
end_of_record
TN:
SF:components/ui/input.tsx
FN:9,(anonymous_4)
FNF:1
FNH:1
FNDA:176,(anonymous_4)
DA:1,1
DA:3,1
DA:8,1
DA:23,1
DA:25,176
LF:5
LH:5
BRF:0
BRH:0
end_of_record
TN:
SF:components/ui/label.tsx
FNF:0
FNH:0
DA:3,1
DA:4,1
DA:5,1
DA:7,1
DA:9,1
DA:24,1
DA:26,176
LF:7
LH:7
BRF:0
BRH:0
end_of_record
TN:
SF:components/ui/menubar.tsx
FN:203,(anonymous_30)
FNF:1
FNH:0
FNDA:0,(anonymous_30)
DA:3,0
DA:4,0
DA:5,0
DA:7,0
DA:9,0
DA:11,0
DA:13,0
DA:15,0
DA:17,0
DA:32,0
DA:47,0
DA:68,0
DA:83,0
DA:108,0
DA:126,0
DA:149,0
DA:171,0
DA:189,0
DA:201,0
DA:203,0
DA:217,0
DA:220,0
DA:221,0
DA:222,0
DA:223,0
DA:224,0
DA:225,0
DA:226,0
DA:227,0
DA:228,0
DA:229,0
DA:230,0
DA:231,0
DA:232,0
DA:233,0
DA:234,0
DA:235,0
LF:37
LH:0
BRDA:59,0,0,0
BRDA:59,0,1,0
BRDA:90,1,0,0
BRDA:90,2,0,0
BRDA:90,3,0,0
BRDA:120,4,0,0
BRDA:120,4,1,0
BRDA:183,5,0,0
BRDA:183,5,1,0
BRF:9
BRH:0
end_of_record
TN:
SF:components/ui/navigation-menu.tsx
FNF:0
FNH:0
DA:1,0
DA:2,0
DA:3,0
DA:4,0
DA:6,0
DA:24,0
DA:39,0
DA:41,0
DA:43,0
DA:63,0
DA:78,0
DA:80,0
DA:97,0
DA:115,0
DA:119,0
DA:120,0
DA:121,0
DA:122,0
DA:123,0
DA:124,0
DA:125,0
DA:126,0
DA:127,0
LF:23
LH:0
BRF:0
BRH:0
end_of_record
TN:
SF:components/ui/popover.tsx
FNF:0
FNH:0
DA:3,0
DA:4,0
DA:6,0
DA:8,0
DA:10,0
DA:29,0
DA:31,0
LF:7
LH:0
BRDA:15,0,0,0
BRDA:15,1,0,0
BRF:2
BRH:0
end_of_record
TN:
SF:components/ui/progress.tsx
FNF:0
FNH:0
DA:3,0
DA:4,0
DA:6,0
DA:26,0
DA:28,0
LF:5
LH:0
BRDA:22,0,0,0
BRDA:22,0,1,0
BRF:2
BRH:0
end_of_record
TN:
SF:components/ui/radio-group.tsx
FN:12,(anonymous_6)
FN:26,(anonymous_7)
FNF:2
FNH:0
FNDA:0,(anonymous_6)
FNDA:0,(anonymous_7)
DA:3,0
DA:4,0
DA:5,0
DA:7,0
DA:9,0
DA:21,0
DA:23,0
DA:42,0
DA:44,0
LF:9
LH:0
BRF:0
BRH:0
end_of_record
TN:
SF:components/ui/scroll-area.tsx
FNF:0
FNH:0
DA:3,0
DA:4,0
DA:6,0
DA:24,0
DA:46,0
DA:48,0
LF:6
LH:0
BRDA:29,0,0,0
BRDA:35,1,0,0
BRDA:35,1,1,0
BRDA:37,2,0,0
BRDA:37,2,1,0
BRF:5
BRH:0
end_of_record
TN:
SF:components/ui/select.tsx
FNF:0
FNH:0
DA:3,0
DA:4,0
DA:5,0
DA:7,0
DA:9,0
DA:11,0
DA:13,0
DA:33,0
DA:62,0
DA:74,0
DA:97,0
DA:109,0
DA:112,0
DA:113,0
DA:114,0
DA:115,0
DA:116,0
DA:117,0
DA:118,0
DA:119,0
LF:20
LH:0
BRDA:38,0,0,0
BRDA:44,1,0,0
BRDA:44,1,1,0
BRDA:53,2,0,0
BRDA:53,2,1,0
BRF:5
BRH:0
end_of_record
TN:
SF:components/ui/separator.tsx
FNF:0
FNH:0
DA:3,0
DA:4,0
DA:6,0
DA:29,0
DA:31,0
LF:5
LH:0
BRDA:13,0,0,0
BRDA:13,1,0,0
BRDA:22,2,0,0
BRDA:22,2,1,0
BRF:4
BRH:0
end_of_record
TN:
SF:components/ui/sheet.tsx
FNF:0
FNH:0
DA:3,0
DA:4,0
DA:5,0
DA:6,0
DA:8,0
DA:10,0
DA:12,0
DA:14,0
DA:39,0
DA:54,0
DA:56,0
DA:167,0
DA:181,0
DA:195,0
DA:207,0
DA:219,0
DA:222,0
DA:223,0
DA:224,0
DA:225,0
DA:226,0
DA:227,0
DA:228,0
LF:23
LH:0
BRF:0
BRH:0
end_of_record
TN:
SF:components/ui/skeleton.tsx
FN:3,Skeleton
FNF:1
FNH:0
FNDA:0,Skeleton
DA:1,0
DA:15,0
LF:2
LH:0
BRF:0
BRH:0
end_of_record
TN:
SF:components/ui/slider.tsx
FNF:0
FNH:0
DA:3,0
DA:4,0
DA:6,0
DA:26,0
DA:28,0
LF:5
LH:0
BRF:0
BRH:0
end_of_record
TN:
SF:components/ui/switch.tsx
FNF:0
FNH:0
DA:3,0
DA:4,0
DA:6,0
DA:27,0
DA:29,0
LF:5
LH:0
BRF:0
BRH:0
end_of_record
TN:
SF:components/ui/tabs.tsx
FNF:0
FNH:0
DA:3,0
DA:4,0
DA:6,0
DA:8,0
DA:23,0
DA:38,0
DA:53,0
DA:55,0
LF:8
LH:0
BRF:0
BRH:0
end_of_record
TN:
SF:components/ui/textarea.tsx
FN:9,(anonymous_4)
FNF:1
FNH:0
FNDA:0,(anonymous_4)
DA:1,0
DA:3,0
DA:8,0
DA:22,0
DA:24,0
LF:5
LH:0
BRF:0
BRH:0
end_of_record
TN:
SF:components/ui/toast.tsx
FN:45,(anonymous_12)
FNF:1
FNH:0
FNDA:0,(anonymous_12)
DA:1,0
DA:2,0
DA:3,0
DA:4,0
DA:6,0
DA:8,0
DA:23,0
DA:25,0
DA:41,0
DA:54,0
DA:69,0
DA:87,0
DA:99,0
DA:111,0
DA:120,0
DA:121,0
DA:122,0
DA:123,0
DA:124,0
DA:125,0
DA:126,0
LF:21
LH:0
BRF:0
BRH:0
end_of_record
TN:
SF:components/ui/toaster.tsx
FN:13,Toaster
FN:18,(anonymous_2)
FNF:2
FNH:0
FNDA:0,Toaster
FNDA:0,(anonymous_2)
DA:10,0
DA:11,0
DA:13,0
DA:14,0
DA:19,0
LF:5
LH:0
BRDA:22,0,0,0
BRDA:23,1,0,0
BRF:2
BRH:0
end_of_record
TN:
SF:components/ui/toggle.tsx
FNF:0
FNH:0
DA:3,0
DA:4,0
DA:5,0
DA:7,0
DA:9,0
DA:43,0
DA:45,0
LF:7
LH:0
BRF:0
BRH:0
end_of_record
TN:
SF:components/ui/tooltip.tsx
FNF:0
FNH:0
DA:3,0
DA:4,0
DA:6,0
DA:8,0
DA:10,0
DA:12,0
DA:28,0
DA:30,0
LF:8
LH:0
BRDA:17,0,0,0
BRF:1
BRH:0
end_of_record
TN:
SF:components/ui/use-toast.ts
FN:25,genId
FN:56,(anonymous_8)
FN:61,(anonymous_9)
FN:72,(anonymous_10)
FN:83,(anonymous_11)
FN:96,(anonymous_12)
FN:103,(anonymous_13)
FN:122,(anonymous_14)
FN:131,dispatch
FN:133,(anonymous_16)
FN:140,toast
FN:143,(anonymous_18)
FN:148,(anonymous_19)
FN:156,(anonymous_20)
FN:169,useToast
FN:172,(anonymous_22)
FN:174,(anonymous_23)
FN:185,(anonymous_24)
FNF:18
FNH:0
FNDA:0,genId
FNDA:0,(anonymous_8)
FNDA:0,(anonymous_9)
FNDA:0,(anonymous_10)
FNDA:0,(anonymous_11)
FNDA:0,(anonymous_12)
FNDA:0,(anonymous_13)
FNDA:0,(anonymous_14)
FNDA:0,dispatch
FNDA:0,(anonymous_16)
FNDA:0,toast
FNDA:0,(anonymous_18)
FNDA:0,(anonymous_19)
FNDA:0,(anonymous_20)
FNDA:0,useToast
FNDA:0,(anonymous_22)
FNDA:0,(anonymous_23)
FNDA:0,(anonymous_24)
DA:2,0
DA:6,0
DA:7,0
DA:16,0
DA:23,0
DA:26,0
DA:27,0
DA:54,0
DA:56,0
DA:57,0
DA:58,0
DA:61,0
DA:62,0
DA:63,0
DA:69,0
DA:72,0
DA:73,0
DA:75,0
DA:81,0
DA:84,0
DA:89,0
DA:93,0
DA:94,0
DA:96,0
DA:97,0
DA:101,0
DA:104,0
DA:114,0
DA:115,0
DA:120,0
DA:122,0
DA:127,0
DA:129,0
DA:132,0
DA:133,0
DA:134,0
DA:141,0
DA:143,0
DA:144,0
DA:148,0
DA:150,0
DA:157,0
DA:162,0
DA:170,0
DA:172,0
DA:173,0
DA:174,0
DA:175,0
DA:176,0
DA:177,0
DA:182,0
DA:185,0
DA:189,0
LF:53
LH:0
BRDA:57,0,0,0
BRDA:57,0,1,0
BRDA:73,1,0,0
BRDA:73,1,1,0
BRDA:73,1,2,0
BRDA:73,1,3,0
BRDA:84,2,0,0
BRDA:84,2,1,0
BRDA:93,3,0,0
BRDA:93,3,1,0
BRDA:104,4,0,0
BRDA:104,4,1,0
BRDA:104,5,0,0
BRDA:104,5,1,0
BRDA:114,6,0,0
BRDA:114,6,1,0
BRDA:157,7,0,0
BRDA:157,7,1,0
BRDA:176,8,0,0
BRDA:176,8,1,0
BRF:20
BRH:0
end_of_record
TN:
SF:lib/auth-utils.ts
FN:6,hashPassword
FN:14,verifyPassword
FNF:2
FNH:2
FNDA:17,hashPassword
FNDA:14,verifyPassword
DA:1,9
DA:6,17
DA:7,17
DA:8,17
DA:14,14
DA:15,14
LF:6
LH:6
BRF:0
BRH:0
end_of_record
TN:
SF:lib/auth.ts
FN:39,(anonymous_2)
FN:108,(anonymous_3)
FN:119,(anonymous_4)
FNF:3
FNH:1
FNDA:0,(anonymous_2)
FNDA:6,(anonymous_3)
FNDA:0,(anonymous_4)
DA:5,8
DA:6,8
DA:8,8
DA:10,8
DA:11,8
DA:13,8
DA:15,110
DA:40,0
DA:41,0
DA:42,0
DA:43,0
DA:46,0
DA:49,0
DA:61,0
DA:62,0
DA:63,0
DA:67,0
DA:76,0
DA:77,0
DA:78,0
DA:81,0
DA:83,0
DA:84,0
DA:85,0
DA:88,0
DA:89,0
DA:96,0
DA:97,0
DA:109,6
DA:110,6
DA:111,6
DA:112,6
DA:113,6
DA:114,6
DA:117,6
DA:120,0
DA:133,0
DA:134,0
DA:135,0
DA:137,0
DA:139,0
DA:142,0
LF:42
LH:14
BRDA:13,0,0,8
BRDA:13,0,1,0
BRDA:41,1,0,0
BRDA:41,1,1,0
BRDA:41,2,0,0
BRDA:41,2,1,0
BRDA:61,3,0,0
BRDA:61,3,1,0
BRDA:76,4,0,0
BRDA:76,4,1,0
BRDA:83,5,0,0
BRDA:83,5,1,0
BRDA:109,6,0,6
BRDA:109,6,1,0
BRDA:133,7,0,0
BRDA:133,7,1,0
BRDA:134,8,0,0
BRDA:134,8,1,0
BRF:18
BRH:2
end_of_record
TN:
SF:lib/db.ts
FNF:0
FNH:0
DA:1,4
DA:9,4
DA:10,0
DA:12,4
DA:13,4
DA:15,4
DA:18,4
LF:7
LH:6
BRDA:9,0,0,0
BRDA:9,0,1,4
BRDA:12,1,0,4
BRDA:12,1,1,0
BRF:4
BRH:2
end_of_record
TN:
SF:lib/exceptions.ts
FN:2,(anonymous_1)
FNF:1
FNH:0
FNDA:0,(anonymous_1)
DA:1,0
DA:3,0
LF:2
LH:0
BRDA:2,0,0,0
BRF:1
BRH:0
end_of_record
TN:
SF:lib/permissions.ts
FN:142,hasPermission
FN:149,getUserPermissions
FN:156,canAccessRoute
FN:194,(anonymous_14)
FN:210,hasHigherRole
FN:217,hasEqualOrHigherRole
FN:224,getLowerRoles
FN:227,(anonymous_18)
FN:228,(anonymous_19)
FN:234,canManageUser
FN:250,getAvailableDashboardRoutes
FNF:11
FNH:1
FNDA:21,hasPermission
FNDA:0,getUserPermissions
FNDA:0,canAccessRoute
FNDA:0,(anonymous_14)
FNDA:0,hasHigherRole
FNDA:0,hasEqualOrHigherRole
FNDA:0,getLowerRoles
FNDA:0,(anonymous_18)
FNDA:0,(anonymous_19)
FNDA:0,canManageUser
FNDA:0,getAvailableDashboardRoutes
DA:48,1
DA:142,21
DA:143,21
DA:149,0
DA:150,0
DA:156,0
DA:158,0
DA:187,0
DA:191,0
DA:194,0
DA:200,1
DA:210,0
DA:211,0
DA:217,0
DA:218,0
DA:224,0
DA:225,0
DA:226,0
DA:227,0
DA:228,0
DA:234,0
DA:236,0
DA:239,0
DA:240,0
DA:244,0
DA:250,0
DA:256,0
DA:282,0
DA:346,0
LF:29
LH:4
BRDA:143,0,0,21
BRDA:143,0,1,5
BRDA:150,1,0,0
BRDA:150,1,1,0
BRDA:191,2,0,0
BRDA:191,2,1,0
BRDA:236,3,0,0
BRDA:236,3,1,0
BRDA:239,4,0,0
BRDA:239,4,1,0
BRDA:240,5,0,0
BRDA:240,5,1,0
BRF:12
BRH:2
end_of_record
TN:
SF:lib/session.ts
FN:5,getCurrentUser
FN:11,getCurrentUserWithRole
FN:24,requireAuth
FN:34,requireRole
FNF:4
FNH:4
FNDA:11,getCurrentUser
FNDA:15,getCurrentUserWithRole
FNDA:4,requireAuth
FNDA:9,requireRole
DA:1,2
DA:3,2
DA:5,8
DA:6,11
DA:8,10
DA:11,7
DA:12,15
DA:14,15
DA:15,3
DA:18,12
DA:24,5
DA:25,4
DA:27,4
DA:28,2
DA:31,2
DA:34,10
DA:35,9
DA:37,9
DA:38,1
DA:41,8
DA:43,8
DA:44,4
DA:47,4
LF:23
LH:23
BRDA:14,0,0,3
BRDA:14,0,1,12
BRDA:20,1,0,12
BRDA:20,1,1,3
BRDA:27,2,0,2
BRDA:27,2,1,2
BRDA:37,3,0,1
BRDA:37,3,1,8
BRDA:41,4,0,4
BRDA:41,4,1,4
BRDA:43,5,0,4
BRDA:43,5,1,4
BRF:12
BRH:12
end_of_record
TN:
SF:lib/stripe.ts
FNF:0
FNH:0
DA:1,0
DA:3,0
DA:5,0
LF:3
LH:0
BRDA:5,0,0,0
BRDA:5,0,1,0
BRF:2
BRH:0
end_of_record
TN:
SF:lib/subscription.ts
FN:7,getUserSubscriptionPlan
FNF:1
FNH:0
FNDA:0,getUserSubscriptionPlan
DA:4,1
DA:5,1
DA:7,1
DA:10,0
DA:22,0
DA:23,0
DA:28,0
DA:31,0
DA:33,0
LF:9
LH:3
BRDA:22,0,0,0
BRDA:22,0,1,0
BRDA:28,1,0,0
BRDA:28,1,1,0
BRDA:31,2,0,0
BRDA:31,2,1,0
BRF:6
BRH:0
end_of_record
TN:
SF:lib/utils.ts
FN:6,cn
FN:10,formatDate
FN:19,absoluteUrl
FNF:3
FNH:2
FNDA:529,cn
FNDA:0,formatDate
FNDA:1,absoluteUrl
DA:1,2
DA:2,2
DA:4,2
DA:6,529
DA:7,529
DA:10,0
DA:11,0
DA:12,0
DA:19,1
DA:20,1
LF:10
LH:7
BRF:0
BRH:0
end_of_record
TN:
SF:lib/middleware/security.ts
FN:18,isAllowedIP
FN:29,hasValidApiKey
FN:39,isAllowedEnvironment
FN:62,checkSecurity
FN:103,requireDevelopmentOnly
FN:110,requireLocalhost
FNF:6
FNH:0
FNDA:0,isAllowedIP
FNDA:0,hasValidApiKey
FNDA:0,isAllowedEnvironment
FNDA:0,checkSecurity
FNDA:0,requireDevelopmentOnly
FNDA:0,requireLocalhost
DA:19,0
DA:23,0
DA:30,0
DA:31,0
DA:33,0
DA:40,0
DA:41,0
DA:62,0
DA:68,0
DA:69,0
DA:76,0
DA:77,0
DA:84,0
DA:85,0
DA:92,0
DA:97,0
DA:103,0
DA:104,0
DA:110,0
DA:111,0
DA:115,0
LF:21
LH:0
BRDA:19,0,0,0
BRDA:19,0,1,0
BRDA:19,0,2,0
BRDA:41,1,0,0
BRDA:41,1,1,0
BRDA:68,2,0,0
BRDA:68,2,1,0
BRDA:68,3,0,0
BRDA:68,3,1,0
BRDA:76,4,0,0
BRDA:76,4,1,0
BRDA:76,5,0,0
BRDA:76,5,1,0
BRDA:84,6,0,0
BRDA:84,6,1,0
BRDA:84,7,0,0
BRDA:84,7,1,0
BRDA:92,8,0,0
BRDA:92,8,1,0
BRDA:111,9,0,0
BRDA:111,9,1,0
BRDA:111,9,2,0
BRDA:115,10,0,0
BRDA:115,10,1,0
BRDA:115,10,2,0
BRF:25
BRH:0
end_of_record
TN:
SF:lib/validations/auth.ts
FN:29,(anonymous_7)
FN:31,(anonymous_8)
FN:33,(anonymous_9)
FN:35,(anonymous_10)
FN:37,(anonymous_11)
FN:39,(anonymous_12)
FNF:6
FNH:6
FNDA:40,(anonymous_7)
FNDA:1035,(anonymous_8)
FNDA:40,(anonymous_9)
FNDA:222,(anonymous_10)
FNDA:40,(anonymous_11)
FNDA:39,(anonymous_12)
DA:1,2
DA:4,2
DA:12,2
DA:16,9
DA:20,62
DA:30,40
DA:31,1035
DA:34,40
DA:35,222
DA:37,40
DA:39,39
DA:44,35
LF:12
LH:12
BRF:0
BRH:0
end_of_record
TN:
SF:lib/validations/og.ts
FNF:0
FNH:0
DA:1,0
DA:3,0
LF:2
LH:0
BRF:0
BRH:0
end_of_record
TN:
SF:lib/validations/post.ts
FNF:0
FNH:0
DA:1,0
DA:3,0
LF:2
LH:0
BRF:0
BRH:0
end_of_record
TN:
SF:lib/validations/service-request.ts
FN:56,(anonymous_15)
FN:59,(anonymous_16)
FN:98,(anonymous_17)
FN:99,(anonymous_18)
FN:124,calculateTotalHours
FN:140,getDurationDisplayText
FNF:6
FNH:5
FNDA:10,(anonymous_15)
FNDA:10,(anonymous_16)
FNDA:1,(anonymous_17)
FNDA:1,(anonymous_18)
FNDA:7,calculateTotalHours
FNDA:0,getDurationDisplayText
DA:1,2
DA:3,2
DA:15,2
DA:22,2
DA:27,2
DA:34,2
DA:41,10
DA:56,10
DA:60,10
DA:61,9
DA:84,2
DA:93,4
DA:98,1
DA:100,1
DA:101,1
DA:115,2
DA:124,7
DA:125,7
DA:127,0
DA:129,0
DA:140,0
DA:141,0
DA:143,0
DA:145,0
DA:147,0
DA:149,0
DA:151,0
LF:27
LH:18
BRDA:60,0,0,1
BRDA:60,0,1,9
BRDA:100,1,0,0
BRDA:100,1,1,1
BRDA:125,2,0,0
BRDA:125,2,1,0
BRDA:141,3,0,0
BRDA:141,3,1,0
BRDA:141,3,2,0
BRDA:141,3,3,0
BRDA:141,3,4,0
BRDA:143,4,0,0
BRDA:143,4,1,0
BRDA:145,5,0,0
BRDA:145,5,1,0
BRDA:149,6,0,0
BRDA:149,6,1,0
BRF:17
BRH:3
end_of_record
TN:
SF:lib/validations/user.ts
FNF:0
FNH:0
DA:1,2
DA:3,9
DA:7,11
DA:11,2
LF:4
LH:4
BRF:0
BRH:0
end_of_record
